[2025-08-25T15:27:53.857+0300] {processor.py:186} INFO - Started process (PID=556) to work on /mnt/d/Образование/career_courses_postupashky_start/ML/ДЗ/Хард/small_mlflow_pipeline/.venv/lib/python3.12/site-packages/airflow/example_dags/example_time_delta_sensor_async.py
[2025-08-25T15:27:53.858+0300] {processor.py:914} INFO - Processing file /mnt/d/Образование/career_courses_postupashky_start/ML/ДЗ/Хард/small_mlflow_pipeline/.venv/lib/python3.12/site-packages/airflow/example_dags/example_time_delta_sensor_async.py for tasks to queue
[2025-08-25T15:27:53.860+0300] {logging_mixin.py:190} INFO - [2025-08-25T15:27:53.860+0300] {dagbag.py:588} INFO - Filling up the DagBag from /mnt/d/Образование/career_courses_postupashky_start/ML/ДЗ/Хард/small_mlflow_pipeline/.venv/lib/python3.12/site-packages/airflow/example_dags/example_time_delta_sensor_async.py
[2025-08-25T15:27:53.898+0300] {processor.py:925} INFO - DAG(s) 'example_time_delta_sensor_async' retrieved from /mnt/d/Образование/career_courses_postupashky_start/ML/ДЗ/Хард/small_mlflow_pipeline/.venv/lib/python3.12/site-packages/airflow/example_dags/example_time_delta_sensor_async.py
[2025-08-25T15:27:54.480+0300] {logging_mixin.py:190} INFO - [2025-08-25T15:27:54.479+0300] {override.py:1930} INFO - Created Permission View: can edit on DAG:example_time_delta_sensor_async
[2025-08-25T15:27:54.499+0300] {logging_mixin.py:190} INFO - [2025-08-25T15:27:54.499+0300] {override.py:1930} INFO - Created Permission View: can read on DAG:example_time_delta_sensor_async
[2025-08-25T15:27:54.517+0300] {logging_mixin.py:190} INFO - [2025-08-25T15:27:54.516+0300] {override.py:1930} INFO - Created Permission View: can delete on DAG:example_time_delta_sensor_async
[2025-08-25T15:27:54.544+0300] {logging_mixin.py:190} INFO - [2025-08-25T15:27:54.543+0300] {override.py:1930} INFO - Created Permission View: menu access on DAG Run:example_time_delta_sensor_async
[2025-08-25T15:27:54.560+0300] {logging_mixin.py:190} INFO - [2025-08-25T15:27:54.560+0300] {override.py:1930} INFO - Created Permission View: can delete on DAG Run:example_time_delta_sensor_async
[2025-08-25T15:27:54.577+0300] {logging_mixin.py:190} INFO - [2025-08-25T15:27:54.576+0300] {override.py:1930} INFO - Created Permission View: can read on DAG Run:example_time_delta_sensor_async
[2025-08-25T15:27:54.593+0300] {logging_mixin.py:190} INFO - [2025-08-25T15:27:54.593+0300] {override.py:1930} INFO - Created Permission View: can create on DAG Run:example_time_delta_sensor_async
[2025-08-25T15:27:54.594+0300] {logging_mixin.py:190} INFO - [2025-08-25T15:27:54.594+0300] {dag.py:3239} INFO - Sync 1 DAGs
[2025-08-25T15:27:54.605+0300] {logging_mixin.py:190} INFO - [2025-08-25T15:27:54.605+0300] {dag.py:3262} INFO - Creating ORM DAG for example_time_delta_sensor_async
[2025-08-25T15:27:54.607+0300] {logging_mixin.py:190} INFO - [2025-08-25T15:27:54.606+0300] {dag.py:4180} INFO - Setting next_dagrun for example_time_delta_sensor_async to None, run_after=None
[2025-08-25T15:27:54.637+0300] {processor.py:208} INFO - Processing /mnt/d/Образование/career_courses_postupashky_start/ML/ДЗ/Хард/small_mlflow_pipeline/.venv/lib/python3.12/site-packages/airflow/example_dags/example_time_delta_sensor_async.py took 0.785 seconds
[2025-08-25T15:28:54.015+0300] {processor.py:186} INFO - Started process (PID=799) to work on /mnt/d/Образование/career_courses_postupashky_start/ML/ДЗ/Хард/small_mlflow_pipeline/.venv/lib/python3.12/site-packages/airflow/example_dags/example_time_delta_sensor_async.py
[2025-08-25T15:28:54.016+0300] {processor.py:914} INFO - Processing file /mnt/d/Образование/career_courses_postupashky_start/ML/ДЗ/Хард/small_mlflow_pipeline/.venv/lib/python3.12/site-packages/airflow/example_dags/example_time_delta_sensor_async.py for tasks to queue
[2025-08-25T15:28:54.018+0300] {logging_mixin.py:190} INFO - [2025-08-25T15:28:54.017+0300] {dagbag.py:588} INFO - Filling up the DagBag from /mnt/d/Образование/career_courses_postupashky_start/ML/ДЗ/Хард/small_mlflow_pipeline/.venv/lib/python3.12/site-packages/airflow/example_dags/example_time_delta_sensor_async.py
[2025-08-25T15:28:54.051+0300] {processor.py:925} INFO - DAG(s) 'example_time_delta_sensor_async' retrieved from /mnt/d/Образование/career_courses_postupashky_start/ML/ДЗ/Хард/small_mlflow_pipeline/.venv/lib/python3.12/site-packages/airflow/example_dags/example_time_delta_sensor_async.py
[2025-08-25T15:28:54.070+0300] {logging_mixin.py:190} INFO - [2025-08-25T15:28:54.070+0300] {dag.py:3239} INFO - Sync 1 DAGs
[2025-08-25T15:28:54.079+0300] {logging_mixin.py:190} INFO - [2025-08-25T15:28:54.078+0300] {dag.py:4180} INFO - Setting next_dagrun for example_time_delta_sensor_async to None, run_after=None
[2025-08-25T15:28:54.112+0300] {processor.py:208} INFO - Processing /mnt/d/Образование/career_courses_postupashky_start/ML/ДЗ/Хард/small_mlflow_pipeline/.venv/lib/python3.12/site-packages/airflow/example_dags/example_time_delta_sensor_async.py took 0.103 seconds
[2025-08-25T15:32:08.564+0300] {processor.py:186} INFO - Started process (PID=1784) to work on /mnt/d/Образование/career_courses_postupashky_start/ML/ДЗ/Хард/small_mlflow_pipeline/.venv/lib/python3.12/site-packages/airflow/example_dags/example_time_delta_sensor_async.py
[2025-08-25T15:32:08.565+0300] {processor.py:914} INFO - Processing file /mnt/d/Образование/career_courses_postupashky_start/ML/ДЗ/Хард/small_mlflow_pipeline/.venv/lib/python3.12/site-packages/airflow/example_dags/example_time_delta_sensor_async.py for tasks to queue
[2025-08-25T15:32:08.567+0300] {logging_mixin.py:190} INFO - [2025-08-25T15:32:08.567+0300] {dagbag.py:588} INFO - Filling up the DagBag from /mnt/d/Образование/career_courses_postupashky_start/ML/ДЗ/Хард/small_mlflow_pipeline/.venv/lib/python3.12/site-packages/airflow/example_dags/example_time_delta_sensor_async.py
[2025-08-25T15:32:08.603+0300] {processor.py:925} INFO - DAG(s) 'example_time_delta_sensor_async' retrieved from /mnt/d/Образование/career_courses_postupashky_start/ML/ДЗ/Хард/small_mlflow_pipeline/.venv/lib/python3.12/site-packages/airflow/example_dags/example_time_delta_sensor_async.py
[2025-08-25T15:32:08.623+0300] {logging_mixin.py:190} INFO - [2025-08-25T15:32:08.622+0300] {dag.py:3239} INFO - Sync 1 DAGs
[2025-08-25T15:32:08.632+0300] {logging_mixin.py:190} INFO - [2025-08-25T15:32:08.631+0300] {dag.py:4180} INFO - Setting next_dagrun for example_time_delta_sensor_async to None, run_after=None
[2025-08-25T15:32:08.664+0300] {processor.py:208} INFO - Processing /mnt/d/Образование/career_courses_postupashky_start/ML/ДЗ/Хард/small_mlflow_pipeline/.venv/lib/python3.12/site-packages/airflow/example_dags/example_time_delta_sensor_async.py took 0.106 seconds
[2025-08-25T15:33:30.160+0300] {processor.py:186} INFO - Started process (PID=2313) to work on /mnt/d/Образование/career_courses_postupashky_start/ML/ДЗ/Хард/small_mlflow_pipeline/.venv/lib/python3.12/site-packages/airflow/example_dags/example_time_delta_sensor_async.py
[2025-08-25T15:33:30.161+0300] {processor.py:914} INFO - Processing file /mnt/d/Образование/career_courses_postupashky_start/ML/ДЗ/Хард/small_mlflow_pipeline/.venv/lib/python3.12/site-packages/airflow/example_dags/example_time_delta_sensor_async.py for tasks to queue
[2025-08-25T15:33:30.163+0300] {logging_mixin.py:190} INFO - [2025-08-25T15:33:30.162+0300] {dagbag.py:588} INFO - Filling up the DagBag from /mnt/d/Образование/career_courses_postupashky_start/ML/ДЗ/Хард/small_mlflow_pipeline/.venv/lib/python3.12/site-packages/airflow/example_dags/example_time_delta_sensor_async.py
[2025-08-25T15:33:30.196+0300] {processor.py:925} INFO - DAG(s) 'example_time_delta_sensor_async' retrieved from /mnt/d/Образование/career_courses_postupashky_start/ML/ДЗ/Хард/small_mlflow_pipeline/.venv/lib/python3.12/site-packages/airflow/example_dags/example_time_delta_sensor_async.py
[2025-08-25T15:33:30.210+0300] {logging_mixin.py:190} INFO - [2025-08-25T15:33:30.210+0300] {dag.py:3239} INFO - Sync 1 DAGs
[2025-08-25T15:33:30.219+0300] {logging_mixin.py:190} INFO - [2025-08-25T15:33:30.218+0300] {dag.py:4180} INFO - Setting next_dagrun for example_time_delta_sensor_async to None, run_after=None
[2025-08-25T15:33:30.253+0300] {processor.py:208} INFO - Processing /mnt/d/Образование/career_courses_postupashky_start/ML/ДЗ/Хард/small_mlflow_pipeline/.venv/lib/python3.12/site-packages/airflow/example_dags/example_time_delta_sensor_async.py took 0.099 seconds
[2025-08-25T15:34:39.457+0300] {processor.py:186} INFO - Started process (PID=2538) to work on /mnt/d/Образование/career_courses_postupashky_start/ML/ДЗ/Хард/small_mlflow_pipeline/.venv/lib/python3.12/site-packages/airflow/example_dags/example_time_delta_sensor_async.py
[2025-08-25T15:34:39.458+0300] {processor.py:914} INFO - Processing file /mnt/d/Образование/career_courses_postupashky_start/ML/ДЗ/Хард/small_mlflow_pipeline/.venv/lib/python3.12/site-packages/airflow/example_dags/example_time_delta_sensor_async.py for tasks to queue
[2025-08-25T15:34:39.460+0300] {logging_mixin.py:190} INFO - [2025-08-25T15:34:39.459+0300] {dagbag.py:588} INFO - Filling up the DagBag from /mnt/d/Образование/career_courses_postupashky_start/ML/ДЗ/Хард/small_mlflow_pipeline/.venv/lib/python3.12/site-packages/airflow/example_dags/example_time_delta_sensor_async.py
[2025-08-25T15:34:39.493+0300] {processor.py:925} INFO - DAG(s) 'example_time_delta_sensor_async' retrieved from /mnt/d/Образование/career_courses_postupashky_start/ML/ДЗ/Хард/small_mlflow_pipeline/.venv/lib/python3.12/site-packages/airflow/example_dags/example_time_delta_sensor_async.py
[2025-08-25T15:34:39.507+0300] {logging_mixin.py:190} INFO - [2025-08-25T15:34:39.506+0300] {dag.py:3239} INFO - Sync 1 DAGs
[2025-08-25T15:34:39.516+0300] {logging_mixin.py:190} INFO - [2025-08-25T15:34:39.515+0300] {dag.py:4180} INFO - Setting next_dagrun for example_time_delta_sensor_async to None, run_after=None
[2025-08-25T15:34:39.549+0300] {processor.py:208} INFO - Processing /mnt/d/Образование/career_courses_postupashky_start/ML/ДЗ/Хард/small_mlflow_pipeline/.venv/lib/python3.12/site-packages/airflow/example_dags/example_time_delta_sensor_async.py took 0.099 seconds
[2025-08-25T15:35:48.499+0300] {processor.py:186} INFO - Started process (PID=2763) to work on /mnt/d/Образование/career_courses_postupashky_start/ML/ДЗ/Хард/small_mlflow_pipeline/.venv/lib/python3.12/site-packages/airflow/example_dags/example_time_delta_sensor_async.py
[2025-08-25T15:35:48.500+0300] {processor.py:914} INFO - Processing file /mnt/d/Образование/career_courses_postupashky_start/ML/ДЗ/Хард/small_mlflow_pipeline/.venv/lib/python3.12/site-packages/airflow/example_dags/example_time_delta_sensor_async.py for tasks to queue
[2025-08-25T15:35:48.502+0300] {logging_mixin.py:190} INFO - [2025-08-25T15:35:48.501+0300] {dagbag.py:588} INFO - Filling up the DagBag from /mnt/d/Образование/career_courses_postupashky_start/ML/ДЗ/Хард/small_mlflow_pipeline/.venv/lib/python3.12/site-packages/airflow/example_dags/example_time_delta_sensor_async.py
[2025-08-25T15:35:48.536+0300] {processor.py:925} INFO - DAG(s) 'example_time_delta_sensor_async' retrieved from /mnt/d/Образование/career_courses_postupashky_start/ML/ДЗ/Хард/small_mlflow_pipeline/.venv/lib/python3.12/site-packages/airflow/example_dags/example_time_delta_sensor_async.py
[2025-08-25T15:35:48.551+0300] {logging_mixin.py:190} INFO - [2025-08-25T15:35:48.550+0300] {dag.py:3239} INFO - Sync 1 DAGs
[2025-08-25T15:35:48.564+0300] {logging_mixin.py:190} INFO - [2025-08-25T15:35:48.563+0300] {dag.py:4180} INFO - Setting next_dagrun for example_time_delta_sensor_async to None, run_after=None
[2025-08-25T15:35:48.594+0300] {processor.py:208} INFO - Processing /mnt/d/Образование/career_courses_postupashky_start/ML/ДЗ/Хард/small_mlflow_pipeline/.venv/lib/python3.12/site-packages/airflow/example_dags/example_time_delta_sensor_async.py took 0.101 seconds
[2025-08-25T15:36:58.565+0300] {processor.py:186} INFO - Started process (PID=3235) to work on /mnt/d/Образование/career_courses_postupashky_start/ML/ДЗ/Хард/small_mlflow_pipeline/.venv/lib/python3.12/site-packages/airflow/example_dags/example_time_delta_sensor_async.py
[2025-08-25T15:36:58.566+0300] {processor.py:914} INFO - Processing file /mnt/d/Образование/career_courses_postupashky_start/ML/ДЗ/Хард/small_mlflow_pipeline/.venv/lib/python3.12/site-packages/airflow/example_dags/example_time_delta_sensor_async.py for tasks to queue
[2025-08-25T15:36:58.568+0300] {logging_mixin.py:190} INFO - [2025-08-25T15:36:58.567+0300] {dagbag.py:588} INFO - Filling up the DagBag from /mnt/d/Образование/career_courses_postupashky_start/ML/ДЗ/Хард/small_mlflow_pipeline/.venv/lib/python3.12/site-packages/airflow/example_dags/example_time_delta_sensor_async.py
[2025-08-25T15:36:58.601+0300] {processor.py:925} INFO - DAG(s) 'example_time_delta_sensor_async' retrieved from /mnt/d/Образование/career_courses_postupashky_start/ML/ДЗ/Хард/small_mlflow_pipeline/.venv/lib/python3.12/site-packages/airflow/example_dags/example_time_delta_sensor_async.py
[2025-08-25T15:36:58.615+0300] {logging_mixin.py:190} INFO - [2025-08-25T15:36:58.615+0300] {dag.py:3239} INFO - Sync 1 DAGs
[2025-08-25T15:36:58.623+0300] {logging_mixin.py:190} INFO - [2025-08-25T15:36:58.623+0300] {dag.py:4180} INFO - Setting next_dagrun for example_time_delta_sensor_async to None, run_after=None
[2025-08-25T15:36:58.656+0300] {processor.py:208} INFO - Processing /mnt/d/Образование/career_courses_postupashky_start/ML/ДЗ/Хард/small_mlflow_pipeline/.venv/lib/python3.12/site-packages/airflow/example_dags/example_time_delta_sensor_async.py took 0.098 seconds
