[2025-08-25T15:29:12.603+0300] {processor.py:186} INFO - Started process (PID=838) to work on /mnt/d/Образование/career_courses_postupashky_start/ML/ДЗ/Хард/small_mlflow_pipeline/.venv/lib/python3.12/site-packages/airflow/example_dags/example_python_operator.py
[2025-08-25T15:29:12.604+0300] {processor.py:914} INFO - Processing file /mnt/d/Образование/career_courses_postupashky_start/ML/ДЗ/Хард/small_mlflow_pipeline/.venv/lib/python3.12/site-packages/airflow/example_dags/example_python_operator.py for tasks to queue
[2025-08-25T15:29:12.605+0300] {logging_mixin.py:190} INFO - [2025-08-25T15:29:12.605+0300] {dagbag.py:588} INFO - Filling up the DagBag from /mnt/d/Образование/career_courses_postupashky_start/ML/ДЗ/Хард/small_mlflow_pipeline/.venv/lib/python3.12/site-packages/airflow/example_dags/example_python_operator.py
[2025-08-25T15:29:12.637+0300] {logging_mixin.py:190} INFO - [2025-08-25T15:29:12.637+0300] {example_python_operator.py:93} WARNING - The virtalenv_python example task requires virtualenv, please install it.
[2025-08-25T15:29:12.661+0300] {processor.py:925} INFO - DAG(s) 'example_python_operator' retrieved from /mnt/d/Образование/career_courses_postupashky_start/ML/ДЗ/Хард/small_mlflow_pipeline/.venv/lib/python3.12/site-packages/airflow/example_dags/example_python_operator.py
[2025-08-25T15:29:13.277+0300] {logging_mixin.py:190} INFO - [2025-08-25T15:29:13.276+0300] {override.py:1930} INFO - Created Permission View: can delete on DAG:example_python_operator
[2025-08-25T15:29:13.296+0300] {logging_mixin.py:190} INFO - [2025-08-25T15:29:13.296+0300] {override.py:1930} INFO - Created Permission View: can edit on DAG:example_python_operator
[2025-08-25T15:29:13.313+0300] {logging_mixin.py:190} INFO - [2025-08-25T15:29:13.313+0300] {override.py:1930} INFO - Created Permission View: can read on DAG:example_python_operator
[2025-08-25T15:29:13.340+0300] {logging_mixin.py:190} INFO - [2025-08-25T15:29:13.340+0300] {override.py:1930} INFO - Created Permission View: can delete on DAG Run:example_python_operator
[2025-08-25T15:29:13.357+0300] {logging_mixin.py:190} INFO - [2025-08-25T15:29:13.356+0300] {override.py:1930} INFO - Created Permission View: can create on DAG Run:example_python_operator
[2025-08-25T15:29:13.374+0300] {logging_mixin.py:190} INFO - [2025-08-25T15:29:13.373+0300] {override.py:1930} INFO - Created Permission View: can read on DAG Run:example_python_operator
[2025-08-25T15:29:13.392+0300] {logging_mixin.py:190} INFO - [2025-08-25T15:29:13.391+0300] {override.py:1930} INFO - Created Permission View: menu access on DAG Run:example_python_operator
[2025-08-25T15:29:13.393+0300] {logging_mixin.py:190} INFO - [2025-08-25T15:29:13.392+0300] {dag.py:3239} INFO - Sync 1 DAGs
[2025-08-25T15:29:13.405+0300] {logging_mixin.py:190} INFO - [2025-08-25T15:29:13.405+0300] {dag.py:3262} INFO - Creating ORM DAG for example_python_operator
[2025-08-25T15:29:13.407+0300] {logging_mixin.py:190} INFO - [2025-08-25T15:29:13.406+0300] {dag.py:4180} INFO - Setting next_dagrun for example_python_operator to None, run_after=None
[2025-08-25T15:29:13.442+0300] {processor.py:208} INFO - Processing /mnt/d/Образование/career_courses_postupashky_start/ML/ДЗ/Хард/small_mlflow_pipeline/.venv/lib/python3.12/site-packages/airflow/example_dags/example_python_operator.py took 0.846 seconds
[2025-08-25T15:32:22.774+0300] {processor.py:186} INFO - Started process (PID=1919) to work on /mnt/d/Образование/career_courses_postupashky_start/ML/ДЗ/Хард/small_mlflow_pipeline/.venv/lib/python3.12/site-packages/airflow/example_dags/example_python_operator.py
[2025-08-25T15:32:22.775+0300] {processor.py:914} INFO - Processing file /mnt/d/Образование/career_courses_postupashky_start/ML/ДЗ/Хард/small_mlflow_pipeline/.venv/lib/python3.12/site-packages/airflow/example_dags/example_python_operator.py for tasks to queue
[2025-08-25T15:32:22.777+0300] {logging_mixin.py:190} INFO - [2025-08-25T15:32:22.776+0300] {dagbag.py:588} INFO - Filling up the DagBag from /mnt/d/Образование/career_courses_postupashky_start/ML/ДЗ/Хард/small_mlflow_pipeline/.venv/lib/python3.12/site-packages/airflow/example_dags/example_python_operator.py
[2025-08-25T15:32:22.807+0300] {logging_mixin.py:190} INFO - [2025-08-25T15:32:22.806+0300] {example_python_operator.py:93} WARNING - The virtalenv_python example task requires virtualenv, please install it.
[2025-08-25T15:32:22.830+0300] {processor.py:925} INFO - DAG(s) 'example_python_operator' retrieved from /mnt/d/Образование/career_courses_postupashky_start/ML/ДЗ/Хард/small_mlflow_pipeline/.venv/lib/python3.12/site-packages/airflow/example_dags/example_python_operator.py
[2025-08-25T15:32:22.851+0300] {logging_mixin.py:190} INFO - [2025-08-25T15:32:22.850+0300] {dag.py:3239} INFO - Sync 1 DAGs
[2025-08-25T15:32:22.860+0300] {logging_mixin.py:190} INFO - [2025-08-25T15:32:22.859+0300] {dag.py:4180} INFO - Setting next_dagrun for example_python_operator to None, run_after=None
[2025-08-25T15:32:22.896+0300] {processor.py:208} INFO - Processing /mnt/d/Образование/career_courses_postupashky_start/ML/ДЗ/Хард/small_mlflow_pipeline/.venv/lib/python3.12/site-packages/airflow/example_dags/example_python_operator.py took 0.129 seconds
[2025-08-25T15:33:45.490+0300] {processor.py:186} INFO - Started process (PID=2346) to work on /mnt/d/Образование/career_courses_postupashky_start/ML/ДЗ/Хард/small_mlflow_pipeline/.venv/lib/python3.12/site-packages/airflow/example_dags/example_python_operator.py
[2025-08-25T15:33:45.491+0300] {processor.py:914} INFO - Processing file /mnt/d/Образование/career_courses_postupashky_start/ML/ДЗ/Хард/small_mlflow_pipeline/.venv/lib/python3.12/site-packages/airflow/example_dags/example_python_operator.py for tasks to queue
[2025-08-25T15:33:45.493+0300] {logging_mixin.py:190} INFO - [2025-08-25T15:33:45.492+0300] {dagbag.py:588} INFO - Filling up the DagBag from /mnt/d/Образование/career_courses_postupashky_start/ML/ДЗ/Хард/small_mlflow_pipeline/.venv/lib/python3.12/site-packages/airflow/example_dags/example_python_operator.py
[2025-08-25T15:33:45.523+0300] {logging_mixin.py:190} INFO - [2025-08-25T15:33:45.523+0300] {example_python_operator.py:93} WARNING - The virtalenv_python example task requires virtualenv, please install it.
[2025-08-25T15:33:45.547+0300] {processor.py:925} INFO - DAG(s) 'example_python_operator' retrieved from /mnt/d/Образование/career_courses_postupashky_start/ML/ДЗ/Хард/small_mlflow_pipeline/.venv/lib/python3.12/site-packages/airflow/example_dags/example_python_operator.py
[2025-08-25T15:33:45.563+0300] {logging_mixin.py:190} INFO - [2025-08-25T15:33:45.563+0300] {dag.py:3239} INFO - Sync 1 DAGs
[2025-08-25T15:33:45.572+0300] {logging_mixin.py:190} INFO - [2025-08-25T15:33:45.571+0300] {dag.py:4180} INFO - Setting next_dagrun for example_python_operator to None, run_after=None
[2025-08-25T15:33:45.601+0300] {processor.py:208} INFO - Processing /mnt/d/Образование/career_courses_postupashky_start/ML/ДЗ/Хард/small_mlflow_pipeline/.venv/lib/python3.12/site-packages/airflow/example_dags/example_python_operator.py took 0.117 seconds
[2025-08-25T15:34:53.220+0300] {processor.py:186} INFO - Started process (PID=2631) to work on /mnt/d/Образование/career_courses_postupashky_start/ML/ДЗ/Хард/small_mlflow_pipeline/.venv/lib/python3.12/site-packages/airflow/example_dags/example_python_operator.py
[2025-08-25T15:34:53.221+0300] {processor.py:914} INFO - Processing file /mnt/d/Образование/career_courses_postupashky_start/ML/ДЗ/Хард/small_mlflow_pipeline/.venv/lib/python3.12/site-packages/airflow/example_dags/example_python_operator.py for tasks to queue
[2025-08-25T15:34:53.223+0300] {logging_mixin.py:190} INFO - [2025-08-25T15:34:53.222+0300] {dagbag.py:588} INFO - Filling up the DagBag from /mnt/d/Образование/career_courses_postupashky_start/ML/ДЗ/Хард/small_mlflow_pipeline/.venv/lib/python3.12/site-packages/airflow/example_dags/example_python_operator.py
[2025-08-25T15:34:53.254+0300] {logging_mixin.py:190} INFO - [2025-08-25T15:34:53.254+0300] {example_python_operator.py:93} WARNING - The virtalenv_python example task requires virtualenv, please install it.
[2025-08-25T15:34:53.280+0300] {processor.py:925} INFO - DAG(s) 'example_python_operator' retrieved from /mnt/d/Образование/career_courses_postupashky_start/ML/ДЗ/Хард/small_mlflow_pipeline/.venv/lib/python3.12/site-packages/airflow/example_dags/example_python_operator.py
[2025-08-25T15:34:53.296+0300] {logging_mixin.py:190} INFO - [2025-08-25T15:34:53.296+0300] {dag.py:3239} INFO - Sync 1 DAGs
[2025-08-25T15:34:53.306+0300] {logging_mixin.py:190} INFO - [2025-08-25T15:34:53.305+0300] {dag.py:4180} INFO - Setting next_dagrun for example_python_operator to None, run_after=None
[2025-08-25T15:34:53.342+0300] {processor.py:208} INFO - Processing /mnt/d/Образование/career_courses_postupashky_start/ML/ДЗ/Хард/small_mlflow_pipeline/.venv/lib/python3.12/site-packages/airflow/example_dags/example_python_operator.py took 0.129 seconds
[2025-08-25T15:36:01.668+0300] {processor.py:186} INFO - Started process (PID=2858) to work on /mnt/d/Образование/career_courses_postupashky_start/ML/ДЗ/Хард/small_mlflow_pipeline/.venv/lib/python3.12/site-packages/airflow/example_dags/example_python_operator.py
[2025-08-25T15:36:01.669+0300] {processor.py:914} INFO - Processing file /mnt/d/Образование/career_courses_postupashky_start/ML/ДЗ/Хард/small_mlflow_pipeline/.venv/lib/python3.12/site-packages/airflow/example_dags/example_python_operator.py for tasks to queue
[2025-08-25T15:36:01.671+0300] {logging_mixin.py:190} INFO - [2025-08-25T15:36:01.670+0300] {dagbag.py:588} INFO - Filling up the DagBag from /mnt/d/Образование/career_courses_postupashky_start/ML/ДЗ/Хард/small_mlflow_pipeline/.venv/lib/python3.12/site-packages/airflow/example_dags/example_python_operator.py
[2025-08-25T15:36:01.702+0300] {logging_mixin.py:190} INFO - [2025-08-25T15:36:01.702+0300] {example_python_operator.py:93} WARNING - The virtalenv_python example task requires virtualenv, please install it.
[2025-08-25T15:36:01.726+0300] {processor.py:925} INFO - DAG(s) 'example_python_operator' retrieved from /mnt/d/Образование/career_courses_postupashky_start/ML/ДЗ/Хард/small_mlflow_pipeline/.venv/lib/python3.12/site-packages/airflow/example_dags/example_python_operator.py
[2025-08-25T15:36:01.742+0300] {logging_mixin.py:190} INFO - [2025-08-25T15:36:01.741+0300] {dag.py:3239} INFO - Sync 1 DAGs
[2025-08-25T15:36:01.751+0300] {logging_mixin.py:190} INFO - [2025-08-25T15:36:01.751+0300] {dag.py:4180} INFO - Setting next_dagrun for example_python_operator to None, run_after=None
[2025-08-25T15:36:01.782+0300] {processor.py:208} INFO - Processing /mnt/d/Образование/career_courses_postupashky_start/ML/ДЗ/Хард/small_mlflow_pipeline/.venv/lib/python3.12/site-packages/airflow/example_dags/example_python_operator.py took 0.122 seconds
[2025-08-25T15:37:12.353+0300] {processor.py:186} INFO - Started process (PID=3268) to work on /mnt/d/Образование/career_courses_postupashky_start/ML/ДЗ/Хард/small_mlflow_pipeline/.venv/lib/python3.12/site-packages/airflow/example_dags/example_python_operator.py
[2025-08-25T15:37:12.354+0300] {processor.py:914} INFO - Processing file /mnt/d/Образование/career_courses_postupashky_start/ML/ДЗ/Хард/small_mlflow_pipeline/.venv/lib/python3.12/site-packages/airflow/example_dags/example_python_operator.py for tasks to queue
[2025-08-25T15:37:12.356+0300] {logging_mixin.py:190} INFO - [2025-08-25T15:37:12.356+0300] {dagbag.py:588} INFO - Filling up the DagBag from /mnt/d/Образование/career_courses_postupashky_start/ML/ДЗ/Хард/small_mlflow_pipeline/.venv/lib/python3.12/site-packages/airflow/example_dags/example_python_operator.py
[2025-08-25T15:37:12.390+0300] {logging_mixin.py:190} INFO - [2025-08-25T15:37:12.389+0300] {example_python_operator.py:93} WARNING - The virtalenv_python example task requires virtualenv, please install it.
[2025-08-25T15:37:12.415+0300] {processor.py:925} INFO - DAG(s) 'example_python_operator' retrieved from /mnt/d/Образование/career_courses_postupashky_start/ML/ДЗ/Хард/small_mlflow_pipeline/.venv/lib/python3.12/site-packages/airflow/example_dags/example_python_operator.py
[2025-08-25T15:37:12.432+0300] {logging_mixin.py:190} INFO - [2025-08-25T15:37:12.432+0300] {dag.py:3239} INFO - Sync 1 DAGs
[2025-08-25T15:37:12.442+0300] {logging_mixin.py:190} INFO - [2025-08-25T15:37:12.441+0300] {dag.py:4180} INFO - Setting next_dagrun for example_python_operator to None, run_after=None
[2025-08-25T15:37:12.472+0300] {processor.py:208} INFO - Processing /mnt/d/Образование/career_courses_postupashky_start/ML/ДЗ/Хард/small_mlflow_pipeline/.venv/lib/python3.12/site-packages/airflow/example_dags/example_python_operator.py took 0.126 seconds
