[2025-08-25T15:27:51.892+0300] {processor.py:186} INFO - Started process (PID=552) to work on /mnt/d/Образование/career_courses_postupashky_start/ML/ДЗ/Хард/small_mlflow_pipeline/.venv/lib/python3.12/site-packages/airflow/example_dags/example_trigger_controller_dag.py
[2025-08-25T15:27:51.893+0300] {processor.py:914} INFO - Processing file /mnt/d/Образование/career_courses_postupashky_start/ML/ДЗ/Хард/small_mlflow_pipeline/.venv/lib/python3.12/site-packages/airflow/example_dags/example_trigger_controller_dag.py for tasks to queue
[2025-08-25T15:27:51.895+0300] {logging_mixin.py:190} INFO - [2025-08-25T15:27:51.895+0300] {dagbag.py:588} INFO - Filling up the DagBag from /mnt/d/Образование/career_courses_postupashky_start/ML/ДЗ/Хард/small_mlflow_pipeline/.venv/lib/python3.12/site-packages/airflow/example_dags/example_trigger_controller_dag.py
[2025-08-25T15:27:51.932+0300] {processor.py:925} INFO - DAG(s) 'example_trigger_controller_dag' retrieved from /mnt/d/Образование/career_courses_postupashky_start/ML/ДЗ/Хард/small_mlflow_pipeline/.venv/lib/python3.12/site-packages/airflow/example_dags/example_trigger_controller_dag.py
[2025-08-25T15:27:52.526+0300] {logging_mixin.py:190} INFO - [2025-08-25T15:27:52.525+0300] {override.py:1930} INFO - Created Permission View: can edit on DAG:example_trigger_controller_dag
[2025-08-25T15:27:52.545+0300] {logging_mixin.py:190} INFO - [2025-08-25T15:27:52.544+0300] {override.py:1930} INFO - Created Permission View: can read on DAG:example_trigger_controller_dag
[2025-08-25T15:27:52.562+0300] {logging_mixin.py:190} INFO - [2025-08-25T15:27:52.561+0300] {override.py:1930} INFO - Created Permission View: can delete on DAG:example_trigger_controller_dag
[2025-08-25T15:27:52.589+0300] {logging_mixin.py:190} INFO - [2025-08-25T15:27:52.588+0300] {override.py:1930} INFO - Created Permission View: menu access on DAG Run:example_trigger_controller_dag
[2025-08-25T15:27:52.605+0300] {logging_mixin.py:190} INFO - [2025-08-25T15:27:52.604+0300] {override.py:1930} INFO - Created Permission View: can delete on DAG Run:example_trigger_controller_dag
[2025-08-25T15:27:52.622+0300] {logging_mixin.py:190} INFO - [2025-08-25T15:27:52.621+0300] {override.py:1930} INFO - Created Permission View: can read on DAG Run:example_trigger_controller_dag
[2025-08-25T15:27:52.639+0300] {logging_mixin.py:190} INFO - [2025-08-25T15:27:52.638+0300] {override.py:1930} INFO - Created Permission View: can create on DAG Run:example_trigger_controller_dag
[2025-08-25T15:27:52.640+0300] {logging_mixin.py:190} INFO - [2025-08-25T15:27:52.639+0300] {dag.py:3239} INFO - Sync 1 DAGs
[2025-08-25T15:27:52.651+0300] {logging_mixin.py:190} INFO - [2025-08-25T15:27:52.651+0300] {dag.py:3262} INFO - Creating ORM DAG for example_trigger_controller_dag
[2025-08-25T15:27:52.658+0300] {logging_mixin.py:190} INFO - [2025-08-25T15:27:52.657+0300] {dag.py:4180} INFO - Setting next_dagrun for example_trigger_controller_dag to 2021-01-01 00:00:00+00:00, run_after=2021-01-01 00:00:00+00:00
[2025-08-25T15:27:52.689+0300] {processor.py:208} INFO - Processing /mnt/d/Образование/career_courses_postupashky_start/ML/ДЗ/Хард/small_mlflow_pipeline/.venv/lib/python3.12/site-packages/airflow/example_dags/example_trigger_controller_dag.py took 0.803 seconds
[2025-08-25T15:28:52.716+0300] {processor.py:186} INFO - Started process (PID=795) to work on /mnt/d/Образование/career_courses_postupashky_start/ML/ДЗ/Хард/small_mlflow_pipeline/.venv/lib/python3.12/site-packages/airflow/example_dags/example_trigger_controller_dag.py
[2025-08-25T15:28:52.717+0300] {processor.py:914} INFO - Processing file /mnt/d/Образование/career_courses_postupashky_start/ML/ДЗ/Хард/small_mlflow_pipeline/.venv/lib/python3.12/site-packages/airflow/example_dags/example_trigger_controller_dag.py for tasks to queue
[2025-08-25T15:28:52.718+0300] {logging_mixin.py:190} INFO - [2025-08-25T15:28:52.718+0300] {dagbag.py:588} INFO - Filling up the DagBag from /mnt/d/Образование/career_courses_postupashky_start/ML/ДЗ/Хард/small_mlflow_pipeline/.venv/lib/python3.12/site-packages/airflow/example_dags/example_trigger_controller_dag.py
[2025-08-25T15:28:52.753+0300] {processor.py:925} INFO - DAG(s) 'example_trigger_controller_dag' retrieved from /mnt/d/Образование/career_courses_postupashky_start/ML/ДЗ/Хард/small_mlflow_pipeline/.venv/lib/python3.12/site-packages/airflow/example_dags/example_trigger_controller_dag.py
[2025-08-25T15:28:52.773+0300] {logging_mixin.py:190} INFO - [2025-08-25T15:28:52.772+0300] {dag.py:3239} INFO - Sync 1 DAGs
[2025-08-25T15:28:52.787+0300] {logging_mixin.py:190} INFO - [2025-08-25T15:28:52.787+0300] {dag.py:4180} INFO - Setting next_dagrun for example_trigger_controller_dag to 2021-01-01 00:00:00+00:00, run_after=2021-01-01 00:00:00+00:00
[2025-08-25T15:28:52.822+0300] {processor.py:208} INFO - Processing /mnt/d/Образование/career_courses_postupashky_start/ML/ДЗ/Хард/small_mlflow_pipeline/.venv/lib/python3.12/site-packages/airflow/example_dags/example_trigger_controller_dag.py took 0.112 seconds
[2025-08-25T15:32:07.293+0300] {processor.py:186} INFO - Started process (PID=1755) to work on /mnt/d/Образование/career_courses_postupashky_start/ML/ДЗ/Хард/small_mlflow_pipeline/.venv/lib/python3.12/site-packages/airflow/example_dags/example_trigger_controller_dag.py
[2025-08-25T15:32:07.294+0300] {processor.py:914} INFO - Processing file /mnt/d/Образование/career_courses_postupashky_start/ML/ДЗ/Хард/small_mlflow_pipeline/.venv/lib/python3.12/site-packages/airflow/example_dags/example_trigger_controller_dag.py for tasks to queue
[2025-08-25T15:32:07.297+0300] {logging_mixin.py:190} INFO - [2025-08-25T15:32:07.296+0300] {dagbag.py:588} INFO - Filling up the DagBag from /mnt/d/Образование/career_courses_postupashky_start/ML/ДЗ/Хард/small_mlflow_pipeline/.venv/lib/python3.12/site-packages/airflow/example_dags/example_trigger_controller_dag.py
[2025-08-25T15:32:07.332+0300] {processor.py:925} INFO - DAG(s) 'example_trigger_controller_dag' retrieved from /mnt/d/Образование/career_courses_postupashky_start/ML/ДЗ/Хард/small_mlflow_pipeline/.venv/lib/python3.12/site-packages/airflow/example_dags/example_trigger_controller_dag.py
[2025-08-25T15:32:07.358+0300] {logging_mixin.py:190} INFO - [2025-08-25T15:32:07.357+0300] {dag.py:3239} INFO - Sync 1 DAGs
[2025-08-25T15:32:07.374+0300] {logging_mixin.py:190} INFO - [2025-08-25T15:32:07.374+0300] {dag.py:4180} INFO - Setting next_dagrun for example_trigger_controller_dag to 2021-01-01 00:00:00+00:00, run_after=2021-01-01 00:00:00+00:00
[2025-08-25T15:32:07.403+0300] {processor.py:208} INFO - Processing /mnt/d/Образование/career_courses_postupashky_start/ML/ДЗ/Хард/small_mlflow_pipeline/.venv/lib/python3.12/site-packages/airflow/example_dags/example_trigger_controller_dag.py took 0.120 seconds
[2025-08-25T15:33:28.881+0300] {processor.py:186} INFO - Started process (PID=2309) to work on /mnt/d/Образование/career_courses_postupashky_start/ML/ДЗ/Хард/small_mlflow_pipeline/.venv/lib/python3.12/site-packages/airflow/example_dags/example_trigger_controller_dag.py
[2025-08-25T15:33:28.882+0300] {processor.py:914} INFO - Processing file /mnt/d/Образование/career_courses_postupashky_start/ML/ДЗ/Хард/small_mlflow_pipeline/.venv/lib/python3.12/site-packages/airflow/example_dags/example_trigger_controller_dag.py for tasks to queue
[2025-08-25T15:33:28.883+0300] {logging_mixin.py:190} INFO - [2025-08-25T15:33:28.883+0300] {dagbag.py:588} INFO - Filling up the DagBag from /mnt/d/Образование/career_courses_postupashky_start/ML/ДЗ/Хард/small_mlflow_pipeline/.venv/lib/python3.12/site-packages/airflow/example_dags/example_trigger_controller_dag.py
[2025-08-25T15:33:28.917+0300] {processor.py:925} INFO - DAG(s) 'example_trigger_controller_dag' retrieved from /mnt/d/Образование/career_courses_postupashky_start/ML/ДЗ/Хард/small_mlflow_pipeline/.venv/lib/python3.12/site-packages/airflow/example_dags/example_trigger_controller_dag.py
[2025-08-25T15:33:28.932+0300] {logging_mixin.py:190} INFO - [2025-08-25T15:33:28.931+0300] {dag.py:3239} INFO - Sync 1 DAGs
[2025-08-25T15:33:28.947+0300] {logging_mixin.py:190} INFO - [2025-08-25T15:33:28.947+0300] {dag.py:4180} INFO - Setting next_dagrun for example_trigger_controller_dag to 2021-01-01 00:00:00+00:00, run_after=2021-01-01 00:00:00+00:00
[2025-08-25T15:33:28.979+0300] {processor.py:208} INFO - Processing /mnt/d/Образование/career_courses_postupashky_start/ML/ДЗ/Хард/small_mlflow_pipeline/.venv/lib/python3.12/site-packages/airflow/example_dags/example_trigger_controller_dag.py took 0.105 seconds
[2025-08-25T15:34:15.321+0300] {processor.py:186} INFO - Started process (PID=2480) to work on /mnt/d/Образование/career_courses_postupashky_start/ML/ДЗ/Хард/small_mlflow_pipeline/.venv/lib/python3.12/site-packages/airflow/example_dags/example_trigger_controller_dag.py
[2025-08-25T15:34:15.322+0300] {processor.py:914} INFO - Processing file /mnt/d/Образование/career_courses_postupashky_start/ML/ДЗ/Хард/small_mlflow_pipeline/.venv/lib/python3.12/site-packages/airflow/example_dags/example_trigger_controller_dag.py for tasks to queue
[2025-08-25T15:34:15.324+0300] {logging_mixin.py:190} INFO - [2025-08-25T15:34:15.324+0300] {dagbag.py:588} INFO - Filling up the DagBag from /mnt/d/Образование/career_courses_postupashky_start/ML/ДЗ/Хард/small_mlflow_pipeline/.venv/lib/python3.12/site-packages/airflow/example_dags/example_trigger_controller_dag.py
[2025-08-25T15:34:15.360+0300] {processor.py:925} INFO - DAG(s) 'example_trigger_controller_dag' retrieved from /mnt/d/Образование/career_courses_postupashky_start/ML/ДЗ/Хард/small_mlflow_pipeline/.venv/lib/python3.12/site-packages/airflow/example_dags/example_trigger_controller_dag.py
[2025-08-25T15:34:15.375+0300] {logging_mixin.py:190} INFO - [2025-08-25T15:34:15.374+0300] {dag.py:3239} INFO - Sync 1 DAGs
[2025-08-25T15:34:15.389+0300] {logging_mixin.py:190} INFO - [2025-08-25T15:34:15.388+0300] {dag.py:4180} INFO - Setting next_dagrun for example_trigger_controller_dag to 2021-01-01 00:00:00+00:00, run_after=2021-01-01 00:00:00+00:00
[2025-08-25T15:34:15.424+0300] {processor.py:208} INFO - Processing /mnt/d/Образование/career_courses_postupashky_start/ML/ДЗ/Хард/small_mlflow_pipeline/.venv/lib/python3.12/site-packages/airflow/example_dags/example_trigger_controller_dag.py took 0.109 seconds
[2025-08-25T15:35:23.518+0300] {processor.py:186} INFO - Started process (PID=2704) to work on /mnt/d/Образование/career_courses_postupashky_start/ML/ДЗ/Хард/small_mlflow_pipeline/.venv/lib/python3.12/site-packages/airflow/example_dags/example_trigger_controller_dag.py
[2025-08-25T15:35:23.520+0300] {processor.py:914} INFO - Processing file /mnt/d/Образование/career_courses_postupashky_start/ML/ДЗ/Хард/small_mlflow_pipeline/.venv/lib/python3.12/site-packages/airflow/example_dags/example_trigger_controller_dag.py for tasks to queue
[2025-08-25T15:35:23.522+0300] {logging_mixin.py:190} INFO - [2025-08-25T15:35:23.521+0300] {dagbag.py:588} INFO - Filling up the DagBag from /mnt/d/Образование/career_courses_postupashky_start/ML/ДЗ/Хард/small_mlflow_pipeline/.venv/lib/python3.12/site-packages/airflow/example_dags/example_trigger_controller_dag.py
[2025-08-25T15:35:23.567+0300] {processor.py:925} INFO - DAG(s) 'example_trigger_controller_dag' retrieved from /mnt/d/Образование/career_courses_postupashky_start/ML/ДЗ/Хард/small_mlflow_pipeline/.venv/lib/python3.12/site-packages/airflow/example_dags/example_trigger_controller_dag.py
[2025-08-25T15:35:23.585+0300] {logging_mixin.py:190} INFO - [2025-08-25T15:35:23.585+0300] {dag.py:3239} INFO - Sync 1 DAGs
[2025-08-25T15:35:23.601+0300] {logging_mixin.py:190} INFO - [2025-08-25T15:35:23.600+0300] {dag.py:4180} INFO - Setting next_dagrun for example_trigger_controller_dag to 2021-01-01 00:00:00+00:00, run_after=2021-01-01 00:00:00+00:00
[2025-08-25T15:35:23.636+0300] {processor.py:208} INFO - Processing /mnt/d/Образование/career_courses_postupashky_start/ML/ДЗ/Хард/small_mlflow_pipeline/.venv/lib/python3.12/site-packages/airflow/example_dags/example_trigger_controller_dag.py took 0.128 seconds
[2025-08-25T15:36:30.323+0300] {processor.py:186} INFO - Started process (PID=2927) to work on /mnt/d/Образование/career_courses_postupashky_start/ML/ДЗ/Хард/small_mlflow_pipeline/.venv/lib/python3.12/site-packages/airflow/example_dags/example_trigger_controller_dag.py
[2025-08-25T15:36:30.324+0300] {processor.py:914} INFO - Processing file /mnt/d/Образование/career_courses_postupashky_start/ML/ДЗ/Хард/small_mlflow_pipeline/.venv/lib/python3.12/site-packages/airflow/example_dags/example_trigger_controller_dag.py for tasks to queue
[2025-08-25T15:36:30.326+0300] {logging_mixin.py:190} INFO - [2025-08-25T15:36:30.325+0300] {dagbag.py:588} INFO - Filling up the DagBag from /mnt/d/Образование/career_courses_postupashky_start/ML/ДЗ/Хард/small_mlflow_pipeline/.venv/lib/python3.12/site-packages/airflow/example_dags/example_trigger_controller_dag.py
[2025-08-25T15:36:30.358+0300] {processor.py:925} INFO - DAG(s) 'example_trigger_controller_dag' retrieved from /mnt/d/Образование/career_courses_postupashky_start/ML/ДЗ/Хард/small_mlflow_pipeline/.venv/lib/python3.12/site-packages/airflow/example_dags/example_trigger_controller_dag.py
[2025-08-25T15:36:30.371+0300] {logging_mixin.py:190} INFO - [2025-08-25T15:36:30.371+0300] {dag.py:3239} INFO - Sync 1 DAGs
[2025-08-25T15:36:30.385+0300] {logging_mixin.py:190} INFO - [2025-08-25T15:36:30.384+0300] {dag.py:4180} INFO - Setting next_dagrun for example_trigger_controller_dag to 2021-01-01 00:00:00+00:00, run_after=2021-01-01 00:00:00+00:00
[2025-08-25T15:36:30.418+0300] {processor.py:208} INFO - Processing /mnt/d/Образование/career_courses_postupashky_start/ML/ДЗ/Хард/small_mlflow_pipeline/.venv/lib/python3.12/site-packages/airflow/example_dags/example_trigger_controller_dag.py took 0.101 seconds
