[2025-08-25T15:29:19.594+0300] {processor.py:186} INFO - Started process (PID=851) to work on /mnt/d/Образование/career_courses_postupashky_start/ML/ДЗ/Хард/small_mlflow_pipeline/.venv/lib/python3.12/site-packages/airflow/example_dags/example_params_trigger_ui.py
[2025-08-25T15:29:19.595+0300] {processor.py:914} INFO - Processing file /mnt/d/Образование/career_courses_postupashky_start/ML/ДЗ/Хард/small_mlflow_pipeline/.venv/lib/python3.12/site-packages/airflow/example_dags/example_params_trigger_ui.py for tasks to queue
[2025-08-25T15:29:19.597+0300] {logging_mixin.py:190} INFO - [2025-08-25T15:29:19.596+0300] {dagbag.py:588} INFO - Filling up the DagBag from /mnt/d/Образование/career_courses_postupashky_start/ML/ДЗ/Хард/small_mlflow_pipeline/.venv/lib/python3.12/site-packages/airflow/example_dags/example_params_trigger_ui.py
[2025-08-25T15:29:19.632+0300] {processor.py:925} INFO - DAG(s) 'example_params_trigger_ui' retrieved from /mnt/d/Образование/career_courses_postupashky_start/ML/ДЗ/Хард/small_mlflow_pipeline/.venv/lib/python3.12/site-packages/airflow/example_dags/example_params_trigger_ui.py
[2025-08-25T15:29:20.243+0300] {logging_mixin.py:190} INFO - [2025-08-25T15:29:20.242+0300] {override.py:1930} INFO - Created Permission View: can delete on DAG:example_params_trigger_ui
[2025-08-25T15:29:20.262+0300] {logging_mixin.py:190} INFO - [2025-08-25T15:29:20.262+0300] {override.py:1930} INFO - Created Permission View: can edit on DAG:example_params_trigger_ui
[2025-08-25T15:29:20.280+0300] {logging_mixin.py:190} INFO - [2025-08-25T15:29:20.279+0300] {override.py:1930} INFO - Created Permission View: can read on DAG:example_params_trigger_ui
[2025-08-25T15:29:20.307+0300] {logging_mixin.py:190} INFO - [2025-08-25T15:29:20.306+0300] {override.py:1930} INFO - Created Permission View: can delete on DAG Run:example_params_trigger_ui
[2025-08-25T15:29:20.324+0300] {logging_mixin.py:190} INFO - [2025-08-25T15:29:20.323+0300] {override.py:1930} INFO - Created Permission View: can create on DAG Run:example_params_trigger_ui
[2025-08-25T15:29:20.341+0300] {logging_mixin.py:190} INFO - [2025-08-25T15:29:20.341+0300] {override.py:1930} INFO - Created Permission View: can read on DAG Run:example_params_trigger_ui
[2025-08-25T15:29:20.359+0300] {logging_mixin.py:190} INFO - [2025-08-25T15:29:20.358+0300] {override.py:1930} INFO - Created Permission View: menu access on DAG Run:example_params_trigger_ui
[2025-08-25T15:29:20.360+0300] {logging_mixin.py:190} INFO - [2025-08-25T15:29:20.359+0300] {dag.py:3239} INFO - Sync 1 DAGs
[2025-08-25T15:29:20.372+0300] {logging_mixin.py:190} INFO - [2025-08-25T15:29:20.371+0300] {dag.py:3262} INFO - Creating ORM DAG for example_params_trigger_ui
[2025-08-25T15:29:20.373+0300] {logging_mixin.py:190} INFO - [2025-08-25T15:29:20.373+0300] {dag.py:4180} INFO - Setting next_dagrun for example_params_trigger_ui to None, run_after=None
[2025-08-25T15:29:20.404+0300] {processor.py:208} INFO - Processing /mnt/d/Образование/career_courses_postupashky_start/ML/ДЗ/Хард/small_mlflow_pipeline/.venv/lib/python3.12/site-packages/airflow/example_dags/example_params_trigger_ui.py took 0.816 seconds
[2025-08-25T15:32:27.873+0300] {processor.py:186} INFO - Started process (PID=1932) to work on /mnt/d/Образование/career_courses_postupashky_start/ML/ДЗ/Хард/small_mlflow_pipeline/.venv/lib/python3.12/site-packages/airflow/example_dags/example_params_trigger_ui.py
[2025-08-25T15:32:27.874+0300] {processor.py:914} INFO - Processing file /mnt/d/Образование/career_courses_postupashky_start/ML/ДЗ/Хард/small_mlflow_pipeline/.venv/lib/python3.12/site-packages/airflow/example_dags/example_params_trigger_ui.py for tasks to queue
[2025-08-25T15:32:27.876+0300] {logging_mixin.py:190} INFO - [2025-08-25T15:32:27.876+0300] {dagbag.py:588} INFO - Filling up the DagBag from /mnt/d/Образование/career_courses_postupashky_start/ML/ДЗ/Хард/small_mlflow_pipeline/.venv/lib/python3.12/site-packages/airflow/example_dags/example_params_trigger_ui.py
[2025-08-25T15:32:27.912+0300] {processor.py:925} INFO - DAG(s) 'example_params_trigger_ui' retrieved from /mnt/d/Образование/career_courses_postupashky_start/ML/ДЗ/Хард/small_mlflow_pipeline/.venv/lib/python3.12/site-packages/airflow/example_dags/example_params_trigger_ui.py
[2025-08-25T15:32:27.945+0300] {logging_mixin.py:190} INFO - [2025-08-25T15:32:27.944+0300] {dag.py:3239} INFO - Sync 1 DAGs
[2025-08-25T15:32:27.955+0300] {logging_mixin.py:190} INFO - [2025-08-25T15:32:27.955+0300] {dag.py:4180} INFO - Setting next_dagrun for example_params_trigger_ui to None, run_after=None
[2025-08-25T15:32:27.991+0300] {processor.py:208} INFO - Processing /mnt/d/Образование/career_courses_postupashky_start/ML/ДЗ/Хард/small_mlflow_pipeline/.venv/lib/python3.12/site-packages/airflow/example_dags/example_params_trigger_ui.py took 0.123 seconds
[2025-08-25T15:33:48.726+0300] {processor.py:186} INFO - Started process (PID=2356) to work on /mnt/d/Образование/career_courses_postupashky_start/ML/ДЗ/Хард/small_mlflow_pipeline/.venv/lib/python3.12/site-packages/airflow/example_dags/example_params_trigger_ui.py
[2025-08-25T15:33:48.727+0300] {processor.py:914} INFO - Processing file /mnt/d/Образование/career_courses_postupashky_start/ML/ДЗ/Хард/small_mlflow_pipeline/.venv/lib/python3.12/site-packages/airflow/example_dags/example_params_trigger_ui.py for tasks to queue
[2025-08-25T15:33:48.729+0300] {logging_mixin.py:190} INFO - [2025-08-25T15:33:48.728+0300] {dagbag.py:588} INFO - Filling up the DagBag from /mnt/d/Образование/career_courses_postupashky_start/ML/ДЗ/Хард/small_mlflow_pipeline/.venv/lib/python3.12/site-packages/airflow/example_dags/example_params_trigger_ui.py
[2025-08-25T15:33:48.766+0300] {processor.py:925} INFO - DAG(s) 'example_params_trigger_ui' retrieved from /mnt/d/Образование/career_courses_postupashky_start/ML/ДЗ/Хард/small_mlflow_pipeline/.venv/lib/python3.12/site-packages/airflow/example_dags/example_params_trigger_ui.py
[2025-08-25T15:33:48.794+0300] {logging_mixin.py:190} INFO - [2025-08-25T15:33:48.793+0300] {dag.py:3239} INFO - Sync 1 DAGs
[2025-08-25T15:33:48.803+0300] {logging_mixin.py:190} INFO - [2025-08-25T15:33:48.802+0300] {dag.py:4180} INFO - Setting next_dagrun for example_params_trigger_ui to None, run_after=None
[2025-08-25T15:33:48.838+0300] {processor.py:208} INFO - Processing /mnt/d/Образование/career_courses_postupashky_start/ML/ДЗ/Хард/small_mlflow_pipeline/.venv/lib/python3.12/site-packages/airflow/example_dags/example_params_trigger_ui.py took 0.117 seconds
[2025-08-25T15:34:57.240+0300] {processor.py:186} INFO - Started process (PID=2641) to work on /mnt/d/Образование/career_courses_postupashky_start/ML/ДЗ/Хард/small_mlflow_pipeline/.venv/lib/python3.12/site-packages/airflow/example_dags/example_params_trigger_ui.py
[2025-08-25T15:34:57.241+0300] {processor.py:914} INFO - Processing file /mnt/d/Образование/career_courses_postupashky_start/ML/ДЗ/Хард/small_mlflow_pipeline/.venv/lib/python3.12/site-packages/airflow/example_dags/example_params_trigger_ui.py for tasks to queue
[2025-08-25T15:34:57.242+0300] {logging_mixin.py:190} INFO - [2025-08-25T15:34:57.242+0300] {dagbag.py:588} INFO - Filling up the DagBag from /mnt/d/Образование/career_courses_postupashky_start/ML/ДЗ/Хард/small_mlflow_pipeline/.venv/lib/python3.12/site-packages/airflow/example_dags/example_params_trigger_ui.py
[2025-08-25T15:34:57.280+0300] {processor.py:925} INFO - DAG(s) 'example_params_trigger_ui' retrieved from /mnt/d/Образование/career_courses_postupashky_start/ML/ДЗ/Хард/small_mlflow_pipeline/.venv/lib/python3.12/site-packages/airflow/example_dags/example_params_trigger_ui.py
[2025-08-25T15:34:57.311+0300] {logging_mixin.py:190} INFO - [2025-08-25T15:34:57.310+0300] {dag.py:3239} INFO - Sync 1 DAGs
[2025-08-25T15:34:57.321+0300] {logging_mixin.py:190} INFO - [2025-08-25T15:34:57.321+0300] {dag.py:4180} INFO - Setting next_dagrun for example_params_trigger_ui to None, run_after=None
[2025-08-25T15:34:57.358+0300] {processor.py:208} INFO - Processing /mnt/d/Образование/career_courses_postupashky_start/ML/ДЗ/Хард/small_mlflow_pipeline/.venv/lib/python3.12/site-packages/airflow/example_dags/example_params_trigger_ui.py took 0.125 seconds
[2025-08-25T15:36:06.128+0300] {processor.py:186} INFO - Started process (PID=2868) to work on /mnt/d/Образование/career_courses_postupashky_start/ML/ДЗ/Хард/small_mlflow_pipeline/.venv/lib/python3.12/site-packages/airflow/example_dags/example_params_trigger_ui.py
[2025-08-25T15:36:06.129+0300] {processor.py:914} INFO - Processing file /mnt/d/Образование/career_courses_postupashky_start/ML/ДЗ/Хард/small_mlflow_pipeline/.venv/lib/python3.12/site-packages/airflow/example_dags/example_params_trigger_ui.py for tasks to queue
[2025-08-25T15:36:06.131+0300] {logging_mixin.py:190} INFO - [2025-08-25T15:36:06.130+0300] {dagbag.py:588} INFO - Filling up the DagBag from /mnt/d/Образование/career_courses_postupashky_start/ML/ДЗ/Хард/small_mlflow_pipeline/.venv/lib/python3.12/site-packages/airflow/example_dags/example_params_trigger_ui.py
[2025-08-25T15:36:06.168+0300] {processor.py:925} INFO - DAG(s) 'example_params_trigger_ui' retrieved from /mnt/d/Образование/career_courses_postupashky_start/ML/ДЗ/Хард/small_mlflow_pipeline/.venv/lib/python3.12/site-packages/airflow/example_dags/example_params_trigger_ui.py
[2025-08-25T15:36:06.196+0300] {logging_mixin.py:190} INFO - [2025-08-25T15:36:06.196+0300] {dag.py:3239} INFO - Sync 1 DAGs
[2025-08-25T15:36:06.205+0300] {logging_mixin.py:190} INFO - [2025-08-25T15:36:06.204+0300] {dag.py:4180} INFO - Setting next_dagrun for example_params_trigger_ui to None, run_after=None
[2025-08-25T15:36:06.241+0300] {processor.py:208} INFO - Processing /mnt/d/Образование/career_courses_postupashky_start/ML/ДЗ/Хард/small_mlflow_pipeline/.venv/lib/python3.12/site-packages/airflow/example_dags/example_params_trigger_ui.py took 0.120 seconds
