[2025-08-25T15:33:07.248+0300] {processor.py:186} INFO - Started process (PID=2258) to work on /mnt/d/Образование/career_courses_postupashky_start/ML/ДЗ/Хард/small_mlflow_pipeline/.venv/lib/python3.12/site-packages/airflow/example_dags/example_bash_operator.py
[2025-08-25T15:33:07.249+0300] {processor.py:914} INFO - Processing file /mnt/d/Образование/career_courses_postupashky_start/ML/ДЗ/Хард/small_mlflow_pipeline/.venv/lib/python3.12/site-packages/airflow/example_dags/example_bash_operator.py for tasks to queue
[2025-08-25T15:33:07.251+0300] {logging_mixin.py:190} INFO - [2025-08-25T15:33:07.250+0300] {dagbag.py:588} INFO - Filling up the DagBag from /mnt/d/Образование/career_courses_postupashky_start/ML/ДЗ/Хард/small_mlflow_pipeline/.venv/lib/python3.12/site-packages/airflow/example_dags/example_bash_operator.py
[2025-08-25T15:33:07.290+0300] {processor.py:925} INFO - DAG(s) 'example_bash_operator' retrieved from /mnt/d/Образование/career_courses_postupashky_start/ML/ДЗ/Хард/small_mlflow_pipeline/.venv/lib/python3.12/site-packages/airflow/example_dags/example_bash_operator.py
[2025-08-25T15:33:07.886+0300] {logging_mixin.py:190} INFO - [2025-08-25T15:33:07.885+0300] {override.py:1930} INFO - Created Permission View: can read on DAG:example_bash_operator
[2025-08-25T15:33:07.907+0300] {logging_mixin.py:190} INFO - [2025-08-25T15:33:07.906+0300] {override.py:1930} INFO - Created Permission View: can delete on DAG:example_bash_operator
[2025-08-25T15:33:07.925+0300] {logging_mixin.py:190} INFO - [2025-08-25T15:33:07.925+0300] {override.py:1930} INFO - Created Permission View: can edit on DAG:example_bash_operator
[2025-08-25T15:33:07.954+0300] {logging_mixin.py:190} INFO - [2025-08-25T15:33:07.954+0300] {override.py:1930} INFO - Created Permission View: menu access on DAG Run:example_bash_operator
[2025-08-25T15:33:07.973+0300] {logging_mixin.py:190} INFO - [2025-08-25T15:33:07.972+0300] {override.py:1930} INFO - Created Permission View: can create on DAG Run:example_bash_operator
[2025-08-25T15:33:07.991+0300] {logging_mixin.py:190} INFO - [2025-08-25T15:33:07.990+0300] {override.py:1930} INFO - Created Permission View: can read on DAG Run:example_bash_operator
[2025-08-25T15:33:08.009+0300] {logging_mixin.py:190} INFO - [2025-08-25T15:33:08.009+0300] {override.py:1930} INFO - Created Permission View: can delete on DAG Run:example_bash_operator
[2025-08-25T15:33:08.010+0300] {logging_mixin.py:190} INFO - [2025-08-25T15:33:08.010+0300] {dag.py:3239} INFO - Sync 1 DAGs
[2025-08-25T15:33:08.022+0300] {logging_mixin.py:190} INFO - [2025-08-25T15:33:08.022+0300] {dag.py:3262} INFO - Creating ORM DAG for example_bash_operator
[2025-08-25T15:33:08.030+0300] {logging_mixin.py:190} INFO - [2025-08-25T15:33:08.030+0300] {dag.py:4180} INFO - Setting next_dagrun for example_bash_operator to 2025-08-24 00:00:00+00:00, run_after=2025-08-25 00:00:00+00:00
[2025-08-25T15:33:08.063+0300] {processor.py:208} INFO - Processing /mnt/d/Образование/career_courses_postupashky_start/ML/ДЗ/Хард/small_mlflow_pipeline/.venv/lib/python3.12/site-packages/airflow/example_dags/example_bash_operator.py took 0.820 seconds
[2025-08-25T15:34:31.093+0300] {processor.py:186} INFO - Started process (PID=2518) to work on /mnt/d/Образование/career_courses_postupashky_start/ML/ДЗ/Хард/small_mlflow_pipeline/.venv/lib/python3.12/site-packages/airflow/example_dags/example_bash_operator.py
[2025-08-25T15:34:31.094+0300] {processor.py:914} INFO - Processing file /mnt/d/Образование/career_courses_postupashky_start/ML/ДЗ/Хард/small_mlflow_pipeline/.venv/lib/python3.12/site-packages/airflow/example_dags/example_bash_operator.py for tasks to queue
[2025-08-25T15:34:31.096+0300] {logging_mixin.py:190} INFO - [2025-08-25T15:34:31.095+0300] {dagbag.py:588} INFO - Filling up the DagBag from /mnt/d/Образование/career_courses_postupashky_start/ML/ДЗ/Хард/small_mlflow_pipeline/.venv/lib/python3.12/site-packages/airflow/example_dags/example_bash_operator.py
[2025-08-25T15:34:31.135+0300] {processor.py:925} INFO - DAG(s) 'example_bash_operator' retrieved from /mnt/d/Образование/career_courses_postupashky_start/ML/ДЗ/Хард/small_mlflow_pipeline/.venv/lib/python3.12/site-packages/airflow/example_dags/example_bash_operator.py
[2025-08-25T15:34:31.154+0300] {logging_mixin.py:190} INFO - [2025-08-25T15:34:31.154+0300] {dag.py:3239} INFO - Sync 1 DAGs
[2025-08-25T15:34:31.169+0300] {logging_mixin.py:190} INFO - [2025-08-25T15:34:31.168+0300] {dag.py:4180} INFO - Setting next_dagrun for example_bash_operator to 2025-08-24 00:00:00+00:00, run_after=2025-08-25 00:00:00+00:00
[2025-08-25T15:34:31.204+0300] {processor.py:208} INFO - Processing /mnt/d/Образование/career_courses_postupashky_start/ML/ДЗ/Хард/small_mlflow_pipeline/.venv/lib/python3.12/site-packages/airflow/example_dags/example_bash_operator.py took 0.117 seconds
[2025-08-25T15:35:38.785+0300] {processor.py:186} INFO - Started process (PID=2739) to work on /mnt/d/Образование/career_courses_postupashky_start/ML/ДЗ/Хард/small_mlflow_pipeline/.venv/lib/python3.12/site-packages/airflow/example_dags/example_bash_operator.py
[2025-08-25T15:35:38.786+0300] {processor.py:914} INFO - Processing file /mnt/d/Образование/career_courses_postupashky_start/ML/ДЗ/Хард/small_mlflow_pipeline/.venv/lib/python3.12/site-packages/airflow/example_dags/example_bash_operator.py for tasks to queue
[2025-08-25T15:35:38.788+0300] {logging_mixin.py:190} INFO - [2025-08-25T15:35:38.788+0300] {dagbag.py:588} INFO - Filling up the DagBag from /mnt/d/Образование/career_courses_postupashky_start/ML/ДЗ/Хард/small_mlflow_pipeline/.venv/lib/python3.12/site-packages/airflow/example_dags/example_bash_operator.py
[2025-08-25T15:35:38.826+0300] {processor.py:925} INFO - DAG(s) 'example_bash_operator' retrieved from /mnt/d/Образование/career_courses_postupashky_start/ML/ДЗ/Хард/small_mlflow_pipeline/.venv/lib/python3.12/site-packages/airflow/example_dags/example_bash_operator.py
[2025-08-25T15:35:38.844+0300] {logging_mixin.py:190} INFO - [2025-08-25T15:35:38.844+0300] {dag.py:3239} INFO - Sync 1 DAGs
[2025-08-25T15:35:38.859+0300] {logging_mixin.py:190} INFO - [2025-08-25T15:35:38.858+0300] {dag.py:4180} INFO - Setting next_dagrun for example_bash_operator to 2025-08-24 00:00:00+00:00, run_after=2025-08-25 00:00:00+00:00
[2025-08-25T15:35:38.888+0300] {processor.py:208} INFO - Processing /mnt/d/Образование/career_courses_postupashky_start/ML/ДЗ/Хард/small_mlflow_pipeline/.venv/lib/python3.12/site-packages/airflow/example_dags/example_bash_operator.py took 0.109 seconds
[2025-08-25T15:36:47.103+0300] {processor.py:186} INFO - Started process (PID=3087) to work on /mnt/d/Образование/career_courses_postupashky_start/ML/ДЗ/Хард/small_mlflow_pipeline/.venv/lib/python3.12/site-packages/airflow/example_dags/example_bash_operator.py
[2025-08-25T15:36:47.104+0300] {processor.py:914} INFO - Processing file /mnt/d/Образование/career_courses_postupashky_start/ML/ДЗ/Хард/small_mlflow_pipeline/.venv/lib/python3.12/site-packages/airflow/example_dags/example_bash_operator.py for tasks to queue
[2025-08-25T15:36:47.106+0300] {logging_mixin.py:190} INFO - [2025-08-25T15:36:47.105+0300] {dagbag.py:588} INFO - Filling up the DagBag from /mnt/d/Образование/career_courses_postupashky_start/ML/ДЗ/Хард/small_mlflow_pipeline/.venv/lib/python3.12/site-packages/airflow/example_dags/example_bash_operator.py
[2025-08-25T15:36:47.144+0300] {processor.py:925} INFO - DAG(s) 'example_bash_operator' retrieved from /mnt/d/Образование/career_courses_postupashky_start/ML/ДЗ/Хард/small_mlflow_pipeline/.venv/lib/python3.12/site-packages/airflow/example_dags/example_bash_operator.py
[2025-08-25T15:36:47.163+0300] {logging_mixin.py:190} INFO - [2025-08-25T15:36:47.162+0300] {dag.py:3239} INFO - Sync 1 DAGs
[2025-08-25T15:36:47.177+0300] {logging_mixin.py:190} INFO - [2025-08-25T15:36:47.176+0300] {dag.py:4180} INFO - Setting next_dagrun for example_bash_operator to 2025-08-24 00:00:00+00:00, run_after=2025-08-25 00:00:00+00:00
[2025-08-25T15:36:47.206+0300] {processor.py:208} INFO - Processing /mnt/d/Образование/career_courses_postupashky_start/ML/ДЗ/Хард/small_mlflow_pipeline/.venv/lib/python3.12/site-packages/airflow/example_dags/example_bash_operator.py took 0.110 seconds
