[2025-08-25T15:29:06.632+0300] {processor.py:186} INFO - Started process (PID=826) to work on /mnt/d/Образование/career_courses_postupashky_start/ML/ДЗ/Хард/small_mlflow_pipeline/.venv/lib/python3.12/site-packages/airflow/example_dags/example_setup_teardown.py
[2025-08-25T15:29:06.633+0300] {processor.py:914} INFO - Processing file /mnt/d/Образование/career_courses_postupashky_start/ML/ДЗ/Хард/small_mlflow_pipeline/.venv/lib/python3.12/site-packages/airflow/example_dags/example_setup_teardown.py for tasks to queue
[2025-08-25T15:29:06.635+0300] {logging_mixin.py:190} INFO - [2025-08-25T15:29:06.635+0300] {dagbag.py:588} INFO - Filling up the DagBag from /mnt/d/Образование/career_courses_postupashky_start/ML/ДЗ/Хард/small_mlflow_pipeline/.venv/lib/python3.12/site-packages/airflow/example_dags/example_setup_teardown.py
[2025-08-25T15:29:06.676+0300] {processor.py:925} INFO - DAG(s) 'example_setup_teardown' retrieved from /mnt/d/Образование/career_courses_postupashky_start/ML/ДЗ/Хард/small_mlflow_pipeline/.venv/lib/python3.12/site-packages/airflow/example_dags/example_setup_teardown.py
[2025-08-25T15:29:07.277+0300] {logging_mixin.py:190} INFO - [2025-08-25T15:29:07.277+0300] {override.py:1930} INFO - Created Permission View: can delete on DAG:example_setup_teardown
[2025-08-25T15:29:07.297+0300] {logging_mixin.py:190} INFO - [2025-08-25T15:29:07.296+0300] {override.py:1930} INFO - Created Permission View: can edit on DAG:example_setup_teardown
[2025-08-25T15:29:07.314+0300] {logging_mixin.py:190} INFO - [2025-08-25T15:29:07.313+0300] {override.py:1930} INFO - Created Permission View: can read on DAG:example_setup_teardown
[2025-08-25T15:29:07.342+0300] {logging_mixin.py:190} INFO - [2025-08-25T15:29:07.341+0300] {override.py:1930} INFO - Created Permission View: can delete on DAG Run:example_setup_teardown
[2025-08-25T15:29:07.359+0300] {logging_mixin.py:190} INFO - [2025-08-25T15:29:07.359+0300] {override.py:1930} INFO - Created Permission View: can create on DAG Run:example_setup_teardown
[2025-08-25T15:29:07.377+0300] {logging_mixin.py:190} INFO - [2025-08-25T15:29:07.376+0300] {override.py:1930} INFO - Created Permission View: can read on DAG Run:example_setup_teardown
[2025-08-25T15:29:07.394+0300] {logging_mixin.py:190} INFO - [2025-08-25T15:29:07.393+0300] {override.py:1930} INFO - Created Permission View: menu access on DAG Run:example_setup_teardown
[2025-08-25T15:29:07.395+0300] {logging_mixin.py:190} INFO - [2025-08-25T15:29:07.394+0300] {dag.py:3239} INFO - Sync 1 DAGs
[2025-08-25T15:29:07.408+0300] {logging_mixin.py:190} INFO - [2025-08-25T15:29:07.407+0300] {dag.py:3262} INFO - Creating ORM DAG for example_setup_teardown
[2025-08-25T15:29:07.409+0300] {logging_mixin.py:190} INFO - [2025-08-25T15:29:07.408+0300] {dag.py:4180} INFO - Setting next_dagrun for example_setup_teardown to None, run_after=None
[2025-08-25T15:29:07.440+0300] {processor.py:208} INFO - Processing /mnt/d/Образование/career_courses_postupashky_start/ML/ДЗ/Хард/small_mlflow_pipeline/.venv/lib/python3.12/site-packages/airflow/example_dags/example_setup_teardown.py took 0.814 seconds
[2025-08-25T15:32:18.924+0300] {processor.py:186} INFO - Started process (PID=1910) to work on /mnt/d/Образование/career_courses_postupashky_start/ML/ДЗ/Хард/small_mlflow_pipeline/.venv/lib/python3.12/site-packages/airflow/example_dags/example_setup_teardown.py
[2025-08-25T15:32:18.925+0300] {processor.py:914} INFO - Processing file /mnt/d/Образование/career_courses_postupashky_start/ML/ДЗ/Хард/small_mlflow_pipeline/.venv/lib/python3.12/site-packages/airflow/example_dags/example_setup_teardown.py for tasks to queue
[2025-08-25T15:32:18.927+0300] {logging_mixin.py:190} INFO - [2025-08-25T15:32:18.926+0300] {dagbag.py:588} INFO - Filling up the DagBag from /mnt/d/Образование/career_courses_postupashky_start/ML/ДЗ/Хард/small_mlflow_pipeline/.venv/lib/python3.12/site-packages/airflow/example_dags/example_setup_teardown.py
[2025-08-25T15:32:18.960+0300] {processor.py:925} INFO - DAG(s) 'example_setup_teardown' retrieved from /mnt/d/Образование/career_courses_postupashky_start/ML/ДЗ/Хард/small_mlflow_pipeline/.venv/lib/python3.12/site-packages/airflow/example_dags/example_setup_teardown.py
[2025-08-25T15:32:18.981+0300] {logging_mixin.py:190} INFO - [2025-08-25T15:32:18.981+0300] {dag.py:3239} INFO - Sync 1 DAGs
[2025-08-25T15:32:18.990+0300] {logging_mixin.py:190} INFO - [2025-08-25T15:32:18.989+0300] {dag.py:4180} INFO - Setting next_dagrun for example_setup_teardown to None, run_after=None
[2025-08-25T15:32:19.031+0300] {processor.py:208} INFO - Processing /mnt/d/Образование/career_courses_postupashky_start/ML/ДЗ/Хард/small_mlflow_pipeline/.venv/lib/python3.12/site-packages/airflow/example_dags/example_setup_teardown.py took 0.113 seconds
[2025-08-25T15:33:41.651+0300] {processor.py:186} INFO - Started process (PID=2337) to work on /mnt/d/Образование/career_courses_postupashky_start/ML/ДЗ/Хард/small_mlflow_pipeline/.venv/lib/python3.12/site-packages/airflow/example_dags/example_setup_teardown.py
[2025-08-25T15:33:41.652+0300] {processor.py:914} INFO - Processing file /mnt/d/Образование/career_courses_postupashky_start/ML/ДЗ/Хард/small_mlflow_pipeline/.venv/lib/python3.12/site-packages/airflow/example_dags/example_setup_teardown.py for tasks to queue
[2025-08-25T15:33:41.654+0300] {logging_mixin.py:190} INFO - [2025-08-25T15:33:41.653+0300] {dagbag.py:588} INFO - Filling up the DagBag from /mnt/d/Образование/career_courses_postupashky_start/ML/ДЗ/Хард/small_mlflow_pipeline/.venv/lib/python3.12/site-packages/airflow/example_dags/example_setup_teardown.py
[2025-08-25T15:33:41.689+0300] {processor.py:925} INFO - DAG(s) 'example_setup_teardown' retrieved from /mnt/d/Образование/career_courses_postupashky_start/ML/ДЗ/Хард/small_mlflow_pipeline/.venv/lib/python3.12/site-packages/airflow/example_dags/example_setup_teardown.py
[2025-08-25T15:33:41.704+0300] {logging_mixin.py:190} INFO - [2025-08-25T15:33:41.704+0300] {dag.py:3239} INFO - Sync 1 DAGs
[2025-08-25T15:33:41.713+0300] {logging_mixin.py:190} INFO - [2025-08-25T15:33:41.713+0300] {dag.py:4180} INFO - Setting next_dagrun for example_setup_teardown to None, run_after=None
[2025-08-25T15:33:41.744+0300] {processor.py:208} INFO - Processing /mnt/d/Образование/career_courses_postupashky_start/ML/ДЗ/Хард/small_mlflow_pipeline/.venv/lib/python3.12/site-packages/airflow/example_dags/example_setup_teardown.py took 0.099 seconds
[2025-08-25T15:34:50.281+0300] {processor.py:186} INFO - Started process (PID=2587) to work on /mnt/d/Образование/career_courses_postupashky_start/ML/ДЗ/Хард/small_mlflow_pipeline/.venv/lib/python3.12/site-packages/airflow/example_dags/example_setup_teardown.py
[2025-08-25T15:34:50.282+0300] {processor.py:914} INFO - Processing file /mnt/d/Образование/career_courses_postupashky_start/ML/ДЗ/Хард/small_mlflow_pipeline/.venv/lib/python3.12/site-packages/airflow/example_dags/example_setup_teardown.py for tasks to queue
[2025-08-25T15:34:50.284+0300] {logging_mixin.py:190} INFO - [2025-08-25T15:34:50.283+0300] {dagbag.py:588} INFO - Filling up the DagBag from /mnt/d/Образование/career_courses_postupashky_start/ML/ДЗ/Хард/small_mlflow_pipeline/.venv/lib/python3.12/site-packages/airflow/example_dags/example_setup_teardown.py
[2025-08-25T15:34:50.319+0300] {processor.py:925} INFO - DAG(s) 'example_setup_teardown' retrieved from /mnt/d/Образование/career_courses_postupashky_start/ML/ДЗ/Хард/small_mlflow_pipeline/.venv/lib/python3.12/site-packages/airflow/example_dags/example_setup_teardown.py
[2025-08-25T15:34:50.334+0300] {logging_mixin.py:190} INFO - [2025-08-25T15:34:50.333+0300] {dag.py:3239} INFO - Sync 1 DAGs
[2025-08-25T15:34:50.343+0300] {logging_mixin.py:190} INFO - [2025-08-25T15:34:50.342+0300] {dag.py:4180} INFO - Setting next_dagrun for example_setup_teardown to None, run_after=None
[2025-08-25T15:34:50.377+0300] {processor.py:208} INFO - Processing /mnt/d/Образование/career_courses_postupashky_start/ML/ДЗ/Хард/small_mlflow_pipeline/.venv/lib/python3.12/site-packages/airflow/example_dags/example_setup_teardown.py took 0.103 seconds
[2025-08-25T15:35:58.408+0300] {processor.py:186} INFO - Started process (PID=2849) to work on /mnt/d/Образование/career_courses_postupashky_start/ML/ДЗ/Хард/small_mlflow_pipeline/.venv/lib/python3.12/site-packages/airflow/example_dags/example_setup_teardown.py
[2025-08-25T15:35:58.409+0300] {processor.py:914} INFO - Processing file /mnt/d/Образование/career_courses_postupashky_start/ML/ДЗ/Хард/small_mlflow_pipeline/.venv/lib/python3.12/site-packages/airflow/example_dags/example_setup_teardown.py for tasks to queue
[2025-08-25T15:35:58.411+0300] {logging_mixin.py:190} INFO - [2025-08-25T15:35:58.410+0300] {dagbag.py:588} INFO - Filling up the DagBag from /mnt/d/Образование/career_courses_postupashky_start/ML/ДЗ/Хард/small_mlflow_pipeline/.venv/lib/python3.12/site-packages/airflow/example_dags/example_setup_teardown.py
[2025-08-25T15:35:58.446+0300] {processor.py:925} INFO - DAG(s) 'example_setup_teardown' retrieved from /mnt/d/Образование/career_courses_postupashky_start/ML/ДЗ/Хард/small_mlflow_pipeline/.venv/lib/python3.12/site-packages/airflow/example_dags/example_setup_teardown.py
[2025-08-25T15:35:58.461+0300] {logging_mixin.py:190} INFO - [2025-08-25T15:35:58.461+0300] {dag.py:3239} INFO - Sync 1 DAGs
[2025-08-25T15:35:58.470+0300] {logging_mixin.py:190} INFO - [2025-08-25T15:35:58.470+0300] {dag.py:4180} INFO - Setting next_dagrun for example_setup_teardown to None, run_after=None
[2025-08-25T15:35:58.506+0300] {processor.py:208} INFO - Processing /mnt/d/Образование/career_courses_postupashky_start/ML/ДЗ/Хард/small_mlflow_pipeline/.venv/lib/python3.12/site-packages/airflow/example_dags/example_setup_teardown.py took 0.104 seconds
[2025-08-25T15:37:08.840+0300] {processor.py:186} INFO - Started process (PID=3259) to work on /mnt/d/Образование/career_courses_postupashky_start/ML/ДЗ/Хард/small_mlflow_pipeline/.venv/lib/python3.12/site-packages/airflow/example_dags/example_setup_teardown.py
[2025-08-25T15:37:08.841+0300] {processor.py:914} INFO - Processing file /mnt/d/Образование/career_courses_postupashky_start/ML/ДЗ/Хард/small_mlflow_pipeline/.venv/lib/python3.12/site-packages/airflow/example_dags/example_setup_teardown.py for tasks to queue
[2025-08-25T15:37:08.843+0300] {logging_mixin.py:190} INFO - [2025-08-25T15:37:08.842+0300] {dagbag.py:588} INFO - Filling up the DagBag from /mnt/d/Образование/career_courses_postupashky_start/ML/ДЗ/Хард/small_mlflow_pipeline/.venv/lib/python3.12/site-packages/airflow/example_dags/example_setup_teardown.py
[2025-08-25T15:37:08.877+0300] {processor.py:925} INFO - DAG(s) 'example_setup_teardown' retrieved from /mnt/d/Образование/career_courses_postupashky_start/ML/ДЗ/Хард/small_mlflow_pipeline/.venv/lib/python3.12/site-packages/airflow/example_dags/example_setup_teardown.py
[2025-08-25T15:37:08.893+0300] {logging_mixin.py:190} INFO - [2025-08-25T15:37:08.892+0300] {dag.py:3239} INFO - Sync 1 DAGs
[2025-08-25T15:37:08.901+0300] {logging_mixin.py:190} INFO - [2025-08-25T15:37:08.901+0300] {dag.py:4180} INFO - Setting next_dagrun for example_setup_teardown to None, run_after=None
[2025-08-25T15:37:08.936+0300] {processor.py:208} INFO - Processing /mnt/d/Образование/career_courses_postupashky_start/ML/ДЗ/Хард/small_mlflow_pipeline/.venv/lib/python3.12/site-packages/airflow/example_dags/example_setup_teardown.py took 0.103 seconds
