[2025-08-25T15:28:00.825+0300] {processor.py:186} INFO - Started process (PID=569) to work on /mnt/d/Образование/career_courses_postupashky_start/ML/ДЗ/Хард/small_mlflow_pipeline/.venv/lib/python3.12/site-packages/airflow/example_dags/example_sla_dag.py
[2025-08-25T15:28:00.826+0300] {processor.py:914} INFO - Processing file /mnt/d/Образование/career_courses_postupashky_start/ML/ДЗ/Хард/small_mlflow_pipeline/.venv/lib/python3.12/site-packages/airflow/example_dags/example_sla_dag.py for tasks to queue
[2025-08-25T15:28:00.827+0300] {logging_mixin.py:190} INFO - [2025-08-25T15:28:00.827+0300] {dagbag.py:588} INFO - Filling up the DagBag from /mnt/d/Образование/career_courses_postupashky_start/ML/ДЗ/Хард/small_mlflow_pipeline/.venv/lib/python3.12/site-packages/airflow/example_dags/example_sla_dag.py
[2025-08-25T15:28:00.869+0300] {processor.py:925} INFO - DAG(s) 'example_sla_dag' retrieved from /mnt/d/Образование/career_courses_postupashky_start/ML/ДЗ/Хард/small_mlflow_pipeline/.venv/lib/python3.12/site-packages/airflow/example_dags/example_sla_dag.py
[2025-08-25T15:28:01.462+0300] {logging_mixin.py:190} INFO - [2025-08-25T15:28:01.461+0300] {override.py:1930} INFO - Created Permission View: can edit on DAG:example_sla_dag
[2025-08-25T15:28:01.481+0300] {logging_mixin.py:190} INFO - [2025-08-25T15:28:01.480+0300] {override.py:1930} INFO - Created Permission View: can read on DAG:example_sla_dag
[2025-08-25T15:28:01.498+0300] {logging_mixin.py:190} INFO - [2025-08-25T15:28:01.497+0300] {override.py:1930} INFO - Created Permission View: can delete on DAG:example_sla_dag
[2025-08-25T15:28:01.527+0300] {logging_mixin.py:190} INFO - [2025-08-25T15:28:01.527+0300] {override.py:1930} INFO - Created Permission View: menu access on DAG Run:example_sla_dag
[2025-08-25T15:28:01.545+0300] {logging_mixin.py:190} INFO - [2025-08-25T15:28:01.544+0300] {override.py:1930} INFO - Created Permission View: can delete on DAG Run:example_sla_dag
[2025-08-25T15:28:01.562+0300] {logging_mixin.py:190} INFO - [2025-08-25T15:28:01.561+0300] {override.py:1930} INFO - Created Permission View: can read on DAG Run:example_sla_dag
[2025-08-25T15:28:01.579+0300] {logging_mixin.py:190} INFO - [2025-08-25T15:28:01.579+0300] {override.py:1930} INFO - Created Permission View: can create on DAG Run:example_sla_dag
[2025-08-25T15:28:01.581+0300] {logging_mixin.py:190} INFO - [2025-08-25T15:28:01.580+0300] {dag.py:3239} INFO - Sync 1 DAGs
[2025-08-25T15:28:01.592+0300] {logging_mixin.py:190} INFO - [2025-08-25T15:28:01.592+0300] {dag.py:3262} INFO - Creating ORM DAG for example_sla_dag
[2025-08-25T15:28:01.605+0300] {logging_mixin.py:190} INFO - [2025-08-25T15:28:01.605+0300] {dag.py:4180} INFO - Setting next_dagrun for example_sla_dag to 2025-08-25 12:26:00+00:00, run_after=2025-08-25 12:28:00+00:00
[2025-08-25T15:28:01.636+0300] {processor.py:208} INFO - Processing /mnt/d/Образование/career_courses_postupashky_start/ML/ДЗ/Хард/small_mlflow_pipeline/.venv/lib/python3.12/site-packages/airflow/example_dags/example_sla_dag.py took 0.817 seconds
[2025-08-25T15:28:57.950+0300] {processor.py:186} INFO - Started process (PID=809) to work on /mnt/d/Образование/career_courses_postupashky_start/ML/ДЗ/Хард/small_mlflow_pipeline/.venv/lib/python3.12/site-packages/airflow/example_dags/example_sla_dag.py
[2025-08-25T15:28:57.951+0300] {processor.py:914} INFO - Processing file /mnt/d/Образование/career_courses_postupashky_start/ML/ДЗ/Хард/small_mlflow_pipeline/.venv/lib/python3.12/site-packages/airflow/example_dags/example_sla_dag.py for tasks to queue
[2025-08-25T15:28:57.953+0300] {logging_mixin.py:190} INFO - [2025-08-25T15:28:57.953+0300] {dagbag.py:588} INFO - Filling up the DagBag from /mnt/d/Образование/career_courses_postupashky_start/ML/ДЗ/Хард/small_mlflow_pipeline/.venv/lib/python3.12/site-packages/airflow/example_dags/example_sla_dag.py
[2025-08-25T15:28:57.990+0300] {processor.py:925} INFO - DAG(s) 'example_sla_dag' retrieved from /mnt/d/Образование/career_courses_postupashky_start/ML/ДЗ/Хард/small_mlflow_pipeline/.venv/lib/python3.12/site-packages/airflow/example_dags/example_sla_dag.py
[2025-08-25T15:28:58.009+0300] {logging_mixin.py:190} INFO - [2025-08-25T15:28:58.008+0300] {dag.py:3239} INFO - Sync 1 DAGs
[2025-08-25T15:28:58.029+0300] {logging_mixin.py:190} INFO - [2025-08-25T15:28:58.029+0300] {dag.py:4180} INFO - Setting next_dagrun for example_sla_dag to 2025-08-25 12:26:00+00:00, run_after=2025-08-25 12:28:00+00:00
[2025-08-25T15:28:58.059+0300] {processor.py:208} INFO - Processing /mnt/d/Образование/career_courses_postupashky_start/ML/ДЗ/Хард/small_mlflow_pipeline/.venv/lib/python3.12/site-packages/airflow/example_dags/example_sla_dag.py took 0.114 seconds
[2025-08-25T15:32:13.659+0300] {processor.py:186} INFO - Started process (PID=1864) to work on /mnt/d/Образование/career_courses_postupashky_start/ML/ДЗ/Хард/small_mlflow_pipeline/.venv/lib/python3.12/site-packages/airflow/example_dags/example_sla_dag.py
[2025-08-25T15:32:13.661+0300] {processor.py:914} INFO - Processing file /mnt/d/Образование/career_courses_postupashky_start/ML/ДЗ/Хард/small_mlflow_pipeline/.venv/lib/python3.12/site-packages/airflow/example_dags/example_sla_dag.py for tasks to queue
[2025-08-25T15:32:13.662+0300] {logging_mixin.py:190} INFO - [2025-08-25T15:32:13.662+0300] {dagbag.py:588} INFO - Filling up the DagBag from /mnt/d/Образование/career_courses_postupashky_start/ML/ДЗ/Хард/small_mlflow_pipeline/.venv/lib/python3.12/site-packages/airflow/example_dags/example_sla_dag.py
[2025-08-25T15:32:13.701+0300] {processor.py:925} INFO - DAG(s) 'example_sla_dag' retrieved from /mnt/d/Образование/career_courses_postupashky_start/ML/ДЗ/Хард/small_mlflow_pipeline/.venv/lib/python3.12/site-packages/airflow/example_dags/example_sla_dag.py
[2025-08-25T15:32:13.721+0300] {logging_mixin.py:190} INFO - [2025-08-25T15:32:13.720+0300] {dag.py:3239} INFO - Sync 1 DAGs
[2025-08-25T15:32:13.741+0300] {logging_mixin.py:190} INFO - [2025-08-25T15:32:13.740+0300] {dag.py:4180} INFO - Setting next_dagrun for example_sla_dag to 2025-08-25 12:30:00+00:00, run_after=2025-08-25 12:32:00+00:00
[2025-08-25T15:32:13.775+0300] {processor.py:208} INFO - Processing /mnt/d/Образование/career_courses_postupashky_start/ML/ДЗ/Хард/small_mlflow_pipeline/.venv/lib/python3.12/site-packages/airflow/example_dags/example_sla_dag.py took 0.122 seconds
[2025-08-25T15:33:35.281+0300] {processor.py:186} INFO - Started process (PID=2323) to work on /mnt/d/Образование/career_courses_postupashky_start/ML/ДЗ/Хард/small_mlflow_pipeline/.venv/lib/python3.12/site-packages/airflow/example_dags/example_sla_dag.py
[2025-08-25T15:33:35.282+0300] {processor.py:914} INFO - Processing file /mnt/d/Образование/career_courses_postupashky_start/ML/ДЗ/Хард/small_mlflow_pipeline/.venv/lib/python3.12/site-packages/airflow/example_dags/example_sla_dag.py for tasks to queue
[2025-08-25T15:33:35.284+0300] {logging_mixin.py:190} INFO - [2025-08-25T15:33:35.283+0300] {dagbag.py:588} INFO - Filling up the DagBag from /mnt/d/Образование/career_courses_postupashky_start/ML/ДЗ/Хард/small_mlflow_pipeline/.venv/lib/python3.12/site-packages/airflow/example_dags/example_sla_dag.py
[2025-08-25T15:33:35.321+0300] {processor.py:925} INFO - DAG(s) 'example_sla_dag' retrieved from /mnt/d/Образование/career_courses_postupashky_start/ML/ДЗ/Хард/small_mlflow_pipeline/.venv/lib/python3.12/site-packages/airflow/example_dags/example_sla_dag.py
[2025-08-25T15:33:35.336+0300] {logging_mixin.py:190} INFO - [2025-08-25T15:33:35.335+0300] {dag.py:3239} INFO - Sync 1 DAGs
[2025-08-25T15:33:35.355+0300] {logging_mixin.py:190} INFO - [2025-08-25T15:33:35.355+0300] {dag.py:4180} INFO - Setting next_dagrun for example_sla_dag to 2025-08-25 12:30:00+00:00, run_after=2025-08-25 12:32:00+00:00
[2025-08-25T15:33:35.386+0300] {processor.py:208} INFO - Processing /mnt/d/Образование/career_courses_postupashky_start/ML/ДЗ/Хард/small_mlflow_pipeline/.venv/lib/python3.12/site-packages/airflow/example_dags/example_sla_dag.py took 0.111 seconds
[2025-08-25T15:34:44.094+0300] {processor.py:186} INFO - Started process (PID=2548) to work on /mnt/d/Образование/career_courses_postupashky_start/ML/ДЗ/Хард/small_mlflow_pipeline/.venv/lib/python3.12/site-packages/airflow/example_dags/example_sla_dag.py
[2025-08-25T15:34:44.095+0300] {processor.py:914} INFO - Processing file /mnt/d/Образование/career_courses_postupashky_start/ML/ДЗ/Хард/small_mlflow_pipeline/.venv/lib/python3.12/site-packages/airflow/example_dags/example_sla_dag.py for tasks to queue
[2025-08-25T15:34:44.097+0300] {logging_mixin.py:190} INFO - [2025-08-25T15:34:44.096+0300] {dagbag.py:588} INFO - Filling up the DagBag from /mnt/d/Образование/career_courses_postupashky_start/ML/ДЗ/Хард/small_mlflow_pipeline/.venv/lib/python3.12/site-packages/airflow/example_dags/example_sla_dag.py
[2025-08-25T15:34:44.134+0300] {processor.py:925} INFO - DAG(s) 'example_sla_dag' retrieved from /mnt/d/Образование/career_courses_postupashky_start/ML/ДЗ/Хард/small_mlflow_pipeline/.venv/lib/python3.12/site-packages/airflow/example_dags/example_sla_dag.py
[2025-08-25T15:34:44.148+0300] {logging_mixin.py:190} INFO - [2025-08-25T15:34:44.148+0300] {dag.py:3239} INFO - Sync 1 DAGs
[2025-08-25T15:34:44.169+0300] {logging_mixin.py:190} INFO - [2025-08-25T15:34:44.168+0300] {dag.py:4180} INFO - Setting next_dagrun for example_sla_dag to 2025-08-25 12:32:00+00:00, run_after=2025-08-25 12:34:00+00:00
[2025-08-25T15:34:44.203+0300] {processor.py:208} INFO - Processing /mnt/d/Образование/career_courses_postupashky_start/ML/ДЗ/Хард/small_mlflow_pipeline/.venv/lib/python3.12/site-packages/airflow/example_dags/example_sla_dag.py took 0.115 seconds
[2025-08-25T15:35:53.093+0300] {processor.py:186} INFO - Started process (PID=2835) to work on /mnt/d/Образование/career_courses_postupashky_start/ML/ДЗ/Хард/small_mlflow_pipeline/.venv/lib/python3.12/site-packages/airflow/example_dags/example_sla_dag.py
[2025-08-25T15:35:53.094+0300] {processor.py:914} INFO - Processing file /mnt/d/Образование/career_courses_postupashky_start/ML/ДЗ/Хард/small_mlflow_pipeline/.venv/lib/python3.12/site-packages/airflow/example_dags/example_sla_dag.py for tasks to queue
[2025-08-25T15:35:53.095+0300] {logging_mixin.py:190} INFO - [2025-08-25T15:35:53.095+0300] {dagbag.py:588} INFO - Filling up the DagBag from /mnt/d/Образование/career_courses_postupashky_start/ML/ДЗ/Хард/small_mlflow_pipeline/.venv/lib/python3.12/site-packages/airflow/example_dags/example_sla_dag.py
[2025-08-25T15:35:53.132+0300] {processor.py:925} INFO - DAG(s) 'example_sla_dag' retrieved from /mnt/d/Образование/career_courses_postupashky_start/ML/ДЗ/Хард/small_mlflow_pipeline/.venv/lib/python3.12/site-packages/airflow/example_dags/example_sla_dag.py
[2025-08-25T15:35:53.146+0300] {logging_mixin.py:190} INFO - [2025-08-25T15:35:53.146+0300] {dag.py:3239} INFO - Sync 1 DAGs
[2025-08-25T15:35:53.167+0300] {logging_mixin.py:190} INFO - [2025-08-25T15:35:53.166+0300] {dag.py:4180} INFO - Setting next_dagrun for example_sla_dag to 2025-08-25 12:32:00+00:00, run_after=2025-08-25 12:34:00+00:00
[2025-08-25T15:35:53.200+0300] {processor.py:208} INFO - Processing /mnt/d/Образование/career_courses_postupashky_start/ML/ДЗ/Хард/small_mlflow_pipeline/.venv/lib/python3.12/site-packages/airflow/example_dags/example_sla_dag.py took 0.114 seconds
[2025-08-25T15:37:03.250+0300] {processor.py:186} INFO - Started process (PID=3245) to work on /mnt/d/Образование/career_courses_postupashky_start/ML/ДЗ/Хард/small_mlflow_pipeline/.venv/lib/python3.12/site-packages/airflow/example_dags/example_sla_dag.py
[2025-08-25T15:37:03.251+0300] {processor.py:914} INFO - Processing file /mnt/d/Образование/career_courses_postupashky_start/ML/ДЗ/Хард/small_mlflow_pipeline/.venv/lib/python3.12/site-packages/airflow/example_dags/example_sla_dag.py for tasks to queue
[2025-08-25T15:37:03.253+0300] {logging_mixin.py:190} INFO - [2025-08-25T15:37:03.252+0300] {dagbag.py:588} INFO - Filling up the DagBag from /mnt/d/Образование/career_courses_postupashky_start/ML/ДЗ/Хард/small_mlflow_pipeline/.venv/lib/python3.12/site-packages/airflow/example_dags/example_sla_dag.py
[2025-08-25T15:37:03.290+0300] {processor.py:925} INFO - DAG(s) 'example_sla_dag' retrieved from /mnt/d/Образование/career_courses_postupashky_start/ML/ДЗ/Хард/small_mlflow_pipeline/.venv/lib/python3.12/site-packages/airflow/example_dags/example_sla_dag.py
[2025-08-25T15:37:03.306+0300] {logging_mixin.py:190} INFO - [2025-08-25T15:37:03.305+0300] {dag.py:3239} INFO - Sync 1 DAGs
[2025-08-25T15:37:03.328+0300] {logging_mixin.py:190} INFO - [2025-08-25T15:37:03.327+0300] {dag.py:4180} INFO - Setting next_dagrun for example_sla_dag to 2025-08-25 12:34:00+00:00, run_after=2025-08-25 12:36:00+00:00
[2025-08-25T15:37:03.364+0300] {processor.py:208} INFO - Processing /mnt/d/Образование/career_courses_postupashky_start/ML/ДЗ/Хард/small_mlflow_pipeline/.venv/lib/python3.12/site-packages/airflow/example_dags/example_sla_dag.py took 0.121 seconds
