[2025-08-25T15:32:44.347+0300] {processor.py:186} INFO - Started process (PID=2091) to work on /mnt/d/Образование/career_courses_postupashky_start/ML/ДЗ/Хард/small_mlflow_pipeline/.venv/lib/python3.12/site-packages/airflow/example_dags/example_display_name.py
[2025-08-25T15:32:44.347+0300] {processor.py:914} INFO - Processing file /mnt/d/Образование/career_courses_postupashky_start/ML/ДЗ/Хард/small_mlflow_pipeline/.venv/lib/python3.12/site-packages/airflow/example_dags/example_display_name.py for tasks to queue
[2025-08-25T15:32:44.350+0300] {logging_mixin.py:190} INFO - [2025-08-25T15:32:44.349+0300] {dagbag.py:588} INFO - Filling up the DagBag from /mnt/d/Образование/career_courses_postupashky_start/ML/ДЗ/Хард/small_mlflow_pipeline/.venv/lib/python3.12/site-packages/airflow/example_dags/example_display_name.py
[2025-08-25T15:32:44.390+0300] {processor.py:925} INFO - DAG(s) 'example_display_name' retrieved from /mnt/d/Образование/career_courses_postupashky_start/ML/ДЗ/Хард/small_mlflow_pipeline/.venv/lib/python3.12/site-packages/airflow/example_dags/example_display_name.py
[2025-08-25T15:32:45.042+0300] {logging_mixin.py:190} INFO - [2025-08-25T15:32:45.041+0300] {override.py:1930} INFO - Created Permission View: can read on DAG:example_display_name
[2025-08-25T15:32:45.062+0300] {logging_mixin.py:190} INFO - [2025-08-25T15:32:45.061+0300] {override.py:1930} INFO - Created Permission View: can delete on DAG:example_display_name
[2025-08-25T15:32:45.079+0300] {logging_mixin.py:190} INFO - [2025-08-25T15:32:45.079+0300] {override.py:1930} INFO - Created Permission View: can edit on DAG:example_display_name
[2025-08-25T15:32:45.108+0300] {logging_mixin.py:190} INFO - [2025-08-25T15:32:45.107+0300] {override.py:1930} INFO - Created Permission View: menu access on DAG Run:example_display_name
[2025-08-25T15:32:45.125+0300] {logging_mixin.py:190} INFO - [2025-08-25T15:32:45.124+0300] {override.py:1930} INFO - Created Permission View: can create on DAG Run:example_display_name
[2025-08-25T15:32:45.142+0300] {logging_mixin.py:190} INFO - [2025-08-25T15:32:45.141+0300] {override.py:1930} INFO - Created Permission View: can read on DAG Run:example_display_name
[2025-08-25T15:32:45.159+0300] {logging_mixin.py:190} INFO - [2025-08-25T15:32:45.158+0300] {override.py:1930} INFO - Created Permission View: can delete on DAG Run:example_display_name
[2025-08-25T15:32:45.160+0300] {logging_mixin.py:190} INFO - [2025-08-25T15:32:45.159+0300] {dag.py:3239} INFO - Sync 1 DAGs
[2025-08-25T15:32:45.173+0300] {logging_mixin.py:190} INFO - [2025-08-25T15:32:45.172+0300] {dag.py:3262} INFO - Creating ORM DAG for example_display_name
[2025-08-25T15:32:45.174+0300] {logging_mixin.py:190} INFO - [2025-08-25T15:32:45.173+0300] {dag.py:4180} INFO - Setting next_dagrun for example_display_name to None, run_after=None
[2025-08-25T15:32:45.204+0300] {processor.py:208} INFO - Processing /mnt/d/Образование/career_courses_postupashky_start/ML/ДЗ/Хард/small_mlflow_pipeline/.venv/lib/python3.12/site-packages/airflow/example_dags/example_display_name.py took 0.864 seconds
[2025-08-25T15:34:17.866+0300] {processor.py:186} INFO - Started process (PID=2485) to work on /mnt/d/Образование/career_courses_postupashky_start/ML/ДЗ/Хард/small_mlflow_pipeline/.venv/lib/python3.12/site-packages/airflow/example_dags/example_display_name.py
[2025-08-25T15:34:17.867+0300] {processor.py:914} INFO - Processing file /mnt/d/Образование/career_courses_postupashky_start/ML/ДЗ/Хард/small_mlflow_pipeline/.venv/lib/python3.12/site-packages/airflow/example_dags/example_display_name.py for tasks to queue
[2025-08-25T15:34:17.869+0300] {logging_mixin.py:190} INFO - [2025-08-25T15:34:17.869+0300] {dagbag.py:588} INFO - Filling up the DagBag from /mnt/d/Образование/career_courses_postupashky_start/ML/ДЗ/Хард/small_mlflow_pipeline/.venv/lib/python3.12/site-packages/airflow/example_dags/example_display_name.py
[2025-08-25T15:34:17.902+0300] {processor.py:925} INFO - DAG(s) 'example_display_name' retrieved from /mnt/d/Образование/career_courses_postupashky_start/ML/ДЗ/Хард/small_mlflow_pipeline/.venv/lib/python3.12/site-packages/airflow/example_dags/example_display_name.py
[2025-08-25T15:34:17.916+0300] {logging_mixin.py:190} INFO - [2025-08-25T15:34:17.916+0300] {dag.py:3239} INFO - Sync 1 DAGs
[2025-08-25T15:34:17.925+0300] {logging_mixin.py:190} INFO - [2025-08-25T15:34:17.924+0300] {dag.py:4180} INFO - Setting next_dagrun for example_display_name to None, run_after=None
[2025-08-25T15:34:17.960+0300] {processor.py:208} INFO - Processing /mnt/d/Образование/career_courses_postupashky_start/ML/ДЗ/Хард/small_mlflow_pipeline/.venv/lib/python3.12/site-packages/airflow/example_dags/example_display_name.py took 0.099 seconds
[2025-08-25T15:35:25.197+0300] {processor.py:186} INFO - Started process (PID=2706) to work on /mnt/d/Образование/career_courses_postupashky_start/ML/ДЗ/Хард/small_mlflow_pipeline/.venv/lib/python3.12/site-packages/airflow/example_dags/example_display_name.py
[2025-08-25T15:35:25.198+0300] {processor.py:914} INFO - Processing file /mnt/d/Образование/career_courses_postupashky_start/ML/ДЗ/Хард/small_mlflow_pipeline/.venv/lib/python3.12/site-packages/airflow/example_dags/example_display_name.py for tasks to queue
[2025-08-25T15:35:25.200+0300] {logging_mixin.py:190} INFO - [2025-08-25T15:35:25.200+0300] {dagbag.py:588} INFO - Filling up the DagBag from /mnt/d/Образование/career_courses_postupashky_start/ML/ДЗ/Хард/small_mlflow_pipeline/.venv/lib/python3.12/site-packages/airflow/example_dags/example_display_name.py
[2025-08-25T15:35:25.236+0300] {processor.py:925} INFO - DAG(s) 'example_display_name' retrieved from /mnt/d/Образование/career_courses_postupashky_start/ML/ДЗ/Хард/small_mlflow_pipeline/.venv/lib/python3.12/site-packages/airflow/example_dags/example_display_name.py
[2025-08-25T15:35:25.251+0300] {logging_mixin.py:190} INFO - [2025-08-25T15:35:25.250+0300] {dag.py:3239} INFO - Sync 1 DAGs
[2025-08-25T15:35:25.259+0300] {logging_mixin.py:190} INFO - [2025-08-25T15:35:25.259+0300] {dag.py:4180} INFO - Setting next_dagrun for example_display_name to None, run_after=None
[2025-08-25T15:35:25.293+0300] {processor.py:208} INFO - Processing /mnt/d/Образование/career_courses_postupashky_start/ML/ДЗ/Хард/small_mlflow_pipeline/.venv/lib/python3.12/site-packages/airflow/example_dags/example_display_name.py took 0.102 seconds
[2025-08-25T15:36:32.889+0300] {processor.py:186} INFO - Started process (PID=2992) to work on /mnt/d/Образование/career_courses_postupashky_start/ML/ДЗ/Хард/small_mlflow_pipeline/.venv/lib/python3.12/site-packages/airflow/example_dags/example_display_name.py
[2025-08-25T15:36:32.890+0300] {processor.py:914} INFO - Processing file /mnt/d/Образование/career_courses_postupashky_start/ML/ДЗ/Хард/small_mlflow_pipeline/.venv/lib/python3.12/site-packages/airflow/example_dags/example_display_name.py for tasks to queue
[2025-08-25T15:36:32.893+0300] {logging_mixin.py:190} INFO - [2025-08-25T15:36:32.892+0300] {dagbag.py:588} INFO - Filling up the DagBag from /mnt/d/Образование/career_courses_postupashky_start/ML/ДЗ/Хард/small_mlflow_pipeline/.venv/lib/python3.12/site-packages/airflow/example_dags/example_display_name.py
[2025-08-25T15:36:32.930+0300] {processor.py:925} INFO - DAG(s) 'example_display_name' retrieved from /mnt/d/Образование/career_courses_postupashky_start/ML/ДЗ/Хард/small_mlflow_pipeline/.venv/lib/python3.12/site-packages/airflow/example_dags/example_display_name.py
[2025-08-25T15:36:32.946+0300] {logging_mixin.py:190} INFO - [2025-08-25T15:36:32.946+0300] {dag.py:3239} INFO - Sync 1 DAGs
[2025-08-25T15:36:32.956+0300] {logging_mixin.py:190} INFO - [2025-08-25T15:36:32.955+0300] {dag.py:4180} INFO - Setting next_dagrun for example_display_name to None, run_after=None
[2025-08-25T15:36:32.986+0300] {processor.py:208} INFO - Processing /mnt/d/Образование/career_courses_postupashky_start/ML/ДЗ/Хард/small_mlflow_pipeline/.venv/lib/python3.12/site-packages/airflow/example_dags/example_display_name.py took 0.104 seconds
