[2025-08-25T15:27:57.727+0300] {processor.py:186} INFO - Started process (PID=564) to work on /mnt/d/Образование/career_courses_postupashky_start/ML/ДЗ/Хард/small_mlflow_pipeline/.venv/lib/python3.12/site-packages/airflow/example_dags/example_task_group.py
[2025-08-25T15:27:57.728+0300] {processor.py:914} INFO - Processing file /mnt/d/Образование/career_courses_postupashky_start/ML/ДЗ/Хард/small_mlflow_pipeline/.venv/lib/python3.12/site-packages/airflow/example_dags/example_task_group.py for tasks to queue
[2025-08-25T15:27:57.730+0300] {logging_mixin.py:190} INFO - [2025-08-25T15:27:57.729+0300] {dagbag.py:588} INFO - Filling up the DagBag from /mnt/d/Образование/career_courses_postupashky_start/ML/ДЗ/Хард/small_mlflow_pipeline/.venv/lib/python3.12/site-packages/airflow/example_dags/example_task_group.py
[2025-08-25T15:27:57.764+0300] {processor.py:925} INFO - DAG(s) 'example_task_group' retrieved from /mnt/d/Образование/career_courses_postupashky_start/ML/ДЗ/Хард/small_mlflow_pipeline/.venv/lib/python3.12/site-packages/airflow/example_dags/example_task_group.py
[2025-08-25T15:27:58.352+0300] {logging_mixin.py:190} INFO - [2025-08-25T15:27:58.351+0300] {override.py:1930} INFO - Created Permission View: can edit on DAG:example_task_group
[2025-08-25T15:27:58.370+0300] {logging_mixin.py:190} INFO - [2025-08-25T15:27:58.370+0300] {override.py:1930} INFO - Created Permission View: can read on DAG:example_task_group
[2025-08-25T15:27:58.387+0300] {logging_mixin.py:190} INFO - [2025-08-25T15:27:58.386+0300] {override.py:1930} INFO - Created Permission View: can delete on DAG:example_task_group
[2025-08-25T15:27:58.413+0300] {logging_mixin.py:190} INFO - [2025-08-25T15:27:58.412+0300] {override.py:1930} INFO - Created Permission View: menu access on DAG Run:example_task_group
[2025-08-25T15:27:58.430+0300] {logging_mixin.py:190} INFO - [2025-08-25T15:27:58.429+0300] {override.py:1930} INFO - Created Permission View: can delete on DAG Run:example_task_group
[2025-08-25T15:27:58.446+0300] {logging_mixin.py:190} INFO - [2025-08-25T15:27:58.446+0300] {override.py:1930} INFO - Created Permission View: can read on DAG Run:example_task_group
[2025-08-25T15:27:58.463+0300] {logging_mixin.py:190} INFO - [2025-08-25T15:27:58.463+0300] {override.py:1930} INFO - Created Permission View: can create on DAG Run:example_task_group
[2025-08-25T15:27:58.465+0300] {logging_mixin.py:190} INFO - [2025-08-25T15:27:58.464+0300] {dag.py:3239} INFO - Sync 1 DAGs
[2025-08-25T15:27:58.476+0300] {logging_mixin.py:190} INFO - [2025-08-25T15:27:58.475+0300] {dag.py:3262} INFO - Creating ORM DAG for example_task_group
[2025-08-25T15:27:58.477+0300] {logging_mixin.py:190} INFO - [2025-08-25T15:27:58.476+0300] {dag.py:4180} INFO - Setting next_dagrun for example_task_group to None, run_after=None
[2025-08-25T15:27:58.507+0300] {processor.py:208} INFO - Processing /mnt/d/Образование/career_courses_postupashky_start/ML/ДЗ/Хард/small_mlflow_pipeline/.venv/lib/python3.12/site-packages/airflow/example_dags/example_task_group.py took 0.786 seconds
[2025-08-25T15:28:55.396+0300] {processor.py:186} INFO - Started process (PID=801) to work on /mnt/d/Образование/career_courses_postupashky_start/ML/ДЗ/Хард/small_mlflow_pipeline/.venv/lib/python3.12/site-packages/airflow/example_dags/example_task_group.py
[2025-08-25T15:28:55.397+0300] {processor.py:914} INFO - Processing file /mnt/d/Образование/career_courses_postupashky_start/ML/ДЗ/Хард/small_mlflow_pipeline/.venv/lib/python3.12/site-packages/airflow/example_dags/example_task_group.py for tasks to queue
[2025-08-25T15:28:55.399+0300] {logging_mixin.py:190} INFO - [2025-08-25T15:28:55.398+0300] {dagbag.py:588} INFO - Filling up the DagBag from /mnt/d/Образование/career_courses_postupashky_start/ML/ДЗ/Хард/small_mlflow_pipeline/.venv/lib/python3.12/site-packages/airflow/example_dags/example_task_group.py
[2025-08-25T15:28:55.435+0300] {processor.py:925} INFO - DAG(s) 'example_task_group' retrieved from /mnt/d/Образование/career_courses_postupashky_start/ML/ДЗ/Хард/small_mlflow_pipeline/.venv/lib/python3.12/site-packages/airflow/example_dags/example_task_group.py
[2025-08-25T15:28:55.459+0300] {logging_mixin.py:190} INFO - [2025-08-25T15:28:55.458+0300] {dag.py:3239} INFO - Sync 1 DAGs
[2025-08-25T15:28:55.468+0300] {logging_mixin.py:190} INFO - [2025-08-25T15:28:55.468+0300] {dag.py:4180} INFO - Setting next_dagrun for example_task_group to None, run_after=None
[2025-08-25T15:28:55.498+0300] {processor.py:208} INFO - Processing /mnt/d/Образование/career_courses_postupashky_start/ML/ДЗ/Хард/small_mlflow_pipeline/.venv/lib/python3.12/site-packages/airflow/example_dags/example_task_group.py took 0.108 seconds
[2025-08-25T15:32:11.109+0300] {processor.py:186} INFO - Started process (PID=1831) to work on /mnt/d/Образование/career_courses_postupashky_start/ML/ДЗ/Хард/small_mlflow_pipeline/.venv/lib/python3.12/site-packages/airflow/example_dags/example_task_group.py
[2025-08-25T15:32:11.110+0300] {processor.py:914} INFO - Processing file /mnt/d/Образование/career_courses_postupashky_start/ML/ДЗ/Хард/small_mlflow_pipeline/.venv/lib/python3.12/site-packages/airflow/example_dags/example_task_group.py for tasks to queue
[2025-08-25T15:32:11.112+0300] {logging_mixin.py:190} INFO - [2025-08-25T15:32:11.112+0300] {dagbag.py:588} INFO - Filling up the DagBag from /mnt/d/Образование/career_courses_postupashky_start/ML/ДЗ/Хард/small_mlflow_pipeline/.venv/lib/python3.12/site-packages/airflow/example_dags/example_task_group.py
[2025-08-25T15:32:11.148+0300] {processor.py:925} INFO - DAG(s) 'example_task_group' retrieved from /mnt/d/Образование/career_courses_postupashky_start/ML/ДЗ/Хард/small_mlflow_pipeline/.venv/lib/python3.12/site-packages/airflow/example_dags/example_task_group.py
[2025-08-25T15:32:11.169+0300] {logging_mixin.py:190} INFO - [2025-08-25T15:32:11.168+0300] {dag.py:3239} INFO - Sync 1 DAGs
[2025-08-25T15:32:11.179+0300] {logging_mixin.py:190} INFO - [2025-08-25T15:32:11.179+0300] {dag.py:4180} INFO - Setting next_dagrun for example_task_group to None, run_after=None
[2025-08-25T15:32:11.209+0300] {processor.py:208} INFO - Processing /mnt/d/Образование/career_courses_postupashky_start/ML/ДЗ/Хард/small_mlflow_pipeline/.venv/lib/python3.12/site-packages/airflow/example_dags/example_task_group.py took 0.107 seconds
[2025-08-25T15:33:32.709+0300] {processor.py:186} INFO - Started process (PID=2318) to work on /mnt/d/Образование/career_courses_postupashky_start/ML/ДЗ/Хард/small_mlflow_pipeline/.venv/lib/python3.12/site-packages/airflow/example_dags/example_task_group.py
[2025-08-25T15:33:32.709+0300] {processor.py:914} INFO - Processing file /mnt/d/Образование/career_courses_postupashky_start/ML/ДЗ/Хард/small_mlflow_pipeline/.venv/lib/python3.12/site-packages/airflow/example_dags/example_task_group.py for tasks to queue
[2025-08-25T15:33:32.711+0300] {logging_mixin.py:190} INFO - [2025-08-25T15:33:32.711+0300] {dagbag.py:588} INFO - Filling up the DagBag from /mnt/d/Образование/career_courses_postupashky_start/ML/ДЗ/Хард/small_mlflow_pipeline/.venv/lib/python3.12/site-packages/airflow/example_dags/example_task_group.py
[2025-08-25T15:33:32.748+0300] {processor.py:925} INFO - DAG(s) 'example_task_group' retrieved from /mnt/d/Образование/career_courses_postupashky_start/ML/ДЗ/Хард/small_mlflow_pipeline/.venv/lib/python3.12/site-packages/airflow/example_dags/example_task_group.py
[2025-08-25T15:33:32.766+0300] {logging_mixin.py:190} INFO - [2025-08-25T15:33:32.765+0300] {dag.py:3239} INFO - Sync 1 DAGs
[2025-08-25T15:33:32.776+0300] {logging_mixin.py:190} INFO - [2025-08-25T15:33:32.775+0300] {dag.py:4180} INFO - Setting next_dagrun for example_task_group to None, run_after=None
[2025-08-25T15:33:32.814+0300] {processor.py:208} INFO - Processing /mnt/d/Образование/career_courses_postupashky_start/ML/ДЗ/Хард/small_mlflow_pipeline/.venv/lib/python3.12/site-packages/airflow/example_dags/example_task_group.py took 0.111 seconds
[2025-08-25T15:34:41.553+0300] {processor.py:186} INFO - Started process (PID=2543) to work on /mnt/d/Образование/career_courses_postupashky_start/ML/ДЗ/Хард/small_mlflow_pipeline/.venv/lib/python3.12/site-packages/airflow/example_dags/example_task_group.py
[2025-08-25T15:34:41.554+0300] {processor.py:914} INFO - Processing file /mnt/d/Образование/career_courses_postupashky_start/ML/ДЗ/Хард/small_mlflow_pipeline/.venv/lib/python3.12/site-packages/airflow/example_dags/example_task_group.py for tasks to queue
[2025-08-25T15:34:41.556+0300] {logging_mixin.py:190} INFO - [2025-08-25T15:34:41.555+0300] {dagbag.py:588} INFO - Filling up the DagBag from /mnt/d/Образование/career_courses_postupashky_start/ML/ДЗ/Хард/small_mlflow_pipeline/.venv/lib/python3.12/site-packages/airflow/example_dags/example_task_group.py
[2025-08-25T15:34:41.590+0300] {processor.py:925} INFO - DAG(s) 'example_task_group' retrieved from /mnt/d/Образование/career_courses_postupashky_start/ML/ДЗ/Хард/small_mlflow_pipeline/.venv/lib/python3.12/site-packages/airflow/example_dags/example_task_group.py
[2025-08-25T15:34:41.606+0300] {logging_mixin.py:190} INFO - [2025-08-25T15:34:41.605+0300] {dag.py:3239} INFO - Sync 1 DAGs
[2025-08-25T15:34:41.615+0300] {logging_mixin.py:190} INFO - [2025-08-25T15:34:41.614+0300] {dag.py:4180} INFO - Setting next_dagrun for example_task_group to None, run_after=None
[2025-08-25T15:34:41.645+0300] {processor.py:208} INFO - Processing /mnt/d/Образование/career_courses_postupashky_start/ML/ДЗ/Хард/small_mlflow_pipeline/.venv/lib/python3.12/site-packages/airflow/example_dags/example_task_group.py took 0.098 seconds
[2025-08-25T15:35:50.551+0300] {processor.py:186} INFO - Started process (PID=2830) to work on /mnt/d/Образование/career_courses_postupashky_start/ML/ДЗ/Хард/small_mlflow_pipeline/.venv/lib/python3.12/site-packages/airflow/example_dags/example_task_group.py
[2025-08-25T15:35:50.552+0300] {processor.py:914} INFO - Processing file /mnt/d/Образование/career_courses_postupashky_start/ML/ДЗ/Хард/small_mlflow_pipeline/.venv/lib/python3.12/site-packages/airflow/example_dags/example_task_group.py for tasks to queue
[2025-08-25T15:35:50.554+0300] {logging_mixin.py:190} INFO - [2025-08-25T15:35:50.554+0300] {dagbag.py:588} INFO - Filling up the DagBag from /mnt/d/Образование/career_courses_postupashky_start/ML/ДЗ/Хард/small_mlflow_pipeline/.venv/lib/python3.12/site-packages/airflow/example_dags/example_task_group.py
[2025-08-25T15:35:50.590+0300] {processor.py:925} INFO - DAG(s) 'example_task_group' retrieved from /mnt/d/Образование/career_courses_postupashky_start/ML/ДЗ/Хард/small_mlflow_pipeline/.venv/lib/python3.12/site-packages/airflow/example_dags/example_task_group.py
[2025-08-25T15:35:50.610+0300] {logging_mixin.py:190} INFO - [2025-08-25T15:35:50.609+0300] {dag.py:3239} INFO - Sync 1 DAGs
[2025-08-25T15:35:50.620+0300] {logging_mixin.py:190} INFO - [2025-08-25T15:35:50.619+0300] {dag.py:4180} INFO - Setting next_dagrun for example_task_group to None, run_after=None
[2025-08-25T15:35:50.657+0300] {processor.py:208} INFO - Processing /mnt/d/Образование/career_courses_postupashky_start/ML/ДЗ/Хард/small_mlflow_pipeline/.venv/lib/python3.12/site-packages/airflow/example_dags/example_task_group.py took 0.112 seconds
[2025-08-25T15:37:01.100+0300] {processor.py:186} INFO - Started process (PID=3240) to work on /mnt/d/Образование/career_courses_postupashky_start/ML/ДЗ/Хард/small_mlflow_pipeline/.venv/lib/python3.12/site-packages/airflow/example_dags/example_task_group.py
[2025-08-25T15:37:01.100+0300] {processor.py:914} INFO - Processing file /mnt/d/Образование/career_courses_postupashky_start/ML/ДЗ/Хард/small_mlflow_pipeline/.venv/lib/python3.12/site-packages/airflow/example_dags/example_task_group.py for tasks to queue
[2025-08-25T15:37:01.102+0300] {logging_mixin.py:190} INFO - [2025-08-25T15:37:01.102+0300] {dagbag.py:588} INFO - Filling up the DagBag from /mnt/d/Образование/career_courses_postupashky_start/ML/ДЗ/Хард/small_mlflow_pipeline/.venv/lib/python3.12/site-packages/airflow/example_dags/example_task_group.py
[2025-08-25T15:37:01.137+0300] {processor.py:925} INFO - DAG(s) 'example_task_group' retrieved from /mnt/d/Образование/career_courses_postupashky_start/ML/ДЗ/Хард/small_mlflow_pipeline/.venv/lib/python3.12/site-packages/airflow/example_dags/example_task_group.py
[2025-08-25T15:37:01.153+0300] {logging_mixin.py:190} INFO - [2025-08-25T15:37:01.153+0300] {dag.py:3239} INFO - Sync 1 DAGs
[2025-08-25T15:37:01.163+0300] {logging_mixin.py:190} INFO - [2025-08-25T15:37:01.162+0300] {dag.py:4180} INFO - Setting next_dagrun for example_task_group to None, run_after=None
[2025-08-25T15:37:01.192+0300] {processor.py:208} INFO - Processing /mnt/d/Образование/career_courses_postupashky_start/ML/ДЗ/Хард/small_mlflow_pipeline/.venv/lib/python3.12/site-packages/airflow/example_dags/example_task_group.py took 0.099 seconds
