[2025-08-25T15:32:46.340+0300] {processor.py:186} INFO - Started process (PID=2120) to work on /mnt/d/Образование/career_courses_postupashky_start/ML/ДЗ/Хард/small_mlflow_pipeline/.venv/lib/python3.12/site-packages/airflow/example_dags/example_datasets.py
[2025-08-25T15:32:46.340+0300] {processor.py:914} INFO - Processing file /mnt/d/Образование/career_courses_postupashky_start/ML/ДЗ/Хард/small_mlflow_pipeline/.venv/lib/python3.12/site-packages/airflow/example_dags/example_datasets.py for tasks to queue
[2025-08-25T15:32:46.342+0300] {logging_mixin.py:190} INFO - [2025-08-25T15:32:46.342+0300] {dagbag.py:588} INFO - Filling up the DagBag from /mnt/d/Образование/career_courses_postupashky_start/ML/ДЗ/Хард/small_mlflow_pipeline/.venv/lib/python3.12/site-packages/airflow/example_dags/example_datasets.py
[2025-08-25T15:32:46.417+0300] {processor.py:925} INFO - DAG(s) 'conditional_dataset_and_time_based_timetable', 'dataset_consumes_1_and_2', 'consume_1_and_2_with_dataset_expressions', 'dataset_produces_1', 'consume_1_or_both_2_and_3_with_dataset_expressions', 'dataset_consumes_1_never_scheduled', 'dataset_consumes_unknown_never_scheduled', 'dataset_produces_2', 'dataset_consumes_1', 'consume_1_or_2_with_dataset_expressions' retrieved from /mnt/d/Образование/career_courses_postupashky_start/ML/ДЗ/Хард/small_mlflow_pipeline/.venv/lib/python3.12/site-packages/airflow/example_dags/example_datasets.py
[2025-08-25T15:32:47.034+0300] {logging_mixin.py:190} INFO - [2025-08-25T15:32:47.033+0300] {override.py:1930} INFO - Created Permission View: can read on DAG:conditional_dataset_and_time_based_timetable
[2025-08-25T15:32:47.054+0300] {logging_mixin.py:190} INFO - [2025-08-25T15:32:47.054+0300] {override.py:1930} INFO - Created Permission View: can delete on DAG:conditional_dataset_and_time_based_timetable
[2025-08-25T15:32:47.072+0300] {logging_mixin.py:190} INFO - [2025-08-25T15:32:47.071+0300] {override.py:1930} INFO - Created Permission View: can edit on DAG:conditional_dataset_and_time_based_timetable
[2025-08-25T15:32:47.101+0300] {logging_mixin.py:190} INFO - [2025-08-25T15:32:47.100+0300] {override.py:1930} INFO - Created Permission View: menu access on DAG Run:conditional_dataset_and_time_based_timetable
[2025-08-25T15:32:47.119+0300] {logging_mixin.py:190} INFO - [2025-08-25T15:32:47.118+0300] {override.py:1930} INFO - Created Permission View: can create on DAG Run:conditional_dataset_and_time_based_timetable
[2025-08-25T15:32:47.136+0300] {logging_mixin.py:190} INFO - [2025-08-25T15:32:47.136+0300] {override.py:1930} INFO - Created Permission View: can read on DAG Run:conditional_dataset_and_time_based_timetable
[2025-08-25T15:32:47.155+0300] {logging_mixin.py:190} INFO - [2025-08-25T15:32:47.154+0300] {override.py:1930} INFO - Created Permission View: can delete on DAG Run:conditional_dataset_and_time_based_timetable
[2025-08-25T15:32:47.190+0300] {logging_mixin.py:190} INFO - [2025-08-25T15:32:47.189+0300] {override.py:1930} INFO - Created Permission View: can read on DAG:dataset_consumes_1_and_2
[2025-08-25T15:32:47.207+0300] {logging_mixin.py:190} INFO - [2025-08-25T15:32:47.207+0300] {override.py:1930} INFO - Created Permission View: can delete on DAG:dataset_consumes_1_and_2
[2025-08-25T15:32:47.225+0300] {logging_mixin.py:190} INFO - [2025-08-25T15:32:47.224+0300] {override.py:1930} INFO - Created Permission View: can edit on DAG:dataset_consumes_1_and_2
[2025-08-25T15:32:47.251+0300] {logging_mixin.py:190} INFO - [2025-08-25T15:32:47.250+0300] {override.py:1930} INFO - Created Permission View: menu access on DAG Run:dataset_consumes_1_and_2
[2025-08-25T15:32:47.268+0300] {logging_mixin.py:190} INFO - [2025-08-25T15:32:47.267+0300] {override.py:1930} INFO - Created Permission View: can create on DAG Run:dataset_consumes_1_and_2
[2025-08-25T15:32:47.285+0300] {logging_mixin.py:190} INFO - [2025-08-25T15:32:47.284+0300] {override.py:1930} INFO - Created Permission View: can read on DAG Run:dataset_consumes_1_and_2
[2025-08-25T15:32:47.302+0300] {logging_mixin.py:190} INFO - [2025-08-25T15:32:47.301+0300] {override.py:1930} INFO - Created Permission View: can delete on DAG Run:dataset_consumes_1_and_2
[2025-08-25T15:32:47.335+0300] {logging_mixin.py:190} INFO - [2025-08-25T15:32:47.335+0300] {override.py:1930} INFO - Created Permission View: can read on DAG:consume_1_and_2_with_dataset_expressions
[2025-08-25T15:32:47.352+0300] {logging_mixin.py:190} INFO - [2025-08-25T15:32:47.352+0300] {override.py:1930} INFO - Created Permission View: can delete on DAG:consume_1_and_2_with_dataset_expressions
[2025-08-25T15:32:47.369+0300] {logging_mixin.py:190} INFO - [2025-08-25T15:32:47.369+0300] {override.py:1930} INFO - Created Permission View: can edit on DAG:consume_1_and_2_with_dataset_expressions
[2025-08-25T15:32:47.396+0300] {logging_mixin.py:190} INFO - [2025-08-25T15:32:47.395+0300] {override.py:1930} INFO - Created Permission View: menu access on DAG Run:consume_1_and_2_with_dataset_expressions
[2025-08-25T15:32:47.412+0300] {logging_mixin.py:190} INFO - [2025-08-25T15:32:47.412+0300] {override.py:1930} INFO - Created Permission View: can create on DAG Run:consume_1_and_2_with_dataset_expressions
[2025-08-25T15:32:47.429+0300] {logging_mixin.py:190} INFO - [2025-08-25T15:32:47.429+0300] {override.py:1930} INFO - Created Permission View: can read on DAG Run:consume_1_and_2_with_dataset_expressions
[2025-08-25T15:32:47.446+0300] {logging_mixin.py:190} INFO - [2025-08-25T15:32:47.445+0300] {override.py:1930} INFO - Created Permission View: can delete on DAG Run:consume_1_and_2_with_dataset_expressions
[2025-08-25T15:32:47.479+0300] {logging_mixin.py:190} INFO - [2025-08-25T15:32:47.478+0300] {override.py:1930} INFO - Created Permission View: can read on DAG:dataset_produces_1
[2025-08-25T15:32:47.497+0300] {logging_mixin.py:190} INFO - [2025-08-25T15:32:47.496+0300] {override.py:1930} INFO - Created Permission View: can delete on DAG:dataset_produces_1
[2025-08-25T15:32:47.516+0300] {logging_mixin.py:190} INFO - [2025-08-25T15:32:47.515+0300] {override.py:1930} INFO - Created Permission View: can edit on DAG:dataset_produces_1
[2025-08-25T15:32:47.542+0300] {logging_mixin.py:190} INFO - [2025-08-25T15:32:47.542+0300] {override.py:1930} INFO - Created Permission View: menu access on DAG Run:dataset_produces_1
[2025-08-25T15:32:47.559+0300] {logging_mixin.py:190} INFO - [2025-08-25T15:32:47.559+0300] {override.py:1930} INFO - Created Permission View: can create on DAG Run:dataset_produces_1
[2025-08-25T15:32:47.577+0300] {logging_mixin.py:190} INFO - [2025-08-25T15:32:47.576+0300] {override.py:1930} INFO - Created Permission View: can read on DAG Run:dataset_produces_1
[2025-08-25T15:32:47.594+0300] {logging_mixin.py:190} INFO - [2025-08-25T15:32:47.593+0300] {override.py:1930} INFO - Created Permission View: can delete on DAG Run:dataset_produces_1
[2025-08-25T15:32:47.628+0300] {logging_mixin.py:190} INFO - [2025-08-25T15:32:47.627+0300] {override.py:1930} INFO - Created Permission View: can read on DAG:consume_1_or_both_2_and_3_with_dataset_expressions
[2025-08-25T15:32:47.645+0300] {logging_mixin.py:190} INFO - [2025-08-25T15:32:47.644+0300] {override.py:1930} INFO - Created Permission View: can delete on DAG:consume_1_or_both_2_and_3_with_dataset_expressions
[2025-08-25T15:32:47.662+0300] {logging_mixin.py:190} INFO - [2025-08-25T15:32:47.661+0300] {override.py:1930} INFO - Created Permission View: can edit on DAG:consume_1_or_both_2_and_3_with_dataset_expressions
[2025-08-25T15:32:47.688+0300] {logging_mixin.py:190} INFO - [2025-08-25T15:32:47.687+0300] {override.py:1930} INFO - Created Permission View: menu access on DAG Run:consume_1_or_both_2_and_3_with_dataset_expressions
[2025-08-25T15:32:47.705+0300] {logging_mixin.py:190} INFO - [2025-08-25T15:32:47.704+0300] {override.py:1930} INFO - Created Permission View: can create on DAG Run:consume_1_or_both_2_and_3_with_dataset_expressions
[2025-08-25T15:32:47.722+0300] {logging_mixin.py:190} INFO - [2025-08-25T15:32:47.721+0300] {override.py:1930} INFO - Created Permission View: can read on DAG Run:consume_1_or_both_2_and_3_with_dataset_expressions
[2025-08-25T15:32:47.740+0300] {logging_mixin.py:190} INFO - [2025-08-25T15:32:47.739+0300] {override.py:1930} INFO - Created Permission View: can delete on DAG Run:consume_1_or_both_2_and_3_with_dataset_expressions
[2025-08-25T15:32:47.772+0300] {logging_mixin.py:190} INFO - [2025-08-25T15:32:47.771+0300] {override.py:1930} INFO - Created Permission View: can read on DAG:dataset_consumes_1_never_scheduled
[2025-08-25T15:32:47.789+0300] {logging_mixin.py:190} INFO - [2025-08-25T15:32:47.789+0300] {override.py:1930} INFO - Created Permission View: can delete on DAG:dataset_consumes_1_never_scheduled
[2025-08-25T15:32:47.806+0300] {logging_mixin.py:190} INFO - [2025-08-25T15:32:47.805+0300] {override.py:1930} INFO - Created Permission View: can edit on DAG:dataset_consumes_1_never_scheduled
[2025-08-25T15:32:47.832+0300] {logging_mixin.py:190} INFO - [2025-08-25T15:32:47.832+0300] {override.py:1930} INFO - Created Permission View: menu access on DAG Run:dataset_consumes_1_never_scheduled
[2025-08-25T15:32:47.849+0300] {logging_mixin.py:190} INFO - [2025-08-25T15:32:47.849+0300] {override.py:1930} INFO - Created Permission View: can create on DAG Run:dataset_consumes_1_never_scheduled
[2025-08-25T15:32:47.866+0300] {logging_mixin.py:190} INFO - [2025-08-25T15:32:47.865+0300] {override.py:1930} INFO - Created Permission View: can read on DAG Run:dataset_consumes_1_never_scheduled
[2025-08-25T15:32:47.882+0300] {logging_mixin.py:190} INFO - [2025-08-25T15:32:47.882+0300] {override.py:1930} INFO - Created Permission View: can delete on DAG Run:dataset_consumes_1_never_scheduled
[2025-08-25T15:32:47.914+0300] {logging_mixin.py:190} INFO - [2025-08-25T15:32:47.913+0300] {override.py:1930} INFO - Created Permission View: can read on DAG:dataset_consumes_unknown_never_scheduled
[2025-08-25T15:32:47.931+0300] {logging_mixin.py:190} INFO - [2025-08-25T15:32:47.930+0300] {override.py:1930} INFO - Created Permission View: can delete on DAG:dataset_consumes_unknown_never_scheduled
[2025-08-25T15:32:47.947+0300] {logging_mixin.py:190} INFO - [2025-08-25T15:32:47.947+0300] {override.py:1930} INFO - Created Permission View: can edit on DAG:dataset_consumes_unknown_never_scheduled
[2025-08-25T15:32:47.975+0300] {logging_mixin.py:190} INFO - [2025-08-25T15:32:47.974+0300] {override.py:1930} INFO - Created Permission View: menu access on DAG Run:dataset_consumes_unknown_never_scheduled
[2025-08-25T15:32:47.991+0300] {logging_mixin.py:190} INFO - [2025-08-25T15:32:47.991+0300] {override.py:1930} INFO - Created Permission View: can create on DAG Run:dataset_consumes_unknown_never_scheduled
[2025-08-25T15:32:48.008+0300] {logging_mixin.py:190} INFO - [2025-08-25T15:32:48.008+0300] {override.py:1930} INFO - Created Permission View: can read on DAG Run:dataset_consumes_unknown_never_scheduled
[2025-08-25T15:32:48.027+0300] {logging_mixin.py:190} INFO - [2025-08-25T15:32:48.026+0300] {override.py:1930} INFO - Created Permission View: can delete on DAG Run:dataset_consumes_unknown_never_scheduled
[2025-08-25T15:32:48.070+0300] {logging_mixin.py:190} INFO - [2025-08-25T15:32:48.069+0300] {override.py:1930} INFO - Created Permission View: can read on DAG:dataset_produces_2
[2025-08-25T15:32:48.090+0300] {logging_mixin.py:190} INFO - [2025-08-25T15:32:48.089+0300] {override.py:1930} INFO - Created Permission View: can delete on DAG:dataset_produces_2
[2025-08-25T15:32:48.109+0300] {logging_mixin.py:190} INFO - [2025-08-25T15:32:48.108+0300] {override.py:1930} INFO - Created Permission View: can edit on DAG:dataset_produces_2
[2025-08-25T15:32:48.137+0300] {logging_mixin.py:190} INFO - [2025-08-25T15:32:48.136+0300] {override.py:1930} INFO - Created Permission View: menu access on DAG Run:dataset_produces_2
[2025-08-25T15:32:48.155+0300] {logging_mixin.py:190} INFO - [2025-08-25T15:32:48.154+0300] {override.py:1930} INFO - Created Permission View: can create on DAG Run:dataset_produces_2
[2025-08-25T15:32:48.174+0300] {logging_mixin.py:190} INFO - [2025-08-25T15:32:48.173+0300] {override.py:1930} INFO - Created Permission View: can read on DAG Run:dataset_produces_2
[2025-08-25T15:32:48.192+0300] {logging_mixin.py:190} INFO - [2025-08-25T15:32:48.191+0300] {override.py:1930} INFO - Created Permission View: can delete on DAG Run:dataset_produces_2
[2025-08-25T15:32:48.227+0300] {logging_mixin.py:190} INFO - [2025-08-25T15:32:48.226+0300] {override.py:1930} INFO - Created Permission View: can read on DAG:dataset_consumes_1
[2025-08-25T15:32:48.244+0300] {logging_mixin.py:190} INFO - [2025-08-25T15:32:48.244+0300] {override.py:1930} INFO - Created Permission View: can delete on DAG:dataset_consumes_1
[2025-08-25T15:32:48.262+0300] {logging_mixin.py:190} INFO - [2025-08-25T15:32:48.261+0300] {override.py:1930} INFO - Created Permission View: can edit on DAG:dataset_consumes_1
[2025-08-25T15:32:48.292+0300] {logging_mixin.py:190} INFO - [2025-08-25T15:32:48.291+0300] {override.py:1930} INFO - Created Permission View: menu access on DAG Run:dataset_consumes_1
[2025-08-25T15:32:48.309+0300] {logging_mixin.py:190} INFO - [2025-08-25T15:32:48.308+0300] {override.py:1930} INFO - Created Permission View: can create on DAG Run:dataset_consumes_1
[2025-08-25T15:32:48.326+0300] {logging_mixin.py:190} INFO - [2025-08-25T15:32:48.325+0300] {override.py:1930} INFO - Created Permission View: can read on DAG Run:dataset_consumes_1
[2025-08-25T15:32:48.343+0300] {logging_mixin.py:190} INFO - [2025-08-25T15:32:48.342+0300] {override.py:1930} INFO - Created Permission View: can delete on DAG Run:dataset_consumes_1
[2025-08-25T15:32:48.378+0300] {logging_mixin.py:190} INFO - [2025-08-25T15:32:48.377+0300] {override.py:1930} INFO - Created Permission View: can read on DAG:consume_1_or_2_with_dataset_expressions
[2025-08-25T15:32:48.394+0300] {logging_mixin.py:190} INFO - [2025-08-25T15:32:48.394+0300] {override.py:1930} INFO - Created Permission View: can delete on DAG:consume_1_or_2_with_dataset_expressions
[2025-08-25T15:32:48.411+0300] {logging_mixin.py:190} INFO - [2025-08-25T15:32:48.410+0300] {override.py:1930} INFO - Created Permission View: can edit on DAG:consume_1_or_2_with_dataset_expressions
[2025-08-25T15:32:48.438+0300] {logging_mixin.py:190} INFO - [2025-08-25T15:32:48.438+0300] {override.py:1930} INFO - Created Permission View: menu access on DAG Run:consume_1_or_2_with_dataset_expressions
[2025-08-25T15:32:48.455+0300] {logging_mixin.py:190} INFO - [2025-08-25T15:32:48.455+0300] {override.py:1930} INFO - Created Permission View: can create on DAG Run:consume_1_or_2_with_dataset_expressions
[2025-08-25T15:32:48.472+0300] {logging_mixin.py:190} INFO - [2025-08-25T15:32:48.471+0300] {override.py:1930} INFO - Created Permission View: can read on DAG Run:consume_1_or_2_with_dataset_expressions
[2025-08-25T15:32:48.489+0300] {logging_mixin.py:190} INFO - [2025-08-25T15:32:48.489+0300] {override.py:1930} INFO - Created Permission View: can delete on DAG Run:consume_1_or_2_with_dataset_expressions
[2025-08-25T15:32:48.490+0300] {logging_mixin.py:190} INFO - [2025-08-25T15:32:48.490+0300] {dag.py:3239} INFO - Sync 10 DAGs
[2025-08-25T15:32:48.501+0300] {logging_mixin.py:190} INFO - [2025-08-25T15:32:48.501+0300] {dag.py:3262} INFO - Creating ORM DAG for dataset_consumes_1
[2025-08-25T15:32:48.502+0300] {logging_mixin.py:190} INFO - [2025-08-25T15:32:48.502+0300] {dag.py:3262} INFO - Creating ORM DAG for consume_1_or_2_with_dataset_expressions
[2025-08-25T15:32:48.504+0300] {logging_mixin.py:190} INFO - [2025-08-25T15:32:48.503+0300] {dag.py:3262} INFO - Creating ORM DAG for dataset_consumes_1_never_scheduled
[2025-08-25T15:32:48.505+0300] {logging_mixin.py:190} INFO - [2025-08-25T15:32:48.504+0300] {dag.py:3262} INFO - Creating ORM DAG for consume_1_or_both_2_and_3_with_dataset_expressions
[2025-08-25T15:32:48.506+0300] {logging_mixin.py:190} INFO - [2025-08-25T15:32:48.505+0300] {dag.py:3262} INFO - Creating ORM DAG for dataset_produces_1
[2025-08-25T15:32:48.507+0300] {logging_mixin.py:190} INFO - [2025-08-25T15:32:48.506+0300] {dag.py:3262} INFO - Creating ORM DAG for dataset_produces_2
[2025-08-25T15:32:48.508+0300] {logging_mixin.py:190} INFO - [2025-08-25T15:32:48.508+0300] {dag.py:3262} INFO - Creating ORM DAG for dataset_consumes_1_and_2
[2025-08-25T15:32:48.509+0300] {logging_mixin.py:190} INFO - [2025-08-25T15:32:48.509+0300] {dag.py:3262} INFO - Creating ORM DAG for consume_1_and_2_with_dataset_expressions
[2025-08-25T15:32:48.510+0300] {logging_mixin.py:190} INFO - [2025-08-25T15:32:48.510+0300] {dag.py:3262} INFO - Creating ORM DAG for dataset_consumes_unknown_never_scheduled
[2025-08-25T15:32:48.511+0300] {logging_mixin.py:190} INFO - [2025-08-25T15:32:48.511+0300] {dag.py:3262} INFO - Creating ORM DAG for conditional_dataset_and_time_based_timetable
[2025-08-25T15:32:48.519+0300] {logging_mixin.py:190} INFO - [2025-08-25T15:32:48.518+0300] {dag.py:4180} INFO - Setting next_dagrun for conditional_dataset_and_time_based_timetable to 2025-08-20 01:00:00+00:00, run_after=2025-08-20 01:00:00+00:00
[2025-08-25T15:32:48.520+0300] {logging_mixin.py:190} INFO - [2025-08-25T15:32:48.519+0300] {dag.py:4180} INFO - Setting next_dagrun for consume_1_and_2_with_dataset_expressions to None, run_after=None
[2025-08-25T15:32:48.521+0300] {logging_mixin.py:190} INFO - [2025-08-25T15:32:48.521+0300] {dag.py:4180} INFO - Setting next_dagrun for consume_1_or_2_with_dataset_expressions to None, run_after=None
[2025-08-25T15:32:48.522+0300] {logging_mixin.py:190} INFO - [2025-08-25T15:32:48.521+0300] {dag.py:4180} INFO - Setting next_dagrun for consume_1_or_both_2_and_3_with_dataset_expressions to None, run_after=None
[2025-08-25T15:32:48.523+0300] {logging_mixin.py:190} INFO - [2025-08-25T15:32:48.522+0300] {dag.py:4180} INFO - Setting next_dagrun for dataset_consumes_1 to None, run_after=None
[2025-08-25T15:32:48.524+0300] {logging_mixin.py:190} INFO - [2025-08-25T15:32:48.524+0300] {dag.py:4180} INFO - Setting next_dagrun for dataset_consumes_1_and_2 to None, run_after=None
[2025-08-25T15:32:48.525+0300] {logging_mixin.py:190} INFO - [2025-08-25T15:32:48.525+0300] {dag.py:4180} INFO - Setting next_dagrun for dataset_consumes_1_never_scheduled to None, run_after=None
[2025-08-25T15:32:48.526+0300] {logging_mixin.py:190} INFO - [2025-08-25T15:32:48.526+0300] {dag.py:4180} INFO - Setting next_dagrun for dataset_consumes_unknown_never_scheduled to None, run_after=None
[2025-08-25T15:32:48.528+0300] {logging_mixin.py:190} INFO - [2025-08-25T15:32:48.527+0300] {dag.py:4180} INFO - Setting next_dagrun for dataset_produces_1 to 2025-08-24 00:00:00+00:00, run_after=2025-08-25 00:00:00+00:00
[2025-08-25T15:32:48.529+0300] {logging_mixin.py:190} INFO - [2025-08-25T15:32:48.528+0300] {dag.py:4180} INFO - Setting next_dagrun for dataset_produces_2 to None, run_after=None
[2025-08-25T15:32:48.587+0300] {processor.py:208} INFO - Processing /mnt/d/Образование/career_courses_postupashky_start/ML/ДЗ/Хард/small_mlflow_pipeline/.venv/lib/python3.12/site-packages/airflow/example_dags/example_datasets.py took 2.253 seconds
[2025-08-25T15:34:19.151+0300] {processor.py:186} INFO - Started process (PID=2489) to work on /mnt/d/Образование/career_courses_postupashky_start/ML/ДЗ/Хард/small_mlflow_pipeline/.venv/lib/python3.12/site-packages/airflow/example_dags/example_datasets.py
[2025-08-25T15:34:19.151+0300] {processor.py:914} INFO - Processing file /mnt/d/Образование/career_courses_postupashky_start/ML/ДЗ/Хард/small_mlflow_pipeline/.venv/lib/python3.12/site-packages/airflow/example_dags/example_datasets.py for tasks to queue
[2025-08-25T15:34:19.153+0300] {logging_mixin.py:190} INFO - [2025-08-25T15:34:19.153+0300] {dagbag.py:588} INFO - Filling up the DagBag from /mnt/d/Образование/career_courses_postupashky_start/ML/ДЗ/Хард/small_mlflow_pipeline/.venv/lib/python3.12/site-packages/airflow/example_dags/example_datasets.py
[2025-08-25T15:34:19.223+0300] {processor.py:925} INFO - DAG(s) 'dataset_produces_1', 'conditional_dataset_and_time_based_timetable', 'dataset_consumes_unknown_never_scheduled', 'dataset_produces_2', 'consume_1_and_2_with_dataset_expressions', 'dataset_consumes_1_never_scheduled', 'consume_1_or_both_2_and_3_with_dataset_expressions', 'dataset_consumes_1', 'consume_1_or_2_with_dataset_expressions', 'dataset_consumes_1_and_2' retrieved from /mnt/d/Образование/career_courses_postupashky_start/ML/ДЗ/Хард/small_mlflow_pipeline/.venv/lib/python3.12/site-packages/airflow/example_dags/example_datasets.py
[2025-08-25T15:34:19.263+0300] {logging_mixin.py:190} INFO - [2025-08-25T15:34:19.263+0300] {dag.py:3239} INFO - Sync 10 DAGs
[2025-08-25T15:34:19.282+0300] {logging_mixin.py:190} INFO - [2025-08-25T15:34:19.282+0300] {dag.py:4180} INFO - Setting next_dagrun for conditional_dataset_and_time_based_timetable to 2025-08-20 01:00:00+00:00, run_after=2025-08-20 01:00:00+00:00
[2025-08-25T15:34:19.286+0300] {logging_mixin.py:190} INFO - [2025-08-25T15:34:19.285+0300] {dag.py:4180} INFO - Setting next_dagrun for consume_1_and_2_with_dataset_expressions to None, run_after=None
[2025-08-25T15:34:19.288+0300] {logging_mixin.py:190} INFO - [2025-08-25T15:34:19.287+0300] {dag.py:4180} INFO - Setting next_dagrun for consume_1_or_2_with_dataset_expressions to None, run_after=None
[2025-08-25T15:34:19.290+0300] {logging_mixin.py:190} INFO - [2025-08-25T15:34:19.289+0300] {dag.py:4180} INFO - Setting next_dagrun for consume_1_or_both_2_and_3_with_dataset_expressions to None, run_after=None
[2025-08-25T15:34:19.292+0300] {logging_mixin.py:190} INFO - [2025-08-25T15:34:19.291+0300] {dag.py:4180} INFO - Setting next_dagrun for dataset_consumes_1 to None, run_after=None
[2025-08-25T15:34:19.294+0300] {logging_mixin.py:190} INFO - [2025-08-25T15:34:19.293+0300] {dag.py:4180} INFO - Setting next_dagrun for dataset_consumes_1_and_2 to None, run_after=None
[2025-08-25T15:34:19.296+0300] {logging_mixin.py:190} INFO - [2025-08-25T15:34:19.295+0300] {dag.py:4180} INFO - Setting next_dagrun for dataset_consumes_1_never_scheduled to None, run_after=None
[2025-08-25T15:34:19.297+0300] {logging_mixin.py:190} INFO - [2025-08-25T15:34:19.297+0300] {dag.py:4180} INFO - Setting next_dagrun for dataset_consumes_unknown_never_scheduled to None, run_after=None
[2025-08-25T15:34:19.300+0300] {logging_mixin.py:190} INFO - [2025-08-25T15:34:19.299+0300] {dag.py:4180} INFO - Setting next_dagrun for dataset_produces_1 to 2025-08-24 00:00:00+00:00, run_after=2025-08-25 00:00:00+00:00
[2025-08-25T15:34:19.302+0300] {logging_mixin.py:190} INFO - [2025-08-25T15:34:19.301+0300] {dag.py:4180} INFO - Setting next_dagrun for dataset_produces_2 to None, run_after=None
[2025-08-25T15:34:19.348+0300] {processor.py:208} INFO - Processing /mnt/d/Образование/career_courses_postupashky_start/ML/ДЗ/Хард/small_mlflow_pipeline/.venv/lib/python3.12/site-packages/airflow/example_dags/example_datasets.py took 0.204 seconds
[2025-08-25T15:35:26.479+0300] {processor.py:186} INFO - Started process (PID=2710) to work on /mnt/d/Образование/career_courses_postupashky_start/ML/ДЗ/Хард/small_mlflow_pipeline/.venv/lib/python3.12/site-packages/airflow/example_dags/example_datasets.py
[2025-08-25T15:35:26.480+0300] {processor.py:914} INFO - Processing file /mnt/d/Образование/career_courses_postupashky_start/ML/ДЗ/Хард/small_mlflow_pipeline/.venv/lib/python3.12/site-packages/airflow/example_dags/example_datasets.py for tasks to queue
[2025-08-25T15:35:26.482+0300] {logging_mixin.py:190} INFO - [2025-08-25T15:35:26.482+0300] {dagbag.py:588} INFO - Filling up the DagBag from /mnt/d/Образование/career_courses_postupashky_start/ML/ДЗ/Хард/small_mlflow_pipeline/.venv/lib/python3.12/site-packages/airflow/example_dags/example_datasets.py
[2025-08-25T15:35:26.553+0300] {processor.py:925} INFO - DAG(s) 'consume_1_or_both_2_and_3_with_dataset_expressions', 'dataset_consumes_1', 'dataset_produces_2', 'dataset_consumes_1_and_2', 'dataset_produces_1', 'dataset_consumes_1_never_scheduled', 'dataset_consumes_unknown_never_scheduled', 'consume_1_and_2_with_dataset_expressions', 'consume_1_or_2_with_dataset_expressions', 'conditional_dataset_and_time_based_timetable' retrieved from /mnt/d/Образование/career_courses_postupashky_start/ML/ДЗ/Хард/small_mlflow_pipeline/.venv/lib/python3.12/site-packages/airflow/example_dags/example_datasets.py
[2025-08-25T15:35:26.589+0300] {logging_mixin.py:190} INFO - [2025-08-25T15:35:26.589+0300] {dag.py:3239} INFO - Sync 10 DAGs
[2025-08-25T15:35:26.605+0300] {logging_mixin.py:190} INFO - [2025-08-25T15:35:26.604+0300] {dag.py:4180} INFO - Setting next_dagrun for conditional_dataset_and_time_based_timetable to 2025-08-20 01:00:00+00:00, run_after=2025-08-20 01:00:00+00:00
[2025-08-25T15:35:26.609+0300] {logging_mixin.py:190} INFO - [2025-08-25T15:35:26.608+0300] {dag.py:4180} INFO - Setting next_dagrun for consume_1_and_2_with_dataset_expressions to None, run_after=None
[2025-08-25T15:35:26.611+0300] {logging_mixin.py:190} INFO - [2025-08-25T15:35:26.610+0300] {dag.py:4180} INFO - Setting next_dagrun for consume_1_or_2_with_dataset_expressions to None, run_after=None
[2025-08-25T15:35:26.613+0300] {logging_mixin.py:190} INFO - [2025-08-25T15:35:26.612+0300] {dag.py:4180} INFO - Setting next_dagrun for consume_1_or_both_2_and_3_with_dataset_expressions to None, run_after=None
[2025-08-25T15:35:26.614+0300] {logging_mixin.py:190} INFO - [2025-08-25T15:35:26.614+0300] {dag.py:4180} INFO - Setting next_dagrun for dataset_consumes_1 to None, run_after=None
[2025-08-25T15:35:26.616+0300] {logging_mixin.py:190} INFO - [2025-08-25T15:35:26.616+0300] {dag.py:4180} INFO - Setting next_dagrun for dataset_consumes_1_and_2 to None, run_after=None
[2025-08-25T15:35:26.618+0300] {logging_mixin.py:190} INFO - [2025-08-25T15:35:26.617+0300] {dag.py:4180} INFO - Setting next_dagrun for dataset_consumes_1_never_scheduled to None, run_after=None
[2025-08-25T15:35:26.620+0300] {logging_mixin.py:190} INFO - [2025-08-25T15:35:26.619+0300] {dag.py:4180} INFO - Setting next_dagrun for dataset_consumes_unknown_never_scheduled to None, run_after=None
[2025-08-25T15:35:26.622+0300] {logging_mixin.py:190} INFO - [2025-08-25T15:35:26.622+0300] {dag.py:4180} INFO - Setting next_dagrun for dataset_produces_1 to 2025-08-24 00:00:00+00:00, run_after=2025-08-25 00:00:00+00:00
[2025-08-25T15:35:26.624+0300] {logging_mixin.py:190} INFO - [2025-08-25T15:35:26.623+0300] {dag.py:4180} INFO - Setting next_dagrun for dataset_produces_2 to None, run_after=None
[2025-08-25T15:35:26.665+0300] {processor.py:208} INFO - Processing /mnt/d/Образование/career_courses_postupashky_start/ML/ДЗ/Хард/small_mlflow_pipeline/.venv/lib/python3.12/site-packages/airflow/example_dags/example_datasets.py took 0.194 seconds
[2025-08-25T15:36:34.163+0300] {processor.py:186} INFO - Started process (PID=2996) to work on /mnt/d/Образование/career_courses_postupashky_start/ML/ДЗ/Хард/small_mlflow_pipeline/.venv/lib/python3.12/site-packages/airflow/example_dags/example_datasets.py
[2025-08-25T15:36:34.164+0300] {processor.py:914} INFO - Processing file /mnt/d/Образование/career_courses_postupashky_start/ML/ДЗ/Хард/small_mlflow_pipeline/.venv/lib/python3.12/site-packages/airflow/example_dags/example_datasets.py for tasks to queue
[2025-08-25T15:36:34.166+0300] {logging_mixin.py:190} INFO - [2025-08-25T15:36:34.165+0300] {dagbag.py:588} INFO - Filling up the DagBag from /mnt/d/Образование/career_courses_postupashky_start/ML/ДЗ/Хард/small_mlflow_pipeline/.venv/lib/python3.12/site-packages/airflow/example_dags/example_datasets.py
[2025-08-25T15:36:34.237+0300] {processor.py:925} INFO - DAG(s) 'consume_1_and_2_with_dataset_expressions', 'dataset_consumes_1_never_scheduled', 'dataset_consumes_1_and_2', 'consume_1_or_both_2_and_3_with_dataset_expressions', 'dataset_consumes_unknown_never_scheduled', 'dataset_produces_2', 'consume_1_or_2_with_dataset_expressions', 'conditional_dataset_and_time_based_timetable', 'dataset_consumes_1', 'dataset_produces_1' retrieved from /mnt/d/Образование/career_courses_postupashky_start/ML/ДЗ/Хард/small_mlflow_pipeline/.venv/lib/python3.12/site-packages/airflow/example_dags/example_datasets.py
[2025-08-25T15:36:34.277+0300] {logging_mixin.py:190} INFO - [2025-08-25T15:36:34.277+0300] {dag.py:3239} INFO - Sync 10 DAGs
[2025-08-25T15:36:34.295+0300] {logging_mixin.py:190} INFO - [2025-08-25T15:36:34.295+0300] {dag.py:4180} INFO - Setting next_dagrun for conditional_dataset_and_time_based_timetable to 2025-08-20 01:00:00+00:00, run_after=2025-08-20 01:00:00+00:00
[2025-08-25T15:36:34.299+0300] {logging_mixin.py:190} INFO - [2025-08-25T15:36:34.298+0300] {dag.py:4180} INFO - Setting next_dagrun for consume_1_and_2_with_dataset_expressions to None, run_after=None
[2025-08-25T15:36:34.301+0300] {logging_mixin.py:190} INFO - [2025-08-25T15:36:34.300+0300] {dag.py:4180} INFO - Setting next_dagrun for consume_1_or_2_with_dataset_expressions to None, run_after=None
[2025-08-25T15:36:34.303+0300] {logging_mixin.py:190} INFO - [2025-08-25T15:36:34.302+0300] {dag.py:4180} INFO - Setting next_dagrun for consume_1_or_both_2_and_3_with_dataset_expressions to None, run_after=None
[2025-08-25T15:36:34.305+0300] {logging_mixin.py:190} INFO - [2025-08-25T15:36:34.305+0300] {dag.py:4180} INFO - Setting next_dagrun for dataset_consumes_1 to None, run_after=None
[2025-08-25T15:36:34.307+0300] {logging_mixin.py:190} INFO - [2025-08-25T15:36:34.306+0300] {dag.py:4180} INFO - Setting next_dagrun for dataset_consumes_1_and_2 to None, run_after=None
[2025-08-25T15:36:34.309+0300] {logging_mixin.py:190} INFO - [2025-08-25T15:36:34.308+0300] {dag.py:4180} INFO - Setting next_dagrun for dataset_consumes_1_never_scheduled to None, run_after=None
[2025-08-25T15:36:34.310+0300] {logging_mixin.py:190} INFO - [2025-08-25T15:36:34.310+0300] {dag.py:4180} INFO - Setting next_dagrun for dataset_consumes_unknown_never_scheduled to None, run_after=None
[2025-08-25T15:36:34.313+0300] {logging_mixin.py:190} INFO - [2025-08-25T15:36:34.313+0300] {dag.py:4180} INFO - Setting next_dagrun for dataset_produces_1 to 2025-08-24 00:00:00+00:00, run_after=2025-08-25 00:00:00+00:00
[2025-08-25T15:36:34.315+0300] {logging_mixin.py:190} INFO - [2025-08-25T15:36:34.314+0300] {dag.py:4180} INFO - Setting next_dagrun for dataset_produces_2 to None, run_after=None
[2025-08-25T15:36:34.357+0300] {processor.py:208} INFO - Processing /mnt/d/Образование/career_courses_postupashky_start/ML/ДЗ/Хард/small_mlflow_pipeline/.venv/lib/python3.12/site-packages/airflow/example_dags/example_datasets.py took 0.201 seconds
