[2025-08-25T15:29:02.659+0300] {processor.py:186} INFO - Started process (PID=818) to work on /mnt/d/Образование/career_courses_postupashky_start/ML/ДЗ/Хард/small_mlflow_pipeline/.venv/lib/python3.12/site-packages/airflow/example_dags/example_short_circuit_decorator.py
[2025-08-25T15:29:02.660+0300] {processor.py:914} INFO - Processing file /mnt/d/Образование/career_courses_postupashky_start/ML/ДЗ/Хард/small_mlflow_pipeline/.venv/lib/python3.12/site-packages/airflow/example_dags/example_short_circuit_decorator.py for tasks to queue
[2025-08-25T15:29:02.662+0300] {logging_mixin.py:190} INFO - [2025-08-25T15:29:02.661+0300] {dagbag.py:588} INFO - Filling up the DagBag from /mnt/d/Образование/career_courses_postupashky_start/ML/ДЗ/Хард/small_mlflow_pipeline/.venv/lib/python3.12/site-packages/airflow/example_dags/example_short_circuit_decorator.py
[2025-08-25T15:29:02.703+0300] {processor.py:925} INFO - DAG(s) 'example_short_circuit_decorator' retrieved from /mnt/d/Образование/career_courses_postupashky_start/ML/ДЗ/Хард/small_mlflow_pipeline/.venv/lib/python3.12/site-packages/airflow/example_dags/example_short_circuit_decorator.py
[2025-08-25T15:29:03.302+0300] {logging_mixin.py:190} INFO - [2025-08-25T15:29:03.301+0300] {override.py:1930} INFO - Created Permission View: can delete on DAG:example_short_circuit_decorator
[2025-08-25T15:29:03.321+0300] {logging_mixin.py:190} INFO - [2025-08-25T15:29:03.320+0300] {override.py:1930} INFO - Created Permission View: can edit on DAG:example_short_circuit_decorator
[2025-08-25T15:29:03.339+0300] {logging_mixin.py:190} INFO - [2025-08-25T15:29:03.338+0300] {override.py:1930} INFO - Created Permission View: can read on DAG:example_short_circuit_decorator
[2025-08-25T15:29:03.367+0300] {logging_mixin.py:190} INFO - [2025-08-25T15:29:03.366+0300] {override.py:1930} INFO - Created Permission View: can delete on DAG Run:example_short_circuit_decorator
[2025-08-25T15:29:03.384+0300] {logging_mixin.py:190} INFO - [2025-08-25T15:29:03.383+0300] {override.py:1930} INFO - Created Permission View: can create on DAG Run:example_short_circuit_decorator
[2025-08-25T15:29:03.402+0300] {logging_mixin.py:190} INFO - [2025-08-25T15:29:03.402+0300] {override.py:1930} INFO - Created Permission View: can read on DAG Run:example_short_circuit_decorator
[2025-08-25T15:29:03.420+0300] {logging_mixin.py:190} INFO - [2025-08-25T15:29:03.419+0300] {override.py:1930} INFO - Created Permission View: menu access on DAG Run:example_short_circuit_decorator
[2025-08-25T15:29:03.421+0300] {logging_mixin.py:190} INFO - [2025-08-25T15:29:03.421+0300] {dag.py:3239} INFO - Sync 1 DAGs
[2025-08-25T15:29:03.433+0300] {logging_mixin.py:190} INFO - [2025-08-25T15:29:03.432+0300] {dag.py:3262} INFO - Creating ORM DAG for example_short_circuit_decorator
[2025-08-25T15:29:03.434+0300] {logging_mixin.py:190} INFO - [2025-08-25T15:29:03.434+0300] {dag.py:4180} INFO - Setting next_dagrun for example_short_circuit_decorator to None, run_after=None
[2025-08-25T15:29:03.467+0300] {processor.py:208} INFO - Processing /mnt/d/Образование/career_courses_postupashky_start/ML/ДЗ/Хард/small_mlflow_pipeline/.venv/lib/python3.12/site-packages/airflow/example_dags/example_short_circuit_decorator.py took 0.813 seconds
[2025-08-25T15:32:17.488+0300] {processor.py:186} INFO - Started process (PID=1908) to work on /mnt/d/Образование/career_courses_postupashky_start/ML/ДЗ/Хард/small_mlflow_pipeline/.venv/lib/python3.12/site-packages/airflow/example_dags/example_short_circuit_decorator.py
[2025-08-25T15:32:17.489+0300] {processor.py:914} INFO - Processing file /mnt/d/Образование/career_courses_postupashky_start/ML/ДЗ/Хард/small_mlflow_pipeline/.venv/lib/python3.12/site-packages/airflow/example_dags/example_short_circuit_decorator.py for tasks to queue
[2025-08-25T15:32:17.491+0300] {logging_mixin.py:190} INFO - [2025-08-25T15:32:17.490+0300] {dagbag.py:588} INFO - Filling up the DagBag from /mnt/d/Образование/career_courses_postupashky_start/ML/ДЗ/Хард/small_mlflow_pipeline/.venv/lib/python3.12/site-packages/airflow/example_dags/example_short_circuit_decorator.py
[2025-08-25T15:32:17.528+0300] {processor.py:925} INFO - DAG(s) 'example_short_circuit_decorator' retrieved from /mnt/d/Образование/career_courses_postupashky_start/ML/ДЗ/Хард/small_mlflow_pipeline/.venv/lib/python3.12/site-packages/airflow/example_dags/example_short_circuit_decorator.py
[2025-08-25T15:32:17.550+0300] {logging_mixin.py:190} INFO - [2025-08-25T15:32:17.549+0300] {dag.py:3239} INFO - Sync 1 DAGs
[2025-08-25T15:32:17.559+0300] {logging_mixin.py:190} INFO - [2025-08-25T15:32:17.558+0300] {dag.py:4180} INFO - Setting next_dagrun for example_short_circuit_decorator to None, run_after=None
[2025-08-25T15:32:17.593+0300] {processor.py:208} INFO - Processing /mnt/d/Образование/career_courses_postupashky_start/ML/ДЗ/Хард/small_mlflow_pipeline/.venv/lib/python3.12/site-packages/airflow/example_dags/example_short_circuit_decorator.py took 0.111 seconds
[2025-08-25T15:33:39.085+0300] {processor.py:186} INFO - Started process (PID=2332) to work on /mnt/d/Образование/career_courses_postupashky_start/ML/ДЗ/Хард/small_mlflow_pipeline/.venv/lib/python3.12/site-packages/airflow/example_dags/example_short_circuit_decorator.py
[2025-08-25T15:33:39.086+0300] {processor.py:914} INFO - Processing file /mnt/d/Образование/career_courses_postupashky_start/ML/ДЗ/Хард/small_mlflow_pipeline/.venv/lib/python3.12/site-packages/airflow/example_dags/example_short_circuit_decorator.py for tasks to queue
[2025-08-25T15:33:39.088+0300] {logging_mixin.py:190} INFO - [2025-08-25T15:33:39.087+0300] {dagbag.py:588} INFO - Filling up the DagBag from /mnt/d/Образование/career_courses_postupashky_start/ML/ДЗ/Хард/small_mlflow_pipeline/.venv/lib/python3.12/site-packages/airflow/example_dags/example_short_circuit_decorator.py
[2025-08-25T15:33:39.123+0300] {processor.py:925} INFO - DAG(s) 'example_short_circuit_decorator' retrieved from /mnt/d/Образование/career_courses_postupashky_start/ML/ДЗ/Хард/small_mlflow_pipeline/.venv/lib/python3.12/site-packages/airflow/example_dags/example_short_circuit_decorator.py
[2025-08-25T15:33:39.141+0300] {logging_mixin.py:190} INFO - [2025-08-25T15:33:39.141+0300] {dag.py:3239} INFO - Sync 1 DAGs
[2025-08-25T15:33:39.151+0300] {logging_mixin.py:190} INFO - [2025-08-25T15:33:39.150+0300] {dag.py:4180} INFO - Setting next_dagrun for example_short_circuit_decorator to None, run_after=None
[2025-08-25T15:33:39.185+0300] {processor.py:208} INFO - Processing /mnt/d/Образование/career_courses_postupashky_start/ML/ДЗ/Хард/small_mlflow_pipeline/.venv/lib/python3.12/site-packages/airflow/example_dags/example_short_circuit_decorator.py took 0.105 seconds
[2025-08-25T15:34:47.925+0300] {processor.py:186} INFO - Started process (PID=2557) to work on /mnt/d/Образование/career_courses_postupashky_start/ML/ДЗ/Хард/small_mlflow_pipeline/.venv/lib/python3.12/site-packages/airflow/example_dags/example_short_circuit_decorator.py
[2025-08-25T15:34:47.926+0300] {processor.py:914} INFO - Processing file /mnt/d/Образование/career_courses_postupashky_start/ML/ДЗ/Хард/small_mlflow_pipeline/.venv/lib/python3.12/site-packages/airflow/example_dags/example_short_circuit_decorator.py for tasks to queue
[2025-08-25T15:34:47.928+0300] {logging_mixin.py:190} INFO - [2025-08-25T15:34:47.927+0300] {dagbag.py:588} INFO - Filling up the DagBag from /mnt/d/Образование/career_courses_postupashky_start/ML/ДЗ/Хард/small_mlflow_pipeline/.venv/lib/python3.12/site-packages/airflow/example_dags/example_short_circuit_decorator.py
[2025-08-25T15:34:47.965+0300] {processor.py:925} INFO - DAG(s) 'example_short_circuit_decorator' retrieved from /mnt/d/Образование/career_courses_postupashky_start/ML/ДЗ/Хард/small_mlflow_pipeline/.venv/lib/python3.12/site-packages/airflow/example_dags/example_short_circuit_decorator.py
[2025-08-25T15:34:47.983+0300] {logging_mixin.py:190} INFO - [2025-08-25T15:34:47.982+0300] {dag.py:3239} INFO - Sync 1 DAGs
[2025-08-25T15:34:47.992+0300] {logging_mixin.py:190} INFO - [2025-08-25T15:34:47.991+0300] {dag.py:4180} INFO - Setting next_dagrun for example_short_circuit_decorator to None, run_after=None
[2025-08-25T15:34:48.023+0300] {processor.py:208} INFO - Processing /mnt/d/Образование/career_courses_postupashky_start/ML/ДЗ/Хард/small_mlflow_pipeline/.venv/lib/python3.12/site-packages/airflow/example_dags/example_short_circuit_decorator.py took 0.105 seconds
[2025-08-25T15:35:55.853+0300] {processor.py:186} INFO - Started process (PID=2844) to work on /mnt/d/Образование/career_courses_postupashky_start/ML/ДЗ/Хард/small_mlflow_pipeline/.venv/lib/python3.12/site-packages/airflow/example_dags/example_short_circuit_decorator.py
[2025-08-25T15:35:55.854+0300] {processor.py:914} INFO - Processing file /mnt/d/Образование/career_courses_postupashky_start/ML/ДЗ/Хард/small_mlflow_pipeline/.venv/lib/python3.12/site-packages/airflow/example_dags/example_short_circuit_decorator.py for tasks to queue
[2025-08-25T15:35:55.856+0300] {logging_mixin.py:190} INFO - [2025-08-25T15:35:55.856+0300] {dagbag.py:588} INFO - Filling up the DagBag from /mnt/d/Образование/career_courses_postupashky_start/ML/ДЗ/Хард/small_mlflow_pipeline/.venv/lib/python3.12/site-packages/airflow/example_dags/example_short_circuit_decorator.py
[2025-08-25T15:35:55.891+0300] {processor.py:925} INFO - DAG(s) 'example_short_circuit_decorator' retrieved from /mnt/d/Образование/career_courses_postupashky_start/ML/ДЗ/Хард/small_mlflow_pipeline/.venv/lib/python3.12/site-packages/airflow/example_dags/example_short_circuit_decorator.py
[2025-08-25T15:35:55.908+0300] {logging_mixin.py:190} INFO - [2025-08-25T15:35:55.908+0300] {dag.py:3239} INFO - Sync 1 DAGs
[2025-08-25T15:35:55.918+0300] {logging_mixin.py:190} INFO - [2025-08-25T15:35:55.917+0300] {dag.py:4180} INFO - Setting next_dagrun for example_short_circuit_decorator to None, run_after=None
[2025-08-25T15:35:55.953+0300] {processor.py:208} INFO - Processing /mnt/d/Образование/career_courses_postupashky_start/ML/ДЗ/Хард/small_mlflow_pipeline/.venv/lib/python3.12/site-packages/airflow/example_dags/example_short_circuit_decorator.py took 0.106 seconds
[2025-08-25T15:37:07.055+0300] {processor.py:186} INFO - Started process (PID=3254) to work on /mnt/d/Образование/career_courses_postupashky_start/ML/ДЗ/Хард/small_mlflow_pipeline/.venv/lib/python3.12/site-packages/airflow/example_dags/example_short_circuit_decorator.py
[2025-08-25T15:37:07.056+0300] {processor.py:914} INFO - Processing file /mnt/d/Образование/career_courses_postupashky_start/ML/ДЗ/Хард/small_mlflow_pipeline/.venv/lib/python3.12/site-packages/airflow/example_dags/example_short_circuit_decorator.py for tasks to queue
[2025-08-25T15:37:07.058+0300] {logging_mixin.py:190} INFO - [2025-08-25T15:37:07.058+0300] {dagbag.py:588} INFO - Filling up the DagBag from /mnt/d/Образование/career_courses_postupashky_start/ML/ДЗ/Хард/small_mlflow_pipeline/.venv/lib/python3.12/site-packages/airflow/example_dags/example_short_circuit_decorator.py
[2025-08-25T15:37:07.094+0300] {processor.py:925} INFO - DAG(s) 'example_short_circuit_decorator' retrieved from /mnt/d/Образование/career_courses_postupashky_start/ML/ДЗ/Хард/small_mlflow_pipeline/.venv/lib/python3.12/site-packages/airflow/example_dags/example_short_circuit_decorator.py
[2025-08-25T15:37:07.111+0300] {logging_mixin.py:190} INFO - [2025-08-25T15:37:07.110+0300] {dag.py:3239} INFO - Sync 1 DAGs
[2025-08-25T15:37:07.120+0300] {logging_mixin.py:190} INFO - [2025-08-25T15:37:07.119+0300] {dag.py:4180} INFO - Setting next_dagrun for example_short_circuit_decorator to None, run_after=None
[2025-08-25T15:37:07.150+0300] {processor.py:208} INFO - Processing /mnt/d/Образование/career_courses_postupashky_start/ML/ДЗ/Хард/small_mlflow_pipeline/.venv/lib/python3.12/site-packages/airflow/example_dags/example_short_circuit_decorator.py took 0.100 seconds
