[2025-08-25T15:32:32.500+0300] {processor.py:186} INFO - Started process (PID=1942) to work on /mnt/d/Образование/career_courses_postupashky_start/ML/ДЗ/Хард/small_mlflow_pipeline/.venv/lib/python3.12/site-packages/airflow/example_dags/example_latest_only_with_trigger.py
[2025-08-25T15:32:32.501+0300] {processor.py:914} INFO - Processing file /mnt/d/Образование/career_courses_postupashky_start/ML/ДЗ/Хард/small_mlflow_pipeline/.venv/lib/python3.12/site-packages/airflow/example_dags/example_latest_only_with_trigger.py for tasks to queue
[2025-08-25T15:32:32.504+0300] {logging_mixin.py:190} INFO - [2025-08-25T15:32:32.503+0300] {dagbag.py:588} INFO - Filling up the DagBag from /mnt/d/Образование/career_courses_postupashky_start/ML/ДЗ/Хард/small_mlflow_pipeline/.venv/lib/python3.12/site-packages/airflow/example_dags/example_latest_only_with_trigger.py
[2025-08-25T15:32:32.544+0300] {processor.py:925} INFO - DAG(s) 'latest_only_with_trigger' retrieved from /mnt/d/Образование/career_courses_postupashky_start/ML/ДЗ/Хард/small_mlflow_pipeline/.venv/lib/python3.12/site-packages/airflow/example_dags/example_latest_only_with_trigger.py
[2025-08-25T15:32:33.180+0300] {logging_mixin.py:190} INFO - [2025-08-25T15:32:33.179+0300] {override.py:1930} INFO - Created Permission View: can read on DAG:latest_only_with_trigger
[2025-08-25T15:32:33.202+0300] {logging_mixin.py:190} INFO - [2025-08-25T15:32:33.201+0300] {override.py:1930} INFO - Created Permission View: can delete on DAG:latest_only_with_trigger
[2025-08-25T15:32:33.221+0300] {logging_mixin.py:190} INFO - [2025-08-25T15:32:33.220+0300] {override.py:1930} INFO - Created Permission View: can edit on DAG:latest_only_with_trigger
[2025-08-25T15:32:33.253+0300] {logging_mixin.py:190} INFO - [2025-08-25T15:32:33.252+0300] {override.py:1930} INFO - Created Permission View: menu access on DAG Run:latest_only_with_trigger
[2025-08-25T15:32:33.277+0300] {logging_mixin.py:190} INFO - [2025-08-25T15:32:33.276+0300] {override.py:1930} INFO - Created Permission View: can create on DAG Run:latest_only_with_trigger
[2025-08-25T15:32:33.295+0300] {logging_mixin.py:190} INFO - [2025-08-25T15:32:33.294+0300] {override.py:1930} INFO - Created Permission View: can read on DAG Run:latest_only_with_trigger
[2025-08-25T15:32:33.314+0300] {logging_mixin.py:190} INFO - [2025-08-25T15:32:33.313+0300] {override.py:1930} INFO - Created Permission View: can delete on DAG Run:latest_only_with_trigger
[2025-08-25T15:32:33.315+0300] {logging_mixin.py:190} INFO - [2025-08-25T15:32:33.314+0300] {dag.py:3239} INFO - Sync 1 DAGs
[2025-08-25T15:32:33.328+0300] {logging_mixin.py:190} INFO - [2025-08-25T15:32:33.327+0300] {dag.py:3262} INFO - Creating ORM DAG for latest_only_with_trigger
[2025-08-25T15:32:33.337+0300] {logging_mixin.py:190} INFO - [2025-08-25T15:32:33.337+0300] {dag.py:4180} INFO - Setting next_dagrun for latest_only_with_trigger to 2025-08-25 08:00:00+00:00, run_after=2025-08-25 12:00:00+00:00
[2025-08-25T15:32:33.371+0300] {processor.py:208} INFO - Processing /mnt/d/Образование/career_courses_postupashky_start/ML/ДЗ/Хард/small_mlflow_pipeline/.venv/lib/python3.12/site-packages/airflow/example_dags/example_latest_only_with_trigger.py took 0.877 seconds
[2025-08-25T15:33:52.972+0300] {processor.py:186} INFO - Started process (PID=2426) to work on /mnt/d/Образование/career_courses_postupashky_start/ML/ДЗ/Хард/small_mlflow_pipeline/.venv/lib/python3.12/site-packages/airflow/example_dags/example_latest_only_with_trigger.py
[2025-08-25T15:33:52.972+0300] {processor.py:914} INFO - Processing file /mnt/d/Образование/career_courses_postupashky_start/ML/ДЗ/Хард/small_mlflow_pipeline/.venv/lib/python3.12/site-packages/airflow/example_dags/example_latest_only_with_trigger.py for tasks to queue
[2025-08-25T15:33:52.974+0300] {logging_mixin.py:190} INFO - [2025-08-25T15:33:52.974+0300] {dagbag.py:588} INFO - Filling up the DagBag from /mnt/d/Образование/career_courses_postupashky_start/ML/ДЗ/Хард/small_mlflow_pipeline/.venv/lib/python3.12/site-packages/airflow/example_dags/example_latest_only_with_trigger.py
[2025-08-25T15:33:53.010+0300] {processor.py:925} INFO - DAG(s) 'latest_only_with_trigger' retrieved from /mnt/d/Образование/career_courses_postupashky_start/ML/ДЗ/Хард/small_mlflow_pipeline/.venv/lib/python3.12/site-packages/airflow/example_dags/example_latest_only_with_trigger.py
[2025-08-25T15:33:53.026+0300] {logging_mixin.py:190} INFO - [2025-08-25T15:33:53.025+0300] {dag.py:3239} INFO - Sync 1 DAGs
[2025-08-25T15:33:53.042+0300] {logging_mixin.py:190} INFO - [2025-08-25T15:33:53.042+0300] {dag.py:4180} INFO - Setting next_dagrun for latest_only_with_trigger to 2025-08-25 08:00:00+00:00, run_after=2025-08-25 12:00:00+00:00
[2025-08-25T15:33:53.074+0300] {processor.py:208} INFO - Processing /mnt/d/Образование/career_courses_postupashky_start/ML/ДЗ/Хард/small_mlflow_pipeline/.venv/lib/python3.12/site-packages/airflow/example_dags/example_latest_only_with_trigger.py took 0.109 seconds
[2025-08-25T15:35:01.238+0300] {processor.py:186} INFO - Started process (PID=2651) to work on /mnt/d/Образование/career_courses_postupashky_start/ML/ДЗ/Хард/small_mlflow_pipeline/.venv/lib/python3.12/site-packages/airflow/example_dags/example_latest_only_with_trigger.py
[2025-08-25T15:35:01.239+0300] {processor.py:914} INFO - Processing file /mnt/d/Образование/career_courses_postupashky_start/ML/ДЗ/Хард/small_mlflow_pipeline/.venv/lib/python3.12/site-packages/airflow/example_dags/example_latest_only_with_trigger.py for tasks to queue
[2025-08-25T15:35:01.241+0300] {logging_mixin.py:190} INFO - [2025-08-25T15:35:01.241+0300] {dagbag.py:588} INFO - Filling up the DagBag from /mnt/d/Образование/career_courses_postupashky_start/ML/ДЗ/Хард/small_mlflow_pipeline/.venv/lib/python3.12/site-packages/airflow/example_dags/example_latest_only_with_trigger.py
[2025-08-25T15:35:01.276+0300] {processor.py:925} INFO - DAG(s) 'latest_only_with_trigger' retrieved from /mnt/d/Образование/career_courses_postupashky_start/ML/ДЗ/Хард/small_mlflow_pipeline/.venv/lib/python3.12/site-packages/airflow/example_dags/example_latest_only_with_trigger.py
[2025-08-25T15:35:01.291+0300] {logging_mixin.py:190} INFO - [2025-08-25T15:35:01.290+0300] {dag.py:3239} INFO - Sync 1 DAGs
[2025-08-25T15:35:01.308+0300] {logging_mixin.py:190} INFO - [2025-08-25T15:35:01.307+0300] {dag.py:4180} INFO - Setting next_dagrun for latest_only_with_trigger to 2025-08-25 08:00:00+00:00, run_after=2025-08-25 12:00:00+00:00
[2025-08-25T15:35:01.342+0300] {processor.py:208} INFO - Processing /mnt/d/Образование/career_courses_postupashky_start/ML/ДЗ/Хард/small_mlflow_pipeline/.venv/lib/python3.12/site-packages/airflow/example_dags/example_latest_only_with_trigger.py took 0.110 seconds
[2025-08-25T15:36:09.515+0300] {processor.py:186} INFO - Started process (PID=2875) to work on /mnt/d/Образование/career_courses_postupashky_start/ML/ДЗ/Хард/small_mlflow_pipeline/.venv/lib/python3.12/site-packages/airflow/example_dags/example_latest_only_with_trigger.py
[2025-08-25T15:36:09.516+0300] {processor.py:914} INFO - Processing file /mnt/d/Образование/career_courses_postupashky_start/ML/ДЗ/Хард/small_mlflow_pipeline/.venv/lib/python3.12/site-packages/airflow/example_dags/example_latest_only_with_trigger.py for tasks to queue
[2025-08-25T15:36:09.517+0300] {logging_mixin.py:190} INFO - [2025-08-25T15:36:09.517+0300] {dagbag.py:588} INFO - Filling up the DagBag from /mnt/d/Образование/career_courses_postupashky_start/ML/ДЗ/Хард/small_mlflow_pipeline/.venv/lib/python3.12/site-packages/airflow/example_dags/example_latest_only_with_trigger.py
[2025-08-25T15:36:09.553+0300] {processor.py:925} INFO - DAG(s) 'latest_only_with_trigger' retrieved from /mnt/d/Образование/career_courses_postupashky_start/ML/ДЗ/Хард/small_mlflow_pipeline/.venv/lib/python3.12/site-packages/airflow/example_dags/example_latest_only_with_trigger.py
[2025-08-25T15:36:09.571+0300] {logging_mixin.py:190} INFO - [2025-08-25T15:36:09.570+0300] {dag.py:3239} INFO - Sync 1 DAGs
[2025-08-25T15:36:09.591+0300] {logging_mixin.py:190} INFO - [2025-08-25T15:36:09.590+0300] {dag.py:4180} INFO - Setting next_dagrun for latest_only_with_trigger to 2025-08-25 08:00:00+00:00, run_after=2025-08-25 12:00:00+00:00
[2025-08-25T15:36:09.628+0300] {processor.py:208} INFO - Processing /mnt/d/Образование/career_courses_postupashky_start/ML/ДЗ/Хард/small_mlflow_pipeline/.venv/lib/python3.12/site-packages/airflow/example_dags/example_latest_only_with_trigger.py took 0.120 seconds
