[2025-08-25T15:32:53.727+0300] {processor.py:186} INFO - Started process (PID=2229) to work on /mnt/d/Образование/career_courses_postupashky_start/ML/ДЗ/Хард/small_mlflow_pipeline/.venv/lib/python3.12/site-packages/airflow/example_dags/example_dag_decorator.py
[2025-08-25T15:32:53.728+0300] {processor.py:914} INFO - Processing file /mnt/d/Образование/career_courses_postupashky_start/ML/ДЗ/Хард/small_mlflow_pipeline/.venv/lib/python3.12/site-packages/airflow/example_dags/example_dag_decorator.py for tasks to queue
[2025-08-25T15:32:53.730+0300] {logging_mixin.py:190} INFO - [2025-08-25T15:32:53.730+0300] {dagbag.py:588} INFO - Filling up the DagBag from /mnt/d/Образование/career_courses_postupashky_start/ML/ДЗ/Хард/small_mlflow_pipeline/.venv/lib/python3.12/site-packages/airflow/example_dags/example_dag_decorator.py
[2025-08-25T15:32:53.905+0300] {processor.py:925} INFO - DAG(s) 'example_dag_decorator' retrieved from /mnt/d/Образование/career_courses_postupashky_start/ML/ДЗ/Хард/small_mlflow_pipeline/.venv/lib/python3.12/site-packages/airflow/example_dags/example_dag_decorator.py
[2025-08-25T15:32:54.499+0300] {logging_mixin.py:190} INFO - [2025-08-25T15:32:54.499+0300] {override.py:1930} INFO - Created Permission View: can read on DAG:example_dag_decorator
[2025-08-25T15:32:54.518+0300] {logging_mixin.py:190} INFO - [2025-08-25T15:32:54.518+0300] {override.py:1930} INFO - Created Permission View: can delete on DAG:example_dag_decorator
[2025-08-25T15:32:54.535+0300] {logging_mixin.py:190} INFO - [2025-08-25T15:32:54.535+0300] {override.py:1930} INFO - Created Permission View: can edit on DAG:example_dag_decorator
[2025-08-25T15:32:54.563+0300] {logging_mixin.py:190} INFO - [2025-08-25T15:32:54.563+0300] {override.py:1930} INFO - Created Permission View: menu access on DAG Run:example_dag_decorator
[2025-08-25T15:32:54.580+0300] {logging_mixin.py:190} INFO - [2025-08-25T15:32:54.579+0300] {override.py:1930} INFO - Created Permission View: can create on DAG Run:example_dag_decorator
[2025-08-25T15:32:54.597+0300] {logging_mixin.py:190} INFO - [2025-08-25T15:32:54.597+0300] {override.py:1930} INFO - Created Permission View: can read on DAG Run:example_dag_decorator
[2025-08-25T15:32:54.614+0300] {logging_mixin.py:190} INFO - [2025-08-25T15:32:54.614+0300] {override.py:1930} INFO - Created Permission View: can delete on DAG Run:example_dag_decorator
[2025-08-25T15:32:54.615+0300] {logging_mixin.py:190} INFO - [2025-08-25T15:32:54.615+0300] {dag.py:3239} INFO - Sync 1 DAGs
[2025-08-25T15:32:54.627+0300] {logging_mixin.py:190} INFO - [2025-08-25T15:32:54.626+0300] {dag.py:3262} INFO - Creating ORM DAG for example_dag_decorator
[2025-08-25T15:32:54.628+0300] {logging_mixin.py:190} INFO - [2025-08-25T15:32:54.628+0300] {dag.py:4180} INFO - Setting next_dagrun for example_dag_decorator to None, run_after=None
[2025-08-25T15:32:54.660+0300] {processor.py:208} INFO - Processing /mnt/d/Образование/career_courses_postupashky_start/ML/ДЗ/Хард/small_mlflow_pipeline/.venv/lib/python3.12/site-packages/airflow/example_dags/example_dag_decorator.py took 0.939 seconds
[2025-08-25T15:34:22.279+0300] {processor.py:186} INFO - Started process (PID=2495) to work on /mnt/d/Образование/career_courses_postupashky_start/ML/ДЗ/Хард/small_mlflow_pipeline/.venv/lib/python3.12/site-packages/airflow/example_dags/example_dag_decorator.py
[2025-08-25T15:34:22.280+0300] {processor.py:914} INFO - Processing file /mnt/d/Образование/career_courses_postupashky_start/ML/ДЗ/Хард/small_mlflow_pipeline/.venv/lib/python3.12/site-packages/airflow/example_dags/example_dag_decorator.py for tasks to queue
[2025-08-25T15:34:22.282+0300] {logging_mixin.py:190} INFO - [2025-08-25T15:34:22.281+0300] {dagbag.py:588} INFO - Filling up the DagBag from /mnt/d/Образование/career_courses_postupashky_start/ML/ДЗ/Хард/small_mlflow_pipeline/.venv/lib/python3.12/site-packages/airflow/example_dags/example_dag_decorator.py
[2025-08-25T15:34:22.449+0300] {processor.py:925} INFO - DAG(s) 'example_dag_decorator' retrieved from /mnt/d/Образование/career_courses_postupashky_start/ML/ДЗ/Хард/small_mlflow_pipeline/.venv/lib/python3.12/site-packages/airflow/example_dags/example_dag_decorator.py
[2025-08-25T15:34:23.028+0300] {logging_mixin.py:190} INFO - [2025-08-25T15:34:23.027+0300] {dag.py:3239} INFO - Sync 1 DAGs
[2025-08-25T15:34:23.036+0300] {logging_mixin.py:190} INFO - [2025-08-25T15:34:23.035+0300] {dag.py:4180} INFO - Setting next_dagrun for example_dag_decorator to None, run_after=None
[2025-08-25T15:34:23.071+0300] {processor.py:208} INFO - Processing /mnt/d/Образование/career_courses_postupashky_start/ML/ДЗ/Хард/small_mlflow_pipeline/.venv/lib/python3.12/site-packages/airflow/example_dags/example_dag_decorator.py took 0.798 seconds
[2025-08-25T15:35:30.066+0300] {processor.py:186} INFO - Started process (PID=2719) to work on /mnt/d/Образование/career_courses_postupashky_start/ML/ДЗ/Хард/small_mlflow_pipeline/.venv/lib/python3.12/site-packages/airflow/example_dags/example_dag_decorator.py
[2025-08-25T15:35:30.067+0300] {processor.py:914} INFO - Processing file /mnt/d/Образование/career_courses_postupashky_start/ML/ДЗ/Хард/small_mlflow_pipeline/.venv/lib/python3.12/site-packages/airflow/example_dags/example_dag_decorator.py for tasks to queue
[2025-08-25T15:35:30.069+0300] {logging_mixin.py:190} INFO - [2025-08-25T15:35:30.068+0300] {dagbag.py:588} INFO - Filling up the DagBag from /mnt/d/Образование/career_courses_postupashky_start/ML/ДЗ/Хард/small_mlflow_pipeline/.venv/lib/python3.12/site-packages/airflow/example_dags/example_dag_decorator.py
[2025-08-25T15:35:30.238+0300] {processor.py:925} INFO - DAG(s) 'example_dag_decorator' retrieved from /mnt/d/Образование/career_courses_postupashky_start/ML/ДЗ/Хард/small_mlflow_pipeline/.venv/lib/python3.12/site-packages/airflow/example_dags/example_dag_decorator.py
[2025-08-25T15:35:30.825+0300] {logging_mixin.py:190} INFO - [2025-08-25T15:35:30.825+0300] {dag.py:3239} INFO - Sync 1 DAGs
[2025-08-25T15:35:30.833+0300] {logging_mixin.py:190} INFO - [2025-08-25T15:35:30.833+0300] {dag.py:4180} INFO - Setting next_dagrun for example_dag_decorator to None, run_after=None
[2025-08-25T15:35:30.868+0300] {processor.py:208} INFO - Processing /mnt/d/Образование/career_courses_postupashky_start/ML/ДЗ/Хард/small_mlflow_pipeline/.venv/lib/python3.12/site-packages/airflow/example_dags/example_dag_decorator.py took 0.808 seconds
[2025-08-25T15:36:38.106+0300] {processor.py:186} INFO - Started process (PID=3067) to work on /mnt/d/Образование/career_courses_postupashky_start/ML/ДЗ/Хард/small_mlflow_pipeline/.venv/lib/python3.12/site-packages/airflow/example_dags/example_dag_decorator.py
[2025-08-25T15:36:38.107+0300] {processor.py:914} INFO - Processing file /mnt/d/Образование/career_courses_postupashky_start/ML/ДЗ/Хард/small_mlflow_pipeline/.venv/lib/python3.12/site-packages/airflow/example_dags/example_dag_decorator.py for tasks to queue
[2025-08-25T15:36:38.109+0300] {logging_mixin.py:190} INFO - [2025-08-25T15:36:38.108+0300] {dagbag.py:588} INFO - Filling up the DagBag from /mnt/d/Образование/career_courses_postupashky_start/ML/ДЗ/Хард/small_mlflow_pipeline/.venv/lib/python3.12/site-packages/airflow/example_dags/example_dag_decorator.py
[2025-08-25T15:36:38.279+0300] {processor.py:925} INFO - DAG(s) 'example_dag_decorator' retrieved from /mnt/d/Образование/career_courses_postupashky_start/ML/ДЗ/Хард/small_mlflow_pipeline/.venv/lib/python3.12/site-packages/airflow/example_dags/example_dag_decorator.py
[2025-08-25T15:36:38.866+0300] {logging_mixin.py:190} INFO - [2025-08-25T15:36:38.865+0300] {dag.py:3239} INFO - Sync 1 DAGs
[2025-08-25T15:36:38.877+0300] {logging_mixin.py:190} INFO - [2025-08-25T15:36:38.877+0300] {dag.py:4180} INFO - Setting next_dagrun for example_dag_decorator to None, run_after=None
[2025-08-25T15:36:38.909+0300] {processor.py:208} INFO - Processing /mnt/d/Образование/career_courses_postupashky_start/ML/ДЗ/Хард/small_mlflow_pipeline/.venv/lib/python3.12/site-packages/airflow/example_dags/example_dag_decorator.py took 0.809 seconds
