[2025-08-25T15:32:38.669+0300] {processor.py:186} INFO - Started process (PID=2017) to work on /mnt/d/Образование/career_courses_postupashky_start/ML/ДЗ/Хард/small_mlflow_pipeline/.venv/lib/python3.12/site-packages/airflow/example_dags/example_external_task_marker_dag.py
[2025-08-25T15:32:38.670+0300] {processor.py:914} INFO - Processing file /mnt/d/Образование/career_courses_postupashky_start/ML/ДЗ/Хард/small_mlflow_pipeline/.venv/lib/python3.12/site-packages/airflow/example_dags/example_external_task_marker_dag.py for tasks to queue
[2025-08-25T15:32:38.672+0300] {logging_mixin.py:190} INFO - [2025-08-25T15:32:38.672+0300] {dagbag.py:588} INFO - Filling up the DagBag from /mnt/d/Образование/career_courses_postupashky_start/ML/ДЗ/Хард/small_mlflow_pipeline/.venv/lib/python3.12/site-packages/airflow/example_dags/example_external_task_marker_dag.py
[2025-08-25T15:32:38.712+0300] {processor.py:925} INFO - DAG(s) 'example_external_task_marker_child', 'example_external_task_marker_parent' retrieved from /mnt/d/Образование/career_courses_postupashky_start/ML/ДЗ/Хард/small_mlflow_pipeline/.venv/lib/python3.12/site-packages/airflow/example_dags/example_external_task_marker_dag.py
[2025-08-25T15:32:39.322+0300] {logging_mixin.py:190} INFO - [2025-08-25T15:32:39.321+0300] {override.py:1930} INFO - Created Permission View: can read on DAG:example_external_task_marker_child
[2025-08-25T15:32:39.341+0300] {logging_mixin.py:190} INFO - [2025-08-25T15:32:39.341+0300] {override.py:1930} INFO - Created Permission View: can delete on DAG:example_external_task_marker_child
[2025-08-25T15:32:39.360+0300] {logging_mixin.py:190} INFO - [2025-08-25T15:32:39.360+0300] {override.py:1930} INFO - Created Permission View: can edit on DAG:example_external_task_marker_child
[2025-08-25T15:32:39.391+0300] {logging_mixin.py:190} INFO - [2025-08-25T15:32:39.391+0300] {override.py:1930} INFO - Created Permission View: menu access on DAG Run:example_external_task_marker_child
[2025-08-25T15:32:39.411+0300] {logging_mixin.py:190} INFO - [2025-08-25T15:32:39.410+0300] {override.py:1930} INFO - Created Permission View: can create on DAG Run:example_external_task_marker_child
[2025-08-25T15:32:39.430+0300] {logging_mixin.py:190} INFO - [2025-08-25T15:32:39.429+0300] {override.py:1930} INFO - Created Permission View: can read on DAG Run:example_external_task_marker_child
[2025-08-25T15:32:39.450+0300] {logging_mixin.py:190} INFO - [2025-08-25T15:32:39.449+0300] {override.py:1930} INFO - Created Permission View: can delete on DAG Run:example_external_task_marker_child
[2025-08-25T15:32:39.486+0300] {logging_mixin.py:190} INFO - [2025-08-25T15:32:39.485+0300] {override.py:1930} INFO - Created Permission View: can read on DAG:example_external_task_marker_parent
[2025-08-25T15:32:39.505+0300] {logging_mixin.py:190} INFO - [2025-08-25T15:32:39.505+0300] {override.py:1930} INFO - Created Permission View: can delete on DAG:example_external_task_marker_parent
[2025-08-25T15:32:39.522+0300] {logging_mixin.py:190} INFO - [2025-08-25T15:32:39.522+0300] {override.py:1930} INFO - Created Permission View: can edit on DAG:example_external_task_marker_parent
[2025-08-25T15:32:39.551+0300] {logging_mixin.py:190} INFO - [2025-08-25T15:32:39.551+0300] {override.py:1930} INFO - Created Permission View: menu access on DAG Run:example_external_task_marker_parent
[2025-08-25T15:32:39.569+0300] {logging_mixin.py:190} INFO - [2025-08-25T15:32:39.569+0300] {override.py:1930} INFO - Created Permission View: can create on DAG Run:example_external_task_marker_parent
[2025-08-25T15:32:39.587+0300] {logging_mixin.py:190} INFO - [2025-08-25T15:32:39.586+0300] {override.py:1930} INFO - Created Permission View: can read on DAG Run:example_external_task_marker_parent
[2025-08-25T15:32:39.603+0300] {logging_mixin.py:190} INFO - [2025-08-25T15:32:39.603+0300] {override.py:1930} INFO - Created Permission View: can delete on DAG Run:example_external_task_marker_parent
[2025-08-25T15:32:39.605+0300] {logging_mixin.py:190} INFO - [2025-08-25T15:32:39.604+0300] {dag.py:3239} INFO - Sync 2 DAGs
[2025-08-25T15:32:39.617+0300] {logging_mixin.py:190} INFO - [2025-08-25T15:32:39.616+0300] {dag.py:3262} INFO - Creating ORM DAG for example_external_task_marker_parent
[2025-08-25T15:32:39.618+0300] {logging_mixin.py:190} INFO - [2025-08-25T15:32:39.618+0300] {dag.py:3262} INFO - Creating ORM DAG for example_external_task_marker_child
[2025-08-25T15:32:39.619+0300] {logging_mixin.py:190} INFO - [2025-08-25T15:32:39.619+0300] {dag.py:4180} INFO - Setting next_dagrun for example_external_task_marker_child to None, run_after=None
[2025-08-25T15:32:39.621+0300] {logging_mixin.py:190} INFO - [2025-08-25T15:32:39.620+0300] {dag.py:4180} INFO - Setting next_dagrun for example_external_task_marker_parent to None, run_after=None
[2025-08-25T15:32:39.654+0300] {processor.py:208} INFO - Processing /mnt/d/Образование/career_courses_postupashky_start/ML/ДЗ/Хард/small_mlflow_pipeline/.venv/lib/python3.12/site-packages/airflow/example_dags/example_external_task_marker_dag.py took 0.991 seconds
[2025-08-25T15:33:57.039+0300] {processor.py:186} INFO - Started process (PID=2436) to work on /mnt/d/Образование/career_courses_postupashky_start/ML/ДЗ/Хард/small_mlflow_pipeline/.venv/lib/python3.12/site-packages/airflow/example_dags/example_external_task_marker_dag.py
[2025-08-25T15:33:57.039+0300] {processor.py:914} INFO - Processing file /mnt/d/Образование/career_courses_postupashky_start/ML/ДЗ/Хард/small_mlflow_pipeline/.venv/lib/python3.12/site-packages/airflow/example_dags/example_external_task_marker_dag.py for tasks to queue
[2025-08-25T15:33:57.041+0300] {logging_mixin.py:190} INFO - [2025-08-25T15:33:57.041+0300] {dagbag.py:588} INFO - Filling up the DagBag from /mnt/d/Образование/career_courses_postupashky_start/ML/ДЗ/Хард/small_mlflow_pipeline/.venv/lib/python3.12/site-packages/airflow/example_dags/example_external_task_marker_dag.py
[2025-08-25T15:33:57.077+0300] {processor.py:925} INFO - DAG(s) 'example_external_task_marker_child', 'example_external_task_marker_parent' retrieved from /mnt/d/Образование/career_courses_postupashky_start/ML/ДЗ/Хард/small_mlflow_pipeline/.venv/lib/python3.12/site-packages/airflow/example_dags/example_external_task_marker_dag.py
[2025-08-25T15:33:57.094+0300] {logging_mixin.py:190} INFO - [2025-08-25T15:33:57.093+0300] {dag.py:3239} INFO - Sync 2 DAGs
[2025-08-25T15:33:57.103+0300] {logging_mixin.py:190} INFO - [2025-08-25T15:33:57.102+0300] {dag.py:4180} INFO - Setting next_dagrun for example_external_task_marker_child to None, run_after=None
[2025-08-25T15:33:57.106+0300] {logging_mixin.py:190} INFO - [2025-08-25T15:33:57.105+0300] {dag.py:4180} INFO - Setting next_dagrun for example_external_task_marker_parent to None, run_after=None
[2025-08-25T15:33:57.140+0300] {processor.py:208} INFO - Processing /mnt/d/Образование/career_courses_postupashky_start/ML/ДЗ/Хард/small_mlflow_pipeline/.venv/lib/python3.12/site-packages/airflow/example_dags/example_external_task_marker_dag.py took 0.108 seconds
[2025-08-25T15:35:05.926+0300] {processor.py:186} INFO - Started process (PID=2661) to work on /mnt/d/Образование/career_courses_postupashky_start/ML/ДЗ/Хард/small_mlflow_pipeline/.venv/lib/python3.12/site-packages/airflow/example_dags/example_external_task_marker_dag.py
[2025-08-25T15:35:05.927+0300] {processor.py:914} INFO - Processing file /mnt/d/Образование/career_courses_postupashky_start/ML/ДЗ/Хард/small_mlflow_pipeline/.venv/lib/python3.12/site-packages/airflow/example_dags/example_external_task_marker_dag.py for tasks to queue
[2025-08-25T15:35:05.929+0300] {logging_mixin.py:190} INFO - [2025-08-25T15:35:05.928+0300] {dagbag.py:588} INFO - Filling up the DagBag from /mnt/d/Образование/career_courses_postupashky_start/ML/ДЗ/Хард/small_mlflow_pipeline/.venv/lib/python3.12/site-packages/airflow/example_dags/example_external_task_marker_dag.py
[2025-08-25T15:35:05.963+0300] {processor.py:925} INFO - DAG(s) 'example_external_task_marker_parent', 'example_external_task_marker_child' retrieved from /mnt/d/Образование/career_courses_postupashky_start/ML/ДЗ/Хард/small_mlflow_pipeline/.venv/lib/python3.12/site-packages/airflow/example_dags/example_external_task_marker_dag.py
[2025-08-25T15:35:05.983+0300] {logging_mixin.py:190} INFO - [2025-08-25T15:35:05.982+0300] {dag.py:3239} INFO - Sync 2 DAGs
[2025-08-25T15:35:05.992+0300] {logging_mixin.py:190} INFO - [2025-08-25T15:35:05.991+0300] {dag.py:4180} INFO - Setting next_dagrun for example_external_task_marker_child to None, run_after=None
[2025-08-25T15:35:05.995+0300] {logging_mixin.py:190} INFO - [2025-08-25T15:35:05.994+0300] {dag.py:4180} INFO - Setting next_dagrun for example_external_task_marker_parent to None, run_after=None
[2025-08-25T15:35:06.029+0300] {processor.py:208} INFO - Processing /mnt/d/Образование/career_courses_postupashky_start/ML/ДЗ/Хард/small_mlflow_pipeline/.venv/lib/python3.12/site-packages/airflow/example_dags/example_external_task_marker_dag.py took 0.110 seconds
[2025-08-25T15:36:14.526+0300] {processor.py:186} INFO - Started process (PID=2888) to work on /mnt/d/Образование/career_courses_postupashky_start/ML/ДЗ/Хард/small_mlflow_pipeline/.venv/lib/python3.12/site-packages/airflow/example_dags/example_external_task_marker_dag.py
[2025-08-25T15:36:14.527+0300] {processor.py:914} INFO - Processing file /mnt/d/Образование/career_courses_postupashky_start/ML/ДЗ/Хард/small_mlflow_pipeline/.venv/lib/python3.12/site-packages/airflow/example_dags/example_external_task_marker_dag.py for tasks to queue
[2025-08-25T15:36:14.529+0300] {logging_mixin.py:190} INFO - [2025-08-25T15:36:14.528+0300] {dagbag.py:588} INFO - Filling up the DagBag from /mnt/d/Образование/career_courses_postupashky_start/ML/ДЗ/Хард/small_mlflow_pipeline/.venv/lib/python3.12/site-packages/airflow/example_dags/example_external_task_marker_dag.py
[2025-08-25T15:36:14.565+0300] {processor.py:925} INFO - DAG(s) 'example_external_task_marker_parent', 'example_external_task_marker_child' retrieved from /mnt/d/Образование/career_courses_postupashky_start/ML/ДЗ/Хард/small_mlflow_pipeline/.venv/lib/python3.12/site-packages/airflow/example_dags/example_external_task_marker_dag.py
[2025-08-25T15:36:14.584+0300] {logging_mixin.py:190} INFO - [2025-08-25T15:36:14.584+0300] {dag.py:3239} INFO - Sync 2 DAGs
[2025-08-25T15:36:14.594+0300] {logging_mixin.py:190} INFO - [2025-08-25T15:36:14.594+0300] {dag.py:4180} INFO - Setting next_dagrun for example_external_task_marker_child to None, run_after=None
[2025-08-25T15:36:14.598+0300] {logging_mixin.py:190} INFO - [2025-08-25T15:36:14.597+0300] {dag.py:4180} INFO - Setting next_dagrun for example_external_task_marker_parent to None, run_after=None
[2025-08-25T15:36:14.629+0300] {processor.py:208} INFO - Processing /mnt/d/Образование/career_courses_postupashky_start/ML/ДЗ/Хард/small_mlflow_pipeline/.venv/lib/python3.12/site-packages/airflow/example_dags/example_external_task_marker_dag.py took 0.109 seconds
