[2025-08-25T15:33:09.256+0300] {processor.py:186} INFO - Started process (PID=2262) to work on /mnt/d/Образование/career_courses_postupashky_start/ML/ДЗ/Хард/small_mlflow_pipeline/.venv/lib/python3.12/site-packages/airflow/example_dags/example_bash_decorator.py
[2025-08-25T15:33:09.259+0300] {processor.py:914} INFO - Processing file /mnt/d/Образование/career_courses_postupashky_start/ML/ДЗ/Хард/small_mlflow_pipeline/.venv/lib/python3.12/site-packages/airflow/example_dags/example_bash_decorator.py for tasks to queue
[2025-08-25T15:33:09.263+0300] {logging_mixin.py:190} INFO - [2025-08-25T15:33:09.262+0300] {dagbag.py:588} INFO - Filling up the DagBag from /mnt/d/Образование/career_courses_postupashky_start/ML/ДЗ/Хард/small_mlflow_pipeline/.venv/lib/python3.12/site-packages/airflow/example_dags/example_bash_decorator.py
[2025-08-25T15:33:09.317+0300] {processor.py:925} INFO - DAG(s) 'example_bash_decorator' retrieved from /mnt/d/Образование/career_courses_postupashky_start/ML/ДЗ/Хард/small_mlflow_pipeline/.venv/lib/python3.12/site-packages/airflow/example_dags/example_bash_decorator.py
[2025-08-25T15:33:09.926+0300] {logging_mixin.py:190} INFO - [2025-08-25T15:33:09.925+0300] {override.py:1930} INFO - Created Permission View: can read on DAG:example_bash_decorator
[2025-08-25T15:33:09.947+0300] {logging_mixin.py:190} INFO - [2025-08-25T15:33:09.946+0300] {override.py:1930} INFO - Created Permission View: can delete on DAG:example_bash_decorator
[2025-08-25T15:33:09.964+0300] {logging_mixin.py:190} INFO - [2025-08-25T15:33:09.964+0300] {override.py:1930} INFO - Created Permission View: can edit on DAG:example_bash_decorator
[2025-08-25T15:33:09.995+0300] {logging_mixin.py:190} INFO - [2025-08-25T15:33:09.994+0300] {override.py:1930} INFO - Created Permission View: menu access on DAG Run:example_bash_decorator
[2025-08-25T15:33:10.013+0300] {logging_mixin.py:190} INFO - [2025-08-25T15:33:10.012+0300] {override.py:1930} INFO - Created Permission View: can create on DAG Run:example_bash_decorator
[2025-08-25T15:33:10.032+0300] {logging_mixin.py:190} INFO - [2025-08-25T15:33:10.032+0300] {override.py:1930} INFO - Created Permission View: can read on DAG Run:example_bash_decorator
[2025-08-25T15:33:10.051+0300] {logging_mixin.py:190} INFO - [2025-08-25T15:33:10.050+0300] {override.py:1930} INFO - Created Permission View: can delete on DAG Run:example_bash_decorator
[2025-08-25T15:33:10.052+0300] {logging_mixin.py:190} INFO - [2025-08-25T15:33:10.052+0300] {dag.py:3239} INFO - Sync 1 DAGs
[2025-08-25T15:33:10.064+0300] {logging_mixin.py:190} INFO - [2025-08-25T15:33:10.063+0300] {dag.py:3262} INFO - Creating ORM DAG for example_bash_decorator
[2025-08-25T15:33:10.066+0300] {logging_mixin.py:190} INFO - [2025-08-25T15:33:10.065+0300] {dag.py:4180} INFO - Setting next_dagrun for example_bash_decorator to None, run_after=None
[2025-08-25T15:33:10.095+0300] {processor.py:208} INFO - Processing /mnt/d/Образование/career_courses_postupashky_start/ML/ДЗ/Хард/small_mlflow_pipeline/.venv/lib/python3.12/site-packages/airflow/example_dags/example_bash_decorator.py took 0.849 seconds
[2025-08-25T15:34:32.357+0300] {processor.py:186} INFO - Started process (PID=2519) to work on /mnt/d/Образование/career_courses_postupashky_start/ML/ДЗ/Хард/small_mlflow_pipeline/.venv/lib/python3.12/site-packages/airflow/example_dags/example_bash_decorator.py
[2025-08-25T15:34:32.358+0300] {processor.py:914} INFO - Processing file /mnt/d/Образование/career_courses_postupashky_start/ML/ДЗ/Хард/small_mlflow_pipeline/.venv/lib/python3.12/site-packages/airflow/example_dags/example_bash_decorator.py for tasks to queue
[2025-08-25T15:34:32.360+0300] {logging_mixin.py:190} INFO - [2025-08-25T15:34:32.360+0300] {dagbag.py:588} INFO - Filling up the DagBag from /mnt/d/Образование/career_courses_postupashky_start/ML/ДЗ/Хард/small_mlflow_pipeline/.venv/lib/python3.12/site-packages/airflow/example_dags/example_bash_decorator.py
[2025-08-25T15:34:32.402+0300] {processor.py:925} INFO - DAG(s) 'example_bash_decorator' retrieved from /mnt/d/Образование/career_courses_postupashky_start/ML/ДЗ/Хард/small_mlflow_pipeline/.venv/lib/python3.12/site-packages/airflow/example_dags/example_bash_decorator.py
[2025-08-25T15:34:32.421+0300] {logging_mixin.py:190} INFO - [2025-08-25T15:34:32.421+0300] {dag.py:3239} INFO - Sync 1 DAGs
[2025-08-25T15:34:32.431+0300] {logging_mixin.py:190} INFO - [2025-08-25T15:34:32.431+0300] {dag.py:4180} INFO - Setting next_dagrun for example_bash_decorator to None, run_after=None
[2025-08-25T15:34:32.466+0300] {processor.py:208} INFO - Processing /mnt/d/Образование/career_courses_postupashky_start/ML/ДЗ/Хард/small_mlflow_pipeline/.venv/lib/python3.12/site-packages/airflow/example_dags/example_bash_decorator.py took 0.116 seconds
[2025-08-25T15:35:40.062+0300] {processor.py:186} INFO - Started process (PID=2743) to work on /mnt/d/Образование/career_courses_postupashky_start/ML/ДЗ/Хард/small_mlflow_pipeline/.venv/lib/python3.12/site-packages/airflow/example_dags/example_bash_decorator.py
[2025-08-25T15:35:40.063+0300] {processor.py:914} INFO - Processing file /mnt/d/Образование/career_courses_postupashky_start/ML/ДЗ/Хард/small_mlflow_pipeline/.venv/lib/python3.12/site-packages/airflow/example_dags/example_bash_decorator.py for tasks to queue
[2025-08-25T15:35:40.065+0300] {logging_mixin.py:190} INFO - [2025-08-25T15:35:40.064+0300] {dagbag.py:588} INFO - Filling up the DagBag from /mnt/d/Образование/career_courses_postupashky_start/ML/ДЗ/Хард/small_mlflow_pipeline/.venv/lib/python3.12/site-packages/airflow/example_dags/example_bash_decorator.py
[2025-08-25T15:35:40.106+0300] {processor.py:925} INFO - DAG(s) 'example_bash_decorator' retrieved from /mnt/d/Образование/career_courses_postupashky_start/ML/ДЗ/Хард/small_mlflow_pipeline/.venv/lib/python3.12/site-packages/airflow/example_dags/example_bash_decorator.py
[2025-08-25T15:35:40.122+0300] {logging_mixin.py:190} INFO - [2025-08-25T15:35:40.122+0300] {dag.py:3239} INFO - Sync 1 DAGs
[2025-08-25T15:35:40.131+0300] {logging_mixin.py:190} INFO - [2025-08-25T15:35:40.130+0300] {dag.py:4180} INFO - Setting next_dagrun for example_bash_decorator to None, run_after=None
[2025-08-25T15:35:40.175+0300] {processor.py:208} INFO - Processing /mnt/d/Образование/career_courses_postupashky_start/ML/ДЗ/Хард/small_mlflow_pipeline/.venv/lib/python3.12/site-packages/airflow/example_dags/example_bash_decorator.py took 0.118 seconds
[2025-08-25T15:36:48.313+0300] {processor.py:186} INFO - Started process (PID=3091) to work on /mnt/d/Образование/career_courses_postupashky_start/ML/ДЗ/Хард/small_mlflow_pipeline/.venv/lib/python3.12/site-packages/airflow/example_dags/example_bash_decorator.py
[2025-08-25T15:36:48.314+0300] {processor.py:914} INFO - Processing file /mnt/d/Образование/career_courses_postupashky_start/ML/ДЗ/Хард/small_mlflow_pipeline/.venv/lib/python3.12/site-packages/airflow/example_dags/example_bash_decorator.py for tasks to queue
[2025-08-25T15:36:48.316+0300] {logging_mixin.py:190} INFO - [2025-08-25T15:36:48.315+0300] {dagbag.py:588} INFO - Filling up the DagBag from /mnt/d/Образование/career_courses_postupashky_start/ML/ДЗ/Хард/small_mlflow_pipeline/.venv/lib/python3.12/site-packages/airflow/example_dags/example_bash_decorator.py
[2025-08-25T15:36:48.356+0300] {processor.py:925} INFO - DAG(s) 'example_bash_decorator' retrieved from /mnt/d/Образование/career_courses_postupashky_start/ML/ДЗ/Хард/small_mlflow_pipeline/.venv/lib/python3.12/site-packages/airflow/example_dags/example_bash_decorator.py
[2025-08-25T15:36:48.375+0300] {logging_mixin.py:190} INFO - [2025-08-25T15:36:48.375+0300] {dag.py:3239} INFO - Sync 1 DAGs
[2025-08-25T15:36:48.384+0300] {logging_mixin.py:190} INFO - [2025-08-25T15:36:48.384+0300] {dag.py:4180} INFO - Setting next_dagrun for example_bash_decorator to None, run_after=None
[2025-08-25T15:36:48.421+0300] {processor.py:208} INFO - Processing /mnt/d/Образование/career_courses_postupashky_start/ML/ДЗ/Хард/small_mlflow_pipeline/.venv/lib/python3.12/site-packages/airflow/example_dags/example_bash_decorator.py took 0.114 seconds
