[2025-08-25T15:32:55.811+0300] {processor.py:186} INFO - Started process (PID=2236) to work on /mnt/d/Образование/career_courses_postupashky_start/ML/ДЗ/Хард/small_mlflow_pipeline/.venv/lib/python3.12/site-packages/airflow/example_dags/example_complex.py
[2025-08-25T15:32:55.812+0300] {processor.py:914} INFO - Processing file /mnt/d/Образование/career_courses_postupashky_start/ML/ДЗ/Хард/small_mlflow_pipeline/.venv/lib/python3.12/site-packages/airflow/example_dags/example_complex.py for tasks to queue
[2025-08-25T15:32:55.813+0300] {logging_mixin.py:190} INFO - [2025-08-25T15:32:55.813+0300] {dagbag.py:588} INFO - Filling up the DagBag from /mnt/d/Образование/career_courses_postupashky_start/ML/ДЗ/Хард/small_mlflow_pipeline/.venv/lib/python3.12/site-packages/airflow/example_dags/example_complex.py
[2025-08-25T15:32:55.854+0300] {processor.py:925} INFO - DAG(s) 'example_complex' retrieved from /mnt/d/Образование/career_courses_postupashky_start/ML/ДЗ/Хард/small_mlflow_pipeline/.venv/lib/python3.12/site-packages/airflow/example_dags/example_complex.py
[2025-08-25T15:32:56.454+0300] {logging_mixin.py:190} INFO - [2025-08-25T15:32:56.453+0300] {override.py:1930} INFO - Created Permission View: can read on DAG:example_complex
[2025-08-25T15:32:56.473+0300] {logging_mixin.py:190} INFO - [2025-08-25T15:32:56.472+0300] {override.py:1930} INFO - Created Permission View: can delete on DAG:example_complex
[2025-08-25T15:32:56.491+0300] {logging_mixin.py:190} INFO - [2025-08-25T15:32:56.490+0300] {override.py:1930} INFO - Created Permission View: can edit on DAG:example_complex
[2025-08-25T15:32:56.519+0300] {logging_mixin.py:190} INFO - [2025-08-25T15:32:56.519+0300] {override.py:1930} INFO - Created Permission View: menu access on DAG Run:example_complex
[2025-08-25T15:32:56.537+0300] {logging_mixin.py:190} INFO - [2025-08-25T15:32:56.536+0300] {override.py:1930} INFO - Created Permission View: can create on DAG Run:example_complex
[2025-08-25T15:32:56.554+0300] {logging_mixin.py:190} INFO - [2025-08-25T15:32:56.554+0300] {override.py:1930} INFO - Created Permission View: can read on DAG Run:example_complex
[2025-08-25T15:32:56.571+0300] {logging_mixin.py:190} INFO - [2025-08-25T15:32:56.571+0300] {override.py:1930} INFO - Created Permission View: can delete on DAG Run:example_complex
[2025-08-25T15:32:56.572+0300] {logging_mixin.py:190} INFO - [2025-08-25T15:32:56.572+0300] {dag.py:3239} INFO - Sync 1 DAGs
[2025-08-25T15:32:56.583+0300] {logging_mixin.py:190} INFO - [2025-08-25T15:32:56.583+0300] {dag.py:3262} INFO - Creating ORM DAG for example_complex
[2025-08-25T15:32:56.585+0300] {logging_mixin.py:190} INFO - [2025-08-25T15:32:56.584+0300] {dag.py:4180} INFO - Setting next_dagrun for example_complex to None, run_after=None
[2025-08-25T15:32:56.617+0300] {processor.py:208} INFO - Processing /mnt/d/Образование/career_courses_postupashky_start/ML/ДЗ/Хард/small_mlflow_pipeline/.venv/lib/python3.12/site-packages/airflow/example_dags/example_complex.py took 0.812 seconds
[2025-08-25T15:34:23.638+0300] {processor.py:186} INFO - Started process (PID=2499) to work on /mnt/d/Образование/career_courses_postupashky_start/ML/ДЗ/Хард/small_mlflow_pipeline/.venv/lib/python3.12/site-packages/airflow/example_dags/example_complex.py
[2025-08-25T15:34:23.639+0300] {processor.py:914} INFO - Processing file /mnt/d/Образование/career_courses_postupashky_start/ML/ДЗ/Хард/small_mlflow_pipeline/.venv/lib/python3.12/site-packages/airflow/example_dags/example_complex.py for tasks to queue
[2025-08-25T15:34:23.641+0300] {logging_mixin.py:190} INFO - [2025-08-25T15:34:23.640+0300] {dagbag.py:588} INFO - Filling up the DagBag from /mnt/d/Образование/career_courses_postupashky_start/ML/ДЗ/Хард/small_mlflow_pipeline/.venv/lib/python3.12/site-packages/airflow/example_dags/example_complex.py
[2025-08-25T15:34:23.679+0300] {processor.py:925} INFO - DAG(s) 'example_complex' retrieved from /mnt/d/Образование/career_courses_postupashky_start/ML/ДЗ/Хард/small_mlflow_pipeline/.venv/lib/python3.12/site-packages/airflow/example_dags/example_complex.py
[2025-08-25T15:34:23.701+0300] {logging_mixin.py:190} INFO - [2025-08-25T15:34:23.700+0300] {dag.py:3239} INFO - Sync 1 DAGs
[2025-08-25T15:34:23.710+0300] {logging_mixin.py:190} INFO - [2025-08-25T15:34:23.709+0300] {dag.py:4180} INFO - Setting next_dagrun for example_complex to None, run_after=None
[2025-08-25T15:34:23.741+0300] {processor.py:208} INFO - Processing /mnt/d/Образование/career_courses_postupashky_start/ML/ДЗ/Хард/small_mlflow_pipeline/.venv/lib/python3.12/site-packages/airflow/example_dags/example_complex.py took 0.110 seconds
[2025-08-25T15:35:32.042+0300] {processor.py:186} INFO - Started process (PID=2723) to work on /mnt/d/Образование/career_courses_postupashky_start/ML/ДЗ/Хард/small_mlflow_pipeline/.venv/lib/python3.12/site-packages/airflow/example_dags/example_complex.py
[2025-08-25T15:35:32.043+0300] {processor.py:914} INFO - Processing file /mnt/d/Образование/career_courses_postupashky_start/ML/ДЗ/Хард/small_mlflow_pipeline/.venv/lib/python3.12/site-packages/airflow/example_dags/example_complex.py for tasks to queue
[2025-08-25T15:35:32.046+0300] {logging_mixin.py:190} INFO - [2025-08-25T15:35:32.045+0300] {dagbag.py:588} INFO - Filling up the DagBag from /mnt/d/Образование/career_courses_postupashky_start/ML/ДЗ/Хард/small_mlflow_pipeline/.venv/lib/python3.12/site-packages/airflow/example_dags/example_complex.py
[2025-08-25T15:35:32.095+0300] {processor.py:925} INFO - DAG(s) 'example_complex' retrieved from /mnt/d/Образование/career_courses_postupashky_start/ML/ДЗ/Хард/small_mlflow_pipeline/.venv/lib/python3.12/site-packages/airflow/example_dags/example_complex.py
[2025-08-25T15:35:32.127+0300] {logging_mixin.py:190} INFO - [2025-08-25T15:35:32.126+0300] {dag.py:3239} INFO - Sync 1 DAGs
[2025-08-25T15:35:32.139+0300] {logging_mixin.py:190} INFO - [2025-08-25T15:35:32.139+0300] {dag.py:4180} INFO - Setting next_dagrun for example_complex to None, run_after=None
[2025-08-25T15:35:32.186+0300] {processor.py:208} INFO - Processing /mnt/d/Образование/career_courses_postupashky_start/ML/ДЗ/Хард/small_mlflow_pipeline/.venv/lib/python3.12/site-packages/airflow/example_dags/example_complex.py took 0.152 seconds
[2025-08-25T15:36:39.571+0300] {processor.py:186} INFO - Started process (PID=3068) to work on /mnt/d/Образование/career_courses_postupashky_start/ML/ДЗ/Хард/small_mlflow_pipeline/.venv/lib/python3.12/site-packages/airflow/example_dags/example_complex.py
[2025-08-25T15:36:39.572+0300] {processor.py:914} INFO - Processing file /mnt/d/Образование/career_courses_postupashky_start/ML/ДЗ/Хард/small_mlflow_pipeline/.venv/lib/python3.12/site-packages/airflow/example_dags/example_complex.py for tasks to queue
[2025-08-25T15:36:39.574+0300] {logging_mixin.py:190} INFO - [2025-08-25T15:36:39.573+0300] {dagbag.py:588} INFO - Filling up the DagBag from /mnt/d/Образование/career_courses_postupashky_start/ML/ДЗ/Хард/small_mlflow_pipeline/.venv/lib/python3.12/site-packages/airflow/example_dags/example_complex.py
[2025-08-25T15:36:39.612+0300] {processor.py:925} INFO - DAG(s) 'example_complex' retrieved from /mnt/d/Образование/career_courses_postupashky_start/ML/ДЗ/Хард/small_mlflow_pipeline/.venv/lib/python3.12/site-packages/airflow/example_dags/example_complex.py
[2025-08-25T15:36:39.635+0300] {logging_mixin.py:190} INFO - [2025-08-25T15:36:39.635+0300] {dag.py:3239} INFO - Sync 1 DAGs
[2025-08-25T15:36:39.645+0300] {logging_mixin.py:190} INFO - [2025-08-25T15:36:39.644+0300] {dag.py:4180} INFO - Setting next_dagrun for example_complex to None, run_after=None
[2025-08-25T15:36:39.676+0300] {processor.py:208} INFO - Processing /mnt/d/Образование/career_courses_postupashky_start/ML/ДЗ/Хард/small_mlflow_pipeline/.venv/lib/python3.12/site-packages/airflow/example_dags/example_complex.py took 0.111 seconds
