[2025-08-25T15:29:00.676+0300] {processor.py:186} INFO - Started process (PID=814) to work on /mnt/d/Образование/career_courses_postupashky_start/ML/ДЗ/Хард/small_mlflow_pipeline/.venv/lib/python3.12/site-packages/airflow/example_dags/example_short_circuit_operator.py
[2025-08-25T15:29:00.677+0300] {processor.py:914} INFO - Processing file /mnt/d/Образование/career_courses_postupashky_start/ML/ДЗ/Хард/small_mlflow_pipeline/.venv/lib/python3.12/site-packages/airflow/example_dags/example_short_circuit_operator.py for tasks to queue
[2025-08-25T15:29:00.678+0300] {logging_mixin.py:190} INFO - [2025-08-25T15:29:00.678+0300] {dagbag.py:588} INFO - Filling up the DagBag from /mnt/d/Образование/career_courses_postupashky_start/ML/ДЗ/Хард/small_mlflow_pipeline/.venv/lib/python3.12/site-packages/airflow/example_dags/example_short_circuit_operator.py
[2025-08-25T15:29:00.713+0300] {processor.py:925} INFO - DAG(s) 'example_short_circuit_operator' retrieved from /mnt/d/Образование/career_courses_postupashky_start/ML/ДЗ/Хард/small_mlflow_pipeline/.venv/lib/python3.12/site-packages/airflow/example_dags/example_short_circuit_operator.py
[2025-08-25T15:29:01.330+0300] {logging_mixin.py:190} INFO - [2025-08-25T15:29:01.329+0300] {override.py:1930} INFO - Created Permission View: can delete on DAG:example_short_circuit_operator
[2025-08-25T15:29:01.351+0300] {logging_mixin.py:190} INFO - [2025-08-25T15:29:01.350+0300] {override.py:1930} INFO - Created Permission View: can edit on DAG:example_short_circuit_operator
[2025-08-25T15:29:01.369+0300] {logging_mixin.py:190} INFO - [2025-08-25T15:29:01.368+0300] {override.py:1930} INFO - Created Permission View: can read on DAG:example_short_circuit_operator
[2025-08-25T15:29:01.399+0300] {logging_mixin.py:190} INFO - [2025-08-25T15:29:01.398+0300] {override.py:1930} INFO - Created Permission View: can delete on DAG Run:example_short_circuit_operator
[2025-08-25T15:29:01.416+0300] {logging_mixin.py:190} INFO - [2025-08-25T15:29:01.416+0300] {override.py:1930} INFO - Created Permission View: can create on DAG Run:example_short_circuit_operator
[2025-08-25T15:29:01.434+0300] {logging_mixin.py:190} INFO - [2025-08-25T15:29:01.433+0300] {override.py:1930} INFO - Created Permission View: can read on DAG Run:example_short_circuit_operator
[2025-08-25T15:29:01.451+0300] {logging_mixin.py:190} INFO - [2025-08-25T15:29:01.451+0300] {override.py:1930} INFO - Created Permission View: menu access on DAG Run:example_short_circuit_operator
[2025-08-25T15:29:01.453+0300] {logging_mixin.py:190} INFO - [2025-08-25T15:29:01.452+0300] {dag.py:3239} INFO - Sync 1 DAGs
[2025-08-25T15:29:01.465+0300] {logging_mixin.py:190} INFO - [2025-08-25T15:29:01.464+0300] {dag.py:3262} INFO - Creating ORM DAG for example_short_circuit_operator
[2025-08-25T15:29:01.466+0300] {logging_mixin.py:190} INFO - [2025-08-25T15:29:01.465+0300] {dag.py:4180} INFO - Setting next_dagrun for example_short_circuit_operator to None, run_after=None
[2025-08-25T15:29:01.498+0300] {processor.py:208} INFO - Processing /mnt/d/Образование/career_courses_postupashky_start/ML/ДЗ/Хард/small_mlflow_pipeline/.venv/lib/python3.12/site-packages/airflow/example_dags/example_short_circuit_operator.py took 0.828 seconds
[2025-08-25T15:32:16.205+0300] {processor.py:186} INFO - Started process (PID=1904) to work on /mnt/d/Образование/career_courses_postupashky_start/ML/ДЗ/Хард/small_mlflow_pipeline/.venv/lib/python3.12/site-packages/airflow/example_dags/example_short_circuit_operator.py
[2025-08-25T15:32:16.206+0300] {processor.py:914} INFO - Processing file /mnt/d/Образование/career_courses_postupashky_start/ML/ДЗ/Хард/small_mlflow_pipeline/.venv/lib/python3.12/site-packages/airflow/example_dags/example_short_circuit_operator.py for tasks to queue
[2025-08-25T15:32:16.208+0300] {logging_mixin.py:190} INFO - [2025-08-25T15:32:16.207+0300] {dagbag.py:588} INFO - Filling up the DagBag from /mnt/d/Образование/career_courses_postupashky_start/ML/ДЗ/Хард/small_mlflow_pipeline/.venv/lib/python3.12/site-packages/airflow/example_dags/example_short_circuit_operator.py
[2025-08-25T15:32:16.241+0300] {processor.py:925} INFO - DAG(s) 'example_short_circuit_operator' retrieved from /mnt/d/Образование/career_courses_postupashky_start/ML/ДЗ/Хард/small_mlflow_pipeline/.venv/lib/python3.12/site-packages/airflow/example_dags/example_short_circuit_operator.py
[2025-08-25T15:32:16.264+0300] {logging_mixin.py:190} INFO - [2025-08-25T15:32:16.263+0300] {dag.py:3239} INFO - Sync 1 DAGs
[2025-08-25T15:32:16.273+0300] {logging_mixin.py:190} INFO - [2025-08-25T15:32:16.272+0300] {dag.py:4180} INFO - Setting next_dagrun for example_short_circuit_operator to None, run_after=None
[2025-08-25T15:32:16.301+0300] {processor.py:208} INFO - Processing /mnt/d/Образование/career_courses_postupashky_start/ML/ДЗ/Хард/small_mlflow_pipeline/.venv/lib/python3.12/site-packages/airflow/example_dags/example_short_circuit_operator.py took 0.103 seconds
[2025-08-25T15:33:37.805+0300] {processor.py:186} INFO - Started process (PID=2328) to work on /mnt/d/Образование/career_courses_postupashky_start/ML/ДЗ/Хард/small_mlflow_pipeline/.venv/lib/python3.12/site-packages/airflow/example_dags/example_short_circuit_operator.py
[2025-08-25T15:33:37.806+0300] {processor.py:914} INFO - Processing file /mnt/d/Образование/career_courses_postupashky_start/ML/ДЗ/Хард/small_mlflow_pipeline/.venv/lib/python3.12/site-packages/airflow/example_dags/example_short_circuit_operator.py for tasks to queue
[2025-08-25T15:33:37.808+0300] {logging_mixin.py:190} INFO - [2025-08-25T15:33:37.807+0300] {dagbag.py:588} INFO - Filling up the DagBag from /mnt/d/Образование/career_courses_postupashky_start/ML/ДЗ/Хард/small_mlflow_pipeline/.venv/lib/python3.12/site-packages/airflow/example_dags/example_short_circuit_operator.py
[2025-08-25T15:33:37.844+0300] {processor.py:925} INFO - DAG(s) 'example_short_circuit_operator' retrieved from /mnt/d/Образование/career_courses_postupashky_start/ML/ДЗ/Хард/small_mlflow_pipeline/.venv/lib/python3.12/site-packages/airflow/example_dags/example_short_circuit_operator.py
[2025-08-25T15:33:37.861+0300] {logging_mixin.py:190} INFO - [2025-08-25T15:33:37.860+0300] {dag.py:3239} INFO - Sync 1 DAGs
[2025-08-25T15:33:37.870+0300] {logging_mixin.py:190} INFO - [2025-08-25T15:33:37.869+0300] {dag.py:4180} INFO - Setting next_dagrun for example_short_circuit_operator to None, run_after=None
[2025-08-25T15:33:37.899+0300] {processor.py:208} INFO - Processing /mnt/d/Образование/career_courses_postupashky_start/ML/ДЗ/Хард/small_mlflow_pipeline/.venv/lib/python3.12/site-packages/airflow/example_dags/example_short_circuit_operator.py took 0.101 seconds
[2025-08-25T15:34:46.661+0300] {processor.py:186} INFO - Started process (PID=2553) to work on /mnt/d/Образование/career_courses_postupashky_start/ML/ДЗ/Хард/small_mlflow_pipeline/.venv/lib/python3.12/site-packages/airflow/example_dags/example_short_circuit_operator.py
[2025-08-25T15:34:46.662+0300] {processor.py:914} INFO - Processing file /mnt/d/Образование/career_courses_postupashky_start/ML/ДЗ/Хард/small_mlflow_pipeline/.venv/lib/python3.12/site-packages/airflow/example_dags/example_short_circuit_operator.py for tasks to queue
[2025-08-25T15:34:46.664+0300] {logging_mixin.py:190} INFO - [2025-08-25T15:34:46.664+0300] {dagbag.py:588} INFO - Filling up the DagBag from /mnt/d/Образование/career_courses_postupashky_start/ML/ДЗ/Хард/small_mlflow_pipeline/.venv/lib/python3.12/site-packages/airflow/example_dags/example_short_circuit_operator.py
[2025-08-25T15:34:46.703+0300] {processor.py:925} INFO - DAG(s) 'example_short_circuit_operator' retrieved from /mnt/d/Образование/career_courses_postupashky_start/ML/ДЗ/Хард/small_mlflow_pipeline/.venv/lib/python3.12/site-packages/airflow/example_dags/example_short_circuit_operator.py
[2025-08-25T15:34:46.722+0300] {logging_mixin.py:190} INFO - [2025-08-25T15:34:46.721+0300] {dag.py:3239} INFO - Sync 1 DAGs
[2025-08-25T15:34:46.731+0300] {logging_mixin.py:190} INFO - [2025-08-25T15:34:46.731+0300] {dag.py:4180} INFO - Setting next_dagrun for example_short_circuit_operator to None, run_after=None
[2025-08-25T15:34:46.765+0300] {processor.py:208} INFO - Processing /mnt/d/Образование/career_courses_postupashky_start/ML/ДЗ/Хард/small_mlflow_pipeline/.venv/lib/python3.12/site-packages/airflow/example_dags/example_short_circuit_operator.py took 0.110 seconds
[2025-08-25T15:35:55.098+0300] {processor.py:186} INFO - Started process (PID=2840) to work on /mnt/d/Образование/career_courses_postupashky_start/ML/ДЗ/Хард/small_mlflow_pipeline/.venv/lib/python3.12/site-packages/airflow/example_dags/example_short_circuit_operator.py
[2025-08-25T15:35:55.099+0300] {processor.py:914} INFO - Processing file /mnt/d/Образование/career_courses_postupashky_start/ML/ДЗ/Хард/small_mlflow_pipeline/.venv/lib/python3.12/site-packages/airflow/example_dags/example_short_circuit_operator.py for tasks to queue
[2025-08-25T15:35:55.102+0300] {logging_mixin.py:190} INFO - [2025-08-25T15:35:55.101+0300] {dagbag.py:588} INFO - Filling up the DagBag from /mnt/d/Образование/career_courses_postupashky_start/ML/ДЗ/Хард/small_mlflow_pipeline/.venv/lib/python3.12/site-packages/airflow/example_dags/example_short_circuit_operator.py
[2025-08-25T15:35:55.138+0300] {processor.py:925} INFO - DAG(s) 'example_short_circuit_operator' retrieved from /mnt/d/Образование/career_courses_postupashky_start/ML/ДЗ/Хард/small_mlflow_pipeline/.venv/lib/python3.12/site-packages/airflow/example_dags/example_short_circuit_operator.py
[2025-08-25T15:35:55.157+0300] {logging_mixin.py:190} INFO - [2025-08-25T15:35:55.156+0300] {dag.py:3239} INFO - Sync 1 DAGs
[2025-08-25T15:35:55.167+0300] {logging_mixin.py:190} INFO - [2025-08-25T15:35:55.166+0300] {dag.py:4180} INFO - Setting next_dagrun for example_short_circuit_operator to None, run_after=None
[2025-08-25T15:35:55.205+0300] {processor.py:208} INFO - Processing /mnt/d/Образование/career_courses_postupashky_start/ML/ДЗ/Хард/small_mlflow_pipeline/.venv/lib/python3.12/site-packages/airflow/example_dags/example_short_circuit_operator.py took 0.113 seconds
[2025-08-25T15:37:05.793+0300] {processor.py:186} INFO - Started process (PID=3250) to work on /mnt/d/Образование/career_courses_postupashky_start/ML/ДЗ/Хард/small_mlflow_pipeline/.venv/lib/python3.12/site-packages/airflow/example_dags/example_short_circuit_operator.py
[2025-08-25T15:37:05.794+0300] {processor.py:914} INFO - Processing file /mnt/d/Образование/career_courses_postupashky_start/ML/ДЗ/Хард/small_mlflow_pipeline/.venv/lib/python3.12/site-packages/airflow/example_dags/example_short_circuit_operator.py for tasks to queue
[2025-08-25T15:37:05.796+0300] {logging_mixin.py:190} INFO - [2025-08-25T15:37:05.796+0300] {dagbag.py:588} INFO - Filling up the DagBag from /mnt/d/Образование/career_courses_postupashky_start/ML/ДЗ/Хард/small_mlflow_pipeline/.venv/lib/python3.12/site-packages/airflow/example_dags/example_short_circuit_operator.py
[2025-08-25T15:37:05.831+0300] {processor.py:925} INFO - DAG(s) 'example_short_circuit_operator' retrieved from /mnt/d/Образование/career_courses_postupashky_start/ML/ДЗ/Хард/small_mlflow_pipeline/.venv/lib/python3.12/site-packages/airflow/example_dags/example_short_circuit_operator.py
[2025-08-25T15:37:05.851+0300] {logging_mixin.py:190} INFO - [2025-08-25T15:37:05.850+0300] {dag.py:3239} INFO - Sync 1 DAGs
[2025-08-25T15:37:05.861+0300] {logging_mixin.py:190} INFO - [2025-08-25T15:37:05.860+0300] {dag.py:4180} INFO - Setting next_dagrun for example_short_circuit_operator to None, run_after=None
[2025-08-25T15:37:05.895+0300] {processor.py:208} INFO - Processing /mnt/d/Образование/career_courses_postupashky_start/ML/ДЗ/Хард/small_mlflow_pipeline/.venv/lib/python3.12/site-packages/airflow/example_dags/example_short_circuit_operator.py took 0.109 seconds
