[2025-08-25T15:32:36.494+0300] {processor.py:186} INFO - Started process (PID=2013) to work on /mnt/d/Образование/career_courses_postupashky_start/ML/ДЗ/Хард/small_mlflow_pipeline/.venv/lib/python3.12/site-packages/airflow/example_dags/example_inlet_event_extra.py
[2025-08-25T15:32:36.495+0300] {processor.py:914} INFO - Processing file /mnt/d/Образование/career_courses_postupashky_start/ML/ДЗ/Хард/small_mlflow_pipeline/.venv/lib/python3.12/site-packages/airflow/example_dags/example_inlet_event_extra.py for tasks to queue
[2025-08-25T15:32:36.496+0300] {logging_mixin.py:190} INFO - [2025-08-25T15:32:36.496+0300] {dagbag.py:588} INFO - Filling up the DagBag from /mnt/d/Образование/career_courses_postupashky_start/ML/ДЗ/Хард/small_mlflow_pipeline/.venv/lib/python3.12/site-packages/airflow/example_dags/example_inlet_event_extra.py
[2025-08-25T15:32:36.568+0300] {processor.py:925} INFO - DAG(s) 'read_dataset_event_from_classic', 'read_dataset_event' retrieved from /mnt/d/Образование/career_courses_postupashky_start/ML/ДЗ/Хард/small_mlflow_pipeline/.venv/lib/python3.12/site-packages/airflow/example_dags/example_inlet_event_extra.py
[2025-08-25T15:32:37.170+0300] {logging_mixin.py:190} INFO - [2025-08-25T15:32:37.170+0300] {override.py:1930} INFO - Created Permission View: can read on DAG:read_dataset_event_from_classic
[2025-08-25T15:32:37.190+0300] {logging_mixin.py:190} INFO - [2025-08-25T15:32:37.190+0300] {override.py:1930} INFO - Created Permission View: can delete on DAG:read_dataset_event_from_classic
[2025-08-25T15:32:37.209+0300] {logging_mixin.py:190} INFO - [2025-08-25T15:32:37.208+0300] {override.py:1930} INFO - Created Permission View: can edit on DAG:read_dataset_event_from_classic
[2025-08-25T15:32:37.239+0300] {logging_mixin.py:190} INFO - [2025-08-25T15:32:37.238+0300] {override.py:1930} INFO - Created Permission View: menu access on DAG Run:read_dataset_event_from_classic
[2025-08-25T15:32:37.257+0300] {logging_mixin.py:190} INFO - [2025-08-25T15:32:37.257+0300] {override.py:1930} INFO - Created Permission View: can create on DAG Run:read_dataset_event_from_classic
[2025-08-25T15:32:37.275+0300] {logging_mixin.py:190} INFO - [2025-08-25T15:32:37.275+0300] {override.py:1930} INFO - Created Permission View: can read on DAG Run:read_dataset_event_from_classic
[2025-08-25T15:32:37.294+0300] {logging_mixin.py:190} INFO - [2025-08-25T15:32:37.293+0300] {override.py:1930} INFO - Created Permission View: can delete on DAG Run:read_dataset_event_from_classic
[2025-08-25T15:32:37.330+0300] {logging_mixin.py:190} INFO - [2025-08-25T15:32:37.329+0300] {override.py:1930} INFO - Created Permission View: can read on DAG:read_dataset_event
[2025-08-25T15:32:37.349+0300] {logging_mixin.py:190} INFO - [2025-08-25T15:32:37.348+0300] {override.py:1930} INFO - Created Permission View: can delete on DAG:read_dataset_event
[2025-08-25T15:32:37.368+0300] {logging_mixin.py:190} INFO - [2025-08-25T15:32:37.367+0300] {override.py:1930} INFO - Created Permission View: can edit on DAG:read_dataset_event
[2025-08-25T15:32:37.396+0300] {logging_mixin.py:190} INFO - [2025-08-25T15:32:37.396+0300] {override.py:1930} INFO - Created Permission View: menu access on DAG Run:read_dataset_event
[2025-08-25T15:32:37.415+0300] {logging_mixin.py:190} INFO - [2025-08-25T15:32:37.414+0300] {override.py:1930} INFO - Created Permission View: can create on DAG Run:read_dataset_event
[2025-08-25T15:32:37.433+0300] {logging_mixin.py:190} INFO - [2025-08-25T15:32:37.432+0300] {override.py:1930} INFO - Created Permission View: can read on DAG Run:read_dataset_event
[2025-08-25T15:32:37.451+0300] {logging_mixin.py:190} INFO - [2025-08-25T15:32:37.450+0300] {override.py:1930} INFO - Created Permission View: can delete on DAG Run:read_dataset_event
[2025-08-25T15:32:37.452+0300] {logging_mixin.py:190} INFO - [2025-08-25T15:32:37.452+0300] {dag.py:3239} INFO - Sync 2 DAGs
[2025-08-25T15:32:37.464+0300] {logging_mixin.py:190} INFO - [2025-08-25T15:32:37.464+0300] {dag.py:3262} INFO - Creating ORM DAG for read_dataset_event
[2025-08-25T15:32:37.466+0300] {logging_mixin.py:190} INFO - [2025-08-25T15:32:37.465+0300] {dag.py:3262} INFO - Creating ORM DAG for read_dataset_event_from_classic
[2025-08-25T15:32:37.474+0300] {logging_mixin.py:190} INFO - [2025-08-25T15:32:37.473+0300] {dag.py:4180} INFO - Setting next_dagrun for read_dataset_event to 2025-08-24 00:00:00+00:00, run_after=2025-08-25 00:00:00+00:00
[2025-08-25T15:32:37.476+0300] {logging_mixin.py:190} INFO - [2025-08-25T15:32:37.476+0300] {dag.py:4180} INFO - Setting next_dagrun for read_dataset_event_from_classic to 2025-08-24 00:00:00+00:00, run_after=2025-08-25 00:00:00+00:00
[2025-08-25T15:32:37.510+0300] {processor.py:208} INFO - Processing /mnt/d/Образование/career_courses_postupashky_start/ML/ДЗ/Хард/small_mlflow_pipeline/.venv/lib/python3.12/site-packages/airflow/example_dags/example_inlet_event_extra.py took 1.022 seconds
[2025-08-25T15:33:55.746+0300] {processor.py:186} INFO - Started process (PID=2432) to work on /mnt/d/Образование/career_courses_postupashky_start/ML/ДЗ/Хард/small_mlflow_pipeline/.venv/lib/python3.12/site-packages/airflow/example_dags/example_inlet_event_extra.py
[2025-08-25T15:33:55.747+0300] {processor.py:914} INFO - Processing file /mnt/d/Образование/career_courses_postupashky_start/ML/ДЗ/Хард/small_mlflow_pipeline/.venv/lib/python3.12/site-packages/airflow/example_dags/example_inlet_event_extra.py for tasks to queue
[2025-08-25T15:33:55.748+0300] {logging_mixin.py:190} INFO - [2025-08-25T15:33:55.748+0300] {dagbag.py:588} INFO - Filling up the DagBag from /mnt/d/Образование/career_courses_postupashky_start/ML/ДЗ/Хард/small_mlflow_pipeline/.venv/lib/python3.12/site-packages/airflow/example_dags/example_inlet_event_extra.py
[2025-08-25T15:33:55.819+0300] {processor.py:925} INFO - DAG(s) 'read_dataset_event', 'read_dataset_event_from_classic' retrieved from /mnt/d/Образование/career_courses_postupashky_start/ML/ДЗ/Хард/small_mlflow_pipeline/.venv/lib/python3.12/site-packages/airflow/example_dags/example_inlet_event_extra.py
[2025-08-25T15:33:55.836+0300] {logging_mixin.py:190} INFO - [2025-08-25T15:33:55.836+0300] {dag.py:3239} INFO - Sync 2 DAGs
[2025-08-25T15:33:55.851+0300] {logging_mixin.py:190} INFO - [2025-08-25T15:33:55.850+0300] {dag.py:4180} INFO - Setting next_dagrun for read_dataset_event to 2025-08-24 00:00:00+00:00, run_after=2025-08-25 00:00:00+00:00
[2025-08-25T15:33:55.855+0300] {logging_mixin.py:190} INFO - [2025-08-25T15:33:55.854+0300] {dag.py:4180} INFO - Setting next_dagrun for read_dataset_event_from_classic to 2025-08-24 00:00:00+00:00, run_after=2025-08-25 00:00:00+00:00
[2025-08-25T15:33:55.888+0300] {processor.py:208} INFO - Processing /mnt/d/Образование/career_courses_postupashky_start/ML/ДЗ/Хард/small_mlflow_pipeline/.venv/lib/python3.12/site-packages/airflow/example_dags/example_inlet_event_extra.py took 0.149 seconds
[2025-08-25T15:35:04.648+0300] {processor.py:186} INFO - Started process (PID=2657) to work on /mnt/d/Образование/career_courses_postupashky_start/ML/ДЗ/Хард/small_mlflow_pipeline/.venv/lib/python3.12/site-packages/airflow/example_dags/example_inlet_event_extra.py
[2025-08-25T15:35:04.649+0300] {processor.py:914} INFO - Processing file /mnt/d/Образование/career_courses_postupashky_start/ML/ДЗ/Хард/small_mlflow_pipeline/.venv/lib/python3.12/site-packages/airflow/example_dags/example_inlet_event_extra.py for tasks to queue
[2025-08-25T15:35:04.650+0300] {logging_mixin.py:190} INFO - [2025-08-25T15:35:04.650+0300] {dagbag.py:588} INFO - Filling up the DagBag from /mnt/d/Образование/career_courses_postupashky_start/ML/ДЗ/Хард/small_mlflow_pipeline/.venv/lib/python3.12/site-packages/airflow/example_dags/example_inlet_event_extra.py
[2025-08-25T15:35:04.722+0300] {processor.py:925} INFO - DAG(s) 'read_dataset_event_from_classic', 'read_dataset_event' retrieved from /mnt/d/Образование/career_courses_postupashky_start/ML/ДЗ/Хард/small_mlflow_pipeline/.venv/lib/python3.12/site-packages/airflow/example_dags/example_inlet_event_extra.py
[2025-08-25T15:35:04.738+0300] {logging_mixin.py:190} INFO - [2025-08-25T15:35:04.738+0300] {dag.py:3239} INFO - Sync 2 DAGs
[2025-08-25T15:35:04.753+0300] {logging_mixin.py:190} INFO - [2025-08-25T15:35:04.753+0300] {dag.py:4180} INFO - Setting next_dagrun for read_dataset_event to 2025-08-24 00:00:00+00:00, run_after=2025-08-25 00:00:00+00:00
[2025-08-25T15:35:04.758+0300] {logging_mixin.py:190} INFO - [2025-08-25T15:35:04.757+0300] {dag.py:4180} INFO - Setting next_dagrun for read_dataset_event_from_classic to 2025-08-24 00:00:00+00:00, run_after=2025-08-25 00:00:00+00:00
[2025-08-25T15:35:04.790+0300] {processor.py:208} INFO - Processing /mnt/d/Образование/career_courses_postupashky_start/ML/ДЗ/Хард/small_mlflow_pipeline/.venv/lib/python3.12/site-packages/airflow/example_dags/example_inlet_event_extra.py took 0.149 seconds
[2025-08-25T15:36:13.253+0300] {processor.py:186} INFO - Started process (PID=2884) to work on /mnt/d/Образование/career_courses_postupashky_start/ML/ДЗ/Хард/small_mlflow_pipeline/.venv/lib/python3.12/site-packages/airflow/example_dags/example_inlet_event_extra.py
[2025-08-25T15:36:13.254+0300] {processor.py:914} INFO - Processing file /mnt/d/Образование/career_courses_postupashky_start/ML/ДЗ/Хард/small_mlflow_pipeline/.venv/lib/python3.12/site-packages/airflow/example_dags/example_inlet_event_extra.py for tasks to queue
[2025-08-25T15:36:13.256+0300] {logging_mixin.py:190} INFO - [2025-08-25T15:36:13.255+0300] {dagbag.py:588} INFO - Filling up the DagBag from /mnt/d/Образование/career_courses_postupashky_start/ML/ДЗ/Хард/small_mlflow_pipeline/.venv/lib/python3.12/site-packages/airflow/example_dags/example_inlet_event_extra.py
[2025-08-25T15:36:13.329+0300] {processor.py:925} INFO - DAG(s) 'read_dataset_event', 'read_dataset_event_from_classic' retrieved from /mnt/d/Образование/career_courses_postupashky_start/ML/ДЗ/Хард/small_mlflow_pipeline/.venv/lib/python3.12/site-packages/airflow/example_dags/example_inlet_event_extra.py
[2025-08-25T15:36:13.348+0300] {logging_mixin.py:190} INFO - [2025-08-25T15:36:13.347+0300] {dag.py:3239} INFO - Sync 2 DAGs
[2025-08-25T15:36:13.365+0300] {logging_mixin.py:190} INFO - [2025-08-25T15:36:13.364+0300] {dag.py:4180} INFO - Setting next_dagrun for read_dataset_event to 2025-08-24 00:00:00+00:00, run_after=2025-08-25 00:00:00+00:00
[2025-08-25T15:36:13.369+0300] {logging_mixin.py:190} INFO - [2025-08-25T15:36:13.368+0300] {dag.py:4180} INFO - Setting next_dagrun for read_dataset_event_from_classic to 2025-08-24 00:00:00+00:00, run_after=2025-08-25 00:00:00+00:00
[2025-08-25T15:36:13.404+0300] {processor.py:208} INFO - Processing /mnt/d/Образование/career_courses_postupashky_start/ML/ДЗ/Хард/small_mlflow_pipeline/.venv/lib/python3.12/site-packages/airflow/example_dags/example_inlet_event_extra.py took 0.158 seconds
