[2025-08-25T15:29:10.632+0300] {processor.py:186} INFO - Started process (PID=834) to work on /mnt/d/Образование/career_courses_postupashky_start/ML/ДЗ/Хард/small_mlflow_pipeline/.venv/lib/python3.12/site-packages/airflow/example_dags/example_sensor_decorator.py
[2025-08-25T15:29:10.633+0300] {processor.py:914} INFO - Processing file /mnt/d/Образование/career_courses_postupashky_start/ML/ДЗ/Хард/small_mlflow_pipeline/.venv/lib/python3.12/site-packages/airflow/example_dags/example_sensor_decorator.py for tasks to queue
[2025-08-25T15:29:10.635+0300] {logging_mixin.py:190} INFO - [2025-08-25T15:29:10.634+0300] {dagbag.py:588} INFO - Filling up the DagBag from /mnt/d/Образование/career_courses_postupashky_start/ML/ДЗ/Хард/small_mlflow_pipeline/.venv/lib/python3.12/site-packages/airflow/example_dags/example_sensor_decorator.py
[2025-08-25T15:29:10.674+0300] {processor.py:925} INFO - DAG(s) 'example_sensor_decorator' retrieved from /mnt/d/Образование/career_courses_postupashky_start/ML/ДЗ/Хард/small_mlflow_pipeline/.venv/lib/python3.12/site-packages/airflow/example_dags/example_sensor_decorator.py
[2025-08-25T15:29:11.286+0300] {logging_mixin.py:190} INFO - [2025-08-25T15:29:11.285+0300] {override.py:1930} INFO - Created Permission View: can delete on DAG:example_sensor_decorator
[2025-08-25T15:29:11.306+0300] {logging_mixin.py:190} INFO - [2025-08-25T15:29:11.305+0300] {override.py:1930} INFO - Created Permission View: can edit on DAG:example_sensor_decorator
[2025-08-25T15:29:11.323+0300] {logging_mixin.py:190} INFO - [2025-08-25T15:29:11.322+0300] {override.py:1930} INFO - Created Permission View: can read on DAG:example_sensor_decorator
[2025-08-25T15:29:11.351+0300] {logging_mixin.py:190} INFO - [2025-08-25T15:29:11.350+0300] {override.py:1930} INFO - Created Permission View: can delete on DAG Run:example_sensor_decorator
[2025-08-25T15:29:11.369+0300] {logging_mixin.py:190} INFO - [2025-08-25T15:29:11.369+0300] {override.py:1930} INFO - Created Permission View: can create on DAG Run:example_sensor_decorator
[2025-08-25T15:29:11.387+0300] {logging_mixin.py:190} INFO - [2025-08-25T15:29:11.386+0300] {override.py:1930} INFO - Created Permission View: can read on DAG Run:example_sensor_decorator
[2025-08-25T15:29:11.406+0300] {logging_mixin.py:190} INFO - [2025-08-25T15:29:11.405+0300] {override.py:1930} INFO - Created Permission View: menu access on DAG Run:example_sensor_decorator
[2025-08-25T15:29:11.407+0300] {logging_mixin.py:190} INFO - [2025-08-25T15:29:11.406+0300] {dag.py:3239} INFO - Sync 1 DAGs
[2025-08-25T15:29:11.420+0300] {logging_mixin.py:190} INFO - [2025-08-25T15:29:11.419+0300] {dag.py:3262} INFO - Creating ORM DAG for example_sensor_decorator
[2025-08-25T15:29:11.421+0300] {logging_mixin.py:190} INFO - [2025-08-25T15:29:11.420+0300] {dag.py:4180} INFO - Setting next_dagrun for example_sensor_decorator to None, run_after=None
[2025-08-25T15:29:11.455+0300] {processor.py:208} INFO - Processing /mnt/d/Образование/career_courses_postupashky_start/ML/ДЗ/Хард/small_mlflow_pipeline/.venv/lib/python3.12/site-packages/airflow/example_dags/example_sensor_decorator.py took 0.829 seconds
[2025-08-25T15:32:21.501+0300] {processor.py:186} INFO - Started process (PID=1918) to work on /mnt/d/Образование/career_courses_postupashky_start/ML/ДЗ/Хард/small_mlflow_pipeline/.venv/lib/python3.12/site-packages/airflow/example_dags/example_sensor_decorator.py
[2025-08-25T15:32:21.502+0300] {processor.py:914} INFO - Processing file /mnt/d/Образование/career_courses_postupashky_start/ML/ДЗ/Хард/small_mlflow_pipeline/.venv/lib/python3.12/site-packages/airflow/example_dags/example_sensor_decorator.py for tasks to queue
[2025-08-25T15:32:21.504+0300] {logging_mixin.py:190} INFO - [2025-08-25T15:32:21.504+0300] {dagbag.py:588} INFO - Filling up the DagBag from /mnt/d/Образование/career_courses_postupashky_start/ML/ДЗ/Хард/small_mlflow_pipeline/.venv/lib/python3.12/site-packages/airflow/example_dags/example_sensor_decorator.py
[2025-08-25T15:32:21.538+0300] {processor.py:925} INFO - DAG(s) 'example_sensor_decorator' retrieved from /mnt/d/Образование/career_courses_postupashky_start/ML/ДЗ/Хард/small_mlflow_pipeline/.venv/lib/python3.12/site-packages/airflow/example_dags/example_sensor_decorator.py
[2025-08-25T15:32:21.560+0300] {logging_mixin.py:190} INFO - [2025-08-25T15:32:21.560+0300] {dag.py:3239} INFO - Sync 1 DAGs
[2025-08-25T15:32:21.570+0300] {logging_mixin.py:190} INFO - [2025-08-25T15:32:21.569+0300] {dag.py:4180} INFO - Setting next_dagrun for example_sensor_decorator to None, run_after=None
[2025-08-25T15:32:21.600+0300] {processor.py:208} INFO - Processing /mnt/d/Образование/career_courses_postupashky_start/ML/ДЗ/Хард/small_mlflow_pipeline/.venv/lib/python3.12/site-packages/airflow/example_dags/example_sensor_decorator.py took 0.104 seconds
[2025-08-25T15:33:44.211+0300] {processor.py:186} INFO - Started process (PID=2342) to work on /mnt/d/Образование/career_courses_postupashky_start/ML/ДЗ/Хард/small_mlflow_pipeline/.venv/lib/python3.12/site-packages/airflow/example_dags/example_sensor_decorator.py
[2025-08-25T15:33:44.212+0300] {processor.py:914} INFO - Processing file /mnt/d/Образование/career_courses_postupashky_start/ML/ДЗ/Хард/small_mlflow_pipeline/.venv/lib/python3.12/site-packages/airflow/example_dags/example_sensor_decorator.py for tasks to queue
[2025-08-25T15:33:44.214+0300] {logging_mixin.py:190} INFO - [2025-08-25T15:33:44.213+0300] {dagbag.py:588} INFO - Filling up the DagBag from /mnt/d/Образование/career_courses_postupashky_start/ML/ДЗ/Хард/small_mlflow_pipeline/.venv/lib/python3.12/site-packages/airflow/example_dags/example_sensor_decorator.py
[2025-08-25T15:33:44.249+0300] {processor.py:925} INFO - DAG(s) 'example_sensor_decorator' retrieved from /mnt/d/Образование/career_courses_postupashky_start/ML/ДЗ/Хард/small_mlflow_pipeline/.venv/lib/python3.12/site-packages/airflow/example_dags/example_sensor_decorator.py
[2025-08-25T15:33:44.264+0300] {logging_mixin.py:190} INFO - [2025-08-25T15:33:44.263+0300] {dag.py:3239} INFO - Sync 1 DAGs
[2025-08-25T15:33:44.272+0300] {logging_mixin.py:190} INFO - [2025-08-25T15:33:44.272+0300] {dag.py:4180} INFO - Setting next_dagrun for example_sensor_decorator to None, run_after=None
[2025-08-25T15:33:44.306+0300] {processor.py:208} INFO - Processing /mnt/d/Образование/career_courses_postupashky_start/ML/ДЗ/Хард/small_mlflow_pipeline/.venv/lib/python3.12/site-packages/airflow/example_dags/example_sensor_decorator.py took 0.101 seconds
[2025-08-25T15:34:51.948+0300] {processor.py:186} INFO - Started process (PID=2627) to work on /mnt/d/Образование/career_courses_postupashky_start/ML/ДЗ/Хард/small_mlflow_pipeline/.venv/lib/python3.12/site-packages/airflow/example_dags/example_sensor_decorator.py
[2025-08-25T15:34:51.949+0300] {processor.py:914} INFO - Processing file /mnt/d/Образование/career_courses_postupashky_start/ML/ДЗ/Хард/small_mlflow_pipeline/.venv/lib/python3.12/site-packages/airflow/example_dags/example_sensor_decorator.py for tasks to queue
[2025-08-25T15:34:51.951+0300] {logging_mixin.py:190} INFO - [2025-08-25T15:34:51.950+0300] {dagbag.py:588} INFO - Filling up the DagBag from /mnt/d/Образование/career_courses_postupashky_start/ML/ДЗ/Хард/small_mlflow_pipeline/.venv/lib/python3.12/site-packages/airflow/example_dags/example_sensor_decorator.py
[2025-08-25T15:34:51.986+0300] {processor.py:925} INFO - DAG(s) 'example_sensor_decorator' retrieved from /mnt/d/Образование/career_courses_postupashky_start/ML/ДЗ/Хард/small_mlflow_pipeline/.venv/lib/python3.12/site-packages/airflow/example_dags/example_sensor_decorator.py
[2025-08-25T15:34:52.002+0300] {logging_mixin.py:190} INFO - [2025-08-25T15:34:52.001+0300] {dag.py:3239} INFO - Sync 1 DAGs
[2025-08-25T15:34:52.011+0300] {logging_mixin.py:190} INFO - [2025-08-25T15:34:52.010+0300] {dag.py:4180} INFO - Setting next_dagrun for example_sensor_decorator to None, run_after=None
[2025-08-25T15:34:52.042+0300] {processor.py:208} INFO - Processing /mnt/d/Образование/career_courses_postupashky_start/ML/ДЗ/Хард/small_mlflow_pipeline/.venv/lib/python3.12/site-packages/airflow/example_dags/example_sensor_decorator.py took 0.101 seconds
[2025-08-25T15:36:00.395+0300] {processor.py:186} INFO - Started process (PID=2854) to work on /mnt/d/Образование/career_courses_postupashky_start/ML/ДЗ/Хард/small_mlflow_pipeline/.venv/lib/python3.12/site-packages/airflow/example_dags/example_sensor_decorator.py
[2025-08-25T15:36:00.396+0300] {processor.py:914} INFO - Processing file /mnt/d/Образование/career_courses_postupashky_start/ML/ДЗ/Хард/small_mlflow_pipeline/.venv/lib/python3.12/site-packages/airflow/example_dags/example_sensor_decorator.py for tasks to queue
[2025-08-25T15:36:00.398+0300] {logging_mixin.py:190} INFO - [2025-08-25T15:36:00.397+0300] {dagbag.py:588} INFO - Filling up the DagBag from /mnt/d/Образование/career_courses_postupashky_start/ML/ДЗ/Хард/small_mlflow_pipeline/.venv/lib/python3.12/site-packages/airflow/example_dags/example_sensor_decorator.py
[2025-08-25T15:36:00.433+0300] {processor.py:925} INFO - DAG(s) 'example_sensor_decorator' retrieved from /mnt/d/Образование/career_courses_postupashky_start/ML/ДЗ/Хард/small_mlflow_pipeline/.venv/lib/python3.12/site-packages/airflow/example_dags/example_sensor_decorator.py
[2025-08-25T15:36:00.448+0300] {logging_mixin.py:190} INFO - [2025-08-25T15:36:00.447+0300] {dag.py:3239} INFO - Sync 1 DAGs
[2025-08-25T15:36:00.457+0300] {logging_mixin.py:190} INFO - [2025-08-25T15:36:00.456+0300] {dag.py:4180} INFO - Setting next_dagrun for example_sensor_decorator to None, run_after=None
[2025-08-25T15:36:00.491+0300] {processor.py:208} INFO - Processing /mnt/d/Образование/career_courses_postupashky_start/ML/ДЗ/Хард/small_mlflow_pipeline/.venv/lib/python3.12/site-packages/airflow/example_dags/example_sensor_decorator.py took 0.102 seconds
[2025-08-25T15:37:11.303+0300] {processor.py:186} INFO - Started process (PID=3264) to work on /mnt/d/Образование/career_courses_postupashky_start/ML/ДЗ/Хард/small_mlflow_pipeline/.venv/lib/python3.12/site-packages/airflow/example_dags/example_sensor_decorator.py
[2025-08-25T15:37:11.303+0300] {processor.py:914} INFO - Processing file /mnt/d/Образование/career_courses_postupashky_start/ML/ДЗ/Хард/small_mlflow_pipeline/.venv/lib/python3.12/site-packages/airflow/example_dags/example_sensor_decorator.py for tasks to queue
[2025-08-25T15:37:11.305+0300] {logging_mixin.py:190} INFO - [2025-08-25T15:37:11.305+0300] {dagbag.py:588} INFO - Filling up the DagBag from /mnt/d/Образование/career_courses_postupashky_start/ML/ДЗ/Хард/small_mlflow_pipeline/.venv/lib/python3.12/site-packages/airflow/example_dags/example_sensor_decorator.py
[2025-08-25T15:37:11.343+0300] {processor.py:925} INFO - DAG(s) 'example_sensor_decorator' retrieved from /mnt/d/Образование/career_courses_postupashky_start/ML/ДЗ/Хард/small_mlflow_pipeline/.venv/lib/python3.12/site-packages/airflow/example_dags/example_sensor_decorator.py
[2025-08-25T15:37:11.359+0300] {logging_mixin.py:190} INFO - [2025-08-25T15:37:11.358+0300] {dag.py:3239} INFO - Sync 1 DAGs
[2025-08-25T15:37:11.369+0300] {logging_mixin.py:190} INFO - [2025-08-25T15:37:11.368+0300] {dag.py:4180} INFO - Setting next_dagrun for example_sensor_decorator to None, run_after=None
[2025-08-25T15:37:11.405+0300] {processor.py:208} INFO - Processing /mnt/d/Образование/career_courses_postupashky_start/ML/ДЗ/Хард/small_mlflow_pipeline/.venv/lib/python3.12/site-packages/airflow/example_dags/example_sensor_decorator.py took 0.108 seconds
