[2025-08-25T15:27:49.847+0300] {processor.py:186} INFO - Started process (PID=548) to work on /mnt/d/Образование/career_courses_postupashky_start/ML/ДЗ/Хард/small_mlflow_pipeline/.venv/lib/python3.12/site-packages/airflow/example_dags/example_trigger_target_dag.py
[2025-08-25T15:27:49.847+0300] {processor.py:914} INFO - Processing file /mnt/d/Образование/career_courses_postupashky_start/ML/ДЗ/Хард/small_mlflow_pipeline/.venv/lib/python3.12/site-packages/airflow/example_dags/example_trigger_target_dag.py for tasks to queue
[2025-08-25T15:27:49.850+0300] {logging_mixin.py:190} INFO - [2025-08-25T15:27:49.849+0300] {dagbag.py:588} INFO - Filling up the DagBag from /mnt/d/Образование/career_courses_postupashky_start/ML/ДЗ/Хард/small_mlflow_pipeline/.venv/lib/python3.12/site-packages/airflow/example_dags/example_trigger_target_dag.py
[2025-08-25T15:27:49.906+0300] {processor.py:925} INFO - DAG(s) 'example_trigger_target_dag' retrieved from /mnt/d/Образование/career_courses_postupashky_start/ML/ДЗ/Хард/small_mlflow_pipeline/.venv/lib/python3.12/site-packages/airflow/example_dags/example_trigger_target_dag.py
[2025-08-25T15:27:50.557+0300] {logging_mixin.py:190} INFO - [2025-08-25T15:27:50.556+0300] {override.py:1930} INFO - Created Permission View: can edit on DAG:example_trigger_target_dag
[2025-08-25T15:27:50.576+0300] {logging_mixin.py:190} INFO - [2025-08-25T15:27:50.575+0300] {override.py:1930} INFO - Created Permission View: can read on DAG:example_trigger_target_dag
[2025-08-25T15:27:50.592+0300] {logging_mixin.py:190} INFO - [2025-08-25T15:27:50.592+0300] {override.py:1930} INFO - Created Permission View: can delete on DAG:example_trigger_target_dag
[2025-08-25T15:27:50.620+0300] {logging_mixin.py:190} INFO - [2025-08-25T15:27:50.619+0300] {override.py:1930} INFO - Created Permission View: menu access on DAG Run:example_trigger_target_dag
[2025-08-25T15:27:50.636+0300] {logging_mixin.py:190} INFO - [2025-08-25T15:27:50.636+0300] {override.py:1930} INFO - Created Permission View: can delete on DAG Run:example_trigger_target_dag
[2025-08-25T15:27:50.653+0300] {logging_mixin.py:190} INFO - [2025-08-25T15:27:50.653+0300] {override.py:1930} INFO - Created Permission View: can read on DAG Run:example_trigger_target_dag
[2025-08-25T15:27:50.670+0300] {logging_mixin.py:190} INFO - [2025-08-25T15:27:50.670+0300] {override.py:1930} INFO - Created Permission View: can create on DAG Run:example_trigger_target_dag
[2025-08-25T15:27:50.671+0300] {logging_mixin.py:190} INFO - [2025-08-25T15:27:50.671+0300] {dag.py:3239} INFO - Sync 1 DAGs
[2025-08-25T15:27:50.682+0300] {logging_mixin.py:190} INFO - [2025-08-25T15:27:50.682+0300] {dag.py:3262} INFO - Creating ORM DAG for example_trigger_target_dag
[2025-08-25T15:27:50.684+0300] {logging_mixin.py:190} INFO - [2025-08-25T15:27:50.683+0300] {dag.py:4180} INFO - Setting next_dagrun for example_trigger_target_dag to None, run_after=None
[2025-08-25T15:27:50.714+0300] {processor.py:208} INFO - Processing /mnt/d/Образование/career_courses_postupashky_start/ML/ДЗ/Хард/small_mlflow_pipeline/.venv/lib/python3.12/site-packages/airflow/example_dags/example_trigger_target_dag.py took 0.873 seconds
[2025-08-25T15:28:51.394+0300] {processor.py:186} INFO - Started process (PID=791) to work on /mnt/d/Образование/career_courses_postupashky_start/ML/ДЗ/Хард/small_mlflow_pipeline/.venv/lib/python3.12/site-packages/airflow/example_dags/example_trigger_target_dag.py
[2025-08-25T15:28:51.395+0300] {processor.py:914} INFO - Processing file /mnt/d/Образование/career_courses_postupashky_start/ML/ДЗ/Хард/small_mlflow_pipeline/.venv/lib/python3.12/site-packages/airflow/example_dags/example_trigger_target_dag.py for tasks to queue
[2025-08-25T15:28:51.397+0300] {logging_mixin.py:190} INFO - [2025-08-25T15:28:51.396+0300] {dagbag.py:588} INFO - Filling up the DagBag from /mnt/d/Образование/career_courses_postupashky_start/ML/ДЗ/Хард/small_mlflow_pipeline/.venv/lib/python3.12/site-packages/airflow/example_dags/example_trigger_target_dag.py
[2025-08-25T15:28:51.448+0300] {processor.py:925} INFO - DAG(s) 'example_trigger_target_dag' retrieved from /mnt/d/Образование/career_courses_postupashky_start/ML/ДЗ/Хард/small_mlflow_pipeline/.venv/lib/python3.12/site-packages/airflow/example_dags/example_trigger_target_dag.py
[2025-08-25T15:28:51.503+0300] {logging_mixin.py:190} INFO - [2025-08-25T15:28:51.502+0300] {dag.py:3239} INFO - Sync 1 DAGs
[2025-08-25T15:28:51.512+0300] {logging_mixin.py:190} INFO - [2025-08-25T15:28:51.512+0300] {dag.py:4180} INFO - Setting next_dagrun for example_trigger_target_dag to None, run_after=None
[2025-08-25T15:28:51.546+0300] {processor.py:208} INFO - Processing /mnt/d/Образование/career_courses_postupashky_start/ML/ДЗ/Хард/small_mlflow_pipeline/.venv/lib/python3.12/site-packages/airflow/example_dags/example_trigger_target_dag.py took 0.158 seconds
[2025-08-25T15:32:05.953+0300] {processor.py:186} INFO - Started process (PID=1754) to work on /mnt/d/Образование/career_courses_postupashky_start/ML/ДЗ/Хард/small_mlflow_pipeline/.venv/lib/python3.12/site-packages/airflow/example_dags/example_trigger_target_dag.py
[2025-08-25T15:32:05.953+0300] {processor.py:914} INFO - Processing file /mnt/d/Образование/career_courses_postupashky_start/ML/ДЗ/Хард/small_mlflow_pipeline/.venv/lib/python3.12/site-packages/airflow/example_dags/example_trigger_target_dag.py for tasks to queue
[2025-08-25T15:32:05.955+0300] {logging_mixin.py:190} INFO - [2025-08-25T15:32:05.955+0300] {dagbag.py:588} INFO - Filling up the DagBag from /mnt/d/Образование/career_courses_postupashky_start/ML/ДЗ/Хард/small_mlflow_pipeline/.venv/lib/python3.12/site-packages/airflow/example_dags/example_trigger_target_dag.py
[2025-08-25T15:32:06.008+0300] {processor.py:925} INFO - DAG(s) 'example_trigger_target_dag' retrieved from /mnt/d/Образование/career_courses_postupashky_start/ML/ДЗ/Хард/small_mlflow_pipeline/.venv/lib/python3.12/site-packages/airflow/example_dags/example_trigger_target_dag.py
[2025-08-25T15:32:06.063+0300] {logging_mixin.py:190} INFO - [2025-08-25T15:32:06.063+0300] {dag.py:3239} INFO - Sync 1 DAGs
[2025-08-25T15:32:06.073+0300] {logging_mixin.py:190} INFO - [2025-08-25T15:32:06.072+0300] {dag.py:4180} INFO - Setting next_dagrun for example_trigger_target_dag to None, run_after=None
[2025-08-25T15:32:06.109+0300] {processor.py:208} INFO - Processing /mnt/d/Образование/career_courses_postupashky_start/ML/ДЗ/Хард/small_mlflow_pipeline/.venv/lib/python3.12/site-packages/airflow/example_dags/example_trigger_target_dag.py took 0.163 seconds
[2025-08-25T15:33:27.606+0300] {processor.py:186} INFO - Started process (PID=2305) to work on /mnt/d/Образование/career_courses_postupashky_start/ML/ДЗ/Хард/small_mlflow_pipeline/.venv/lib/python3.12/site-packages/airflow/example_dags/example_trigger_target_dag.py
[2025-08-25T15:33:27.607+0300] {processor.py:914} INFO - Processing file /mnt/d/Образование/career_courses_postupashky_start/ML/ДЗ/Хард/small_mlflow_pipeline/.venv/lib/python3.12/site-packages/airflow/example_dags/example_trigger_target_dag.py for tasks to queue
[2025-08-25T15:33:27.609+0300] {logging_mixin.py:190} INFO - [2025-08-25T15:33:27.608+0300] {dagbag.py:588} INFO - Filling up the DagBag from /mnt/d/Образование/career_courses_postupashky_start/ML/ДЗ/Хард/small_mlflow_pipeline/.venv/lib/python3.12/site-packages/airflow/example_dags/example_trigger_target_dag.py
[2025-08-25T15:33:27.643+0300] {processor.py:925} INFO - DAG(s) 'example_trigger_target_dag' retrieved from /mnt/d/Образование/career_courses_postupashky_start/ML/ДЗ/Хард/small_mlflow_pipeline/.venv/lib/python3.12/site-packages/airflow/example_dags/example_trigger_target_dag.py
[2025-08-25T15:33:27.657+0300] {logging_mixin.py:190} INFO - [2025-08-25T15:33:27.656+0300] {dag.py:3239} INFO - Sync 1 DAGs
[2025-08-25T15:33:27.665+0300] {logging_mixin.py:190} INFO - [2025-08-25T15:33:27.665+0300] {dag.py:4180} INFO - Setting next_dagrun for example_trigger_target_dag to None, run_after=None
[2025-08-25T15:33:27.695+0300] {processor.py:208} INFO - Processing /mnt/d/Образование/career_courses_postupashky_start/ML/ДЗ/Хард/small_mlflow_pipeline/.venv/lib/python3.12/site-packages/airflow/example_dags/example_trigger_target_dag.py took 0.096 seconds
[2025-08-25T15:34:14.040+0300] {processor.py:186} INFO - Started process (PID=2476) to work on /mnt/d/Образование/career_courses_postupashky_start/ML/ДЗ/Хард/small_mlflow_pipeline/.venv/lib/python3.12/site-packages/airflow/example_dags/example_trigger_target_dag.py
[2025-08-25T15:34:14.041+0300] {processor.py:914} INFO - Processing file /mnt/d/Образование/career_courses_postupashky_start/ML/ДЗ/Хард/small_mlflow_pipeline/.venv/lib/python3.12/site-packages/airflow/example_dags/example_trigger_target_dag.py for tasks to queue
[2025-08-25T15:34:14.043+0300] {logging_mixin.py:190} INFO - [2025-08-25T15:34:14.043+0300] {dagbag.py:588} INFO - Filling up the DagBag from /mnt/d/Образование/career_courses_postupashky_start/ML/ДЗ/Хард/small_mlflow_pipeline/.venv/lib/python3.12/site-packages/airflow/example_dags/example_trigger_target_dag.py
[2025-08-25T15:34:14.077+0300] {processor.py:925} INFO - DAG(s) 'example_trigger_target_dag' retrieved from /mnt/d/Образование/career_courses_postupashky_start/ML/ДЗ/Хард/small_mlflow_pipeline/.venv/lib/python3.12/site-packages/airflow/example_dags/example_trigger_target_dag.py
[2025-08-25T15:34:14.092+0300] {logging_mixin.py:190} INFO - [2025-08-25T15:34:14.091+0300] {dag.py:3239} INFO - Sync 1 DAGs
[2025-08-25T15:34:14.100+0300] {logging_mixin.py:190} INFO - [2025-08-25T15:34:14.100+0300] {dag.py:4180} INFO - Setting next_dagrun for example_trigger_target_dag to None, run_after=None
[2025-08-25T15:34:14.133+0300] {processor.py:208} INFO - Processing /mnt/d/Образование/career_courses_postupashky_start/ML/ДЗ/Хард/small_mlflow_pipeline/.venv/lib/python3.12/site-packages/airflow/example_dags/example_trigger_target_dag.py took 0.099 seconds
[2025-08-25T15:35:22.213+0300] {processor.py:186} INFO - Started process (PID=2700) to work on /mnt/d/Образование/career_courses_postupashky_start/ML/ДЗ/Хард/small_mlflow_pipeline/.venv/lib/python3.12/site-packages/airflow/example_dags/example_trigger_target_dag.py
[2025-08-25T15:35:22.214+0300] {processor.py:914} INFO - Processing file /mnt/d/Образование/career_courses_postupashky_start/ML/ДЗ/Хард/small_mlflow_pipeline/.venv/lib/python3.12/site-packages/airflow/example_dags/example_trigger_target_dag.py for tasks to queue
[2025-08-25T15:35:22.216+0300] {logging_mixin.py:190} INFO - [2025-08-25T15:35:22.216+0300] {dagbag.py:588} INFO - Filling up the DagBag from /mnt/d/Образование/career_courses_postupashky_start/ML/ДЗ/Хард/small_mlflow_pipeline/.venv/lib/python3.12/site-packages/airflow/example_dags/example_trigger_target_dag.py
[2025-08-25T15:35:22.251+0300] {processor.py:925} INFO - DAG(s) 'example_trigger_target_dag' retrieved from /mnt/d/Образование/career_courses_postupashky_start/ML/ДЗ/Хард/small_mlflow_pipeline/.venv/lib/python3.12/site-packages/airflow/example_dags/example_trigger_target_dag.py
[2025-08-25T15:35:22.266+0300] {logging_mixin.py:190} INFO - [2025-08-25T15:35:22.265+0300] {dag.py:3239} INFO - Sync 1 DAGs
[2025-08-25T15:35:22.275+0300] {logging_mixin.py:190} INFO - [2025-08-25T15:35:22.274+0300] {dag.py:4180} INFO - Setting next_dagrun for example_trigger_target_dag to None, run_after=None
[2025-08-25T15:35:22.311+0300] {processor.py:208} INFO - Processing /mnt/d/Образование/career_courses_postupashky_start/ML/ДЗ/Хард/small_mlflow_pipeline/.venv/lib/python3.12/site-packages/airflow/example_dags/example_trigger_target_dag.py took 0.104 seconds
[2025-08-25T15:36:29.189+0300] {processor.py:186} INFO - Started process (PID=2923) to work on /mnt/d/Образование/career_courses_postupashky_start/ML/ДЗ/Хард/small_mlflow_pipeline/.venv/lib/python3.12/site-packages/airflow/example_dags/example_trigger_target_dag.py
[2025-08-25T15:36:29.189+0300] {processor.py:914} INFO - Processing file /mnt/d/Образование/career_courses_postupashky_start/ML/ДЗ/Хард/small_mlflow_pipeline/.venv/lib/python3.12/site-packages/airflow/example_dags/example_trigger_target_dag.py for tasks to queue
[2025-08-25T15:36:29.191+0300] {logging_mixin.py:190} INFO - [2025-08-25T15:36:29.191+0300] {dagbag.py:588} INFO - Filling up the DagBag from /mnt/d/Образование/career_courses_postupashky_start/ML/ДЗ/Хард/small_mlflow_pipeline/.venv/lib/python3.12/site-packages/airflow/example_dags/example_trigger_target_dag.py
[2025-08-25T15:36:29.225+0300] {processor.py:925} INFO - DAG(s) 'example_trigger_target_dag' retrieved from /mnt/d/Образование/career_courses_postupashky_start/ML/ДЗ/Хард/small_mlflow_pipeline/.venv/lib/python3.12/site-packages/airflow/example_dags/example_trigger_target_dag.py
[2025-08-25T15:36:29.241+0300] {logging_mixin.py:190} INFO - [2025-08-25T15:36:29.240+0300] {dag.py:3239} INFO - Sync 1 DAGs
[2025-08-25T15:36:29.249+0300] {logging_mixin.py:190} INFO - [2025-08-25T15:36:29.249+0300] {dag.py:4180} INFO - Setting next_dagrun for example_trigger_target_dag to None, run_after=None
[2025-08-25T15:36:29.283+0300] {processor.py:208} INFO - Processing /mnt/d/Образование/career_courses_postupashky_start/ML/ДЗ/Хард/small_mlflow_pipeline/.venv/lib/python3.12/site-packages/airflow/example_dags/example_trigger_target_dag.py took 0.100 seconds
