[2025-08-25T15:32:33.851+0300] {processor.py:186} INFO - Started process (PID=1946) to work on /mnt/d/Образование/career_courses_postupashky_start/ML/ДЗ/Хард/small_mlflow_pipeline/.venv/lib/python3.12/site-packages/airflow/example_dags/example_latest_only.py
[2025-08-25T15:32:33.852+0300] {processor.py:914} INFO - Processing file /mnt/d/Образование/career_courses_postupashky_start/ML/ДЗ/Хард/small_mlflow_pipeline/.venv/lib/python3.12/site-packages/airflow/example_dags/example_latest_only.py for tasks to queue
[2025-08-25T15:32:33.855+0300] {logging_mixin.py:190} INFO - [2025-08-25T15:32:33.854+0300] {dagbag.py:588} INFO - Filling up the DagBag from /mnt/d/Образование/career_courses_postupashky_start/ML/ДЗ/Хард/small_mlflow_pipeline/.venv/lib/python3.12/site-packages/airflow/example_dags/example_latest_only.py
[2025-08-25T15:32:33.897+0300] {processor.py:925} INFO - DAG(s) 'latest_only' retrieved from /mnt/d/Образование/career_courses_postupashky_start/ML/ДЗ/Хард/small_mlflow_pipeline/.venv/lib/python3.12/site-packages/airflow/example_dags/example_latest_only.py
[2025-08-25T15:32:34.505+0300] {logging_mixin.py:190} INFO - [2025-08-25T15:32:34.504+0300] {override.py:1930} INFO - Created Permission View: can read on DAG:latest_only
[2025-08-25T15:32:34.526+0300] {logging_mixin.py:190} INFO - [2025-08-25T15:32:34.525+0300] {override.py:1930} INFO - Created Permission View: can delete on DAG:latest_only
[2025-08-25T15:32:34.545+0300] {logging_mixin.py:190} INFO - [2025-08-25T15:32:34.544+0300] {override.py:1930} INFO - Created Permission View: can edit on DAG:latest_only
[2025-08-25T15:32:34.575+0300] {logging_mixin.py:190} INFO - [2025-08-25T15:32:34.574+0300] {override.py:1930} INFO - Created Permission View: menu access on DAG Run:latest_only
[2025-08-25T15:32:34.595+0300] {logging_mixin.py:190} INFO - [2025-08-25T15:32:34.594+0300] {override.py:1930} INFO - Created Permission View: can create on DAG Run:latest_only
[2025-08-25T15:32:34.614+0300] {logging_mixin.py:190} INFO - [2025-08-25T15:32:34.614+0300] {override.py:1930} INFO - Created Permission View: can read on DAG Run:latest_only
[2025-08-25T15:32:34.637+0300] {logging_mixin.py:190} INFO - [2025-08-25T15:32:34.636+0300] {override.py:1930} INFO - Created Permission View: can delete on DAG Run:latest_only
[2025-08-25T15:32:34.638+0300] {logging_mixin.py:190} INFO - [2025-08-25T15:32:34.638+0300] {dag.py:3239} INFO - Sync 1 DAGs
[2025-08-25T15:32:34.651+0300] {logging_mixin.py:190} INFO - [2025-08-25T15:32:34.651+0300] {dag.py:3262} INFO - Creating ORM DAG for latest_only
[2025-08-25T15:32:34.662+0300] {logging_mixin.py:190} INFO - [2025-08-25T15:32:34.661+0300] {dag.py:4180} INFO - Setting next_dagrun for latest_only to 2025-08-25 08:00:00+00:00, run_after=2025-08-25 12:00:00+00:00
[2025-08-25T15:32:34.699+0300] {processor.py:208} INFO - Processing /mnt/d/Образование/career_courses_postupashky_start/ML/ДЗ/Хард/small_mlflow_pipeline/.venv/lib/python3.12/site-packages/airflow/example_dags/example_latest_only.py took 0.854 seconds
[2025-08-25T15:33:53.293+0300] {processor.py:186} INFO - Started process (PID=2427) to work on /mnt/d/Образование/career_courses_postupashky_start/ML/ДЗ/Хард/small_mlflow_pipeline/.venv/lib/python3.12/site-packages/airflow/example_dags/example_latest_only.py
[2025-08-25T15:33:53.294+0300] {processor.py:914} INFO - Processing file /mnt/d/Образование/career_courses_postupashky_start/ML/ДЗ/Хард/small_mlflow_pipeline/.venv/lib/python3.12/site-packages/airflow/example_dags/example_latest_only.py for tasks to queue
[2025-08-25T15:33:53.295+0300] {logging_mixin.py:190} INFO - [2025-08-25T15:33:53.295+0300] {dagbag.py:588} INFO - Filling up the DagBag from /mnt/d/Образование/career_courses_postupashky_start/ML/ДЗ/Хард/small_mlflow_pipeline/.venv/lib/python3.12/site-packages/airflow/example_dags/example_latest_only.py
[2025-08-25T15:33:53.330+0300] {processor.py:925} INFO - DAG(s) 'latest_only' retrieved from /mnt/d/Образование/career_courses_postupashky_start/ML/ДЗ/Хард/small_mlflow_pipeline/.venv/lib/python3.12/site-packages/airflow/example_dags/example_latest_only.py
[2025-08-25T15:33:53.346+0300] {logging_mixin.py:190} INFO - [2025-08-25T15:33:53.345+0300] {dag.py:3239} INFO - Sync 1 DAGs
[2025-08-25T15:33:53.364+0300] {logging_mixin.py:190} INFO - [2025-08-25T15:33:53.363+0300] {dag.py:4180} INFO - Setting next_dagrun for latest_only to 2025-08-25 08:00:00+00:00, run_after=2025-08-25 12:00:00+00:00
[2025-08-25T15:33:53.399+0300] {processor.py:208} INFO - Processing /mnt/d/Образование/career_courses_postupashky_start/ML/ДЗ/Хард/small_mlflow_pipeline/.venv/lib/python3.12/site-packages/airflow/example_dags/example_latest_only.py took 0.112 seconds
[2025-08-25T15:35:02.535+0300] {processor.py:186} INFO - Started process (PID=2652) to work on /mnt/d/Образование/career_courses_postupashky_start/ML/ДЗ/Хард/small_mlflow_pipeline/.venv/lib/python3.12/site-packages/airflow/example_dags/example_latest_only.py
[2025-08-25T15:35:02.535+0300] {processor.py:914} INFO - Processing file /mnt/d/Образование/career_courses_postupashky_start/ML/ДЗ/Хард/small_mlflow_pipeline/.venv/lib/python3.12/site-packages/airflow/example_dags/example_latest_only.py for tasks to queue
[2025-08-25T15:35:02.537+0300] {logging_mixin.py:190} INFO - [2025-08-25T15:35:02.537+0300] {dagbag.py:588} INFO - Filling up the DagBag from /mnt/d/Образование/career_courses_postupashky_start/ML/ДЗ/Хард/small_mlflow_pipeline/.venv/lib/python3.12/site-packages/airflow/example_dags/example_latest_only.py
[2025-08-25T15:35:02.571+0300] {processor.py:925} INFO - DAG(s) 'latest_only' retrieved from /mnt/d/Образование/career_courses_postupashky_start/ML/ДЗ/Хард/small_mlflow_pipeline/.venv/lib/python3.12/site-packages/airflow/example_dags/example_latest_only.py
[2025-08-25T15:35:02.585+0300] {logging_mixin.py:190} INFO - [2025-08-25T15:35:02.585+0300] {dag.py:3239} INFO - Sync 1 DAGs
[2025-08-25T15:35:02.602+0300] {logging_mixin.py:190} INFO - [2025-08-25T15:35:02.601+0300] {dag.py:4180} INFO - Setting next_dagrun for latest_only to 2025-08-25 08:00:00+00:00, run_after=2025-08-25 12:00:00+00:00
[2025-08-25T15:35:02.634+0300] {processor.py:208} INFO - Processing /mnt/d/Образование/career_courses_postupashky_start/ML/ДЗ/Хард/small_mlflow_pipeline/.venv/lib/python3.12/site-packages/airflow/example_dags/example_latest_only.py took 0.106 seconds
[2025-08-25T15:36:10.811+0300] {processor.py:186} INFO - Started process (PID=2879) to work on /mnt/d/Образование/career_courses_postupashky_start/ML/ДЗ/Хард/small_mlflow_pipeline/.venv/lib/python3.12/site-packages/airflow/example_dags/example_latest_only.py
[2025-08-25T15:36:10.812+0300] {processor.py:914} INFO - Processing file /mnt/d/Образование/career_courses_postupashky_start/ML/ДЗ/Хард/small_mlflow_pipeline/.venv/lib/python3.12/site-packages/airflow/example_dags/example_latest_only.py for tasks to queue
[2025-08-25T15:36:10.814+0300] {logging_mixin.py:190} INFO - [2025-08-25T15:36:10.813+0300] {dagbag.py:588} INFO - Filling up the DagBag from /mnt/d/Образование/career_courses_postupashky_start/ML/ДЗ/Хард/small_mlflow_pipeline/.venv/lib/python3.12/site-packages/airflow/example_dags/example_latest_only.py
[2025-08-25T15:36:10.848+0300] {processor.py:925} INFO - DAG(s) 'latest_only' retrieved from /mnt/d/Образование/career_courses_postupashky_start/ML/ДЗ/Хард/small_mlflow_pipeline/.venv/lib/python3.12/site-packages/airflow/example_dags/example_latest_only.py
[2025-08-25T15:36:10.862+0300] {logging_mixin.py:190} INFO - [2025-08-25T15:36:10.862+0300] {dag.py:3239} INFO - Sync 1 DAGs
[2025-08-25T15:36:10.879+0300] {logging_mixin.py:190} INFO - [2025-08-25T15:36:10.878+0300] {dag.py:4180} INFO - Setting next_dagrun for latest_only to 2025-08-25 08:00:00+00:00, run_after=2025-08-25 12:00:00+00:00
[2025-08-25T15:36:10.912+0300] {processor.py:208} INFO - Processing /mnt/d/Образование/career_courses_postupashky_start/ML/ДЗ/Хард/small_mlflow_pipeline/.venv/lib/python3.12/site-packages/airflow/example_dags/example_latest_only.py took 0.107 seconds
