[2025-08-25T15:28:59.244+0300] {processor.py:186} INFO - Started process (PID=810) to work on /mnt/d/Образование/career_courses_postupashky_start/ML/ДЗ/Хард/small_mlflow_pipeline/.venv/lib/python3.12/site-packages/airflow/example_dags/example_skip_dag.py
[2025-08-25T15:28:59.245+0300] {processor.py:914} INFO - Processing file /mnt/d/Образование/career_courses_postupashky_start/ML/ДЗ/Хард/small_mlflow_pipeline/.venv/lib/python3.12/site-packages/airflow/example_dags/example_skip_dag.py for tasks to queue
[2025-08-25T15:28:59.246+0300] {logging_mixin.py:190} INFO - [2025-08-25T15:28:59.246+0300] {dagbag.py:588} INFO - Filling up the DagBag from /mnt/d/Образование/career_courses_postupashky_start/ML/ДЗ/Хард/small_mlflow_pipeline/.venv/lib/python3.12/site-packages/airflow/example_dags/example_skip_dag.py
[2025-08-25T15:28:59.286+0300] {processor.py:925} INFO - DAG(s) 'example_skip_dag' retrieved from /mnt/d/Образование/career_courses_postupashky_start/ML/ДЗ/Хард/small_mlflow_pipeline/.venv/lib/python3.12/site-packages/airflow/example_dags/example_skip_dag.py
[2025-08-25T15:28:59.879+0300] {logging_mixin.py:190} INFO - [2025-08-25T15:28:59.878+0300] {override.py:1930} INFO - Created Permission View: can delete on DAG:example_skip_dag
[2025-08-25T15:28:59.898+0300] {logging_mixin.py:190} INFO - [2025-08-25T15:28:59.898+0300] {override.py:1930} INFO - Created Permission View: can edit on DAG:example_skip_dag
[2025-08-25T15:28:59.916+0300] {logging_mixin.py:190} INFO - [2025-08-25T15:28:59.915+0300] {override.py:1930} INFO - Created Permission View: can read on DAG:example_skip_dag
[2025-08-25T15:28:59.945+0300] {logging_mixin.py:190} INFO - [2025-08-25T15:28:59.944+0300] {override.py:1930} INFO - Created Permission View: can delete on DAG Run:example_skip_dag
[2025-08-25T15:28:59.962+0300] {logging_mixin.py:190} INFO - [2025-08-25T15:28:59.962+0300] {override.py:1930} INFO - Created Permission View: can create on DAG Run:example_skip_dag
[2025-08-25T15:28:59.980+0300] {logging_mixin.py:190} INFO - [2025-08-25T15:28:59.980+0300] {override.py:1930} INFO - Created Permission View: can read on DAG Run:example_skip_dag
[2025-08-25T15:28:59.998+0300] {logging_mixin.py:190} INFO - [2025-08-25T15:28:59.997+0300] {override.py:1930} INFO - Created Permission View: menu access on DAG Run:example_skip_dag
[2025-08-25T15:28:59.999+0300] {logging_mixin.py:190} INFO - [2025-08-25T15:28:59.999+0300] {dag.py:3239} INFO - Sync 1 DAGs
[2025-08-25T15:29:00.011+0300] {logging_mixin.py:190} INFO - [2025-08-25T15:29:00.011+0300] {dag.py:3262} INFO - Creating ORM DAG for example_skip_dag
[2025-08-25T15:29:00.021+0300] {logging_mixin.py:190} INFO - [2025-08-25T15:29:00.020+0300] {dag.py:4180} INFO - Setting next_dagrun for example_skip_dag to 2025-08-24 00:00:00+00:00, run_after=2025-08-25 00:00:00+00:00
[2025-08-25T15:29:00.055+0300] {processor.py:208} INFO - Processing /mnt/d/Образование/career_courses_postupashky_start/ML/ДЗ/Хард/small_mlflow_pipeline/.venv/lib/python3.12/site-packages/airflow/example_dags/example_skip_dag.py took 0.817 seconds
[2025-08-25T15:32:14.943+0300] {processor.py:186} INFO - Started process (PID=1900) to work on /mnt/d/Образование/career_courses_postupashky_start/ML/ДЗ/Хард/small_mlflow_pipeline/.venv/lib/python3.12/site-packages/airflow/example_dags/example_skip_dag.py
[2025-08-25T15:32:14.944+0300] {processor.py:914} INFO - Processing file /mnt/d/Образование/career_courses_postupashky_start/ML/ДЗ/Хард/small_mlflow_pipeline/.venv/lib/python3.12/site-packages/airflow/example_dags/example_skip_dag.py for tasks to queue
[2025-08-25T15:32:14.947+0300] {logging_mixin.py:190} INFO - [2025-08-25T15:32:14.946+0300] {dagbag.py:588} INFO - Filling up the DagBag from /mnt/d/Образование/career_courses_postupashky_start/ML/ДЗ/Хард/small_mlflow_pipeline/.venv/lib/python3.12/site-packages/airflow/example_dags/example_skip_dag.py
[2025-08-25T15:32:14.990+0300] {processor.py:925} INFO - DAG(s) 'example_skip_dag' retrieved from /mnt/d/Образование/career_courses_postupashky_start/ML/ДЗ/Хард/small_mlflow_pipeline/.venv/lib/python3.12/site-packages/airflow/example_dags/example_skip_dag.py
[2025-08-25T15:32:15.015+0300] {logging_mixin.py:190} INFO - [2025-08-25T15:32:15.014+0300] {dag.py:3239} INFO - Sync 1 DAGs
[2025-08-25T15:32:15.035+0300] {logging_mixin.py:190} INFO - [2025-08-25T15:32:15.034+0300] {dag.py:4180} INFO - Setting next_dagrun for example_skip_dag to 2025-08-24 00:00:00+00:00, run_after=2025-08-25 00:00:00+00:00
[2025-08-25T15:32:15.071+0300] {processor.py:208} INFO - Processing /mnt/d/Образование/career_courses_postupashky_start/ML/ДЗ/Хард/small_mlflow_pipeline/.venv/lib/python3.12/site-packages/airflow/example_dags/example_skip_dag.py took 0.137 seconds
[2025-08-25T15:33:36.531+0300] {processor.py:186} INFO - Started process (PID=2327) to work on /mnt/d/Образование/career_courses_postupashky_start/ML/ДЗ/Хард/small_mlflow_pipeline/.venv/lib/python3.12/site-packages/airflow/example_dags/example_skip_dag.py
[2025-08-25T15:33:36.532+0300] {processor.py:914} INFO - Processing file /mnt/d/Образование/career_courses_postupashky_start/ML/ДЗ/Хард/small_mlflow_pipeline/.venv/lib/python3.12/site-packages/airflow/example_dags/example_skip_dag.py for tasks to queue
[2025-08-25T15:33:36.534+0300] {logging_mixin.py:190} INFO - [2025-08-25T15:33:36.534+0300] {dagbag.py:588} INFO - Filling up the DagBag from /mnt/d/Образование/career_courses_postupashky_start/ML/ДЗ/Хард/small_mlflow_pipeline/.venv/lib/python3.12/site-packages/airflow/example_dags/example_skip_dag.py
[2025-08-25T15:33:36.568+0300] {processor.py:925} INFO - DAG(s) 'example_skip_dag' retrieved from /mnt/d/Образование/career_courses_postupashky_start/ML/ДЗ/Хард/small_mlflow_pipeline/.venv/lib/python3.12/site-packages/airflow/example_dags/example_skip_dag.py
[2025-08-25T15:33:36.584+0300] {logging_mixin.py:190} INFO - [2025-08-25T15:33:36.583+0300] {dag.py:3239} INFO - Sync 1 DAGs
[2025-08-25T15:33:36.600+0300] {logging_mixin.py:190} INFO - [2025-08-25T15:33:36.600+0300] {dag.py:4180} INFO - Setting next_dagrun for example_skip_dag to 2025-08-24 00:00:00+00:00, run_after=2025-08-25 00:00:00+00:00
[2025-08-25T15:33:36.629+0300] {processor.py:208} INFO - Processing /mnt/d/Образование/career_courses_postupashky_start/ML/ДЗ/Хард/small_mlflow_pipeline/.venv/lib/python3.12/site-packages/airflow/example_dags/example_skip_dag.py took 0.103 seconds
[2025-08-25T15:34:45.372+0300] {processor.py:186} INFO - Started process (PID=2552) to work on /mnt/d/Образование/career_courses_postupashky_start/ML/ДЗ/Хард/small_mlflow_pipeline/.venv/lib/python3.12/site-packages/airflow/example_dags/example_skip_dag.py
[2025-08-25T15:34:45.373+0300] {processor.py:914} INFO - Processing file /mnt/d/Образование/career_courses_postupashky_start/ML/ДЗ/Хард/small_mlflow_pipeline/.venv/lib/python3.12/site-packages/airflow/example_dags/example_skip_dag.py for tasks to queue
[2025-08-25T15:34:45.375+0300] {logging_mixin.py:190} INFO - [2025-08-25T15:34:45.374+0300] {dagbag.py:588} INFO - Filling up the DagBag from /mnt/d/Образование/career_courses_postupashky_start/ML/ДЗ/Хард/small_mlflow_pipeline/.venv/lib/python3.12/site-packages/airflow/example_dags/example_skip_dag.py
[2025-08-25T15:34:45.409+0300] {processor.py:925} INFO - DAG(s) 'example_skip_dag' retrieved from /mnt/d/Образование/career_courses_postupashky_start/ML/ДЗ/Хард/small_mlflow_pipeline/.venv/lib/python3.12/site-packages/airflow/example_dags/example_skip_dag.py
[2025-08-25T15:34:45.425+0300] {logging_mixin.py:190} INFO - [2025-08-25T15:34:45.424+0300] {dag.py:3239} INFO - Sync 1 DAGs
[2025-08-25T15:34:45.442+0300] {logging_mixin.py:190} INFO - [2025-08-25T15:34:45.441+0300] {dag.py:4180} INFO - Setting next_dagrun for example_skip_dag to 2025-08-24 00:00:00+00:00, run_after=2025-08-25 00:00:00+00:00
[2025-08-25T15:34:45.475+0300] {processor.py:208} INFO - Processing /mnt/d/Образование/career_courses_postupashky_start/ML/ДЗ/Хард/small_mlflow_pipeline/.venv/lib/python3.12/site-packages/airflow/example_dags/example_skip_dag.py took 0.109 seconds
[2025-08-25T15:35:53.796+0300] {processor.py:186} INFO - Started process (PID=2839) to work on /mnt/d/Образование/career_courses_postupashky_start/ML/ДЗ/Хард/small_mlflow_pipeline/.venv/lib/python3.12/site-packages/airflow/example_dags/example_skip_dag.py
[2025-08-25T15:35:53.797+0300] {processor.py:914} INFO - Processing file /mnt/d/Образование/career_courses_postupashky_start/ML/ДЗ/Хард/small_mlflow_pipeline/.venv/lib/python3.12/site-packages/airflow/example_dags/example_skip_dag.py for tasks to queue
[2025-08-25T15:35:53.799+0300] {logging_mixin.py:190} INFO - [2025-08-25T15:35:53.799+0300] {dagbag.py:588} INFO - Filling up the DagBag from /mnt/d/Образование/career_courses_postupashky_start/ML/ДЗ/Хард/small_mlflow_pipeline/.venv/lib/python3.12/site-packages/airflow/example_dags/example_skip_dag.py
[2025-08-25T15:35:53.833+0300] {processor.py:925} INFO - DAG(s) 'example_skip_dag' retrieved from /mnt/d/Образование/career_courses_postupashky_start/ML/ДЗ/Хард/small_mlflow_pipeline/.venv/lib/python3.12/site-packages/airflow/example_dags/example_skip_dag.py
[2025-08-25T15:35:53.849+0300] {logging_mixin.py:190} INFO - [2025-08-25T15:35:53.848+0300] {dag.py:3239} INFO - Sync 1 DAGs
[2025-08-25T15:35:53.865+0300] {logging_mixin.py:190} INFO - [2025-08-25T15:35:53.864+0300] {dag.py:4180} INFO - Setting next_dagrun for example_skip_dag to 2025-08-24 00:00:00+00:00, run_after=2025-08-25 00:00:00+00:00
[2025-08-25T15:35:53.893+0300] {processor.py:208} INFO - Processing /mnt/d/Образование/career_courses_postupashky_start/ML/ДЗ/Хард/small_mlflow_pipeline/.venv/lib/python3.12/site-packages/airflow/example_dags/example_skip_dag.py took 0.103 seconds
[2025-08-25T15:37:04.519+0300] {processor.py:186} INFO - Started process (PID=3249) to work on /mnt/d/Образование/career_courses_postupashky_start/ML/ДЗ/Хард/small_mlflow_pipeline/.venv/lib/python3.12/site-packages/airflow/example_dags/example_skip_dag.py
[2025-08-25T15:37:04.520+0300] {processor.py:914} INFO - Processing file /mnt/d/Образование/career_courses_postupashky_start/ML/ДЗ/Хард/small_mlflow_pipeline/.venv/lib/python3.12/site-packages/airflow/example_dags/example_skip_dag.py for tasks to queue
[2025-08-25T15:37:04.522+0300] {logging_mixin.py:190} INFO - [2025-08-25T15:37:04.521+0300] {dagbag.py:588} INFO - Filling up the DagBag from /mnt/d/Образование/career_courses_postupashky_start/ML/ДЗ/Хард/small_mlflow_pipeline/.venv/lib/python3.12/site-packages/airflow/example_dags/example_skip_dag.py
[2025-08-25T15:37:04.558+0300] {processor.py:925} INFO - DAG(s) 'example_skip_dag' retrieved from /mnt/d/Образование/career_courses_postupashky_start/ML/ДЗ/Хард/small_mlflow_pipeline/.venv/lib/python3.12/site-packages/airflow/example_dags/example_skip_dag.py
[2025-08-25T15:37:04.573+0300] {logging_mixin.py:190} INFO - [2025-08-25T15:37:04.572+0300] {dag.py:3239} INFO - Sync 1 DAGs
[2025-08-25T15:37:04.589+0300] {logging_mixin.py:190} INFO - [2025-08-25T15:37:04.588+0300] {dag.py:4180} INFO - Setting next_dagrun for example_skip_dag to 2025-08-24 00:00:00+00:00, run_after=2025-08-25 00:00:00+00:00
[2025-08-25T15:37:04.618+0300] {processor.py:208} INFO - Processing /mnt/d/Образование/career_courses_postupashky_start/ML/ДЗ/Хард/small_mlflow_pipeline/.venv/lib/python3.12/site-packages/airflow/example_dags/example_skip_dag.py took 0.105 seconds
