[2025-08-25T15:29:08.646+0300] {processor.py:186} INFO - Started process (PID=830) to work on /mnt/d/Образование/career_courses_postupashky_start/ML/ДЗ/Хард/small_mlflow_pipeline/.venv/lib/python3.12/site-packages/airflow/example_dags/example_sensors.py
[2025-08-25T15:29:08.646+0300] {processor.py:914} INFO - Processing file /mnt/d/Образование/career_courses_postupashky_start/ML/ДЗ/Хард/small_mlflow_pipeline/.venv/lib/python3.12/site-packages/airflow/example_dags/example_sensors.py for tasks to queue
[2025-08-25T15:29:08.648+0300] {logging_mixin.py:190} INFO - [2025-08-25T15:29:08.648+0300] {dagbag.py:588} INFO - Filling up the DagBag from /mnt/d/Образование/career_courses_postupashky_start/ML/ДЗ/Хард/small_mlflow_pipeline/.venv/lib/python3.12/site-packages/airflow/example_dags/example_sensors.py
[2025-08-25T15:29:08.684+0300] {processor.py:925} INFO - DAG(s) 'example_sensors' retrieved from /mnt/d/Образование/career_courses_postupashky_start/ML/ДЗ/Хард/small_mlflow_pipeline/.venv/lib/python3.12/site-packages/airflow/example_dags/example_sensors.py
[2025-08-25T15:29:09.289+0300] {logging_mixin.py:190} INFO - [2025-08-25T15:29:09.288+0300] {override.py:1930} INFO - Created Permission View: can delete on DAG:example_sensors
[2025-08-25T15:29:09.309+0300] {logging_mixin.py:190} INFO - [2025-08-25T15:29:09.309+0300] {override.py:1930} INFO - Created Permission View: can edit on DAG:example_sensors
[2025-08-25T15:29:09.327+0300] {logging_mixin.py:190} INFO - [2025-08-25T15:29:09.327+0300] {override.py:1930} INFO - Created Permission View: can read on DAG:example_sensors
[2025-08-25T15:29:09.355+0300] {logging_mixin.py:190} INFO - [2025-08-25T15:29:09.354+0300] {override.py:1930} INFO - Created Permission View: can delete on DAG Run:example_sensors
[2025-08-25T15:29:09.372+0300] {logging_mixin.py:190} INFO - [2025-08-25T15:29:09.372+0300] {override.py:1930} INFO - Created Permission View: can create on DAG Run:example_sensors
[2025-08-25T15:29:09.390+0300] {logging_mixin.py:190} INFO - [2025-08-25T15:29:09.390+0300] {override.py:1930} INFO - Created Permission View: can read on DAG Run:example_sensors
[2025-08-25T15:29:09.409+0300] {logging_mixin.py:190} INFO - [2025-08-25T15:29:09.408+0300] {override.py:1930} INFO - Created Permission View: menu access on DAG Run:example_sensors
[2025-08-25T15:29:09.410+0300] {logging_mixin.py:190} INFO - [2025-08-25T15:29:09.410+0300] {dag.py:3239} INFO - Sync 1 DAGs
[2025-08-25T15:29:09.423+0300] {logging_mixin.py:190} INFO - [2025-08-25T15:29:09.422+0300] {dag.py:3262} INFO - Creating ORM DAG for example_sensors
[2025-08-25T15:29:09.424+0300] {logging_mixin.py:190} INFO - [2025-08-25T15:29:09.423+0300] {dag.py:4180} INFO - Setting next_dagrun for example_sensors to None, run_after=None
[2025-08-25T15:29:09.456+0300] {processor.py:208} INFO - Processing /mnt/d/Образование/career_courses_postupashky_start/ML/ДЗ/Хард/small_mlflow_pipeline/.venv/lib/python3.12/site-packages/airflow/example_dags/example_sensors.py took 0.817 seconds
[2025-08-25T15:32:20.226+0300] {processor.py:186} INFO - Started process (PID=1914) to work on /mnt/d/Образование/career_courses_postupashky_start/ML/ДЗ/Хард/small_mlflow_pipeline/.venv/lib/python3.12/site-packages/airflow/example_dags/example_sensors.py
[2025-08-25T15:32:20.226+0300] {processor.py:914} INFO - Processing file /mnt/d/Образование/career_courses_postupashky_start/ML/ДЗ/Хард/small_mlflow_pipeline/.venv/lib/python3.12/site-packages/airflow/example_dags/example_sensors.py for tasks to queue
[2025-08-25T15:32:20.228+0300] {logging_mixin.py:190} INFO - [2025-08-25T15:32:20.228+0300] {dagbag.py:588} INFO - Filling up the DagBag from /mnt/d/Образование/career_courses_postupashky_start/ML/ДЗ/Хард/small_mlflow_pipeline/.venv/lib/python3.12/site-packages/airflow/example_dags/example_sensors.py
[2025-08-25T15:32:20.264+0300] {processor.py:925} INFO - DAG(s) 'example_sensors' retrieved from /mnt/d/Образование/career_courses_postupashky_start/ML/ДЗ/Хард/small_mlflow_pipeline/.venv/lib/python3.12/site-packages/airflow/example_dags/example_sensors.py
[2025-08-25T15:32:20.288+0300] {logging_mixin.py:190} INFO - [2025-08-25T15:32:20.287+0300] {dag.py:3239} INFO - Sync 1 DAGs
[2025-08-25T15:32:20.296+0300] {logging_mixin.py:190} INFO - [2025-08-25T15:32:20.296+0300] {dag.py:4180} INFO - Setting next_dagrun for example_sensors to None, run_after=None
[2025-08-25T15:32:20.326+0300] {processor.py:208} INFO - Processing /mnt/d/Образование/career_courses_postupashky_start/ML/ДЗ/Хард/small_mlflow_pipeline/.venv/lib/python3.12/site-packages/airflow/example_dags/example_sensors.py took 0.106 seconds
[2025-08-25T15:33:42.926+0300] {processor.py:186} INFO - Started process (PID=2341) to work on /mnt/d/Образование/career_courses_postupashky_start/ML/ДЗ/Хард/small_mlflow_pipeline/.venv/lib/python3.12/site-packages/airflow/example_dags/example_sensors.py
[2025-08-25T15:33:42.927+0300] {processor.py:914} INFO - Processing file /mnt/d/Образование/career_courses_postupashky_start/ML/ДЗ/Хард/small_mlflow_pipeline/.venv/lib/python3.12/site-packages/airflow/example_dags/example_sensors.py for tasks to queue
[2025-08-25T15:33:42.929+0300] {logging_mixin.py:190} INFO - [2025-08-25T15:33:42.928+0300] {dagbag.py:588} INFO - Filling up the DagBag from /mnt/d/Образование/career_courses_postupashky_start/ML/ДЗ/Хард/small_mlflow_pipeline/.venv/lib/python3.12/site-packages/airflow/example_dags/example_sensors.py
[2025-08-25T15:33:42.965+0300] {processor.py:925} INFO - DAG(s) 'example_sensors' retrieved from /mnt/d/Образование/career_courses_postupashky_start/ML/ДЗ/Хард/small_mlflow_pipeline/.venv/lib/python3.12/site-packages/airflow/example_dags/example_sensors.py
[2025-08-25T15:33:42.984+0300] {logging_mixin.py:190} INFO - [2025-08-25T15:33:42.984+0300] {dag.py:3239} INFO - Sync 1 DAGs
[2025-08-25T15:33:42.994+0300] {logging_mixin.py:190} INFO - [2025-08-25T15:33:42.993+0300] {dag.py:4180} INFO - Setting next_dagrun for example_sensors to None, run_after=None
[2025-08-25T15:33:43.030+0300] {processor.py:208} INFO - Processing /mnt/d/Образование/career_courses_postupashky_start/ML/ДЗ/Хард/small_mlflow_pipeline/.venv/lib/python3.12/site-packages/airflow/example_dags/example_sensors.py took 0.110 seconds
[2025-08-25T15:34:50.660+0300] {processor.py:186} INFO - Started process (PID=2623) to work on /mnt/d/Образование/career_courses_postupashky_start/ML/ДЗ/Хард/small_mlflow_pipeline/.venv/lib/python3.12/site-packages/airflow/example_dags/example_sensors.py
[2025-08-25T15:34:50.661+0300] {processor.py:914} INFO - Processing file /mnt/d/Образование/career_courses_postupashky_start/ML/ДЗ/Хард/small_mlflow_pipeline/.venv/lib/python3.12/site-packages/airflow/example_dags/example_sensors.py for tasks to queue
[2025-08-25T15:34:50.663+0300] {logging_mixin.py:190} INFO - [2025-08-25T15:34:50.663+0300] {dagbag.py:588} INFO - Filling up the DagBag from /mnt/d/Образование/career_courses_postupashky_start/ML/ДЗ/Хард/small_mlflow_pipeline/.venv/lib/python3.12/site-packages/airflow/example_dags/example_sensors.py
[2025-08-25T15:34:50.699+0300] {processor.py:925} INFO - DAG(s) 'example_sensors' retrieved from /mnt/d/Образование/career_courses_postupashky_start/ML/ДЗ/Хард/small_mlflow_pipeline/.venv/lib/python3.12/site-packages/airflow/example_dags/example_sensors.py
[2025-08-25T15:34:50.719+0300] {logging_mixin.py:190} INFO - [2025-08-25T15:34:50.719+0300] {dag.py:3239} INFO - Sync 1 DAGs
[2025-08-25T15:34:50.729+0300] {logging_mixin.py:190} INFO - [2025-08-25T15:34:50.728+0300] {dag.py:4180} INFO - Setting next_dagrun for example_sensors to None, run_after=None
[2025-08-25T15:34:50.759+0300] {processor.py:208} INFO - Processing /mnt/d/Образование/career_courses_postupashky_start/ML/ДЗ/Хард/small_mlflow_pipeline/.venv/lib/python3.12/site-packages/airflow/example_dags/example_sensors.py took 0.105 seconds
[2025-08-25T15:35:59.097+0300] {processor.py:186} INFO - Started process (PID=2850) to work on /mnt/d/Образование/career_courses_postupashky_start/ML/ДЗ/Хард/small_mlflow_pipeline/.venv/lib/python3.12/site-packages/airflow/example_dags/example_sensors.py
[2025-08-25T15:35:59.097+0300] {processor.py:914} INFO - Processing file /mnt/d/Образование/career_courses_postupashky_start/ML/ДЗ/Хард/small_mlflow_pipeline/.venv/lib/python3.12/site-packages/airflow/example_dags/example_sensors.py for tasks to queue
[2025-08-25T15:35:59.099+0300] {logging_mixin.py:190} INFO - [2025-08-25T15:35:59.099+0300] {dagbag.py:588} INFO - Filling up the DagBag from /mnt/d/Образование/career_courses_postupashky_start/ML/ДЗ/Хард/small_mlflow_pipeline/.venv/lib/python3.12/site-packages/airflow/example_dags/example_sensors.py
[2025-08-25T15:35:59.136+0300] {processor.py:925} INFO - DAG(s) 'example_sensors' retrieved from /mnt/d/Образование/career_courses_postupashky_start/ML/ДЗ/Хард/small_mlflow_pipeline/.venv/lib/python3.12/site-packages/airflow/example_dags/example_sensors.py
[2025-08-25T15:35:59.154+0300] {logging_mixin.py:190} INFO - [2025-08-25T15:35:59.154+0300] {dag.py:3239} INFO - Sync 1 DAGs
[2025-08-25T15:35:59.164+0300] {logging_mixin.py:190} INFO - [2025-08-25T15:35:59.163+0300] {dag.py:4180} INFO - Setting next_dagrun for example_sensors to None, run_after=None
[2025-08-25T15:35:59.198+0300] {processor.py:208} INFO - Processing /mnt/d/Образование/career_courses_postupashky_start/ML/ДЗ/Хард/small_mlflow_pipeline/.venv/lib/python3.12/site-packages/airflow/example_dags/example_sensors.py took 0.108 seconds
[2025-08-25T15:37:10.028+0300] {processor.py:186} INFO - Started process (PID=3260) to work on /mnt/d/Образование/career_courses_postupashky_start/ML/ДЗ/Хард/small_mlflow_pipeline/.venv/lib/python3.12/site-packages/airflow/example_dags/example_sensors.py
[2025-08-25T15:37:10.029+0300] {processor.py:914} INFO - Processing file /mnt/d/Образование/career_courses_postupashky_start/ML/ДЗ/Хард/small_mlflow_pipeline/.venv/lib/python3.12/site-packages/airflow/example_dags/example_sensors.py for tasks to queue
[2025-08-25T15:37:10.031+0300] {logging_mixin.py:190} INFO - [2025-08-25T15:37:10.030+0300] {dagbag.py:588} INFO - Filling up the DagBag from /mnt/d/Образование/career_courses_postupashky_start/ML/ДЗ/Хард/small_mlflow_pipeline/.venv/lib/python3.12/site-packages/airflow/example_dags/example_sensors.py
[2025-08-25T15:37:10.066+0300] {processor.py:925} INFO - DAG(s) 'example_sensors' retrieved from /mnt/d/Образование/career_courses_postupashky_start/ML/ДЗ/Хард/small_mlflow_pipeline/.venv/lib/python3.12/site-packages/airflow/example_dags/example_sensors.py
[2025-08-25T15:37:10.087+0300] {logging_mixin.py:190} INFO - [2025-08-25T15:37:10.086+0300] {dag.py:3239} INFO - Sync 1 DAGs
[2025-08-25T15:37:10.097+0300] {logging_mixin.py:190} INFO - [2025-08-25T15:37:10.097+0300] {dag.py:4180} INFO - Setting next_dagrun for example_sensors to None, run_after=None
[2025-08-25T15:37:10.127+0300] {processor.py:208} INFO - Processing /mnt/d/Образование/career_courses_postupashky_start/ML/ДЗ/Хард/small_mlflow_pipeline/.venv/lib/python3.12/site-packages/airflow/example_dags/example_sensors.py took 0.106 seconds
