[2025-08-25T15:32:57.805+0300] {processor.py:186} INFO - Started process (PID=2237) to work on /mnt/d/Образование/career_courses_postupashky_start/ML/ДЗ/Хард/small_mlflow_pipeline/.venv/lib/python3.12/site-packages/airflow/example_dags/example_branch_python_dop_operator_3.py
[2025-08-25T15:32:57.806+0300] {processor.py:914} INFO - Processing file /mnt/d/Образование/career_courses_postupashky_start/ML/ДЗ/Хард/small_mlflow_pipeline/.venv/lib/python3.12/site-packages/airflow/example_dags/example_branch_python_dop_operator_3.py for tasks to queue
[2025-08-25T15:32:57.808+0300] {logging_mixin.py:190} INFO - [2025-08-25T15:32:57.807+0300] {dagbag.py:588} INFO - Filling up the DagBag from /mnt/d/Образование/career_courses_postupashky_start/ML/ДЗ/Хард/small_mlflow_pipeline/.venv/lib/python3.12/site-packages/airflow/example_dags/example_branch_python_dop_operator_3.py
[2025-08-25T15:32:57.851+0300] {processor.py:925} INFO - DAG(s) 'example_branch_dop_operator_v3' retrieved from /mnt/d/Образование/career_courses_postupashky_start/ML/ДЗ/Хард/small_mlflow_pipeline/.venv/lib/python3.12/site-packages/airflow/example_dags/example_branch_python_dop_operator_3.py
[2025-08-25T15:32:58.433+0300] {logging_mixin.py:190} INFO - [2025-08-25T15:32:58.432+0300] {override.py:1930} INFO - Created Permission View: can read on DAG:example_branch_dop_operator_v3
[2025-08-25T15:32:58.455+0300] {logging_mixin.py:190} INFO - [2025-08-25T15:32:58.454+0300] {override.py:1930} INFO - Created Permission View: can delete on DAG:example_branch_dop_operator_v3
[2025-08-25T15:32:58.473+0300] {logging_mixin.py:190} INFO - [2025-08-25T15:32:58.473+0300] {override.py:1930} INFO - Created Permission View: can edit on DAG:example_branch_dop_operator_v3
[2025-08-25T15:32:58.502+0300] {logging_mixin.py:190} INFO - [2025-08-25T15:32:58.502+0300] {override.py:1930} INFO - Created Permission View: menu access on DAG Run:example_branch_dop_operator_v3
[2025-08-25T15:32:58.520+0300] {logging_mixin.py:190} INFO - [2025-08-25T15:32:58.519+0300] {override.py:1930} INFO - Created Permission View: can create on DAG Run:example_branch_dop_operator_v3
[2025-08-25T15:32:58.538+0300] {logging_mixin.py:190} INFO - [2025-08-25T15:32:58.537+0300] {override.py:1930} INFO - Created Permission View: can read on DAG Run:example_branch_dop_operator_v3
[2025-08-25T15:32:58.555+0300] {logging_mixin.py:190} INFO - [2025-08-25T15:32:58.554+0300] {override.py:1930} INFO - Created Permission View: can delete on DAG Run:example_branch_dop_operator_v3
[2025-08-25T15:32:58.556+0300] {logging_mixin.py:190} INFO - [2025-08-25T15:32:58.555+0300] {dag.py:3239} INFO - Sync 1 DAGs
[2025-08-25T15:32:58.567+0300] {logging_mixin.py:190} INFO - [2025-08-25T15:32:58.567+0300] {dag.py:3262} INFO - Creating ORM DAG for example_branch_dop_operator_v3
[2025-08-25T15:32:58.580+0300] {logging_mixin.py:190} INFO - [2025-08-25T15:32:58.580+0300] {dag.py:4180} INFO - Setting next_dagrun for example_branch_dop_operator_v3 to 2025-08-25 12:31:00+00:00, run_after=2025-08-25 12:32:00+00:00
[2025-08-25T15:32:58.610+0300] {processor.py:208} INFO - Processing /mnt/d/Образование/career_courses_postupashky_start/ML/ДЗ/Хард/small_mlflow_pipeline/.venv/lib/python3.12/site-packages/airflow/example_dags/example_branch_python_dop_operator_3.py took 0.812 seconds
[2025-08-25T15:34:24.534+0300] {processor.py:186} INFO - Started process (PID=2500) to work on /mnt/d/Образование/career_courses_postupashky_start/ML/ДЗ/Хард/small_mlflow_pipeline/.venv/lib/python3.12/site-packages/airflow/example_dags/example_branch_python_dop_operator_3.py
[2025-08-25T15:34:24.535+0300] {processor.py:914} INFO - Processing file /mnt/d/Образование/career_courses_postupashky_start/ML/ДЗ/Хард/small_mlflow_pipeline/.venv/lib/python3.12/site-packages/airflow/example_dags/example_branch_python_dop_operator_3.py for tasks to queue
[2025-08-25T15:34:24.536+0300] {logging_mixin.py:190} INFO - [2025-08-25T15:34:24.536+0300] {dagbag.py:588} INFO - Filling up the DagBag from /mnt/d/Образование/career_courses_postupashky_start/ML/ДЗ/Хард/small_mlflow_pipeline/.venv/lib/python3.12/site-packages/airflow/example_dags/example_branch_python_dop_operator_3.py
[2025-08-25T15:34:24.576+0300] {processor.py:925} INFO - DAG(s) 'example_branch_dop_operator_v3' retrieved from /mnt/d/Образование/career_courses_postupashky_start/ML/ДЗ/Хард/small_mlflow_pipeline/.venv/lib/python3.12/site-packages/airflow/example_dags/example_branch_python_dop_operator_3.py
[2025-08-25T15:34:24.594+0300] {logging_mixin.py:190} INFO - [2025-08-25T15:34:24.593+0300] {dag.py:3239} INFO - Sync 1 DAGs
[2025-08-25T15:34:24.617+0300] {logging_mixin.py:190} INFO - [2025-08-25T15:34:24.617+0300] {dag.py:4180} INFO - Setting next_dagrun for example_branch_dop_operator_v3 to 2025-08-25 12:33:00+00:00, run_after=2025-08-25 12:34:00+00:00
[2025-08-25T15:34:24.654+0300] {processor.py:208} INFO - Processing /mnt/d/Образование/career_courses_postupashky_start/ML/ДЗ/Хард/small_mlflow_pipeline/.venv/lib/python3.12/site-packages/airflow/example_dags/example_branch_python_dop_operator_3.py took 0.127 seconds
[2025-08-25T15:35:32.805+0300] {processor.py:186} INFO - Started process (PID=2724) to work on /mnt/d/Образование/career_courses_postupashky_start/ML/ДЗ/Хард/small_mlflow_pipeline/.venv/lib/python3.12/site-packages/airflow/example_dags/example_branch_python_dop_operator_3.py
[2025-08-25T15:35:32.805+0300] {processor.py:914} INFO - Processing file /mnt/d/Образование/career_courses_postupashky_start/ML/ДЗ/Хард/small_mlflow_pipeline/.venv/lib/python3.12/site-packages/airflow/example_dags/example_branch_python_dop_operator_3.py for tasks to queue
[2025-08-25T15:35:32.807+0300] {logging_mixin.py:190} INFO - [2025-08-25T15:35:32.807+0300] {dagbag.py:588} INFO - Filling up the DagBag from /mnt/d/Образование/career_courses_postupashky_start/ML/ДЗ/Хард/small_mlflow_pipeline/.venv/lib/python3.12/site-packages/airflow/example_dags/example_branch_python_dop_operator_3.py
[2025-08-25T15:35:32.844+0300] {processor.py:925} INFO - DAG(s) 'example_branch_dop_operator_v3' retrieved from /mnt/d/Образование/career_courses_postupashky_start/ML/ДЗ/Хард/small_mlflow_pipeline/.venv/lib/python3.12/site-packages/airflow/example_dags/example_branch_python_dop_operator_3.py
[2025-08-25T15:35:32.858+0300] {logging_mixin.py:190} INFO - [2025-08-25T15:35:32.858+0300] {dag.py:3239} INFO - Sync 1 DAGs
[2025-08-25T15:35:32.879+0300] {logging_mixin.py:190} INFO - [2025-08-25T15:35:32.878+0300] {dag.py:4180} INFO - Setting next_dagrun for example_branch_dop_operator_v3 to 2025-08-25 12:34:00+00:00, run_after=2025-08-25 12:35:00+00:00
[2025-08-25T15:35:32.912+0300] {processor.py:208} INFO - Processing /mnt/d/Образование/career_courses_postupashky_start/ML/ДЗ/Хард/small_mlflow_pipeline/.venv/lib/python3.12/site-packages/airflow/example_dags/example_branch_python_dop_operator_3.py took 0.113 seconds
[2025-08-25T15:36:40.831+0300] {processor.py:186} INFO - Started process (PID=3072) to work on /mnt/d/Образование/career_courses_postupashky_start/ML/ДЗ/Хард/small_mlflow_pipeline/.venv/lib/python3.12/site-packages/airflow/example_dags/example_branch_python_dop_operator_3.py
[2025-08-25T15:36:40.832+0300] {processor.py:914} INFO - Processing file /mnt/d/Образование/career_courses_postupashky_start/ML/ДЗ/Хард/small_mlflow_pipeline/.venv/lib/python3.12/site-packages/airflow/example_dags/example_branch_python_dop_operator_3.py for tasks to queue
[2025-08-25T15:36:40.834+0300] {logging_mixin.py:190} INFO - [2025-08-25T15:36:40.833+0300] {dagbag.py:588} INFO - Filling up the DagBag from /mnt/d/Образование/career_courses_postupashky_start/ML/ДЗ/Хард/small_mlflow_pipeline/.venv/lib/python3.12/site-packages/airflow/example_dags/example_branch_python_dop_operator_3.py
[2025-08-25T15:36:40.870+0300] {processor.py:925} INFO - DAG(s) 'example_branch_dop_operator_v3' retrieved from /mnt/d/Образование/career_courses_postupashky_start/ML/ДЗ/Хард/small_mlflow_pipeline/.venv/lib/python3.12/site-packages/airflow/example_dags/example_branch_python_dop_operator_3.py
[2025-08-25T15:36:40.885+0300] {logging_mixin.py:190} INFO - [2025-08-25T15:36:40.885+0300] {dag.py:3239} INFO - Sync 1 DAGs
[2025-08-25T15:36:40.906+0300] {logging_mixin.py:190} INFO - [2025-08-25T15:36:40.905+0300] {dag.py:4180} INFO - Setting next_dagrun for example_branch_dop_operator_v3 to 2025-08-25 12:35:00+00:00, run_after=2025-08-25 12:36:00+00:00
[2025-08-25T15:36:40.941+0300] {processor.py:208} INFO - Processing /mnt/d/Образование/career_courses_postupashky_start/ML/ДЗ/Хард/small_mlflow_pipeline/.venv/lib/python3.12/site-packages/airflow/example_dags/example_branch_python_dop_operator_3.py took 0.117 seconds
