[2025-08-25T15:29:14.577+0300] {processor.py:186} INFO - Started process (PID=842) to work on /mnt/d/Образование/career_courses_postupashky_start/ML/ДЗ/Хард/small_mlflow_pipeline/.venv/lib/python3.12/site-packages/airflow/example_dags/example_python_decorator.py
[2025-08-25T15:29:14.578+0300] {processor.py:914} INFO - Processing file /mnt/d/Образование/career_courses_postupashky_start/ML/ДЗ/Хард/small_mlflow_pipeline/.venv/lib/python3.12/site-packages/airflow/example_dags/example_python_decorator.py for tasks to queue
[2025-08-25T15:29:14.580+0300] {logging_mixin.py:190} INFO - [2025-08-25T15:29:14.579+0300] {dagbag.py:588} INFO - Filling up the DagBag from /mnt/d/Образование/career_courses_postupashky_start/ML/ДЗ/Хард/small_mlflow_pipeline/.venv/lib/python3.12/site-packages/airflow/example_dags/example_python_decorator.py
[2025-08-25T15:29:14.616+0300] {logging_mixin.py:190} INFO - [2025-08-25T15:29:14.615+0300] {example_python_decorator.py:80} WARNING - The virtalenv_python example task requires virtualenv, please install it.
[2025-08-25T15:29:14.640+0300] {processor.py:925} INFO - DAG(s) 'example_python_decorator' retrieved from /mnt/d/Образование/career_courses_postupashky_start/ML/ДЗ/Хард/small_mlflow_pipeline/.venv/lib/python3.12/site-packages/airflow/example_dags/example_python_decorator.py
[2025-08-25T15:29:15.259+0300] {logging_mixin.py:190} INFO - [2025-08-25T15:29:15.258+0300] {override.py:1930} INFO - Created Permission View: can delete on DAG:example_python_decorator
[2025-08-25T15:29:15.280+0300] {logging_mixin.py:190} INFO - [2025-08-25T15:29:15.279+0300] {override.py:1930} INFO - Created Permission View: can edit on DAG:example_python_decorator
[2025-08-25T15:29:15.298+0300] {logging_mixin.py:190} INFO - [2025-08-25T15:29:15.297+0300] {override.py:1930} INFO - Created Permission View: can read on DAG:example_python_decorator
[2025-08-25T15:29:15.328+0300] {logging_mixin.py:190} INFO - [2025-08-25T15:29:15.327+0300] {override.py:1930} INFO - Created Permission View: can delete on DAG Run:example_python_decorator
[2025-08-25T15:29:15.346+0300] {logging_mixin.py:190} INFO - [2025-08-25T15:29:15.345+0300] {override.py:1930} INFO - Created Permission View: can create on DAG Run:example_python_decorator
[2025-08-25T15:29:15.363+0300] {logging_mixin.py:190} INFO - [2025-08-25T15:29:15.362+0300] {override.py:1930} INFO - Created Permission View: can read on DAG Run:example_python_decorator
[2025-08-25T15:29:15.380+0300] {logging_mixin.py:190} INFO - [2025-08-25T15:29:15.379+0300] {override.py:1930} INFO - Created Permission View: menu access on DAG Run:example_python_decorator
[2025-08-25T15:29:15.381+0300] {logging_mixin.py:190} INFO - [2025-08-25T15:29:15.381+0300] {dag.py:3239} INFO - Sync 1 DAGs
[2025-08-25T15:29:15.392+0300] {logging_mixin.py:190} INFO - [2025-08-25T15:29:15.392+0300] {dag.py:3262} INFO - Creating ORM DAG for example_python_decorator
[2025-08-25T15:29:15.394+0300] {logging_mixin.py:190} INFO - [2025-08-25T15:29:15.393+0300] {dag.py:4180} INFO - Setting next_dagrun for example_python_decorator to None, run_after=None
[2025-08-25T15:29:15.430+0300] {processor.py:208} INFO - Processing /mnt/d/Образование/career_courses_postupashky_start/ML/ДЗ/Хард/small_mlflow_pipeline/.venv/lib/python3.12/site-packages/airflow/example_dags/example_python_decorator.py took 0.858 seconds
[2025-08-25T15:32:24.061+0300] {processor.py:186} INFO - Started process (PID=1923) to work on /mnt/d/Образование/career_courses_postupashky_start/ML/ДЗ/Хард/small_mlflow_pipeline/.venv/lib/python3.12/site-packages/airflow/example_dags/example_python_decorator.py
[2025-08-25T15:32:24.062+0300] {processor.py:914} INFO - Processing file /mnt/d/Образование/career_courses_postupashky_start/ML/ДЗ/Хард/small_mlflow_pipeline/.venv/lib/python3.12/site-packages/airflow/example_dags/example_python_decorator.py for tasks to queue
[2025-08-25T15:32:24.064+0300] {logging_mixin.py:190} INFO - [2025-08-25T15:32:24.063+0300] {dagbag.py:588} INFO - Filling up the DagBag from /mnt/d/Образование/career_courses_postupashky_start/ML/ДЗ/Хард/small_mlflow_pipeline/.venv/lib/python3.12/site-packages/airflow/example_dags/example_python_decorator.py
[2025-08-25T15:32:24.095+0300] {logging_mixin.py:190} INFO - [2025-08-25T15:32:24.094+0300] {example_python_decorator.py:80} WARNING - The virtalenv_python example task requires virtualenv, please install it.
[2025-08-25T15:32:24.119+0300] {processor.py:925} INFO - DAG(s) 'example_python_decorator' retrieved from /mnt/d/Образование/career_courses_postupashky_start/ML/ДЗ/Хард/small_mlflow_pipeline/.venv/lib/python3.12/site-packages/airflow/example_dags/example_python_decorator.py
[2025-08-25T15:32:24.139+0300] {logging_mixin.py:190} INFO - [2025-08-25T15:32:24.138+0300] {dag.py:3239} INFO - Sync 1 DAGs
[2025-08-25T15:32:24.148+0300] {logging_mixin.py:190} INFO - [2025-08-25T15:32:24.148+0300] {dag.py:4180} INFO - Setting next_dagrun for example_python_decorator to None, run_after=None
[2025-08-25T15:32:24.186+0300] {processor.py:208} INFO - Processing /mnt/d/Образование/career_courses_postupashky_start/ML/ДЗ/Хард/small_mlflow_pipeline/.venv/lib/python3.12/site-packages/airflow/example_dags/example_python_decorator.py took 0.130 seconds
[2025-08-25T15:33:46.755+0300] {processor.py:186} INFO - Started process (PID=2350) to work on /mnt/d/Образование/career_courses_postupashky_start/ML/ДЗ/Хард/small_mlflow_pipeline/.venv/lib/python3.12/site-packages/airflow/example_dags/example_python_decorator.py
[2025-08-25T15:33:46.756+0300] {processor.py:914} INFO - Processing file /mnt/d/Образование/career_courses_postupashky_start/ML/ДЗ/Хард/small_mlflow_pipeline/.venv/lib/python3.12/site-packages/airflow/example_dags/example_python_decorator.py for tasks to queue
[2025-08-25T15:33:46.758+0300] {logging_mixin.py:190} INFO - [2025-08-25T15:33:46.757+0300] {dagbag.py:588} INFO - Filling up the DagBag from /mnt/d/Образование/career_courses_postupashky_start/ML/ДЗ/Хард/small_mlflow_pipeline/.venv/lib/python3.12/site-packages/airflow/example_dags/example_python_decorator.py
[2025-08-25T15:33:46.790+0300] {logging_mixin.py:190} INFO - [2025-08-25T15:33:46.790+0300] {example_python_decorator.py:80} WARNING - The virtalenv_python example task requires virtualenv, please install it.
[2025-08-25T15:33:46.814+0300] {processor.py:925} INFO - DAG(s) 'example_python_decorator' retrieved from /mnt/d/Образование/career_courses_postupashky_start/ML/ДЗ/Хард/small_mlflow_pipeline/.venv/lib/python3.12/site-packages/airflow/example_dags/example_python_decorator.py
[2025-08-25T15:33:46.833+0300] {logging_mixin.py:190} INFO - [2025-08-25T15:33:46.832+0300] {dag.py:3239} INFO - Sync 1 DAGs
[2025-08-25T15:33:46.843+0300] {logging_mixin.py:190} INFO - [2025-08-25T15:33:46.842+0300] {dag.py:4180} INFO - Setting next_dagrun for example_python_decorator to None, run_after=None
[2025-08-25T15:33:46.874+0300] {processor.py:208} INFO - Processing /mnt/d/Образование/career_courses_postupashky_start/ML/ДЗ/Хард/small_mlflow_pipeline/.venv/lib/python3.12/site-packages/airflow/example_dags/example_python_decorator.py took 0.126 seconds
[2025-08-25T15:34:54.372+0300] {processor.py:186} INFO - Started process (PID=2632) to work on /mnt/d/Образование/career_courses_postupashky_start/ML/ДЗ/Хард/small_mlflow_pipeline/.venv/lib/python3.12/site-packages/airflow/example_dags/example_python_decorator.py
[2025-08-25T15:34:54.373+0300] {processor.py:914} INFO - Processing file /mnt/d/Образование/career_courses_postupashky_start/ML/ДЗ/Хард/small_mlflow_pipeline/.venv/lib/python3.12/site-packages/airflow/example_dags/example_python_decorator.py for tasks to queue
[2025-08-25T15:34:54.375+0300] {logging_mixin.py:190} INFO - [2025-08-25T15:34:54.374+0300] {dagbag.py:588} INFO - Filling up the DagBag from /mnt/d/Образование/career_courses_postupashky_start/ML/ДЗ/Хард/small_mlflow_pipeline/.venv/lib/python3.12/site-packages/airflow/example_dags/example_python_decorator.py
[2025-08-25T15:34:54.406+0300] {logging_mixin.py:190} INFO - [2025-08-25T15:34:54.406+0300] {example_python_decorator.py:80} WARNING - The virtalenv_python example task requires virtualenv, please install it.
[2025-08-25T15:34:54.431+0300] {processor.py:925} INFO - DAG(s) 'example_python_decorator' retrieved from /mnt/d/Образование/career_courses_postupashky_start/ML/ДЗ/Хард/small_mlflow_pipeline/.venv/lib/python3.12/site-packages/airflow/example_dags/example_python_decorator.py
[2025-08-25T15:34:54.447+0300] {logging_mixin.py:190} INFO - [2025-08-25T15:34:54.447+0300] {dag.py:3239} INFO - Sync 1 DAGs
[2025-08-25T15:34:54.457+0300] {logging_mixin.py:190} INFO - [2025-08-25T15:34:54.456+0300] {dag.py:4180} INFO - Setting next_dagrun for example_python_decorator to None, run_after=None
[2025-08-25T15:34:54.491+0300] {processor.py:208} INFO - Processing /mnt/d/Образование/career_courses_postupashky_start/ML/ДЗ/Хард/small_mlflow_pipeline/.venv/lib/python3.12/site-packages/airflow/example_dags/example_python_decorator.py took 0.125 seconds
[2025-08-25T15:36:02.941+0300] {processor.py:186} INFO - Started process (PID=2859) to work on /mnt/d/Образование/career_courses_postupashky_start/ML/ДЗ/Хард/small_mlflow_pipeline/.venv/lib/python3.12/site-packages/airflow/example_dags/example_python_decorator.py
[2025-08-25T15:36:02.942+0300] {processor.py:914} INFO - Processing file /mnt/d/Образование/career_courses_postupashky_start/ML/ДЗ/Хард/small_mlflow_pipeline/.venv/lib/python3.12/site-packages/airflow/example_dags/example_python_decorator.py for tasks to queue
[2025-08-25T15:36:02.944+0300] {logging_mixin.py:190} INFO - [2025-08-25T15:36:02.943+0300] {dagbag.py:588} INFO - Filling up the DagBag from /mnt/d/Образование/career_courses_postupashky_start/ML/ДЗ/Хард/small_mlflow_pipeline/.venv/lib/python3.12/site-packages/airflow/example_dags/example_python_decorator.py
[2025-08-25T15:36:02.977+0300] {logging_mixin.py:190} INFO - [2025-08-25T15:36:02.976+0300] {example_python_decorator.py:80} WARNING - The virtalenv_python example task requires virtualenv, please install it.
[2025-08-25T15:36:03.002+0300] {processor.py:925} INFO - DAG(s) 'example_python_decorator' retrieved from /mnt/d/Образование/career_courses_postupashky_start/ML/ДЗ/Хард/small_mlflow_pipeline/.venv/lib/python3.12/site-packages/airflow/example_dags/example_python_decorator.py
[2025-08-25T15:36:03.018+0300] {logging_mixin.py:190} INFO - [2025-08-25T15:36:03.017+0300] {dag.py:3239} INFO - Sync 1 DAGs
[2025-08-25T15:36:03.027+0300] {logging_mixin.py:190} INFO - [2025-08-25T15:36:03.026+0300] {dag.py:4180} INFO - Setting next_dagrun for example_python_decorator to None, run_after=None
[2025-08-25T15:36:03.057+0300] {processor.py:208} INFO - Processing /mnt/d/Образование/career_courses_postupashky_start/ML/ДЗ/Хард/small_mlflow_pipeline/.venv/lib/python3.12/site-packages/airflow/example_dags/example_python_decorator.py took 0.122 seconds
[2025-08-25T15:37:13.664+0300] {processor.py:186} INFO - Started process (PID=3269) to work on /mnt/d/Образование/career_courses_postupashky_start/ML/ДЗ/Хард/small_mlflow_pipeline/.venv/lib/python3.12/site-packages/airflow/example_dags/example_python_decorator.py
[2025-08-25T15:37:13.665+0300] {processor.py:914} INFO - Processing file /mnt/d/Образование/career_courses_postupashky_start/ML/ДЗ/Хард/small_mlflow_pipeline/.venv/lib/python3.12/site-packages/airflow/example_dags/example_python_decorator.py for tasks to queue
[2025-08-25T15:37:13.669+0300] {logging_mixin.py:190} INFO - [2025-08-25T15:37:13.668+0300] {dagbag.py:588} INFO - Filling up the DagBag from /mnt/d/Образование/career_courses_postupashky_start/ML/ДЗ/Хард/small_mlflow_pipeline/.venv/lib/python3.12/site-packages/airflow/example_dags/example_python_decorator.py
[2025-08-25T15:37:13.732+0300] {logging_mixin.py:190} INFO - [2025-08-25T15:37:13.731+0300] {example_python_decorator.py:80} WARNING - The virtalenv_python example task requires virtualenv, please install it.
[2025-08-25T15:37:13.762+0300] {processor.py:925} INFO - DAG(s) 'example_python_decorator' retrieved from /mnt/d/Образование/career_courses_postupashky_start/ML/ДЗ/Хард/small_mlflow_pipeline/.venv/lib/python3.12/site-packages/airflow/example_dags/example_python_decorator.py
[2025-08-25T15:37:13.781+0300] {logging_mixin.py:190} INFO - [2025-08-25T15:37:13.780+0300] {dag.py:3239} INFO - Sync 1 DAGs
[2025-08-25T15:37:13.791+0300] {logging_mixin.py:190} INFO - [2025-08-25T15:37:13.790+0300] {dag.py:4180} INFO - Setting next_dagrun for example_python_decorator to None, run_after=None
[2025-08-25T15:37:13.824+0300] {processor.py:208} INFO - Processing /mnt/d/Образование/career_courses_postupashky_start/ML/ДЗ/Хард/small_mlflow_pipeline/.venv/lib/python3.12/site-packages/airflow/example_dags/example_python_decorator.py took 0.175 seconds
