[2025-08-25T15:27:44.319+0300] {processor.py:186} INFO - Started process (PID=536) to work on /mnt/d/Образование/career_courses_postupashky_start/ML/ДЗ/Хард/small_mlflow_pipeline/.venv/lib/python3.12/site-packages/airflow/example_dags/example_xcomargs.py
[2025-08-25T15:27:44.320+0300] {processor.py:914} INFO - Processing file /mnt/d/Образование/career_courses_postupashky_start/ML/ДЗ/Хард/small_mlflow_pipeline/.venv/lib/python3.12/site-packages/airflow/example_dags/example_xcomargs.py for tasks to queue
[2025-08-25T15:27:44.322+0300] {logging_mixin.py:190} INFO - [2025-08-25T15:27:44.322+0300] {dagbag.py:588} INFO - Filling up the DagBag from /mnt/d/Образование/career_courses_postupashky_start/ML/ДЗ/Хард/small_mlflow_pipeline/.venv/lib/python3.12/site-packages/airflow/example_dags/example_xcomargs.py
[2025-08-25T15:27:44.379+0300] {processor.py:925} INFO - DAG(s) 'example_xcom_args_with_operators', 'example_xcom_args' retrieved from /mnt/d/Образование/career_courses_postupashky_start/ML/ДЗ/Хард/small_mlflow_pipeline/.venv/lib/python3.12/site-packages/airflow/example_dags/example_xcomargs.py
[2025-08-25T15:27:45.011+0300] {logging_mixin.py:190} INFO - [2025-08-25T15:27:45.011+0300] {override.py:1930} INFO - Created Permission View: can edit on DAG:example_xcom_args_with_operators
[2025-08-25T15:27:45.030+0300] {logging_mixin.py:190} INFO - [2025-08-25T15:27:45.029+0300] {override.py:1930} INFO - Created Permission View: can read on DAG:example_xcom_args_with_operators
[2025-08-25T15:27:45.046+0300] {logging_mixin.py:190} INFO - [2025-08-25T15:27:45.046+0300] {override.py:1930} INFO - Created Permission View: can delete on DAG:example_xcom_args_with_operators
[2025-08-25T15:27:45.072+0300] {logging_mixin.py:190} INFO - [2025-08-25T15:27:45.072+0300] {override.py:1930} INFO - Created Permission View: menu access on DAG Run:example_xcom_args_with_operators
[2025-08-25T15:27:45.089+0300] {logging_mixin.py:190} INFO - [2025-08-25T15:27:45.089+0300] {override.py:1930} INFO - Created Permission View: can delete on DAG Run:example_xcom_args_with_operators
[2025-08-25T15:27:45.106+0300] {logging_mixin.py:190} INFO - [2025-08-25T15:27:45.105+0300] {override.py:1930} INFO - Created Permission View: can read on DAG Run:example_xcom_args_with_operators
[2025-08-25T15:27:45.122+0300] {logging_mixin.py:190} INFO - [2025-08-25T15:27:45.121+0300] {override.py:1930} INFO - Created Permission View: can create on DAG Run:example_xcom_args_with_operators
[2025-08-25T15:27:45.173+0300] {logging_mixin.py:190} INFO - [2025-08-25T15:27:45.173+0300] {override.py:1930} INFO - Created Permission View: can edit on DAG:example_xcom_args
[2025-08-25T15:27:45.190+0300] {logging_mixin.py:190} INFO - [2025-08-25T15:27:45.189+0300] {override.py:1930} INFO - Created Permission View: can read on DAG:example_xcom_args
[2025-08-25T15:27:45.206+0300] {logging_mixin.py:190} INFO - [2025-08-25T15:27:45.205+0300] {override.py:1930} INFO - Created Permission View: can delete on DAG:example_xcom_args
[2025-08-25T15:27:45.231+0300] {logging_mixin.py:190} INFO - [2025-08-25T15:27:45.231+0300] {override.py:1930} INFO - Created Permission View: menu access on DAG Run:example_xcom_args
[2025-08-25T15:27:45.248+0300] {logging_mixin.py:190} INFO - [2025-08-25T15:27:45.247+0300] {override.py:1930} INFO - Created Permission View: can delete on DAG Run:example_xcom_args
[2025-08-25T15:27:45.265+0300] {logging_mixin.py:190} INFO - [2025-08-25T15:27:45.264+0300] {override.py:1930} INFO - Created Permission View: can read on DAG Run:example_xcom_args
[2025-08-25T15:27:45.282+0300] {logging_mixin.py:190} INFO - [2025-08-25T15:27:45.281+0300] {override.py:1930} INFO - Created Permission View: can create on DAG Run:example_xcom_args
[2025-08-25T15:27:45.283+0300] {logging_mixin.py:190} INFO - [2025-08-25T15:27:45.283+0300] {dag.py:3239} INFO - Sync 2 DAGs
[2025-08-25T15:27:45.295+0300] {logging_mixin.py:190} INFO - [2025-08-25T15:27:45.294+0300] {dag.py:3262} INFO - Creating ORM DAG for example_xcom_args_with_operators
[2025-08-25T15:27:45.296+0300] {logging_mixin.py:190} INFO - [2025-08-25T15:27:45.296+0300] {dag.py:3262} INFO - Creating ORM DAG for example_xcom_args
[2025-08-25T15:27:45.297+0300] {logging_mixin.py:190} INFO - [2025-08-25T15:27:45.297+0300] {dag.py:4180} INFO - Setting next_dagrun for example_xcom_args to None, run_after=None
[2025-08-25T15:27:45.299+0300] {logging_mixin.py:190} INFO - [2025-08-25T15:27:45.298+0300] {dag.py:4180} INFO - Setting next_dagrun for example_xcom_args_with_operators to None, run_after=None
[2025-08-25T15:27:45.335+0300] {processor.py:208} INFO - Processing /mnt/d/Образование/career_courses_postupashky_start/ML/ДЗ/Хард/small_mlflow_pipeline/.venv/lib/python3.12/site-packages/airflow/example_dags/example_xcomargs.py took 1.022 seconds
[2025-08-25T15:28:48.574+0300] {processor.py:186} INFO - Started process (PID=785) to work on /mnt/d/Образование/career_courses_postupashky_start/ML/ДЗ/Хард/small_mlflow_pipeline/.venv/lib/python3.12/site-packages/airflow/example_dags/example_xcomargs.py
[2025-08-25T15:28:48.575+0300] {processor.py:914} INFO - Processing file /mnt/d/Образование/career_courses_postupashky_start/ML/ДЗ/Хард/small_mlflow_pipeline/.venv/lib/python3.12/site-packages/airflow/example_dags/example_xcomargs.py for tasks to queue
[2025-08-25T15:28:48.577+0300] {logging_mixin.py:190} INFO - [2025-08-25T15:28:48.576+0300] {dagbag.py:588} INFO - Filling up the DagBag from /mnt/d/Образование/career_courses_postupashky_start/ML/ДЗ/Хард/small_mlflow_pipeline/.venv/lib/python3.12/site-packages/airflow/example_dags/example_xcomargs.py
[2025-08-25T15:28:48.631+0300] {processor.py:925} INFO - DAG(s) 'example_xcom_args', 'example_xcom_args_with_operators' retrieved from /mnt/d/Образование/career_courses_postupashky_start/ML/ДЗ/Хард/small_mlflow_pipeline/.venv/lib/python3.12/site-packages/airflow/example_dags/example_xcomargs.py
[2025-08-25T15:28:48.693+0300] {logging_mixin.py:190} INFO - [2025-08-25T15:28:48.693+0300] {dag.py:3239} INFO - Sync 2 DAGs
[2025-08-25T15:28:48.704+0300] {logging_mixin.py:190} INFO - [2025-08-25T15:28:48.704+0300] {dag.py:4180} INFO - Setting next_dagrun for example_xcom_args to None, run_after=None
[2025-08-25T15:28:48.708+0300] {logging_mixin.py:190} INFO - [2025-08-25T15:28:48.708+0300] {dag.py:4180} INFO - Setting next_dagrun for example_xcom_args_with_operators to None, run_after=None
[2025-08-25T15:28:48.745+0300] {processor.py:208} INFO - Processing /mnt/d/Образование/career_courses_postupashky_start/ML/ДЗ/Хард/small_mlflow_pipeline/.venv/lib/python3.12/site-packages/airflow/example_dags/example_xcomargs.py took 0.176 seconds
[2025-08-25T15:32:02.095+0300] {processor.py:186} INFO - Started process (PID=1693) to work on /mnt/d/Образование/career_courses_postupashky_start/ML/ДЗ/Хард/small_mlflow_pipeline/.venv/lib/python3.12/site-packages/airflow/example_dags/example_xcomargs.py
[2025-08-25T15:32:02.096+0300] {processor.py:914} INFO - Processing file /mnt/d/Образование/career_courses_postupashky_start/ML/ДЗ/Хард/small_mlflow_pipeline/.venv/lib/python3.12/site-packages/airflow/example_dags/example_xcomargs.py for tasks to queue
[2025-08-25T15:32:02.098+0300] {logging_mixin.py:190} INFO - [2025-08-25T15:32:02.098+0300] {dagbag.py:588} INFO - Filling up the DagBag from /mnt/d/Образование/career_courses_postupashky_start/ML/ДЗ/Хард/small_mlflow_pipeline/.venv/lib/python3.12/site-packages/airflow/example_dags/example_xcomargs.py
[2025-08-25T15:32:02.159+0300] {processor.py:925} INFO - DAG(s) 'example_xcom_args_with_operators', 'example_xcom_args' retrieved from /mnt/d/Образование/career_courses_postupashky_start/ML/ДЗ/Хард/small_mlflow_pipeline/.venv/lib/python3.12/site-packages/airflow/example_dags/example_xcomargs.py
[2025-08-25T15:32:02.221+0300] {logging_mixin.py:190} INFO - [2025-08-25T15:32:02.221+0300] {dag.py:3239} INFO - Sync 2 DAGs
[2025-08-25T15:32:02.232+0300] {logging_mixin.py:190} INFO - [2025-08-25T15:32:02.231+0300] {dag.py:4180} INFO - Setting next_dagrun for example_xcom_args to None, run_after=None
[2025-08-25T15:32:02.235+0300] {logging_mixin.py:190} INFO - [2025-08-25T15:32:02.235+0300] {dag.py:4180} INFO - Setting next_dagrun for example_xcom_args_with_operators to None, run_after=None
[2025-08-25T15:32:02.268+0300] {processor.py:208} INFO - Processing /mnt/d/Образование/career_courses_postupashky_start/ML/ДЗ/Хард/small_mlflow_pipeline/.venv/lib/python3.12/site-packages/airflow/example_dags/example_xcomargs.py took 0.181 seconds
[2025-08-25T15:33:23.777+0300] {processor.py:186} INFO - Started process (PID=2296) to work on /mnt/d/Образование/career_courses_postupashky_start/ML/ДЗ/Хард/small_mlflow_pipeline/.venv/lib/python3.12/site-packages/airflow/example_dags/example_xcomargs.py
[2025-08-25T15:33:23.778+0300] {processor.py:914} INFO - Processing file /mnt/d/Образование/career_courses_postupashky_start/ML/ДЗ/Хард/small_mlflow_pipeline/.venv/lib/python3.12/site-packages/airflow/example_dags/example_xcomargs.py for tasks to queue
[2025-08-25T15:33:23.780+0300] {logging_mixin.py:190} INFO - [2025-08-25T15:33:23.780+0300] {dagbag.py:588} INFO - Filling up the DagBag from /mnt/d/Образование/career_courses_postupashky_start/ML/ДЗ/Хард/small_mlflow_pipeline/.venv/lib/python3.12/site-packages/airflow/example_dags/example_xcomargs.py
[2025-08-25T15:33:23.817+0300] {processor.py:925} INFO - DAG(s) 'example_xcom_args_with_operators', 'example_xcom_args' retrieved from /mnt/d/Образование/career_courses_postupashky_start/ML/ДЗ/Хард/small_mlflow_pipeline/.venv/lib/python3.12/site-packages/airflow/example_dags/example_xcomargs.py
[2025-08-25T15:33:23.850+0300] {logging_mixin.py:190} INFO - [2025-08-25T15:33:23.849+0300] {dag.py:3239} INFO - Sync 2 DAGs
[2025-08-25T15:33:23.862+0300] {logging_mixin.py:190} INFO - [2025-08-25T15:33:23.862+0300] {dag.py:4180} INFO - Setting next_dagrun for example_xcom_args to None, run_after=None
[2025-08-25T15:33:23.866+0300] {logging_mixin.py:190} INFO - [2025-08-25T15:33:23.866+0300] {dag.py:4180} INFO - Setting next_dagrun for example_xcom_args_with_operators to None, run_after=None
[2025-08-25T15:33:23.903+0300] {processor.py:208} INFO - Processing /mnt/d/Образование/career_courses_postupashky_start/ML/ДЗ/Хард/small_mlflow_pipeline/.venv/lib/python3.12/site-packages/airflow/example_dags/example_xcomargs.py took 0.133 seconds
[2025-08-25T15:34:11.313+0300] {processor.py:186} INFO - Started process (PID=2470) to work on /mnt/d/Образование/career_courses_postupashky_start/ML/ДЗ/Хард/small_mlflow_pipeline/.venv/lib/python3.12/site-packages/airflow/example_dags/example_xcomargs.py
[2025-08-25T15:34:11.313+0300] {processor.py:914} INFO - Processing file /mnt/d/Образование/career_courses_postupashky_start/ML/ДЗ/Хард/small_mlflow_pipeline/.venv/lib/python3.12/site-packages/airflow/example_dags/example_xcomargs.py for tasks to queue
[2025-08-25T15:34:11.315+0300] {logging_mixin.py:190} INFO - [2025-08-25T15:34:11.315+0300] {dagbag.py:588} INFO - Filling up the DagBag from /mnt/d/Образование/career_courses_postupashky_start/ML/ДЗ/Хард/small_mlflow_pipeline/.venv/lib/python3.12/site-packages/airflow/example_dags/example_xcomargs.py
[2025-08-25T15:34:11.351+0300] {processor.py:925} INFO - DAG(s) 'example_xcom_args_with_operators', 'example_xcom_args' retrieved from /mnt/d/Образование/career_courses_postupashky_start/ML/ДЗ/Хард/small_mlflow_pipeline/.venv/lib/python3.12/site-packages/airflow/example_dags/example_xcomargs.py
[2025-08-25T15:34:11.368+0300] {logging_mixin.py:190} INFO - [2025-08-25T15:34:11.368+0300] {dag.py:3239} INFO - Sync 2 DAGs
[2025-08-25T15:34:11.377+0300] {logging_mixin.py:190} INFO - [2025-08-25T15:34:11.376+0300] {dag.py:4180} INFO - Setting next_dagrun for example_xcom_args to None, run_after=None
[2025-08-25T15:34:11.380+0300] {logging_mixin.py:190} INFO - [2025-08-25T15:34:11.380+0300] {dag.py:4180} INFO - Setting next_dagrun for example_xcom_args_with_operators to None, run_after=None
[2025-08-25T15:34:11.412+0300] {processor.py:208} INFO - Processing /mnt/d/Образование/career_courses_postupashky_start/ML/ДЗ/Хард/small_mlflow_pipeline/.venv/lib/python3.12/site-packages/airflow/example_dags/example_xcomargs.py took 0.106 seconds
[2025-08-25T15:35:18.411+0300] {processor.py:186} INFO - Started process (PID=2691) to work on /mnt/d/Образование/career_courses_postupashky_start/ML/ДЗ/Хард/small_mlflow_pipeline/.venv/lib/python3.12/site-packages/airflow/example_dags/example_xcomargs.py
[2025-08-25T15:35:18.412+0300] {processor.py:914} INFO - Processing file /mnt/d/Образование/career_courses_postupashky_start/ML/ДЗ/Хард/small_mlflow_pipeline/.venv/lib/python3.12/site-packages/airflow/example_dags/example_xcomargs.py for tasks to queue
[2025-08-25T15:35:18.414+0300] {logging_mixin.py:190} INFO - [2025-08-25T15:35:18.414+0300] {dagbag.py:588} INFO - Filling up the DagBag from /mnt/d/Образование/career_courses_postupashky_start/ML/ДЗ/Хард/small_mlflow_pipeline/.venv/lib/python3.12/site-packages/airflow/example_dags/example_xcomargs.py
[2025-08-25T15:35:18.450+0300] {processor.py:925} INFO - DAG(s) 'example_xcom_args_with_operators', 'example_xcom_args' retrieved from /mnt/d/Образование/career_courses_postupashky_start/ML/ДЗ/Хард/small_mlflow_pipeline/.venv/lib/python3.12/site-packages/airflow/example_dags/example_xcomargs.py
[2025-08-25T15:35:18.468+0300] {logging_mixin.py:190} INFO - [2025-08-25T15:35:18.467+0300] {dag.py:3239} INFO - Sync 2 DAGs
[2025-08-25T15:35:18.476+0300] {logging_mixin.py:190} INFO - [2025-08-25T15:35:18.476+0300] {dag.py:4180} INFO - Setting next_dagrun for example_xcom_args to None, run_after=None
[2025-08-25T15:35:18.480+0300] {logging_mixin.py:190} INFO - [2025-08-25T15:35:18.479+0300] {dag.py:4180} INFO - Setting next_dagrun for example_xcom_args_with_operators to None, run_after=None
[2025-08-25T15:35:18.519+0300] {processor.py:208} INFO - Processing /mnt/d/Образование/career_courses_postupashky_start/ML/ДЗ/Хард/small_mlflow_pipeline/.venv/lib/python3.12/site-packages/airflow/example_dags/example_xcomargs.py took 0.114 seconds
[2025-08-25T15:36:26.323+0300] {processor.py:186} INFO - Started process (PID=2917) to work on /mnt/d/Образование/career_courses_postupashky_start/ML/ДЗ/Хард/small_mlflow_pipeline/.venv/lib/python3.12/site-packages/airflow/example_dags/example_xcomargs.py
[2025-08-25T15:36:26.324+0300] {processor.py:914} INFO - Processing file /mnt/d/Образование/career_courses_postupashky_start/ML/ДЗ/Хард/small_mlflow_pipeline/.venv/lib/python3.12/site-packages/airflow/example_dags/example_xcomargs.py for tasks to queue
[2025-08-25T15:36:26.326+0300] {logging_mixin.py:190} INFO - [2025-08-25T15:36:26.325+0300] {dagbag.py:588} INFO - Filling up the DagBag from /mnt/d/Образование/career_courses_postupashky_start/ML/ДЗ/Хард/small_mlflow_pipeline/.venv/lib/python3.12/site-packages/airflow/example_dags/example_xcomargs.py
[2025-08-25T15:36:26.360+0300] {processor.py:925} INFO - DAG(s) 'example_xcom_args_with_operators', 'example_xcom_args' retrieved from /mnt/d/Образование/career_courses_postupashky_start/ML/ДЗ/Хард/small_mlflow_pipeline/.venv/lib/python3.12/site-packages/airflow/example_dags/example_xcomargs.py
[2025-08-25T15:36:26.377+0300] {logging_mixin.py:190} INFO - [2025-08-25T15:36:26.377+0300] {dag.py:3239} INFO - Sync 2 DAGs
[2025-08-25T15:36:26.386+0300] {logging_mixin.py:190} INFO - [2025-08-25T15:36:26.385+0300] {dag.py:4180} INFO - Setting next_dagrun for example_xcom_args to None, run_after=None
[2025-08-25T15:36:26.389+0300] {logging_mixin.py:190} INFO - [2025-08-25T15:36:26.389+0300] {dag.py:4180} INFO - Setting next_dagrun for example_xcom_args_with_operators to None, run_after=None
[2025-08-25T15:36:26.423+0300] {processor.py:208} INFO - Processing /mnt/d/Образование/career_courses_postupashky_start/ML/ДЗ/Хард/small_mlflow_pipeline/.venv/lib/python3.12/site-packages/airflow/example_dags/example_xcomargs.py took 0.106 seconds
