[2025-08-25T15:32:29.342+0300] {processor.py:186} INFO - Started process (PID=1934) to work on /mnt/d/Образование/career_courses_postupashky_start/ML/ДЗ/Хард/small_mlflow_pipeline/.venv/lib/python3.12/site-packages/airflow/example_dags/example_nested_branch_dag.py
[2025-08-25T15:32:29.343+0300] {processor.py:914} INFO - Processing file /mnt/d/Образование/career_courses_postupashky_start/ML/ДЗ/Хард/small_mlflow_pipeline/.venv/lib/python3.12/site-packages/airflow/example_dags/example_nested_branch_dag.py for tasks to queue
[2025-08-25T15:32:29.345+0300] {logging_mixin.py:190} INFO - [2025-08-25T15:32:29.344+0300] {dagbag.py:588} INFO - Filling up the DagBag from /mnt/d/Образование/career_courses_postupashky_start/ML/ДЗ/Хард/small_mlflow_pipeline/.venv/lib/python3.12/site-packages/airflow/example_dags/example_nested_branch_dag.py
[2025-08-25T15:32:29.389+0300] {processor.py:925} INFO - DAG(s) 'example_nested_branch_dag' retrieved from /mnt/d/Образование/career_courses_postupashky_start/ML/ДЗ/Хард/small_mlflow_pipeline/.venv/lib/python3.12/site-packages/airflow/example_dags/example_nested_branch_dag.py
[2025-08-25T15:32:29.989+0300] {logging_mixin.py:190} INFO - [2025-08-25T15:32:29.988+0300] {override.py:1930} INFO - Created Permission View: can read on DAG:example_nested_branch_dag
[2025-08-25T15:32:30.009+0300] {logging_mixin.py:190} INFO - [2025-08-25T15:32:30.008+0300] {override.py:1930} INFO - Created Permission View: can delete on DAG:example_nested_branch_dag
[2025-08-25T15:32:30.026+0300] {logging_mixin.py:190} INFO - [2025-08-25T15:32:30.026+0300] {override.py:1930} INFO - Created Permission View: can edit on DAG:example_nested_branch_dag
[2025-08-25T15:32:30.053+0300] {logging_mixin.py:190} INFO - [2025-08-25T15:32:30.053+0300] {override.py:1930} INFO - Created Permission View: menu access on DAG Run:example_nested_branch_dag
[2025-08-25T15:32:30.070+0300] {logging_mixin.py:190} INFO - [2025-08-25T15:32:30.070+0300] {override.py:1930} INFO - Created Permission View: can create on DAG Run:example_nested_branch_dag
[2025-08-25T15:32:30.087+0300] {logging_mixin.py:190} INFO - [2025-08-25T15:32:30.087+0300] {override.py:1930} INFO - Created Permission View: can read on DAG Run:example_nested_branch_dag
[2025-08-25T15:32:30.104+0300] {logging_mixin.py:190} INFO - [2025-08-25T15:32:30.103+0300] {override.py:1930} INFO - Created Permission View: can delete on DAG Run:example_nested_branch_dag
[2025-08-25T15:32:30.105+0300] {logging_mixin.py:190} INFO - [2025-08-25T15:32:30.104+0300] {dag.py:3239} INFO - Sync 1 DAGs
[2025-08-25T15:32:30.117+0300] {logging_mixin.py:190} INFO - [2025-08-25T15:32:30.116+0300] {dag.py:3262} INFO - Creating ORM DAG for example_nested_branch_dag
[2025-08-25T15:32:30.125+0300] {logging_mixin.py:190} INFO - [2025-08-25T15:32:30.124+0300] {dag.py:4180} INFO - Setting next_dagrun for example_nested_branch_dag to 2025-08-24 00:00:00+00:00, run_after=2025-08-25 00:00:00+00:00
[2025-08-25T15:32:30.156+0300] {processor.py:208} INFO - Processing /mnt/d/Образование/career_courses_postupashky_start/ML/ДЗ/Хард/small_mlflow_pipeline/.venv/lib/python3.12/site-packages/airflow/example_dags/example_nested_branch_dag.py took 0.820 seconds
[2025-08-25T15:33:51.289+0300] {processor.py:186} INFO - Started process (PID=2421) to work on /mnt/d/Образование/career_courses_postupashky_start/ML/ДЗ/Хард/small_mlflow_pipeline/.venv/lib/python3.12/site-packages/airflow/example_dags/example_nested_branch_dag.py
[2025-08-25T15:33:51.290+0300] {processor.py:914} INFO - Processing file /mnt/d/Образование/career_courses_postupashky_start/ML/ДЗ/Хард/small_mlflow_pipeline/.venv/lib/python3.12/site-packages/airflow/example_dags/example_nested_branch_dag.py for tasks to queue
[2025-08-25T15:33:51.292+0300] {logging_mixin.py:190} INFO - [2025-08-25T15:33:51.291+0300] {dagbag.py:588} INFO - Filling up the DagBag from /mnt/d/Образование/career_courses_postupashky_start/ML/ДЗ/Хард/small_mlflow_pipeline/.venv/lib/python3.12/site-packages/airflow/example_dags/example_nested_branch_dag.py
[2025-08-25T15:33:51.333+0300] {processor.py:925} INFO - DAG(s) 'example_nested_branch_dag' retrieved from /mnt/d/Образование/career_courses_postupashky_start/ML/ДЗ/Хард/small_mlflow_pipeline/.venv/lib/python3.12/site-packages/airflow/example_dags/example_nested_branch_dag.py
[2025-08-25T15:33:51.349+0300] {logging_mixin.py:190} INFO - [2025-08-25T15:33:51.348+0300] {dag.py:3239} INFO - Sync 1 DAGs
[2025-08-25T15:33:51.365+0300] {logging_mixin.py:190} INFO - [2025-08-25T15:33:51.365+0300] {dag.py:4180} INFO - Setting next_dagrun for example_nested_branch_dag to 2025-08-24 00:00:00+00:00, run_after=2025-08-25 00:00:00+00:00
[2025-08-25T15:33:51.397+0300] {processor.py:208} INFO - Processing /mnt/d/Образование/career_courses_postupashky_start/ML/ДЗ/Хард/small_mlflow_pipeline/.venv/lib/python3.12/site-packages/airflow/example_dags/example_nested_branch_dag.py took 0.114 seconds
[2025-08-25T15:34:59.776+0300] {processor.py:186} INFO - Started process (PID=2646) to work on /mnt/d/Образование/career_courses_postupashky_start/ML/ДЗ/Хард/small_mlflow_pipeline/.venv/lib/python3.12/site-packages/airflow/example_dags/example_nested_branch_dag.py
[2025-08-25T15:34:59.777+0300] {processor.py:914} INFO - Processing file /mnt/d/Образование/career_courses_postupashky_start/ML/ДЗ/Хард/small_mlflow_pipeline/.venv/lib/python3.12/site-packages/airflow/example_dags/example_nested_branch_dag.py for tasks to queue
[2025-08-25T15:34:59.779+0300] {logging_mixin.py:190} INFO - [2025-08-25T15:34:59.779+0300] {dagbag.py:588} INFO - Filling up the DagBag from /mnt/d/Образование/career_courses_postupashky_start/ML/ДЗ/Хард/small_mlflow_pipeline/.venv/lib/python3.12/site-packages/airflow/example_dags/example_nested_branch_dag.py
[2025-08-25T15:34:59.821+0300] {processor.py:925} INFO - DAG(s) 'example_nested_branch_dag' retrieved from /mnt/d/Образование/career_courses_postupashky_start/ML/ДЗ/Хард/small_mlflow_pipeline/.venv/lib/python3.12/site-packages/airflow/example_dags/example_nested_branch_dag.py
[2025-08-25T15:34:59.837+0300] {logging_mixin.py:190} INFO - [2025-08-25T15:34:59.836+0300] {dag.py:3239} INFO - Sync 1 DAGs
[2025-08-25T15:34:59.853+0300] {logging_mixin.py:190} INFO - [2025-08-25T15:34:59.852+0300] {dag.py:4180} INFO - Setting next_dagrun for example_nested_branch_dag to 2025-08-24 00:00:00+00:00, run_after=2025-08-25 00:00:00+00:00
[2025-08-25T15:34:59.888+0300] {processor.py:208} INFO - Processing /mnt/d/Образование/career_courses_postupashky_start/ML/ДЗ/Хард/small_mlflow_pipeline/.venv/lib/python3.12/site-packages/airflow/example_dags/example_nested_branch_dag.py took 0.117 seconds
[2025-08-25T15:36:08.680+0300] {processor.py:186} INFO - Started process (PID=2873) to work on /mnt/d/Образование/career_courses_postupashky_start/ML/ДЗ/Хард/small_mlflow_pipeline/.venv/lib/python3.12/site-packages/airflow/example_dags/example_nested_branch_dag.py
[2025-08-25T15:36:08.681+0300] {processor.py:914} INFO - Processing file /mnt/d/Образование/career_courses_postupashky_start/ML/ДЗ/Хард/small_mlflow_pipeline/.venv/lib/python3.12/site-packages/airflow/example_dags/example_nested_branch_dag.py for tasks to queue
[2025-08-25T15:36:08.683+0300] {logging_mixin.py:190} INFO - [2025-08-25T15:36:08.682+0300] {dagbag.py:588} INFO - Filling up the DagBag from /mnt/d/Образование/career_courses_postupashky_start/ML/ДЗ/Хард/small_mlflow_pipeline/.venv/lib/python3.12/site-packages/airflow/example_dags/example_nested_branch_dag.py
[2025-08-25T15:36:08.724+0300] {processor.py:925} INFO - DAG(s) 'example_nested_branch_dag' retrieved from /mnt/d/Образование/career_courses_postupashky_start/ML/ДЗ/Хард/small_mlflow_pipeline/.venv/lib/python3.12/site-packages/airflow/example_dags/example_nested_branch_dag.py
[2025-08-25T15:36:08.740+0300] {logging_mixin.py:190} INFO - [2025-08-25T15:36:08.739+0300] {dag.py:3239} INFO - Sync 1 DAGs
[2025-08-25T15:36:08.754+0300] {logging_mixin.py:190} INFO - [2025-08-25T15:36:08.754+0300] {dag.py:4180} INFO - Setting next_dagrun for example_nested_branch_dag to 2025-08-24 00:00:00+00:00, run_after=2025-08-25 00:00:00+00:00
[2025-08-25T15:36:08.789+0300] {processor.py:208} INFO - Processing /mnt/d/Образование/career_courses_postupashky_start/ML/ДЗ/Хард/small_mlflow_pipeline/.venv/lib/python3.12/site-packages/airflow/example_dags/example_nested_branch_dag.py took 0.115 seconds
