[2025-08-25T15:32:49.747+0300] {processor.py:186} INFO - Started process (PID=2159) to work on /mnt/d/Образование/career_courses_postupashky_start/ML/ДЗ/Хард/small_mlflow_pipeline/.venv/lib/python3.12/site-packages/airflow/example_dags/example_dataset_alias_with_no_taskflow.py
[2025-08-25T15:32:49.748+0300] {processor.py:914} INFO - Processing file /mnt/d/Образование/career_courses_postupashky_start/ML/ДЗ/Хард/small_mlflow_pipeline/.venv/lib/python3.12/site-packages/airflow/example_dags/example_dataset_alias_with_no_taskflow.py for tasks to queue
[2025-08-25T15:32:49.750+0300] {logging_mixin.py:190} INFO - [2025-08-25T15:32:49.749+0300] {dagbag.py:588} INFO - Filling up the DagBag from /mnt/d/Образование/career_courses_postupashky_start/ML/ДЗ/Хард/small_mlflow_pipeline/.venv/lib/python3.12/site-packages/airflow/example_dags/example_dataset_alias_with_no_taskflow.py
[2025-08-25T15:32:49.825+0300] {processor.py:925} INFO - DAG(s) 'dataset_alias_example_alias_consumer_with_no_taskflow', 'dataset_s3_bucket_consumer_with_no_taskflow', 'dataset_alias_example_alias_producer_with_no_taskflow', 'dataset_s3_bucket_producer_with_no_taskflow' retrieved from /mnt/d/Образование/career_courses_postupashky_start/ML/ДЗ/Хард/small_mlflow_pipeline/.venv/lib/python3.12/site-packages/airflow/example_dags/example_dataset_alias_with_no_taskflow.py
[2025-08-25T15:32:50.410+0300] {logging_mixin.py:190} INFO - [2025-08-25T15:32:50.409+0300] {override.py:1930} INFO - Created Permission View: can read on DAG:dataset_alias_example_alias_consumer_with_no_taskflow
[2025-08-25T15:32:50.432+0300] {logging_mixin.py:190} INFO - [2025-08-25T15:32:50.432+0300] {override.py:1930} INFO - Created Permission View: can delete on DAG:dataset_alias_example_alias_consumer_with_no_taskflow
[2025-08-25T15:32:50.449+0300] {logging_mixin.py:190} INFO - [2025-08-25T15:32:50.448+0300] {override.py:1930} INFO - Created Permission View: can edit on DAG:dataset_alias_example_alias_consumer_with_no_taskflow
[2025-08-25T15:32:50.478+0300] {logging_mixin.py:190} INFO - [2025-08-25T15:32:50.477+0300] {override.py:1930} INFO - Created Permission View: menu access on DAG Run:dataset_alias_example_alias_consumer_with_no_taskflow
[2025-08-25T15:32:50.495+0300] {logging_mixin.py:190} INFO - [2025-08-25T15:32:50.495+0300] {override.py:1930} INFO - Created Permission View: can create on DAG Run:dataset_alias_example_alias_consumer_with_no_taskflow
[2025-08-25T15:32:50.512+0300] {logging_mixin.py:190} INFO - [2025-08-25T15:32:50.512+0300] {override.py:1930} INFO - Created Permission View: can read on DAG Run:dataset_alias_example_alias_consumer_with_no_taskflow
[2025-08-25T15:32:50.529+0300] {logging_mixin.py:190} INFO - [2025-08-25T15:32:50.529+0300] {override.py:1930} INFO - Created Permission View: can delete on DAG Run:dataset_alias_example_alias_consumer_with_no_taskflow
[2025-08-25T15:32:50.563+0300] {logging_mixin.py:190} INFO - [2025-08-25T15:32:50.563+0300] {override.py:1930} INFO - Created Permission View: can read on DAG:dataset_s3_bucket_consumer_with_no_taskflow
[2025-08-25T15:32:50.581+0300] {logging_mixin.py:190} INFO - [2025-08-25T15:32:50.580+0300] {override.py:1930} INFO - Created Permission View: can delete on DAG:dataset_s3_bucket_consumer_with_no_taskflow
[2025-08-25T15:32:50.597+0300] {logging_mixin.py:190} INFO - [2025-08-25T15:32:50.597+0300] {override.py:1930} INFO - Created Permission View: can edit on DAG:dataset_s3_bucket_consumer_with_no_taskflow
[2025-08-25T15:32:50.624+0300] {logging_mixin.py:190} INFO - [2025-08-25T15:32:50.623+0300] {override.py:1930} INFO - Created Permission View: menu access on DAG Run:dataset_s3_bucket_consumer_with_no_taskflow
[2025-08-25T15:32:50.641+0300] {logging_mixin.py:190} INFO - [2025-08-25T15:32:50.641+0300] {override.py:1930} INFO - Created Permission View: can create on DAG Run:dataset_s3_bucket_consumer_with_no_taskflow
[2025-08-25T15:32:50.660+0300] {logging_mixin.py:190} INFO - [2025-08-25T15:32:50.659+0300] {override.py:1930} INFO - Created Permission View: can read on DAG Run:dataset_s3_bucket_consumer_with_no_taskflow
[2025-08-25T15:32:50.678+0300] {logging_mixin.py:190} INFO - [2025-08-25T15:32:50.677+0300] {override.py:1930} INFO - Created Permission View: can delete on DAG Run:dataset_s3_bucket_consumer_with_no_taskflow
[2025-08-25T15:32:50.717+0300] {logging_mixin.py:190} INFO - [2025-08-25T15:32:50.717+0300] {override.py:1930} INFO - Created Permission View: can read on DAG:dataset_alias_example_alias_producer_with_no_taskflow
[2025-08-25T15:32:50.735+0300] {logging_mixin.py:190} INFO - [2025-08-25T15:32:50.734+0300] {override.py:1930} INFO - Created Permission View: can delete on DAG:dataset_alias_example_alias_producer_with_no_taskflow
[2025-08-25T15:32:50.753+0300] {logging_mixin.py:190} INFO - [2025-08-25T15:32:50.752+0300] {override.py:1930} INFO - Created Permission View: can edit on DAG:dataset_alias_example_alias_producer_with_no_taskflow
[2025-08-25T15:32:50.781+0300] {logging_mixin.py:190} INFO - [2025-08-25T15:32:50.780+0300] {override.py:1930} INFO - Created Permission View: menu access on DAG Run:dataset_alias_example_alias_producer_with_no_taskflow
[2025-08-25T15:32:50.799+0300] {logging_mixin.py:190} INFO - [2025-08-25T15:32:50.798+0300] {override.py:1930} INFO - Created Permission View: can create on DAG Run:dataset_alias_example_alias_producer_with_no_taskflow
[2025-08-25T15:32:50.817+0300] {logging_mixin.py:190} INFO - [2025-08-25T15:32:50.816+0300] {override.py:1930} INFO - Created Permission View: can read on DAG Run:dataset_alias_example_alias_producer_with_no_taskflow
[2025-08-25T15:32:50.834+0300] {logging_mixin.py:190} INFO - [2025-08-25T15:32:50.834+0300] {override.py:1930} INFO - Created Permission View: can delete on DAG Run:dataset_alias_example_alias_producer_with_no_taskflow
[2025-08-25T15:32:50.868+0300] {logging_mixin.py:190} INFO - [2025-08-25T15:32:50.868+0300] {override.py:1930} INFO - Created Permission View: can read on DAG:dataset_s3_bucket_producer_with_no_taskflow
[2025-08-25T15:32:50.886+0300] {logging_mixin.py:190} INFO - [2025-08-25T15:32:50.886+0300] {override.py:1930} INFO - Created Permission View: can delete on DAG:dataset_s3_bucket_producer_with_no_taskflow
[2025-08-25T15:32:50.904+0300] {logging_mixin.py:190} INFO - [2025-08-25T15:32:50.903+0300] {override.py:1930} INFO - Created Permission View: can edit on DAG:dataset_s3_bucket_producer_with_no_taskflow
[2025-08-25T15:32:50.931+0300] {logging_mixin.py:190} INFO - [2025-08-25T15:32:50.930+0300] {override.py:1930} INFO - Created Permission View: menu access on DAG Run:dataset_s3_bucket_producer_with_no_taskflow
[2025-08-25T15:32:50.947+0300] {logging_mixin.py:190} INFO - [2025-08-25T15:32:50.947+0300] {override.py:1930} INFO - Created Permission View: can create on DAG Run:dataset_s3_bucket_producer_with_no_taskflow
[2025-08-25T15:32:50.964+0300] {logging_mixin.py:190} INFO - [2025-08-25T15:32:50.963+0300] {override.py:1930} INFO - Created Permission View: can read on DAG Run:dataset_s3_bucket_producer_with_no_taskflow
[2025-08-25T15:32:50.980+0300] {logging_mixin.py:190} INFO - [2025-08-25T15:32:50.980+0300] {override.py:1930} INFO - Created Permission View: can delete on DAG Run:dataset_s3_bucket_producer_with_no_taskflow
[2025-08-25T15:32:50.981+0300] {logging_mixin.py:190} INFO - [2025-08-25T15:32:50.981+0300] {dag.py:3239} INFO - Sync 4 DAGs
[2025-08-25T15:32:50.996+0300] {logging_mixin.py:190} INFO - [2025-08-25T15:32:50.995+0300] {dag.py:3262} INFO - Creating ORM DAG for dataset_s3_bucket_consumer_with_no_taskflow
[2025-08-25T15:32:50.997+0300] {logging_mixin.py:190} INFO - [2025-08-25T15:32:50.997+0300] {dag.py:3262} INFO - Creating ORM DAG for dataset_alias_example_alias_consumer_with_no_taskflow
[2025-08-25T15:32:50.998+0300] {logging_mixin.py:190} INFO - [2025-08-25T15:32:50.998+0300] {dag.py:3262} INFO - Creating ORM DAG for dataset_alias_example_alias_producer_with_no_taskflow
[2025-08-25T15:32:50.999+0300] {logging_mixin.py:190} INFO - [2025-08-25T15:32:50.999+0300] {dag.py:3262} INFO - Creating ORM DAG for dataset_s3_bucket_producer_with_no_taskflow
[2025-08-25T15:32:51.006+0300] {logging_mixin.py:190} INFO - [2025-08-25T15:32:51.006+0300] {dag.py:4180} INFO - Setting next_dagrun for dataset_alias_example_alias_consumer_with_no_taskflow to None, run_after=None
[2025-08-25T15:32:51.007+0300] {logging_mixin.py:190} INFO - [2025-08-25T15:32:51.007+0300] {dag.py:4180} INFO - Setting next_dagrun for dataset_alias_example_alias_producer_with_no_taskflow to None, run_after=None
[2025-08-25T15:32:51.008+0300] {logging_mixin.py:190} INFO - [2025-08-25T15:32:51.008+0300] {dag.py:4180} INFO - Setting next_dagrun for dataset_s3_bucket_consumer_with_no_taskflow to None, run_after=None
[2025-08-25T15:32:51.010+0300] {logging_mixin.py:190} INFO - [2025-08-25T15:32:51.009+0300] {dag.py:4180} INFO - Setting next_dagrun for dataset_s3_bucket_producer_with_no_taskflow to None, run_after=None
[2025-08-25T15:32:51.059+0300] {processor.py:208} INFO - Processing /mnt/d/Образование/career_courses_postupashky_start/ML/ДЗ/Хард/small_mlflow_pipeline/.venv/lib/python3.12/site-packages/airflow/example_dags/example_dataset_alias_with_no_taskflow.py took 1.318 seconds
[2025-08-25T15:34:20.534+0300] {processor.py:186} INFO - Started process (PID=2490) to work on /mnt/d/Образование/career_courses_postupashky_start/ML/ДЗ/Хард/small_mlflow_pipeline/.venv/lib/python3.12/site-packages/airflow/example_dags/example_dataset_alias_with_no_taskflow.py
[2025-08-25T15:34:20.534+0300] {processor.py:914} INFO - Processing file /mnt/d/Образование/career_courses_postupashky_start/ML/ДЗ/Хард/small_mlflow_pipeline/.venv/lib/python3.12/site-packages/airflow/example_dags/example_dataset_alias_with_no_taskflow.py for tasks to queue
[2025-08-25T15:34:20.536+0300] {logging_mixin.py:190} INFO - [2025-08-25T15:34:20.536+0300] {dagbag.py:588} INFO - Filling up the DagBag from /mnt/d/Образование/career_courses_postupashky_start/ML/ДЗ/Хард/small_mlflow_pipeline/.venv/lib/python3.12/site-packages/airflow/example_dags/example_dataset_alias_with_no_taskflow.py
[2025-08-25T15:34:20.610+0300] {processor.py:925} INFO - DAG(s) 'dataset_s3_bucket_producer_with_no_taskflow', 'dataset_s3_bucket_consumer_with_no_taskflow', 'dataset_alias_example_alias_consumer_with_no_taskflow', 'dataset_alias_example_alias_producer_with_no_taskflow' retrieved from /mnt/d/Образование/career_courses_postupashky_start/ML/ДЗ/Хард/small_mlflow_pipeline/.venv/lib/python3.12/site-packages/airflow/example_dags/example_dataset_alias_with_no_taskflow.py
[2025-08-25T15:34:20.638+0300] {logging_mixin.py:190} INFO - [2025-08-25T15:34:20.638+0300] {dag.py:3239} INFO - Sync 4 DAGs
[2025-08-25T15:34:20.654+0300] {logging_mixin.py:190} INFO - [2025-08-25T15:34:20.653+0300] {dag.py:4180} INFO - Setting next_dagrun for dataset_alias_example_alias_consumer_with_no_taskflow to None, run_after=None
[2025-08-25T15:34:20.656+0300] {logging_mixin.py:190} INFO - [2025-08-25T15:34:20.656+0300] {dag.py:4180} INFO - Setting next_dagrun for dataset_alias_example_alias_producer_with_no_taskflow to None, run_after=None
[2025-08-25T15:34:20.658+0300] {logging_mixin.py:190} INFO - [2025-08-25T15:34:20.658+0300] {dag.py:4180} INFO - Setting next_dagrun for dataset_s3_bucket_consumer_with_no_taskflow to None, run_after=None
[2025-08-25T15:34:20.660+0300] {logging_mixin.py:190} INFO - [2025-08-25T15:34:20.659+0300] {dag.py:4180} INFO - Setting next_dagrun for dataset_s3_bucket_producer_with_no_taskflow to None, run_after=None
[2025-08-25T15:34:20.694+0300] {processor.py:208} INFO - Processing /mnt/d/Образование/career_courses_postupashky_start/ML/ДЗ/Хард/small_mlflow_pipeline/.venv/lib/python3.12/site-packages/airflow/example_dags/example_dataset_alias_with_no_taskflow.py took 0.168 seconds
[2025-08-25T15:35:27.511+0300] {processor.py:186} INFO - Started process (PID=2714) to work on /mnt/d/Образование/career_courses_postupashky_start/ML/ДЗ/Хард/small_mlflow_pipeline/.venv/lib/python3.12/site-packages/airflow/example_dags/example_dataset_alias_with_no_taskflow.py
[2025-08-25T15:35:27.512+0300] {processor.py:914} INFO - Processing file /mnt/d/Образование/career_courses_postupashky_start/ML/ДЗ/Хард/small_mlflow_pipeline/.venv/lib/python3.12/site-packages/airflow/example_dags/example_dataset_alias_with_no_taskflow.py for tasks to queue
[2025-08-25T15:35:27.514+0300] {logging_mixin.py:190} INFO - [2025-08-25T15:35:27.514+0300] {dagbag.py:588} INFO - Filling up the DagBag from /mnt/d/Образование/career_courses_postupashky_start/ML/ДЗ/Хард/small_mlflow_pipeline/.venv/lib/python3.12/site-packages/airflow/example_dags/example_dataset_alias_with_no_taskflow.py
[2025-08-25T15:35:27.586+0300] {processor.py:925} INFO - DAG(s) 'dataset_s3_bucket_producer_with_no_taskflow', 'dataset_alias_example_alias_producer_with_no_taskflow', 'dataset_s3_bucket_consumer_with_no_taskflow', 'dataset_alias_example_alias_consumer_with_no_taskflow' retrieved from /mnt/d/Образование/career_courses_postupashky_start/ML/ДЗ/Хард/small_mlflow_pipeline/.venv/lib/python3.12/site-packages/airflow/example_dags/example_dataset_alias_with_no_taskflow.py
[2025-08-25T15:35:27.612+0300] {logging_mixin.py:190} INFO - [2025-08-25T15:35:27.611+0300] {dag.py:3239} INFO - Sync 4 DAGs
[2025-08-25T15:35:27.628+0300] {logging_mixin.py:190} INFO - [2025-08-25T15:35:27.627+0300] {dag.py:4180} INFO - Setting next_dagrun for dataset_alias_example_alias_consumer_with_no_taskflow to None, run_after=None
[2025-08-25T15:35:27.630+0300] {logging_mixin.py:190} INFO - [2025-08-25T15:35:27.630+0300] {dag.py:4180} INFO - Setting next_dagrun for dataset_alias_example_alias_producer_with_no_taskflow to None, run_after=None
[2025-08-25T15:35:27.632+0300] {logging_mixin.py:190} INFO - [2025-08-25T15:35:27.632+0300] {dag.py:4180} INFO - Setting next_dagrun for dataset_s3_bucket_consumer_with_no_taskflow to None, run_after=None
[2025-08-25T15:35:27.634+0300] {logging_mixin.py:190} INFO - [2025-08-25T15:35:27.633+0300] {dag.py:4180} INFO - Setting next_dagrun for dataset_s3_bucket_producer_with_no_taskflow to None, run_after=None
[2025-08-25T15:35:27.666+0300] {processor.py:208} INFO - Processing /mnt/d/Образование/career_courses_postupashky_start/ML/ДЗ/Хард/small_mlflow_pipeline/.venv/lib/python3.12/site-packages/airflow/example_dags/example_dataset_alias_with_no_taskflow.py took 0.161 seconds
[2025-08-25T15:36:35.536+0300] {processor.py:186} INFO - Started process (PID=2997) to work on /mnt/d/Образование/career_courses_postupashky_start/ML/ДЗ/Хард/small_mlflow_pipeline/.venv/lib/python3.12/site-packages/airflow/example_dags/example_dataset_alias_with_no_taskflow.py
[2025-08-25T15:36:35.537+0300] {processor.py:914} INFO - Processing file /mnt/d/Образование/career_courses_postupashky_start/ML/ДЗ/Хард/small_mlflow_pipeline/.venv/lib/python3.12/site-packages/airflow/example_dags/example_dataset_alias_with_no_taskflow.py for tasks to queue
[2025-08-25T15:36:35.539+0300] {logging_mixin.py:190} INFO - [2025-08-25T15:36:35.539+0300] {dagbag.py:588} INFO - Filling up the DagBag from /mnt/d/Образование/career_courses_postupashky_start/ML/ДЗ/Хард/small_mlflow_pipeline/.venv/lib/python3.12/site-packages/airflow/example_dags/example_dataset_alias_with_no_taskflow.py
[2025-08-25T15:36:35.611+0300] {processor.py:925} INFO - DAG(s) 'dataset_alias_example_alias_producer_with_no_taskflow', 'dataset_s3_bucket_consumer_with_no_taskflow', 'dataset_alias_example_alias_consumer_with_no_taskflow', 'dataset_s3_bucket_producer_with_no_taskflow' retrieved from /mnt/d/Образование/career_courses_postupashky_start/ML/ДЗ/Хард/small_mlflow_pipeline/.venv/lib/python3.12/site-packages/airflow/example_dags/example_dataset_alias_with_no_taskflow.py
[2025-08-25T15:36:35.639+0300] {logging_mixin.py:190} INFO - [2025-08-25T15:36:35.639+0300] {dag.py:3239} INFO - Sync 4 DAGs
[2025-08-25T15:36:35.655+0300] {logging_mixin.py:190} INFO - [2025-08-25T15:36:35.654+0300] {dag.py:4180} INFO - Setting next_dagrun for dataset_alias_example_alias_consumer_with_no_taskflow to None, run_after=None
[2025-08-25T15:36:35.657+0300] {logging_mixin.py:190} INFO - [2025-08-25T15:36:35.657+0300] {dag.py:4180} INFO - Setting next_dagrun for dataset_alias_example_alias_producer_with_no_taskflow to None, run_after=None
[2025-08-25T15:36:35.659+0300] {logging_mixin.py:190} INFO - [2025-08-25T15:36:35.659+0300] {dag.py:4180} INFO - Setting next_dagrun for dataset_s3_bucket_consumer_with_no_taskflow to None, run_after=None
[2025-08-25T15:36:35.661+0300] {logging_mixin.py:190} INFO - [2025-08-25T15:36:35.661+0300] {dag.py:4180} INFO - Setting next_dagrun for dataset_s3_bucket_producer_with_no_taskflow to None, run_after=None
[2025-08-25T15:36:35.696+0300] {processor.py:208} INFO - Processing /mnt/d/Образование/career_courses_postupashky_start/ML/ДЗ/Хард/small_mlflow_pipeline/.venv/lib/python3.12/site-packages/airflow/example_dags/example_dataset_alias_with_no_taskflow.py took 0.166 seconds
