[2025-08-25T15:32:52.249+0300] {processor.py:186} INFO - Started process (PID=2228) to work on /mnt/d/Образование/career_courses_postupashky_start/ML/ДЗ/Хард/small_mlflow_pipeline/.venv/lib/python3.12/site-packages/airflow/example_dags/example_dataset_alias.py
[2025-08-25T15:32:52.250+0300] {processor.py:914} INFO - Processing file /mnt/d/Образование/career_courses_postupashky_start/ML/ДЗ/Хард/small_mlflow_pipeline/.venv/lib/python3.12/site-packages/airflow/example_dags/example_dataset_alias.py for tasks to queue
[2025-08-25T15:32:52.251+0300] {logging_mixin.py:190} INFO - [2025-08-25T15:32:52.251+0300] {dagbag.py:588} INFO - Filling up the DagBag from /mnt/d/Образование/career_courses_postupashky_start/ML/ДЗ/Хард/small_mlflow_pipeline/.venv/lib/python3.12/site-packages/airflow/example_dags/example_dataset_alias.py
[2025-08-25T15:32:52.321+0300] {processor.py:925} INFO - DAG(s) 'dataset_s3_bucket_consumer', 'dataset_alias_example_alias_producer', 'dataset_s3_bucket_producer', 'dataset_alias_example_alias_consumer' retrieved from /mnt/d/Образование/career_courses_postupashky_start/ML/ДЗ/Хард/small_mlflow_pipeline/.venv/lib/python3.12/site-packages/airflow/example_dags/example_dataset_alias.py
[2025-08-25T15:32:52.903+0300] {logging_mixin.py:190} INFO - [2025-08-25T15:32:52.903+0300] {override.py:1930} INFO - Created Permission View: can read on DAG:dataset_s3_bucket_consumer
[2025-08-25T15:32:52.923+0300] {logging_mixin.py:190} INFO - [2025-08-25T15:32:52.922+0300] {override.py:1930} INFO - Created Permission View: can delete on DAG:dataset_s3_bucket_consumer
[2025-08-25T15:32:52.941+0300] {logging_mixin.py:190} INFO - [2025-08-25T15:32:52.940+0300] {override.py:1930} INFO - Created Permission View: can edit on DAG:dataset_s3_bucket_consumer
[2025-08-25T15:32:52.968+0300] {logging_mixin.py:190} INFO - [2025-08-25T15:32:52.967+0300] {override.py:1930} INFO - Created Permission View: menu access on DAG Run:dataset_s3_bucket_consumer
[2025-08-25T15:32:52.985+0300] {logging_mixin.py:190} INFO - [2025-08-25T15:32:52.984+0300] {override.py:1930} INFO - Created Permission View: can create on DAG Run:dataset_s3_bucket_consumer
[2025-08-25T15:32:53.002+0300] {logging_mixin.py:190} INFO - [2025-08-25T15:32:53.002+0300] {override.py:1930} INFO - Created Permission View: can read on DAG Run:dataset_s3_bucket_consumer
[2025-08-25T15:32:53.019+0300] {logging_mixin.py:190} INFO - [2025-08-25T15:32:53.018+0300] {override.py:1930} INFO - Created Permission View: can delete on DAG Run:dataset_s3_bucket_consumer
[2025-08-25T15:32:53.057+0300] {logging_mixin.py:190} INFO - [2025-08-25T15:32:53.057+0300] {override.py:1930} INFO - Created Permission View: can read on DAG:dataset_alias_example_alias_producer
[2025-08-25T15:32:53.074+0300] {logging_mixin.py:190} INFO - [2025-08-25T15:32:53.073+0300] {override.py:1930} INFO - Created Permission View: can delete on DAG:dataset_alias_example_alias_producer
[2025-08-25T15:32:53.091+0300] {logging_mixin.py:190} INFO - [2025-08-25T15:32:53.090+0300] {override.py:1930} INFO - Created Permission View: can edit on DAG:dataset_alias_example_alias_producer
[2025-08-25T15:32:53.119+0300] {logging_mixin.py:190} INFO - [2025-08-25T15:32:53.118+0300] {override.py:1930} INFO - Created Permission View: menu access on DAG Run:dataset_alias_example_alias_producer
[2025-08-25T15:32:53.136+0300] {logging_mixin.py:190} INFO - [2025-08-25T15:32:53.136+0300] {override.py:1930} INFO - Created Permission View: can create on DAG Run:dataset_alias_example_alias_producer
[2025-08-25T15:32:53.154+0300] {logging_mixin.py:190} INFO - [2025-08-25T15:32:53.153+0300] {override.py:1930} INFO - Created Permission View: can read on DAG Run:dataset_alias_example_alias_producer
[2025-08-25T15:32:53.173+0300] {logging_mixin.py:190} INFO - [2025-08-25T15:32:53.172+0300] {override.py:1930} INFO - Created Permission View: can delete on DAG Run:dataset_alias_example_alias_producer
[2025-08-25T15:32:53.205+0300] {logging_mixin.py:190} INFO - [2025-08-25T15:32:53.205+0300] {override.py:1930} INFO - Created Permission View: can read on DAG:dataset_s3_bucket_producer
[2025-08-25T15:32:53.222+0300] {logging_mixin.py:190} INFO - [2025-08-25T15:32:53.222+0300] {override.py:1930} INFO - Created Permission View: can delete on DAG:dataset_s3_bucket_producer
[2025-08-25T15:32:53.249+0300] {logging_mixin.py:190} INFO - [2025-08-25T15:32:53.248+0300] {override.py:1930} INFO - Created Permission View: can edit on DAG:dataset_s3_bucket_producer
[2025-08-25T15:32:53.276+0300] {logging_mixin.py:190} INFO - [2025-08-25T15:32:53.275+0300] {override.py:1930} INFO - Created Permission View: menu access on DAG Run:dataset_s3_bucket_producer
[2025-08-25T15:32:53.293+0300] {logging_mixin.py:190} INFO - [2025-08-25T15:32:53.292+0300] {override.py:1930} INFO - Created Permission View: can create on DAG Run:dataset_s3_bucket_producer
[2025-08-25T15:32:53.309+0300] {logging_mixin.py:190} INFO - [2025-08-25T15:32:53.309+0300] {override.py:1930} INFO - Created Permission View: can read on DAG Run:dataset_s3_bucket_producer
[2025-08-25T15:32:53.326+0300] {logging_mixin.py:190} INFO - [2025-08-25T15:32:53.326+0300] {override.py:1930} INFO - Created Permission View: can delete on DAG Run:dataset_s3_bucket_producer
[2025-08-25T15:32:53.360+0300] {logging_mixin.py:190} INFO - [2025-08-25T15:32:53.359+0300] {override.py:1930} INFO - Created Permission View: can read on DAG:dataset_alias_example_alias_consumer
[2025-08-25T15:32:53.377+0300] {logging_mixin.py:190} INFO - [2025-08-25T15:32:53.376+0300] {override.py:1930} INFO - Created Permission View: can delete on DAG:dataset_alias_example_alias_consumer
[2025-08-25T15:32:53.394+0300] {logging_mixin.py:190} INFO - [2025-08-25T15:32:53.393+0300] {override.py:1930} INFO - Created Permission View: can edit on DAG:dataset_alias_example_alias_consumer
[2025-08-25T15:32:53.421+0300] {logging_mixin.py:190} INFO - [2025-08-25T15:32:53.420+0300] {override.py:1930} INFO - Created Permission View: menu access on DAG Run:dataset_alias_example_alias_consumer
[2025-08-25T15:32:53.438+0300] {logging_mixin.py:190} INFO - [2025-08-25T15:32:53.437+0300] {override.py:1930} INFO - Created Permission View: can create on DAG Run:dataset_alias_example_alias_consumer
[2025-08-25T15:32:53.455+0300] {logging_mixin.py:190} INFO - [2025-08-25T15:32:53.454+0300] {override.py:1930} INFO - Created Permission View: can read on DAG Run:dataset_alias_example_alias_consumer
[2025-08-25T15:32:53.471+0300] {logging_mixin.py:190} INFO - [2025-08-25T15:32:53.471+0300] {override.py:1930} INFO - Created Permission View: can delete on DAG Run:dataset_alias_example_alias_consumer
[2025-08-25T15:32:53.472+0300] {logging_mixin.py:190} INFO - [2025-08-25T15:32:53.472+0300] {dag.py:3239} INFO - Sync 4 DAGs
[2025-08-25T15:32:53.484+0300] {logging_mixin.py:190} INFO - [2025-08-25T15:32:53.483+0300] {dag.py:3262} INFO - Creating ORM DAG for dataset_alias_example_alias_consumer
[2025-08-25T15:32:53.485+0300] {logging_mixin.py:190} INFO - [2025-08-25T15:32:53.485+0300] {dag.py:3262} INFO - Creating ORM DAG for dataset_s3_bucket_consumer
[2025-08-25T15:32:53.486+0300] {logging_mixin.py:190} INFO - [2025-08-25T15:32:53.486+0300] {dag.py:3262} INFO - Creating ORM DAG for dataset_alias_example_alias_producer
[2025-08-25T15:32:53.487+0300] {logging_mixin.py:190} INFO - [2025-08-25T15:32:53.487+0300] {dag.py:3262} INFO - Creating ORM DAG for dataset_s3_bucket_producer
[2025-08-25T15:32:53.494+0300] {logging_mixin.py:190} INFO - [2025-08-25T15:32:53.494+0300] {dag.py:4180} INFO - Setting next_dagrun for dataset_alias_example_alias_consumer to None, run_after=None
[2025-08-25T15:32:53.496+0300] {logging_mixin.py:190} INFO - [2025-08-25T15:32:53.495+0300] {dag.py:4180} INFO - Setting next_dagrun for dataset_alias_example_alias_producer to None, run_after=None
[2025-08-25T15:32:53.497+0300] {logging_mixin.py:190} INFO - [2025-08-25T15:32:53.496+0300] {dag.py:4180} INFO - Setting next_dagrun for dataset_s3_bucket_consumer to None, run_after=None
[2025-08-25T15:32:53.498+0300] {logging_mixin.py:190} INFO - [2025-08-25T15:32:53.497+0300] {dag.py:4180} INFO - Setting next_dagrun for dataset_s3_bucket_producer to None, run_after=None
[2025-08-25T15:32:53.547+0300] {processor.py:208} INFO - Processing /mnt/d/Образование/career_courses_postupashky_start/ML/ДЗ/Хард/small_mlflow_pipeline/.venv/lib/python3.12/site-packages/airflow/example_dags/example_dataset_alias.py took 1.304 seconds
[2025-08-25T15:34:21.805+0300] {processor.py:186} INFO - Started process (PID=2494) to work on /mnt/d/Образование/career_courses_postupashky_start/ML/ДЗ/Хард/small_mlflow_pipeline/.venv/lib/python3.12/site-packages/airflow/example_dags/example_dataset_alias.py
[2025-08-25T15:34:21.805+0300] {processor.py:914} INFO - Processing file /mnt/d/Образование/career_courses_postupashky_start/ML/ДЗ/Хард/small_mlflow_pipeline/.venv/lib/python3.12/site-packages/airflow/example_dags/example_dataset_alias.py for tasks to queue
[2025-08-25T15:34:21.807+0300] {logging_mixin.py:190} INFO - [2025-08-25T15:34:21.807+0300] {dagbag.py:588} INFO - Filling up the DagBag from /mnt/d/Образование/career_courses_postupashky_start/ML/ДЗ/Хард/small_mlflow_pipeline/.venv/lib/python3.12/site-packages/airflow/example_dags/example_dataset_alias.py
[2025-08-25T15:34:21.881+0300] {processor.py:925} INFO - DAG(s) 'dataset_s3_bucket_producer', 'dataset_alias_example_alias_producer', 'dataset_alias_example_alias_consumer', 'dataset_s3_bucket_consumer' retrieved from /mnt/d/Образование/career_courses_postupashky_start/ML/ДЗ/Хард/small_mlflow_pipeline/.venv/lib/python3.12/site-packages/airflow/example_dags/example_dataset_alias.py
[2025-08-25T15:34:21.906+0300] {logging_mixin.py:190} INFO - [2025-08-25T15:34:21.906+0300] {dag.py:3239} INFO - Sync 4 DAGs
[2025-08-25T15:34:21.921+0300] {logging_mixin.py:190} INFO - [2025-08-25T15:34:21.920+0300] {dag.py:4180} INFO - Setting next_dagrun for dataset_alias_example_alias_consumer to None, run_after=None
[2025-08-25T15:34:21.924+0300] {logging_mixin.py:190} INFO - [2025-08-25T15:34:21.923+0300] {dag.py:4180} INFO - Setting next_dagrun for dataset_alias_example_alias_producer to None, run_after=None
[2025-08-25T15:34:21.926+0300] {logging_mixin.py:190} INFO - [2025-08-25T15:34:21.925+0300] {dag.py:4180} INFO - Setting next_dagrun for dataset_s3_bucket_consumer to None, run_after=None
[2025-08-25T15:34:21.927+0300] {logging_mixin.py:190} INFO - [2025-08-25T15:34:21.927+0300] {dag.py:4180} INFO - Setting next_dagrun for dataset_s3_bucket_producer to None, run_after=None
[2025-08-25T15:34:21.963+0300] {processor.py:208} INFO - Processing /mnt/d/Образование/career_courses_postupashky_start/ML/ДЗ/Хард/small_mlflow_pipeline/.venv/lib/python3.12/site-packages/airflow/example_dags/example_dataset_alias.py took 0.164 seconds
[2025-08-25T15:35:28.805+0300] {processor.py:186} INFO - Started process (PID=2715) to work on /mnt/d/Образование/career_courses_postupashky_start/ML/ДЗ/Хард/small_mlflow_pipeline/.venv/lib/python3.12/site-packages/airflow/example_dags/example_dataset_alias.py
[2025-08-25T15:35:28.806+0300] {processor.py:914} INFO - Processing file /mnt/d/Образование/career_courses_postupashky_start/ML/ДЗ/Хард/small_mlflow_pipeline/.venv/lib/python3.12/site-packages/airflow/example_dags/example_dataset_alias.py for tasks to queue
[2025-08-25T15:35:28.808+0300] {logging_mixin.py:190} INFO - [2025-08-25T15:35:28.807+0300] {dagbag.py:588} INFO - Filling up the DagBag from /mnt/d/Образование/career_courses_postupashky_start/ML/ДЗ/Хард/small_mlflow_pipeline/.venv/lib/python3.12/site-packages/airflow/example_dags/example_dataset_alias.py
[2025-08-25T15:35:28.883+0300] {processor.py:925} INFO - DAG(s) 'dataset_s3_bucket_consumer', 'dataset_alias_example_alias_producer', 'dataset_s3_bucket_producer', 'dataset_alias_example_alias_consumer' retrieved from /mnt/d/Образование/career_courses_postupashky_start/ML/ДЗ/Хард/small_mlflow_pipeline/.venv/lib/python3.12/site-packages/airflow/example_dags/example_dataset_alias.py
[2025-08-25T15:35:28.910+0300] {logging_mixin.py:190} INFO - [2025-08-25T15:35:28.909+0300] {dag.py:3239} INFO - Sync 4 DAGs
[2025-08-25T15:35:28.924+0300] {logging_mixin.py:190} INFO - [2025-08-25T15:35:28.923+0300] {dag.py:4180} INFO - Setting next_dagrun for dataset_alias_example_alias_consumer to None, run_after=None
[2025-08-25T15:35:28.926+0300] {logging_mixin.py:190} INFO - [2025-08-25T15:35:28.926+0300] {dag.py:4180} INFO - Setting next_dagrun for dataset_alias_example_alias_producer to None, run_after=None
[2025-08-25T15:35:28.928+0300] {logging_mixin.py:190} INFO - [2025-08-25T15:35:28.928+0300] {dag.py:4180} INFO - Setting next_dagrun for dataset_s3_bucket_consumer to None, run_after=None
[2025-08-25T15:35:28.930+0300] {logging_mixin.py:190} INFO - [2025-08-25T15:35:28.930+0300] {dag.py:4180} INFO - Setting next_dagrun for dataset_s3_bucket_producer to None, run_after=None
[2025-08-25T15:35:28.965+0300] {processor.py:208} INFO - Processing /mnt/d/Образование/career_courses_postupashky_start/ML/ДЗ/Хард/small_mlflow_pipeline/.venv/lib/python3.12/site-packages/airflow/example_dags/example_dataset_alias.py took 0.166 seconds
[2025-08-25T15:36:36.826+0300] {processor.py:186} INFO - Started process (PID=3063) to work on /mnt/d/Образование/career_courses_postupashky_start/ML/ДЗ/Хард/small_mlflow_pipeline/.venv/lib/python3.12/site-packages/airflow/example_dags/example_dataset_alias.py
[2025-08-25T15:36:36.827+0300] {processor.py:914} INFO - Processing file /mnt/d/Образование/career_courses_postupashky_start/ML/ДЗ/Хард/small_mlflow_pipeline/.venv/lib/python3.12/site-packages/airflow/example_dags/example_dataset_alias.py for tasks to queue
[2025-08-25T15:36:36.829+0300] {logging_mixin.py:190} INFO - [2025-08-25T15:36:36.828+0300] {dagbag.py:588} INFO - Filling up the DagBag from /mnt/d/Образование/career_courses_postupashky_start/ML/ДЗ/Хард/small_mlflow_pipeline/.venv/lib/python3.12/site-packages/airflow/example_dags/example_dataset_alias.py
[2025-08-25T15:36:36.907+0300] {processor.py:925} INFO - DAG(s) 'dataset_alias_example_alias_consumer', 'dataset_s3_bucket_consumer', 'dataset_alias_example_alias_producer', 'dataset_s3_bucket_producer' retrieved from /mnt/d/Образование/career_courses_postupashky_start/ML/ДЗ/Хард/small_mlflow_pipeline/.venv/lib/python3.12/site-packages/airflow/example_dags/example_dataset_alias.py
[2025-08-25T15:36:36.935+0300] {logging_mixin.py:190} INFO - [2025-08-25T15:36:36.935+0300] {dag.py:3239} INFO - Sync 4 DAGs
[2025-08-25T15:36:36.950+0300] {logging_mixin.py:190} INFO - [2025-08-25T15:36:36.950+0300] {dag.py:4180} INFO - Setting next_dagrun for dataset_alias_example_alias_consumer to None, run_after=None
[2025-08-25T15:36:36.953+0300] {logging_mixin.py:190} INFO - [2025-08-25T15:36:36.952+0300] {dag.py:4180} INFO - Setting next_dagrun for dataset_alias_example_alias_producer to None, run_after=None
[2025-08-25T15:36:36.955+0300] {logging_mixin.py:190} INFO - [2025-08-25T15:36:36.954+0300] {dag.py:4180} INFO - Setting next_dagrun for dataset_s3_bucket_consumer to None, run_after=None
[2025-08-25T15:36:36.957+0300] {logging_mixin.py:190} INFO - [2025-08-25T15:36:36.957+0300] {dag.py:4180} INFO - Setting next_dagrun for dataset_s3_bucket_producer to None, run_after=None
[2025-08-25T15:36:36.994+0300] {processor.py:208} INFO - Processing /mnt/d/Образование/career_courses_postupashky_start/ML/ДЗ/Хард/small_mlflow_pipeline/.venv/lib/python3.12/site-packages/airflow/example_dags/example_dataset_alias.py took 0.174 seconds
