[2025-08-25T15:27:47.758+0300] {processor.py:186} INFO - Started process (PID=544) to work on /mnt/d/Образование/career_courses_postupashky_start/ML/ДЗ/Хард/small_mlflow_pipeline/.venv/lib/python3.12/site-packages/airflow/example_dags/example_workday_timetable.py
[2025-08-25T15:27:47.759+0300] {processor.py:914} INFO - Processing file /mnt/d/Образование/career_courses_postupashky_start/ML/ДЗ/Хард/small_mlflow_pipeline/.venv/lib/python3.12/site-packages/airflow/example_dags/example_workday_timetable.py for tasks to queue
[2025-08-25T15:27:47.761+0300] {logging_mixin.py:190} INFO - [2025-08-25T15:27:47.760+0300] {dagbag.py:588} INFO - Filling up the DagBag from /mnt/d/Образование/career_courses_postupashky_start/ML/ДЗ/Хард/small_mlflow_pipeline/.venv/lib/python3.12/site-packages/airflow/example_dags/example_workday_timetable.py
[2025-08-25T15:27:47.815+0300] {processor.py:925} INFO - DAG(s) 'example_workday_timetable' retrieved from /mnt/d/Образование/career_courses_postupashky_start/ML/ДЗ/Хард/small_mlflow_pipeline/.venv/lib/python3.12/site-packages/airflow/example_dags/example_workday_timetable.py
[2025-08-25T15:27:48.461+0300] {logging_mixin.py:190} INFO - [2025-08-25T15:27:48.460+0300] {override.py:1930} INFO - Created Permission View: can edit on DAG:example_workday_timetable
[2025-08-25T15:27:48.480+0300] {logging_mixin.py:190} INFO - [2025-08-25T15:27:48.479+0300] {override.py:1930} INFO - Created Permission View: can read on DAG:example_workday_timetable
[2025-08-25T15:27:48.498+0300] {logging_mixin.py:190} INFO - [2025-08-25T15:27:48.498+0300] {override.py:1930} INFO - Created Permission View: can delete on DAG:example_workday_timetable
[2025-08-25T15:27:48.527+0300] {logging_mixin.py:190} INFO - [2025-08-25T15:27:48.526+0300] {override.py:1930} INFO - Created Permission View: menu access on DAG Run:example_workday_timetable
[2025-08-25T15:27:48.545+0300] {logging_mixin.py:190} INFO - [2025-08-25T15:27:48.544+0300] {override.py:1930} INFO - Created Permission View: can delete on DAG Run:example_workday_timetable
[2025-08-25T15:27:48.562+0300] {logging_mixin.py:190} INFO - [2025-08-25T15:27:48.562+0300] {override.py:1930} INFO - Created Permission View: can read on DAG Run:example_workday_timetable
[2025-08-25T15:27:48.580+0300] {logging_mixin.py:190} INFO - [2025-08-25T15:27:48.580+0300] {override.py:1930} INFO - Created Permission View: can create on DAG Run:example_workday_timetable
[2025-08-25T15:27:48.581+0300] {logging_mixin.py:190} INFO - [2025-08-25T15:27:48.581+0300] {dag.py:3239} INFO - Sync 1 DAGs
[2025-08-25T15:27:48.593+0300] {logging_mixin.py:190} INFO - [2025-08-25T15:27:48.593+0300] {dag.py:3262} INFO - Creating ORM DAG for example_workday_timetable
[2025-08-25T15:27:48.653+0300] {logging_mixin.py:190} INFO - [2025-08-25T15:27:48.652+0300] {dag.py:4180} INFO - Setting next_dagrun for example_workday_timetable to 2021-01-04 00:00:00+00:00, run_after=2021-01-05 00:00:00+00:00
[2025-08-25T15:27:48.686+0300] {processor.py:208} INFO - Processing /mnt/d/Образование/career_courses_postupashky_start/ML/ДЗ/Хард/small_mlflow_pipeline/.venv/lib/python3.12/site-packages/airflow/example_dags/example_workday_timetable.py took 0.934 seconds
[2025-08-25T15:28:50.020+0300] {processor.py:186} INFO - Started process (PID=790) to work on /mnt/d/Образование/career_courses_postupashky_start/ML/ДЗ/Хард/small_mlflow_pipeline/.venv/lib/python3.12/site-packages/airflow/example_dags/example_workday_timetable.py
[2025-08-25T15:28:50.021+0300] {processor.py:914} INFO - Processing file /mnt/d/Образование/career_courses_postupashky_start/ML/ДЗ/Хард/small_mlflow_pipeline/.venv/lib/python3.12/site-packages/airflow/example_dags/example_workday_timetable.py for tasks to queue
[2025-08-25T15:28:50.023+0300] {logging_mixin.py:190} INFO - [2025-08-25T15:28:50.022+0300] {dagbag.py:588} INFO - Filling up the DagBag from /mnt/d/Образование/career_courses_postupashky_start/ML/ДЗ/Хард/small_mlflow_pipeline/.venv/lib/python3.12/site-packages/airflow/example_dags/example_workday_timetable.py
[2025-08-25T15:28:50.075+0300] {processor.py:925} INFO - DAG(s) 'example_workday_timetable' retrieved from /mnt/d/Образование/career_courses_postupashky_start/ML/ДЗ/Хард/small_mlflow_pipeline/.venv/lib/python3.12/site-packages/airflow/example_dags/example_workday_timetable.py
[2025-08-25T15:28:50.129+0300] {logging_mixin.py:190} INFO - [2025-08-25T15:28:50.128+0300] {dag.py:3239} INFO - Sync 1 DAGs
[2025-08-25T15:28:50.191+0300] {logging_mixin.py:190} INFO - [2025-08-25T15:28:50.191+0300] {dag.py:4180} INFO - Setting next_dagrun for example_workday_timetable to 2021-01-04 00:00:00+00:00, run_after=2021-01-05 00:00:00+00:00
[2025-08-25T15:28:50.229+0300] {processor.py:208} INFO - Processing /mnt/d/Образование/career_courses_postupashky_start/ML/ДЗ/Хард/small_mlflow_pipeline/.venv/lib/python3.12/site-packages/airflow/example_dags/example_workday_timetable.py took 0.216 seconds
[2025-08-25T15:32:04.581+0300] {processor.py:186} INFO - Started process (PID=1750) to work on /mnt/d/Образование/career_courses_postupashky_start/ML/ДЗ/Хард/small_mlflow_pipeline/.venv/lib/python3.12/site-packages/airflow/example_dags/example_workday_timetable.py
[2025-08-25T15:32:04.582+0300] {processor.py:914} INFO - Processing file /mnt/d/Образование/career_courses_postupashky_start/ML/ДЗ/Хард/small_mlflow_pipeline/.venv/lib/python3.12/site-packages/airflow/example_dags/example_workday_timetable.py for tasks to queue
[2025-08-25T15:32:04.584+0300] {logging_mixin.py:190} INFO - [2025-08-25T15:32:04.583+0300] {dagbag.py:588} INFO - Filling up the DagBag from /mnt/d/Образование/career_courses_postupashky_start/ML/ДЗ/Хард/small_mlflow_pipeline/.venv/lib/python3.12/site-packages/airflow/example_dags/example_workday_timetable.py
[2025-08-25T15:32:04.635+0300] {processor.py:925} INFO - DAG(s) 'example_workday_timetable' retrieved from /mnt/d/Образование/career_courses_postupashky_start/ML/ДЗ/Хард/small_mlflow_pipeline/.venv/lib/python3.12/site-packages/airflow/example_dags/example_workday_timetable.py
[2025-08-25T15:32:04.687+0300] {logging_mixin.py:190} INFO - [2025-08-25T15:32:04.687+0300] {dag.py:3239} INFO - Sync 1 DAGs
[2025-08-25T15:32:04.754+0300] {logging_mixin.py:190} INFO - [2025-08-25T15:32:04.754+0300] {dag.py:4180} INFO - Setting next_dagrun for example_workday_timetable to 2021-01-04 00:00:00+00:00, run_after=2021-01-05 00:00:00+00:00
[2025-08-25T15:32:04.784+0300] {processor.py:208} INFO - Processing /mnt/d/Образование/career_courses_postupashky_start/ML/ДЗ/Хард/small_mlflow_pipeline/.venv/lib/python3.12/site-packages/airflow/example_dags/example_workday_timetable.py took 0.209 seconds
[2025-08-25T15:33:26.337+0300] {processor.py:186} INFO - Started process (PID=2304) to work on /mnt/d/Образование/career_courses_postupashky_start/ML/ДЗ/Хард/small_mlflow_pipeline/.venv/lib/python3.12/site-packages/airflow/example_dags/example_workday_timetable.py
[2025-08-25T15:33:26.338+0300] {processor.py:914} INFO - Processing file /mnt/d/Образование/career_courses_postupashky_start/ML/ДЗ/Хард/small_mlflow_pipeline/.venv/lib/python3.12/site-packages/airflow/example_dags/example_workday_timetable.py for tasks to queue
[2025-08-25T15:33:26.341+0300] {logging_mixin.py:190} INFO - [2025-08-25T15:33:26.340+0300] {dagbag.py:588} INFO - Filling up the DagBag from /mnt/d/Образование/career_courses_postupashky_start/ML/ДЗ/Хард/small_mlflow_pipeline/.venv/lib/python3.12/site-packages/airflow/example_dags/example_workday_timetable.py
[2025-08-25T15:33:26.375+0300] {processor.py:925} INFO - DAG(s) 'example_workday_timetable' retrieved from /mnt/d/Образование/career_courses_postupashky_start/ML/ДЗ/Хард/small_mlflow_pipeline/.venv/lib/python3.12/site-packages/airflow/example_dags/example_workday_timetable.py
[2025-08-25T15:33:26.393+0300] {logging_mixin.py:190} INFO - [2025-08-25T15:33:26.392+0300] {dag.py:3239} INFO - Sync 1 DAGs
[2025-08-25T15:33:26.436+0300] {logging_mixin.py:190} INFO - [2025-08-25T15:33:26.436+0300] {dag.py:4180} INFO - Setting next_dagrun for example_workday_timetable to 2021-01-04 00:00:00+00:00, run_after=2021-01-05 00:00:00+00:00
[2025-08-25T15:33:26.468+0300] {processor.py:208} INFO - Processing /mnt/d/Образование/career_courses_postupashky_start/ML/ДЗ/Хард/small_mlflow_pipeline/.venv/lib/python3.12/site-packages/airflow/example_dags/example_workday_timetable.py took 0.137 seconds
[2025-08-25T15:34:13.357+0300] {processor.py:186} INFO - Started process (PID=2475) to work on /mnt/d/Образование/career_courses_postupashky_start/ML/ДЗ/Хард/small_mlflow_pipeline/.venv/lib/python3.12/site-packages/airflow/example_dags/example_workday_timetable.py
[2025-08-25T15:34:13.358+0300] {processor.py:914} INFO - Processing file /mnt/d/Образование/career_courses_postupashky_start/ML/ДЗ/Хард/small_mlflow_pipeline/.venv/lib/python3.12/site-packages/airflow/example_dags/example_workday_timetable.py for tasks to queue
[2025-08-25T15:34:13.360+0300] {logging_mixin.py:190} INFO - [2025-08-25T15:34:13.360+0300] {dagbag.py:588} INFO - Filling up the DagBag from /mnt/d/Образование/career_courses_postupashky_start/ML/ДЗ/Хард/small_mlflow_pipeline/.venv/lib/python3.12/site-packages/airflow/example_dags/example_workday_timetable.py
[2025-08-25T15:34:13.393+0300] {processor.py:925} INFO - DAG(s) 'example_workday_timetable' retrieved from /mnt/d/Образование/career_courses_postupashky_start/ML/ДЗ/Хард/small_mlflow_pipeline/.venv/lib/python3.12/site-packages/airflow/example_dags/example_workday_timetable.py
[2025-08-25T15:34:13.408+0300] {logging_mixin.py:190} INFO - [2025-08-25T15:34:13.407+0300] {dag.py:3239} INFO - Sync 1 DAGs
[2025-08-25T15:34:13.449+0300] {logging_mixin.py:190} INFO - [2025-08-25T15:34:13.448+0300] {dag.py:4180} INFO - Setting next_dagrun for example_workday_timetable to 2021-01-04 00:00:00+00:00, run_after=2021-01-05 00:00:00+00:00
[2025-08-25T15:34:13.487+0300] {processor.py:208} INFO - Processing /mnt/d/Образование/career_courses_postupashky_start/ML/ДЗ/Хард/small_mlflow_pipeline/.venv/lib/python3.12/site-packages/airflow/example_dags/example_workday_timetable.py took 0.136 seconds
[2025-08-25T15:35:20.942+0300] {processor.py:186} INFO - Started process (PID=2696) to work on /mnt/d/Образование/career_courses_postupashky_start/ML/ДЗ/Хард/small_mlflow_pipeline/.venv/lib/python3.12/site-packages/airflow/example_dags/example_workday_timetable.py
[2025-08-25T15:35:20.942+0300] {processor.py:914} INFO - Processing file /mnt/d/Образование/career_courses_postupashky_start/ML/ДЗ/Хард/small_mlflow_pipeline/.venv/lib/python3.12/site-packages/airflow/example_dags/example_workday_timetable.py for tasks to queue
[2025-08-25T15:35:20.945+0300] {logging_mixin.py:190} INFO - [2025-08-25T15:35:20.944+0300] {dagbag.py:588} INFO - Filling up the DagBag from /mnt/d/Образование/career_courses_postupashky_start/ML/ДЗ/Хард/small_mlflow_pipeline/.venv/lib/python3.12/site-packages/airflow/example_dags/example_workday_timetable.py
[2025-08-25T15:35:20.977+0300] {processor.py:925} INFO - DAG(s) 'example_workday_timetable' retrieved from /mnt/d/Образование/career_courses_postupashky_start/ML/ДЗ/Хард/small_mlflow_pipeline/.venv/lib/python3.12/site-packages/airflow/example_dags/example_workday_timetable.py
[2025-08-25T15:35:20.991+0300] {logging_mixin.py:190} INFO - [2025-08-25T15:35:20.991+0300] {dag.py:3239} INFO - Sync 1 DAGs
[2025-08-25T15:35:21.033+0300] {logging_mixin.py:190} INFO - [2025-08-25T15:35:21.032+0300] {dag.py:4180} INFO - Setting next_dagrun for example_workday_timetable to 2021-01-04 00:00:00+00:00, run_after=2021-01-05 00:00:00+00:00
[2025-08-25T15:35:21.067+0300] {processor.py:208} INFO - Processing /mnt/d/Образование/career_courses_postupashky_start/ML/ДЗ/Хард/small_mlflow_pipeline/.venv/lib/python3.12/site-packages/airflow/example_dags/example_workday_timetable.py took 0.132 seconds
[2025-08-25T15:36:27.916+0300] {processor.py:186} INFO - Started process (PID=2922) to work on /mnt/d/Образование/career_courses_postupashky_start/ML/ДЗ/Хард/small_mlflow_pipeline/.venv/lib/python3.12/site-packages/airflow/example_dags/example_workday_timetable.py
[2025-08-25T15:36:27.917+0300] {processor.py:914} INFO - Processing file /mnt/d/Образование/career_courses_postupashky_start/ML/ДЗ/Хард/small_mlflow_pipeline/.venv/lib/python3.12/site-packages/airflow/example_dags/example_workday_timetable.py for tasks to queue
[2025-08-25T15:36:27.920+0300] {logging_mixin.py:190} INFO - [2025-08-25T15:36:27.919+0300] {dagbag.py:588} INFO - Filling up the DagBag from /mnt/d/Образование/career_courses_postupashky_start/ML/ДЗ/Хард/small_mlflow_pipeline/.venv/lib/python3.12/site-packages/airflow/example_dags/example_workday_timetable.py
[2025-08-25T15:36:27.953+0300] {processor.py:925} INFO - DAG(s) 'example_workday_timetable' retrieved from /mnt/d/Образование/career_courses_postupashky_start/ML/ДЗ/Хард/small_mlflow_pipeline/.venv/lib/python3.12/site-packages/airflow/example_dags/example_workday_timetable.py
[2025-08-25T15:36:27.967+0300] {logging_mixin.py:190} INFO - [2025-08-25T15:36:27.967+0300] {dag.py:3239} INFO - Sync 1 DAGs
[2025-08-25T15:36:28.009+0300] {logging_mixin.py:190} INFO - [2025-08-25T15:36:28.008+0300] {dag.py:4180} INFO - Setting next_dagrun for example_workday_timetable to 2021-01-04 00:00:00+00:00, run_after=2021-01-05 00:00:00+00:00
[2025-08-25T15:36:28.044+0300] {processor.py:208} INFO - Processing /mnt/d/Образование/career_courses_postupashky_start/ML/ДЗ/Хард/small_mlflow_pipeline/.venv/lib/python3.12/site-packages/airflow/example_dags/example_workday_timetable.py took 0.134 seconds
