[2025-08-25T15:33:01.248+0300] {processor.py:186} INFO - Started process (PID=2246) to work on /mnt/d/Образование/career_courses_postupashky_start/ML/ДЗ/Хард/small_mlflow_pipeline/.venv/lib/python3.12/site-packages/airflow/example_dags/example_branch_labels.py
[2025-08-25T15:33:01.249+0300] {processor.py:914} INFO - Processing file /mnt/d/Образование/career_courses_postupashky_start/ML/ДЗ/Хард/small_mlflow_pipeline/.venv/lib/python3.12/site-packages/airflow/example_dags/example_branch_labels.py for tasks to queue
[2025-08-25T15:33:01.251+0300] {logging_mixin.py:190} INFO - [2025-08-25T15:33:01.251+0300] {dagbag.py:588} INFO - Filling up the DagBag from /mnt/d/Образование/career_courses_postupashky_start/ML/ДЗ/Хард/small_mlflow_pipeline/.venv/lib/python3.12/site-packages/airflow/example_dags/example_branch_labels.py
[2025-08-25T15:33:01.293+0300] {processor.py:925} INFO - DAG(s) 'example_branch_labels' retrieved from /mnt/d/Образование/career_courses_postupashky_start/ML/ДЗ/Хард/small_mlflow_pipeline/.venv/lib/python3.12/site-packages/airflow/example_dags/example_branch_labels.py
[2025-08-25T15:33:01.891+0300] {logging_mixin.py:190} INFO - [2025-08-25T15:33:01.890+0300] {override.py:1930} INFO - Created Permission View: can read on DAG:example_branch_labels
[2025-08-25T15:33:01.911+0300] {logging_mixin.py:190} INFO - [2025-08-25T15:33:01.910+0300] {override.py:1930} INFO - Created Permission View: can delete on DAG:example_branch_labels
[2025-08-25T15:33:01.928+0300] {logging_mixin.py:190} INFO - [2025-08-25T15:33:01.927+0300] {override.py:1930} INFO - Created Permission View: can edit on DAG:example_branch_labels
[2025-08-25T15:33:01.956+0300] {logging_mixin.py:190} INFO - [2025-08-25T15:33:01.955+0300] {override.py:1930} INFO - Created Permission View: menu access on DAG Run:example_branch_labels
[2025-08-25T15:33:01.973+0300] {logging_mixin.py:190} INFO - [2025-08-25T15:33:01.972+0300] {override.py:1930} INFO - Created Permission View: can create on DAG Run:example_branch_labels
[2025-08-25T15:33:01.990+0300] {logging_mixin.py:190} INFO - [2025-08-25T15:33:01.990+0300] {override.py:1930} INFO - Created Permission View: can read on DAG Run:example_branch_labels
[2025-08-25T15:33:02.007+0300] {logging_mixin.py:190} INFO - [2025-08-25T15:33:02.006+0300] {override.py:1930} INFO - Created Permission View: can delete on DAG Run:example_branch_labels
[2025-08-25T15:33:02.008+0300] {logging_mixin.py:190} INFO - [2025-08-25T15:33:02.008+0300] {dag.py:3239} INFO - Sync 1 DAGs
[2025-08-25T15:33:02.019+0300] {logging_mixin.py:190} INFO - [2025-08-25T15:33:02.019+0300] {dag.py:3262} INFO - Creating ORM DAG for example_branch_labels
[2025-08-25T15:33:02.027+0300] {logging_mixin.py:190} INFO - [2025-08-25T15:33:02.026+0300] {dag.py:4180} INFO - Setting next_dagrun for example_branch_labels to 2025-08-24 00:00:00+00:00, run_after=2025-08-25 00:00:00+00:00
[2025-08-25T15:33:02.056+0300] {processor.py:208} INFO - Processing /mnt/d/Образование/career_courses_postupashky_start/ML/ДЗ/Хард/small_mlflow_pipeline/.venv/lib/python3.12/site-packages/airflow/example_dags/example_branch_labels.py took 0.814 seconds
[2025-08-25T15:34:28.156+0300] {processor.py:186} INFO - Started process (PID=2509) to work on /mnt/d/Образование/career_courses_postupashky_start/ML/ДЗ/Хард/small_mlflow_pipeline/.venv/lib/python3.12/site-packages/airflow/example_dags/example_branch_labels.py
[2025-08-25T15:34:28.157+0300] {processor.py:914} INFO - Processing file /mnt/d/Образование/career_courses_postupashky_start/ML/ДЗ/Хард/small_mlflow_pipeline/.venv/lib/python3.12/site-packages/airflow/example_dags/example_branch_labels.py for tasks to queue
[2025-08-25T15:34:28.159+0300] {logging_mixin.py:190} INFO - [2025-08-25T15:34:28.158+0300] {dagbag.py:588} INFO - Filling up the DagBag from /mnt/d/Образование/career_courses_postupashky_start/ML/ДЗ/Хард/small_mlflow_pipeline/.venv/lib/python3.12/site-packages/airflow/example_dags/example_branch_labels.py
[2025-08-25T15:34:28.201+0300] {processor.py:925} INFO - DAG(s) 'example_branch_labels' retrieved from /mnt/d/Образование/career_courses_postupashky_start/ML/ДЗ/Хард/small_mlflow_pipeline/.venv/lib/python3.12/site-packages/airflow/example_dags/example_branch_labels.py
[2025-08-25T15:34:28.219+0300] {logging_mixin.py:190} INFO - [2025-08-25T15:34:28.218+0300] {dag.py:3239} INFO - Sync 1 DAGs
[2025-08-25T15:34:28.235+0300] {logging_mixin.py:190} INFO - [2025-08-25T15:34:28.235+0300] {dag.py:4180} INFO - Setting next_dagrun for example_branch_labels to 2025-08-24 00:00:00+00:00, run_after=2025-08-25 00:00:00+00:00
[2025-08-25T15:34:28.270+0300] {processor.py:208} INFO - Processing /mnt/d/Образование/career_courses_postupashky_start/ML/ДЗ/Хард/small_mlflow_pipeline/.venv/lib/python3.12/site-packages/airflow/example_dags/example_branch_labels.py took 0.121 seconds
[2025-08-25T15:35:35.474+0300] {processor.py:186} INFO - Started process (PID=2733) to work on /mnt/d/Образование/career_courses_postupashky_start/ML/ДЗ/Хард/small_mlflow_pipeline/.venv/lib/python3.12/site-packages/airflow/example_dags/example_branch_labels.py
[2025-08-25T15:35:35.475+0300] {processor.py:914} INFO - Processing file /mnt/d/Образование/career_courses_postupashky_start/ML/ДЗ/Хард/small_mlflow_pipeline/.venv/lib/python3.12/site-packages/airflow/example_dags/example_branch_labels.py for tasks to queue
[2025-08-25T15:35:35.477+0300] {logging_mixin.py:190} INFO - [2025-08-25T15:35:35.477+0300] {dagbag.py:588} INFO - Filling up the DagBag from /mnt/d/Образование/career_courses_postupashky_start/ML/ДЗ/Хард/small_mlflow_pipeline/.venv/lib/python3.12/site-packages/airflow/example_dags/example_branch_labels.py
[2025-08-25T15:35:35.516+0300] {processor.py:925} INFO - DAG(s) 'example_branch_labels' retrieved from /mnt/d/Образование/career_courses_postupashky_start/ML/ДЗ/Хард/small_mlflow_pipeline/.venv/lib/python3.12/site-packages/airflow/example_dags/example_branch_labels.py
[2025-08-25T15:35:35.531+0300] {logging_mixin.py:190} INFO - [2025-08-25T15:35:35.531+0300] {dag.py:3239} INFO - Sync 1 DAGs
[2025-08-25T15:35:35.545+0300] {logging_mixin.py:190} INFO - [2025-08-25T15:35:35.545+0300] {dag.py:4180} INFO - Setting next_dagrun for example_branch_labels to 2025-08-24 00:00:00+00:00, run_after=2025-08-25 00:00:00+00:00
[2025-08-25T15:35:35.592+0300] {processor.py:208} INFO - Processing /mnt/d/Образование/career_courses_postupashky_start/ML/ДЗ/Хард/small_mlflow_pipeline/.venv/lib/python3.12/site-packages/airflow/example_dags/example_branch_labels.py took 0.125 seconds
[2025-08-25T15:36:44.467+0300] {processor.py:186} INFO - Started process (PID=3081) to work on /mnt/d/Образование/career_courses_postupashky_start/ML/ДЗ/Хард/small_mlflow_pipeline/.venv/lib/python3.12/site-packages/airflow/example_dags/example_branch_labels.py
[2025-08-25T15:36:44.468+0300] {processor.py:914} INFO - Processing file /mnt/d/Образование/career_courses_postupashky_start/ML/ДЗ/Хард/small_mlflow_pipeline/.venv/lib/python3.12/site-packages/airflow/example_dags/example_branch_labels.py for tasks to queue
[2025-08-25T15:36:44.470+0300] {logging_mixin.py:190} INFO - [2025-08-25T15:36:44.470+0300] {dagbag.py:588} INFO - Filling up the DagBag from /mnt/d/Образование/career_courses_postupashky_start/ML/ДЗ/Хард/small_mlflow_pipeline/.venv/lib/python3.12/site-packages/airflow/example_dags/example_branch_labels.py
[2025-08-25T15:36:44.511+0300] {processor.py:925} INFO - DAG(s) 'example_branch_labels' retrieved from /mnt/d/Образование/career_courses_postupashky_start/ML/ДЗ/Хард/small_mlflow_pipeline/.venv/lib/python3.12/site-packages/airflow/example_dags/example_branch_labels.py
[2025-08-25T15:36:44.528+0300] {logging_mixin.py:190} INFO - [2025-08-25T15:36:44.528+0300] {dag.py:3239} INFO - Sync 1 DAGs
[2025-08-25T15:36:44.546+0300] {logging_mixin.py:190} INFO - [2025-08-25T15:36:44.545+0300] {dag.py:4180} INFO - Setting next_dagrun for example_branch_labels to 2025-08-24 00:00:00+00:00, run_after=2025-08-25 00:00:00+00:00
[2025-08-25T15:36:44.577+0300] {processor.py:208} INFO - Processing /mnt/d/Образование/career_courses_postupashky_start/ML/ДЗ/Хард/small_mlflow_pipeline/.venv/lib/python3.12/site-packages/airflow/example_dags/example_branch_labels.py took 0.116 seconds
