[2025-08-25T15:29:17.614+0300] {processor.py:186} INFO - Started process (PID=847) to work on /mnt/d/Образование/career_courses_postupashky_start/ML/ДЗ/Хард/small_mlflow_pipeline/.venv/lib/python3.12/site-packages/airflow/example_dags/example_params_ui_tutorial.py
[2025-08-25T15:29:17.615+0300] {processor.py:914} INFO - Processing file /mnt/d/Образование/career_courses_postupashky_start/ML/ДЗ/Хард/small_mlflow_pipeline/.venv/lib/python3.12/site-packages/airflow/example_dags/example_params_ui_tutorial.py for tasks to queue
[2025-08-25T15:29:17.617+0300] {logging_mixin.py:190} INFO - [2025-08-25T15:29:17.616+0300] {dagbag.py:588} INFO - Filling up the DagBag from /mnt/d/Образование/career_courses_postupashky_start/ML/ДЗ/Хард/small_mlflow_pipeline/.venv/lib/python3.12/site-packages/airflow/example_dags/example_params_ui_tutorial.py
[2025-08-25T15:29:17.653+0300] {processor.py:925} INFO - DAG(s) 'example_params_ui_tutorial' retrieved from /mnt/d/Образование/career_courses_postupashky_start/ML/ДЗ/Хард/small_mlflow_pipeline/.venv/lib/python3.12/site-packages/airflow/example_dags/example_params_ui_tutorial.py
[2025-08-25T15:29:18.267+0300] {logging_mixin.py:190} INFO - [2025-08-25T15:29:18.266+0300] {override.py:1930} INFO - Created Permission View: can delete on DAG:example_params_ui_tutorial
[2025-08-25T15:29:18.286+0300] {logging_mixin.py:190} INFO - [2025-08-25T15:29:18.285+0300] {override.py:1930} INFO - Created Permission View: can edit on DAG:example_params_ui_tutorial
[2025-08-25T15:29:18.303+0300] {logging_mixin.py:190} INFO - [2025-08-25T15:29:18.302+0300] {override.py:1930} INFO - Created Permission View: can read on DAG:example_params_ui_tutorial
[2025-08-25T15:29:18.330+0300] {logging_mixin.py:190} INFO - [2025-08-25T15:29:18.329+0300] {override.py:1930} INFO - Created Permission View: can delete on DAG Run:example_params_ui_tutorial
[2025-08-25T15:29:18.347+0300] {logging_mixin.py:190} INFO - [2025-08-25T15:29:18.347+0300] {override.py:1930} INFO - Created Permission View: can create on DAG Run:example_params_ui_tutorial
[2025-08-25T15:29:18.365+0300] {logging_mixin.py:190} INFO - [2025-08-25T15:29:18.365+0300] {override.py:1930} INFO - Created Permission View: can read on DAG Run:example_params_ui_tutorial
[2025-08-25T15:29:18.383+0300] {logging_mixin.py:190} INFO - [2025-08-25T15:29:18.382+0300] {override.py:1930} INFO - Created Permission View: menu access on DAG Run:example_params_ui_tutorial
[2025-08-25T15:29:18.384+0300] {logging_mixin.py:190} INFO - [2025-08-25T15:29:18.383+0300] {dag.py:3239} INFO - Sync 1 DAGs
[2025-08-25T15:29:18.397+0300] {logging_mixin.py:190} INFO - [2025-08-25T15:29:18.397+0300] {dag.py:3262} INFO - Creating ORM DAG for example_params_ui_tutorial
[2025-08-25T15:29:18.399+0300] {logging_mixin.py:190} INFO - [2025-08-25T15:29:18.398+0300] {dag.py:4180} INFO - Setting next_dagrun for example_params_ui_tutorial to None, run_after=None
[2025-08-25T15:29:18.432+0300] {processor.py:208} INFO - Processing /mnt/d/Образование/career_courses_postupashky_start/ML/ДЗ/Хард/small_mlflow_pipeline/.venv/lib/python3.12/site-packages/airflow/example_dags/example_params_ui_tutorial.py took 0.824 seconds
[2025-08-25T15:32:26.603+0300] {processor.py:186} INFO - Started process (PID=1928) to work on /mnt/d/Образование/career_courses_postupashky_start/ML/ДЗ/Хард/small_mlflow_pipeline/.venv/lib/python3.12/site-packages/airflow/example_dags/example_params_ui_tutorial.py
[2025-08-25T15:32:26.604+0300] {processor.py:914} INFO - Processing file /mnt/d/Образование/career_courses_postupashky_start/ML/ДЗ/Хард/small_mlflow_pipeline/.venv/lib/python3.12/site-packages/airflow/example_dags/example_params_ui_tutorial.py for tasks to queue
[2025-08-25T15:32:26.606+0300] {logging_mixin.py:190} INFO - [2025-08-25T15:32:26.605+0300] {dagbag.py:588} INFO - Filling up the DagBag from /mnt/d/Образование/career_courses_postupashky_start/ML/ДЗ/Хард/small_mlflow_pipeline/.venv/lib/python3.12/site-packages/airflow/example_dags/example_params_ui_tutorial.py
[2025-08-25T15:32:26.639+0300] {processor.py:925} INFO - DAG(s) 'example_params_ui_tutorial' retrieved from /mnt/d/Образование/career_courses_postupashky_start/ML/ДЗ/Хард/small_mlflow_pipeline/.venv/lib/python3.12/site-packages/airflow/example_dags/example_params_ui_tutorial.py
[2025-08-25T15:32:26.674+0300] {logging_mixin.py:190} INFO - [2025-08-25T15:32:26.673+0300] {dag.py:3239} INFO - Sync 1 DAGs
[2025-08-25T15:32:26.682+0300] {logging_mixin.py:190} INFO - [2025-08-25T15:32:26.681+0300] {dag.py:4180} INFO - Setting next_dagrun for example_params_ui_tutorial to None, run_after=None
[2025-08-25T15:32:26.717+0300] {processor.py:208} INFO - Processing /mnt/d/Образование/career_courses_postupashky_start/ML/ДЗ/Хард/small_mlflow_pipeline/.venv/lib/python3.12/site-packages/airflow/example_dags/example_params_ui_tutorial.py took 0.120 seconds
[2025-08-25T15:33:48.308+0300] {processor.py:186} INFO - Started process (PID=2355) to work on /mnt/d/Образование/career_courses_postupashky_start/ML/ДЗ/Хард/small_mlflow_pipeline/.venv/lib/python3.12/site-packages/airflow/example_dags/example_params_ui_tutorial.py
[2025-08-25T15:33:48.309+0300] {processor.py:914} INFO - Processing file /mnt/d/Образование/career_courses_postupashky_start/ML/ДЗ/Хард/small_mlflow_pipeline/.venv/lib/python3.12/site-packages/airflow/example_dags/example_params_ui_tutorial.py for tasks to queue
[2025-08-25T15:33:48.311+0300] {logging_mixin.py:190} INFO - [2025-08-25T15:33:48.310+0300] {dagbag.py:588} INFO - Filling up the DagBag from /mnt/d/Образование/career_courses_postupashky_start/ML/ДЗ/Хард/small_mlflow_pipeline/.venv/lib/python3.12/site-packages/airflow/example_dags/example_params_ui_tutorial.py
[2025-08-25T15:33:48.347+0300] {processor.py:925} INFO - DAG(s) 'example_params_ui_tutorial' retrieved from /mnt/d/Образование/career_courses_postupashky_start/ML/ДЗ/Хард/small_mlflow_pipeline/.venv/lib/python3.12/site-packages/airflow/example_dags/example_params_ui_tutorial.py
[2025-08-25T15:33:48.376+0300] {logging_mixin.py:190} INFO - [2025-08-25T15:33:48.375+0300] {dag.py:3239} INFO - Sync 1 DAGs
[2025-08-25T15:33:48.386+0300] {logging_mixin.py:190} INFO - [2025-08-25T15:33:48.385+0300] {dag.py:4180} INFO - Setting next_dagrun for example_params_ui_tutorial to None, run_after=None
[2025-08-25T15:33:48.419+0300] {processor.py:208} INFO - Processing /mnt/d/Образование/career_courses_postupashky_start/ML/ДЗ/Хард/small_mlflow_pipeline/.venv/lib/python3.12/site-packages/airflow/example_dags/example_params_ui_tutorial.py took 0.118 seconds
[2025-08-25T15:34:55.947+0300] {processor.py:186} INFO - Started process (PID=2637) to work on /mnt/d/Образование/career_courses_postupashky_start/ML/ДЗ/Хард/small_mlflow_pipeline/.venv/lib/python3.12/site-packages/airflow/example_dags/example_params_ui_tutorial.py
[2025-08-25T15:34:55.948+0300] {processor.py:914} INFO - Processing file /mnt/d/Образование/career_courses_postupashky_start/ML/ДЗ/Хард/small_mlflow_pipeline/.venv/lib/python3.12/site-packages/airflow/example_dags/example_params_ui_tutorial.py for tasks to queue
[2025-08-25T15:34:55.949+0300] {logging_mixin.py:190} INFO - [2025-08-25T15:34:55.949+0300] {dagbag.py:588} INFO - Filling up the DagBag from /mnt/d/Образование/career_courses_postupashky_start/ML/ДЗ/Хард/small_mlflow_pipeline/.venv/lib/python3.12/site-packages/airflow/example_dags/example_params_ui_tutorial.py
[2025-08-25T15:34:55.986+0300] {processor.py:925} INFO - DAG(s) 'example_params_ui_tutorial' retrieved from /mnt/d/Образование/career_courses_postupashky_start/ML/ДЗ/Хард/small_mlflow_pipeline/.venv/lib/python3.12/site-packages/airflow/example_dags/example_params_ui_tutorial.py
[2025-08-25T15:34:56.015+0300] {logging_mixin.py:190} INFO - [2025-08-25T15:34:56.015+0300] {dag.py:3239} INFO - Sync 1 DAGs
[2025-08-25T15:34:56.024+0300] {logging_mixin.py:190} INFO - [2025-08-25T15:34:56.023+0300] {dag.py:4180} INFO - Setting next_dagrun for example_params_ui_tutorial to None, run_after=None
[2025-08-25T15:34:56.057+0300] {processor.py:208} INFO - Processing /mnt/d/Образование/career_courses_postupashky_start/ML/ДЗ/Хард/small_mlflow_pipeline/.venv/lib/python3.12/site-packages/airflow/example_dags/example_params_ui_tutorial.py took 0.116 seconds
[2025-08-25T15:36:05.515+0300] {processor.py:186} INFO - Started process (PID=2864) to work on /mnt/d/Образование/career_courses_postupashky_start/ML/ДЗ/Хард/small_mlflow_pipeline/.venv/lib/python3.12/site-packages/airflow/example_dags/example_params_ui_tutorial.py
[2025-08-25T15:36:05.516+0300] {processor.py:914} INFO - Processing file /mnt/d/Образование/career_courses_postupashky_start/ML/ДЗ/Хард/small_mlflow_pipeline/.venv/lib/python3.12/site-packages/airflow/example_dags/example_params_ui_tutorial.py for tasks to queue
[2025-08-25T15:36:05.517+0300] {logging_mixin.py:190} INFO - [2025-08-25T15:36:05.517+0300] {dagbag.py:588} INFO - Filling up the DagBag from /mnt/d/Образование/career_courses_postupashky_start/ML/ДЗ/Хард/small_mlflow_pipeline/.venv/lib/python3.12/site-packages/airflow/example_dags/example_params_ui_tutorial.py
[2025-08-25T15:36:05.553+0300] {processor.py:925} INFO - DAG(s) 'example_params_ui_tutorial' retrieved from /mnt/d/Образование/career_courses_postupashky_start/ML/ДЗ/Хард/small_mlflow_pipeline/.venv/lib/python3.12/site-packages/airflow/example_dags/example_params_ui_tutorial.py
[2025-08-25T15:36:05.581+0300] {logging_mixin.py:190} INFO - [2025-08-25T15:36:05.580+0300] {dag.py:3239} INFO - Sync 1 DAGs
[2025-08-25T15:36:05.591+0300] {logging_mixin.py:190} INFO - [2025-08-25T15:36:05.590+0300] {dag.py:4180} INFO - Setting next_dagrun for example_params_ui_tutorial to None, run_after=None
[2025-08-25T15:36:05.626+0300] {processor.py:208} INFO - Processing /mnt/d/Образование/career_courses_postupashky_start/ML/ДЗ/Хард/small_mlflow_pipeline/.venv/lib/python3.12/site-packages/airflow/example_dags/example_params_ui_tutorial.py took 0.118 seconds
