[2025-08-25T15:33:04.964+0300] {processor.py:186} INFO - Started process (PID=2254) to work on /mnt/d/Образование/career_courses_postupashky_start/ML/ДЗ/Хард/small_mlflow_pipeline/.venv/lib/python3.12/site-packages/airflow/example_dags/example_branch_datetime_operator.py
[2025-08-25T15:33:04.965+0300] {processor.py:914} INFO - Processing file /mnt/d/Образование/career_courses_postupashky_start/ML/ДЗ/Хард/small_mlflow_pipeline/.venv/lib/python3.12/site-packages/airflow/example_dags/example_branch_datetime_operator.py for tasks to queue
[2025-08-25T15:33:04.967+0300] {logging_mixin.py:190} INFO - [2025-08-25T15:33:04.966+0300] {dagbag.py:588} INFO - Filling up the DagBag from /mnt/d/Образование/career_courses_postupashky_start/ML/ДЗ/Хард/small_mlflow_pipeline/.venv/lib/python3.12/site-packages/airflow/example_dags/example_branch_datetime_operator.py
[2025-08-25T15:33:05.020+0300] {processor.py:925} INFO - DAG(s) 'example_branch_datetime_operator_2', 'example_branch_datetime_operator', 'example_branch_datetime_operator_3' retrieved from /mnt/d/Образование/career_courses_postupashky_start/ML/ДЗ/Хард/small_mlflow_pipeline/.venv/lib/python3.12/site-packages/airflow/example_dags/example_branch_datetime_operator.py
[2025-08-25T15:33:05.607+0300] {logging_mixin.py:190} INFO - [2025-08-25T15:33:05.606+0300] {override.py:1930} INFO - Created Permission View: can read on DAG:example_branch_datetime_operator_2
[2025-08-25T15:33:05.627+0300] {logging_mixin.py:190} INFO - [2025-08-25T15:33:05.626+0300] {override.py:1930} INFO - Created Permission View: can delete on DAG:example_branch_datetime_operator_2
[2025-08-25T15:33:05.645+0300] {logging_mixin.py:190} INFO - [2025-08-25T15:33:05.644+0300] {override.py:1930} INFO - Created Permission View: can edit on DAG:example_branch_datetime_operator_2
[2025-08-25T15:33:05.674+0300] {logging_mixin.py:190} INFO - [2025-08-25T15:33:05.673+0300] {override.py:1930} INFO - Created Permission View: menu access on DAG Run:example_branch_datetime_operator_2
[2025-08-25T15:33:05.692+0300] {logging_mixin.py:190} INFO - [2025-08-25T15:33:05.691+0300] {override.py:1930} INFO - Created Permission View: can create on DAG Run:example_branch_datetime_operator_2
[2025-08-25T15:33:05.710+0300] {logging_mixin.py:190} INFO - [2025-08-25T15:33:05.710+0300] {override.py:1930} INFO - Created Permission View: can read on DAG Run:example_branch_datetime_operator_2
[2025-08-25T15:33:05.728+0300] {logging_mixin.py:190} INFO - [2025-08-25T15:33:05.728+0300] {override.py:1930} INFO - Created Permission View: can delete on DAG Run:example_branch_datetime_operator_2
[2025-08-25T15:33:05.763+0300] {logging_mixin.py:190} INFO - [2025-08-25T15:33:05.762+0300] {override.py:1930} INFO - Created Permission View: can read on DAG:example_branch_datetime_operator
[2025-08-25T15:33:05.780+0300] {logging_mixin.py:190} INFO - [2025-08-25T15:33:05.780+0300] {override.py:1930} INFO - Created Permission View: can delete on DAG:example_branch_datetime_operator
[2025-08-25T15:33:05.798+0300] {logging_mixin.py:190} INFO - [2025-08-25T15:33:05.798+0300] {override.py:1930} INFO - Created Permission View: can edit on DAG:example_branch_datetime_operator
[2025-08-25T15:33:05.826+0300] {logging_mixin.py:190} INFO - [2025-08-25T15:33:05.826+0300] {override.py:1930} INFO - Created Permission View: menu access on DAG Run:example_branch_datetime_operator
[2025-08-25T15:33:05.844+0300] {logging_mixin.py:190} INFO - [2025-08-25T15:33:05.843+0300] {override.py:1930} INFO - Created Permission View: can create on DAG Run:example_branch_datetime_operator
[2025-08-25T15:33:05.863+0300] {logging_mixin.py:190} INFO - [2025-08-25T15:33:05.862+0300] {override.py:1930} INFO - Created Permission View: can read on DAG Run:example_branch_datetime_operator
[2025-08-25T15:33:05.881+0300] {logging_mixin.py:190} INFO - [2025-08-25T15:33:05.880+0300] {override.py:1930} INFO - Created Permission View: can delete on DAG Run:example_branch_datetime_operator
[2025-08-25T15:33:05.916+0300] {logging_mixin.py:190} INFO - [2025-08-25T15:33:05.916+0300] {override.py:1930} INFO - Created Permission View: can read on DAG:example_branch_datetime_operator_3
[2025-08-25T15:33:05.934+0300] {logging_mixin.py:190} INFO - [2025-08-25T15:33:05.933+0300] {override.py:1930} INFO - Created Permission View: can delete on DAG:example_branch_datetime_operator_3
[2025-08-25T15:33:05.952+0300] {logging_mixin.py:190} INFO - [2025-08-25T15:33:05.951+0300] {override.py:1930} INFO - Created Permission View: can edit on DAG:example_branch_datetime_operator_3
[2025-08-25T15:33:05.980+0300] {logging_mixin.py:190} INFO - [2025-08-25T15:33:05.979+0300] {override.py:1930} INFO - Created Permission View: menu access on DAG Run:example_branch_datetime_operator_3
[2025-08-25T15:33:05.998+0300] {logging_mixin.py:190} INFO - [2025-08-25T15:33:05.997+0300] {override.py:1930} INFO - Created Permission View: can create on DAG Run:example_branch_datetime_operator_3
[2025-08-25T15:33:06.015+0300] {logging_mixin.py:190} INFO - [2025-08-25T15:33:06.015+0300] {override.py:1930} INFO - Created Permission View: can read on DAG Run:example_branch_datetime_operator_3
[2025-08-25T15:33:06.033+0300] {logging_mixin.py:190} INFO - [2025-08-25T15:33:06.032+0300] {override.py:1930} INFO - Created Permission View: can delete on DAG Run:example_branch_datetime_operator_3
[2025-08-25T15:33:06.034+0300] {logging_mixin.py:190} INFO - [2025-08-25T15:33:06.034+0300] {dag.py:3239} INFO - Sync 3 DAGs
[2025-08-25T15:33:06.046+0300] {logging_mixin.py:190} INFO - [2025-08-25T15:33:06.046+0300] {dag.py:3262} INFO - Creating ORM DAG for example_branch_datetime_operator_3
[2025-08-25T15:33:06.048+0300] {logging_mixin.py:190} INFO - [2025-08-25T15:33:06.047+0300] {dag.py:3262} INFO - Creating ORM DAG for example_branch_datetime_operator_2
[2025-08-25T15:33:06.049+0300] {logging_mixin.py:190} INFO - [2025-08-25T15:33:06.048+0300] {dag.py:3262} INFO - Creating ORM DAG for example_branch_datetime_operator
[2025-08-25T15:33:06.057+0300] {logging_mixin.py:190} INFO - [2025-08-25T15:33:06.056+0300] {dag.py:4180} INFO - Setting next_dagrun for example_branch_datetime_operator to 2025-08-24 00:00:00+00:00, run_after=2025-08-25 00:00:00+00:00
[2025-08-25T15:33:06.059+0300] {logging_mixin.py:190} INFO - [2025-08-25T15:33:06.058+0300] {dag.py:4180} INFO - Setting next_dagrun for example_branch_datetime_operator_2 to 2025-08-24 00:00:00+00:00, run_after=2025-08-25 00:00:00+00:00
[2025-08-25T15:33:06.061+0300] {logging_mixin.py:190} INFO - [2025-08-25T15:33:06.060+0300] {dag.py:4180} INFO - Setting next_dagrun for example_branch_datetime_operator_3 to 2025-08-24 00:00:00+00:00, run_after=2025-08-25 00:00:00+00:00
[2025-08-25T15:33:06.094+0300] {processor.py:208} INFO - Processing /mnt/d/Образование/career_courses_postupashky_start/ML/ДЗ/Хард/small_mlflow_pipeline/.venv/lib/python3.12/site-packages/airflow/example_dags/example_branch_datetime_operator.py took 1.136 seconds
[2025-08-25T15:34:29.813+0300] {processor.py:186} INFO - Started process (PID=2514) to work on /mnt/d/Образование/career_courses_postupashky_start/ML/ДЗ/Хард/small_mlflow_pipeline/.venv/lib/python3.12/site-packages/airflow/example_dags/example_branch_datetime_operator.py
[2025-08-25T15:34:29.813+0300] {processor.py:914} INFO - Processing file /mnt/d/Образование/career_courses_postupashky_start/ML/ДЗ/Хард/small_mlflow_pipeline/.venv/lib/python3.12/site-packages/airflow/example_dags/example_branch_datetime_operator.py for tasks to queue
[2025-08-25T15:34:29.815+0300] {logging_mixin.py:190} INFO - [2025-08-25T15:34:29.815+0300] {dagbag.py:588} INFO - Filling up the DagBag from /mnt/d/Образование/career_courses_postupashky_start/ML/ДЗ/Хард/small_mlflow_pipeline/.venv/lib/python3.12/site-packages/airflow/example_dags/example_branch_datetime_operator.py
[2025-08-25T15:34:29.866+0300] {processor.py:925} INFO - DAG(s) 'example_branch_datetime_operator_3', 'example_branch_datetime_operator_2', 'example_branch_datetime_operator' retrieved from /mnt/d/Образование/career_courses_postupashky_start/ML/ДЗ/Хард/small_mlflow_pipeline/.venv/lib/python3.12/site-packages/airflow/example_dags/example_branch_datetime_operator.py
[2025-08-25T15:34:29.887+0300] {logging_mixin.py:190} INFO - [2025-08-25T15:34:29.886+0300] {dag.py:3239} INFO - Sync 3 DAGs
[2025-08-25T15:34:29.902+0300] {logging_mixin.py:190} INFO - [2025-08-25T15:34:29.902+0300] {dag.py:4180} INFO - Setting next_dagrun for example_branch_datetime_operator to 2025-08-24 00:00:00+00:00, run_after=2025-08-25 00:00:00+00:00
[2025-08-25T15:34:29.906+0300] {logging_mixin.py:190} INFO - [2025-08-25T15:34:29.906+0300] {dag.py:4180} INFO - Setting next_dagrun for example_branch_datetime_operator_2 to 2025-08-24 00:00:00+00:00, run_after=2025-08-25 00:00:00+00:00
[2025-08-25T15:34:29.909+0300] {logging_mixin.py:190} INFO - [2025-08-25T15:34:29.908+0300] {dag.py:4180} INFO - Setting next_dagrun for example_branch_datetime_operator_3 to 2025-08-24 00:00:00+00:00, run_after=2025-08-25 00:00:00+00:00
[2025-08-25T15:34:29.942+0300] {processor.py:208} INFO - Processing /mnt/d/Образование/career_courses_postupashky_start/ML/ДЗ/Хард/small_mlflow_pipeline/.venv/lib/python3.12/site-packages/airflow/example_dags/example_branch_datetime_operator.py took 0.136 seconds
[2025-08-25T15:35:38.021+0300] {processor.py:186} INFO - Started process (PID=2738) to work on /mnt/d/Образование/career_courses_postupashky_start/ML/ДЗ/Хард/small_mlflow_pipeline/.venv/lib/python3.12/site-packages/airflow/example_dags/example_branch_datetime_operator.py
[2025-08-25T15:35:38.022+0300] {processor.py:914} INFO - Processing file /mnt/d/Образование/career_courses_postupashky_start/ML/ДЗ/Хард/small_mlflow_pipeline/.venv/lib/python3.12/site-packages/airflow/example_dags/example_branch_datetime_operator.py for tasks to queue
[2025-08-25T15:35:38.024+0300] {logging_mixin.py:190} INFO - [2025-08-25T15:35:38.023+0300] {dagbag.py:588} INFO - Filling up the DagBag from /mnt/d/Образование/career_courses_postupashky_start/ML/ДЗ/Хард/small_mlflow_pipeline/.venv/lib/python3.12/site-packages/airflow/example_dags/example_branch_datetime_operator.py
[2025-08-25T15:35:38.072+0300] {processor.py:925} INFO - DAG(s) 'example_branch_datetime_operator_2', 'example_branch_datetime_operator', 'example_branch_datetime_operator_3' retrieved from /mnt/d/Образование/career_courses_postupashky_start/ML/ДЗ/Хард/small_mlflow_pipeline/.venv/lib/python3.12/site-packages/airflow/example_dags/example_branch_datetime_operator.py
[2025-08-25T15:35:38.092+0300] {logging_mixin.py:190} INFO - [2025-08-25T15:35:38.091+0300] {dag.py:3239} INFO - Sync 3 DAGs
[2025-08-25T15:35:38.106+0300] {logging_mixin.py:190} INFO - [2025-08-25T15:35:38.106+0300] {dag.py:4180} INFO - Setting next_dagrun for example_branch_datetime_operator to 2025-08-24 00:00:00+00:00, run_after=2025-08-25 00:00:00+00:00
[2025-08-25T15:35:38.110+0300] {logging_mixin.py:190} INFO - [2025-08-25T15:35:38.110+0300] {dag.py:4180} INFO - Setting next_dagrun for example_branch_datetime_operator_2 to 2025-08-24 00:00:00+00:00, run_after=2025-08-25 00:00:00+00:00
[2025-08-25T15:35:38.113+0300] {logging_mixin.py:190} INFO - [2025-08-25T15:35:38.112+0300] {dag.py:4180} INFO - Setting next_dagrun for example_branch_datetime_operator_3 to 2025-08-24 00:00:00+00:00, run_after=2025-08-25 00:00:00+00:00
[2025-08-25T15:35:38.145+0300] {processor.py:208} INFO - Processing /mnt/d/Образование/career_courses_postupashky_start/ML/ДЗ/Хард/small_mlflow_pipeline/.venv/lib/python3.12/site-packages/airflow/example_dags/example_branch_datetime_operator.py took 0.130 seconds
[2025-08-25T15:36:46.126+0300] {processor.py:186} INFO - Started process (PID=3086) to work on /mnt/d/Образование/career_courses_postupashky_start/ML/ДЗ/Хард/small_mlflow_pipeline/.venv/lib/python3.12/site-packages/airflow/example_dags/example_branch_datetime_operator.py
[2025-08-25T15:36:46.127+0300] {processor.py:914} INFO - Processing file /mnt/d/Образование/career_courses_postupashky_start/ML/ДЗ/Хард/small_mlflow_pipeline/.venv/lib/python3.12/site-packages/airflow/example_dags/example_branch_datetime_operator.py for tasks to queue
[2025-08-25T15:36:46.129+0300] {logging_mixin.py:190} INFO - [2025-08-25T15:36:46.129+0300] {dagbag.py:588} INFO - Filling up the DagBag from /mnt/d/Образование/career_courses_postupashky_start/ML/ДЗ/Хард/small_mlflow_pipeline/.venv/lib/python3.12/site-packages/airflow/example_dags/example_branch_datetime_operator.py
[2025-08-25T15:36:46.183+0300] {processor.py:925} INFO - DAG(s) 'example_branch_datetime_operator_3', 'example_branch_datetime_operator', 'example_branch_datetime_operator_2' retrieved from /mnt/d/Образование/career_courses_postupashky_start/ML/ДЗ/Хард/small_mlflow_pipeline/.venv/lib/python3.12/site-packages/airflow/example_dags/example_branch_datetime_operator.py
[2025-08-25T15:36:46.205+0300] {logging_mixin.py:190} INFO - [2025-08-25T15:36:46.204+0300] {dag.py:3239} INFO - Sync 3 DAGs
[2025-08-25T15:36:46.220+0300] {logging_mixin.py:190} INFO - [2025-08-25T15:36:46.220+0300] {dag.py:4180} INFO - Setting next_dagrun for example_branch_datetime_operator to 2025-08-24 00:00:00+00:00, run_after=2025-08-25 00:00:00+00:00
[2025-08-25T15:36:46.225+0300] {logging_mixin.py:190} INFO - [2025-08-25T15:36:46.224+0300] {dag.py:4180} INFO - Setting next_dagrun for example_branch_datetime_operator_2 to 2025-08-24 00:00:00+00:00, run_after=2025-08-25 00:00:00+00:00
[2025-08-25T15:36:46.227+0300] {logging_mixin.py:190} INFO - [2025-08-25T15:36:46.227+0300] {dag.py:4180} INFO - Setting next_dagrun for example_branch_datetime_operator_3 to 2025-08-24 00:00:00+00:00, run_after=2025-08-25 00:00:00+00:00
[2025-08-25T15:36:46.261+0300] {processor.py:208} INFO - Processing /mnt/d/Образование/career_courses_postupashky_start/ML/ДЗ/Хард/small_mlflow_pipeline/.venv/lib/python3.12/site-packages/airflow/example_dags/example_branch_datetime_operator.py took 0.140 seconds
