[2025-08-25T15:27:58.842+0300] {processor.py:186} INFO - Started process (PID=565) to work on /mnt/d/Образование/career_courses_postupashky_start/ML/ДЗ/Хард/small_mlflow_pipeline/.venv/lib/python3.12/site-packages/airflow/example_dags/example_subdag_operator.py
[2025-08-25T15:27:58.843+0300] {processor.py:914} INFO - Processing file /mnt/d/Образование/career_courses_postupashky_start/ML/ДЗ/Хард/small_mlflow_pipeline/.venv/lib/python3.12/site-packages/airflow/example_dags/example_subdag_operator.py for tasks to queue
[2025-08-25T15:27:58.845+0300] {logging_mixin.py:190} INFO - [2025-08-25T15:27:58.844+0300] {dagbag.py:588} INFO - Filling up the DagBag from /mnt/d/Образование/career_courses_postupashky_start/ML/ДЗ/Хард/small_mlflow_pipeline/.venv/lib/python3.12/site-packages/airflow/example_dags/example_subdag_operator.py
[2025-08-25T15:27:58.919+0300] {processor.py:925} INFO - DAG(s) 'example_subdag_operator.section-1', 'example_subdag_operator.section-2', 'example_subdag_operator' retrieved from /mnt/d/Образование/career_courses_postupashky_start/ML/ДЗ/Хард/small_mlflow_pipeline/.venv/lib/python3.12/site-packages/airflow/example_dags/example_subdag_operator.py
[2025-08-25T15:27:59.507+0300] {logging_mixin.py:190} INFO - [2025-08-25T15:27:59.507+0300] {override.py:1930} INFO - Created Permission View: can edit on DAG:example_subdag_operator
[2025-08-25T15:27:59.526+0300] {logging_mixin.py:190} INFO - [2025-08-25T15:27:59.525+0300] {override.py:1930} INFO - Created Permission View: can read on DAG:example_subdag_operator
[2025-08-25T15:27:59.542+0300] {logging_mixin.py:190} INFO - [2025-08-25T15:27:59.541+0300] {override.py:1930} INFO - Created Permission View: can delete on DAG:example_subdag_operator
[2025-08-25T15:27:59.568+0300] {logging_mixin.py:190} INFO - [2025-08-25T15:27:59.567+0300] {override.py:1930} INFO - Created Permission View: menu access on DAG Run:example_subdag_operator
[2025-08-25T15:27:59.584+0300] {logging_mixin.py:190} INFO - [2025-08-25T15:27:59.583+0300] {override.py:1930} INFO - Created Permission View: can delete on DAG Run:example_subdag_operator
[2025-08-25T15:27:59.600+0300] {logging_mixin.py:190} INFO - [2025-08-25T15:27:59.599+0300] {override.py:1930} INFO - Created Permission View: can read on DAG Run:example_subdag_operator
[2025-08-25T15:27:59.616+0300] {logging_mixin.py:190} INFO - [2025-08-25T15:27:59.616+0300] {override.py:1930} INFO - Created Permission View: can create on DAG Run:example_subdag_operator
[2025-08-25T15:27:59.618+0300] {logging_mixin.py:190} INFO - [2025-08-25T15:27:59.617+0300] {dag.py:3239} INFO - Sync 3 DAGs
[2025-08-25T15:27:59.629+0300] {logging_mixin.py:190} INFO - [2025-08-25T15:27:59.628+0300] {dag.py:3262} INFO - Creating ORM DAG for example_subdag_operator.section-2
[2025-08-25T15:27:59.630+0300] {logging_mixin.py:190} INFO - [2025-08-25T15:27:59.629+0300] {dag.py:3262} INFO - Creating ORM DAG for example_subdag_operator.section-1
[2025-08-25T15:27:59.631+0300] {logging_mixin.py:190} INFO - [2025-08-25T15:27:59.631+0300] {dag.py:3262} INFO - Creating ORM DAG for example_subdag_operator
[2025-08-25T15:27:59.637+0300] {logging_mixin.py:190} INFO - [2025-08-25T15:27:59.637+0300] {dag.py:4180} INFO - Setting next_dagrun for example_subdag_operator to 2022-01-01 00:00:00+00:00, run_after=2022-01-01 00:00:00+00:00
[2025-08-25T15:27:59.638+0300] {logging_mixin.py:190} INFO - [2025-08-25T15:27:59.638+0300] {dag.py:4180} INFO - Setting next_dagrun for example_subdag_operator.section-1 to None, run_after=None
[2025-08-25T15:27:59.640+0300] {logging_mixin.py:190} INFO - [2025-08-25T15:27:59.639+0300] {dag.py:4180} INFO - Setting next_dagrun for example_subdag_operator.section-2 to None, run_after=None
[2025-08-25T15:27:59.653+0300] {logging_mixin.py:190} INFO - [2025-08-25T15:27:59.652+0300] {dag.py:3239} INFO - Sync 2 DAGs
[2025-08-25T15:27:59.656+0300] {logging_mixin.py:190} INFO - [2025-08-25T15:27:59.656+0300] {dag.py:4180} INFO - Setting next_dagrun for example_subdag_operator.section-1 to None, run_after=None
[2025-08-25T15:27:59.658+0300] {logging_mixin.py:190} INFO - [2025-08-25T15:27:59.658+0300] {dag.py:4180} INFO - Setting next_dagrun for example_subdag_operator.section-2 to None, run_after=None
[2025-08-25T15:27:59.681+0300] {processor.py:208} INFO - Processing /mnt/d/Образование/career_courses_postupashky_start/ML/ДЗ/Хард/small_mlflow_pipeline/.venv/lib/python3.12/site-packages/airflow/example_dags/example_subdag_operator.py took 0.846 seconds
[2025-08-25T15:28:56.680+0300] {processor.py:186} INFO - Started process (PID=805) to work on /mnt/d/Образование/career_courses_postupashky_start/ML/ДЗ/Хард/small_mlflow_pipeline/.venv/lib/python3.12/site-packages/airflow/example_dags/example_subdag_operator.py
[2025-08-25T15:28:56.681+0300] {processor.py:914} INFO - Processing file /mnt/d/Образование/career_courses_postupashky_start/ML/ДЗ/Хард/small_mlflow_pipeline/.venv/lib/python3.12/site-packages/airflow/example_dags/example_subdag_operator.py for tasks to queue
[2025-08-25T15:28:56.683+0300] {logging_mixin.py:190} INFO - [2025-08-25T15:28:56.682+0300] {dagbag.py:588} INFO - Filling up the DagBag from /mnt/d/Образование/career_courses_postupashky_start/ML/ДЗ/Хард/small_mlflow_pipeline/.venv/lib/python3.12/site-packages/airflow/example_dags/example_subdag_operator.py
[2025-08-25T15:28:56.750+0300] {processor.py:925} INFO - DAG(s) 'example_subdag_operator.section-1', 'example_subdag_operator.section-2', 'example_subdag_operator' retrieved from /mnt/d/Образование/career_courses_postupashky_start/ML/ДЗ/Хард/small_mlflow_pipeline/.venv/lib/python3.12/site-packages/airflow/example_dags/example_subdag_operator.py
[2025-08-25T15:28:56.770+0300] {logging_mixin.py:190} INFO - [2025-08-25T15:28:56.769+0300] {dag.py:3239} INFO - Sync 3 DAGs
[2025-08-25T15:28:56.784+0300] {logging_mixin.py:190} INFO - [2025-08-25T15:28:56.783+0300] {dag.py:4180} INFO - Setting next_dagrun for example_subdag_operator to 2022-01-01 00:00:00+00:00, run_after=2022-01-01 00:00:00+00:00
[2025-08-25T15:28:56.787+0300] {logging_mixin.py:190} INFO - [2025-08-25T15:28:56.786+0300] {dag.py:4180} INFO - Setting next_dagrun for example_subdag_operator.section-1 to None, run_after=None
[2025-08-25T15:28:56.789+0300] {logging_mixin.py:190} INFO - [2025-08-25T15:28:56.788+0300] {dag.py:4180} INFO - Setting next_dagrun for example_subdag_operator.section-2 to None, run_after=None
[2025-08-25T15:28:56.802+0300] {logging_mixin.py:190} INFO - [2025-08-25T15:28:56.801+0300] {dag.py:3239} INFO - Sync 2 DAGs
[2025-08-25T15:28:56.805+0300] {logging_mixin.py:190} INFO - [2025-08-25T15:28:56.804+0300] {dag.py:4180} INFO - Setting next_dagrun for example_subdag_operator.section-1 to None, run_after=None
[2025-08-25T15:28:56.806+0300] {logging_mixin.py:190} INFO - [2025-08-25T15:28:56.805+0300] {dag.py:4180} INFO - Setting next_dagrun for example_subdag_operator.section-2 to None, run_after=None
[2025-08-25T15:28:56.828+0300] {processor.py:208} INFO - Processing /mnt/d/Образование/career_courses_postupashky_start/ML/ДЗ/Хард/small_mlflow_pipeline/.venv/lib/python3.12/site-packages/airflow/example_dags/example_subdag_operator.py took 0.154 seconds
[2025-08-25T15:32:12.372+0300] {processor.py:186} INFO - Started process (PID=1835) to work on /mnt/d/Образование/career_courses_postupashky_start/ML/ДЗ/Хард/small_mlflow_pipeline/.venv/lib/python3.12/site-packages/airflow/example_dags/example_subdag_operator.py
[2025-08-25T15:32:12.373+0300] {processor.py:914} INFO - Processing file /mnt/d/Образование/career_courses_postupashky_start/ML/ДЗ/Хард/small_mlflow_pipeline/.venv/lib/python3.12/site-packages/airflow/example_dags/example_subdag_operator.py for tasks to queue
[2025-08-25T15:32:12.375+0300] {logging_mixin.py:190} INFO - [2025-08-25T15:32:12.374+0300] {dagbag.py:588} INFO - Filling up the DagBag from /mnt/d/Образование/career_courses_postupashky_start/ML/ДЗ/Хард/small_mlflow_pipeline/.venv/lib/python3.12/site-packages/airflow/example_dags/example_subdag_operator.py
[2025-08-25T15:32:12.449+0300] {processor.py:925} INFO - DAG(s) 'example_subdag_operator.section-1', 'example_subdag_operator.section-2', 'example_subdag_operator' retrieved from /mnt/d/Образование/career_courses_postupashky_start/ML/ДЗ/Хард/small_mlflow_pipeline/.venv/lib/python3.12/site-packages/airflow/example_dags/example_subdag_operator.py
[2025-08-25T15:32:12.470+0300] {logging_mixin.py:190} INFO - [2025-08-25T15:32:12.469+0300] {dag.py:3239} INFO - Sync 3 DAGs
[2025-08-25T15:32:12.484+0300] {logging_mixin.py:190} INFO - [2025-08-25T15:32:12.483+0300] {dag.py:4180} INFO - Setting next_dagrun for example_subdag_operator to 2022-01-01 00:00:00+00:00, run_after=2022-01-01 00:00:00+00:00
[2025-08-25T15:32:12.487+0300] {logging_mixin.py:190} INFO - [2025-08-25T15:32:12.487+0300] {dag.py:4180} INFO - Setting next_dagrun for example_subdag_operator.section-1 to None, run_after=None
[2025-08-25T15:32:12.489+0300] {logging_mixin.py:190} INFO - [2025-08-25T15:32:12.488+0300] {dag.py:4180} INFO - Setting next_dagrun for example_subdag_operator.section-2 to None, run_after=None
[2025-08-25T15:32:12.498+0300] {logging_mixin.py:190} INFO - [2025-08-25T15:32:12.497+0300] {dag.py:3239} INFO - Sync 2 DAGs
[2025-08-25T15:32:12.501+0300] {logging_mixin.py:190} INFO - [2025-08-25T15:32:12.500+0300] {dag.py:4180} INFO - Setting next_dagrun for example_subdag_operator.section-1 to None, run_after=None
[2025-08-25T15:32:12.502+0300] {logging_mixin.py:190} INFO - [2025-08-25T15:32:12.501+0300] {dag.py:4180} INFO - Setting next_dagrun for example_subdag_operator.section-2 to None, run_after=None
[2025-08-25T15:32:12.523+0300] {processor.py:208} INFO - Processing /mnt/d/Образование/career_courses_postupashky_start/ML/ДЗ/Хард/small_mlflow_pipeline/.venv/lib/python3.12/site-packages/airflow/example_dags/example_subdag_operator.py took 0.157 seconds
[2025-08-25T15:33:33.991+0300] {processor.py:186} INFO - Started process (PID=2319) to work on /mnt/d/Образование/career_courses_postupashky_start/ML/ДЗ/Хард/small_mlflow_pipeline/.venv/lib/python3.12/site-packages/airflow/example_dags/example_subdag_operator.py
[2025-08-25T15:33:33.992+0300] {processor.py:914} INFO - Processing file /mnt/d/Образование/career_courses_postupashky_start/ML/ДЗ/Хард/small_mlflow_pipeline/.venv/lib/python3.12/site-packages/airflow/example_dags/example_subdag_operator.py for tasks to queue
[2025-08-25T15:33:33.994+0300] {logging_mixin.py:190} INFO - [2025-08-25T15:33:33.993+0300] {dagbag.py:588} INFO - Filling up the DagBag from /mnt/d/Образование/career_courses_postupashky_start/ML/ДЗ/Хард/small_mlflow_pipeline/.venv/lib/python3.12/site-packages/airflow/example_dags/example_subdag_operator.py
[2025-08-25T15:33:34.063+0300] {processor.py:925} INFO - DAG(s) 'example_subdag_operator.section-1', 'example_subdag_operator.section-2', 'example_subdag_operator' retrieved from /mnt/d/Образование/career_courses_postupashky_start/ML/ДЗ/Хард/small_mlflow_pipeline/.venv/lib/python3.12/site-packages/airflow/example_dags/example_subdag_operator.py
[2025-08-25T15:33:34.078+0300] {logging_mixin.py:190} INFO - [2025-08-25T15:33:34.078+0300] {dag.py:3239} INFO - Sync 3 DAGs
[2025-08-25T15:33:34.093+0300] {logging_mixin.py:190} INFO - [2025-08-25T15:33:34.092+0300] {dag.py:4180} INFO - Setting next_dagrun for example_subdag_operator to 2022-01-01 00:00:00+00:00, run_after=2022-01-01 00:00:00+00:00
[2025-08-25T15:33:34.096+0300] {logging_mixin.py:190} INFO - [2025-08-25T15:33:34.095+0300] {dag.py:4180} INFO - Setting next_dagrun for example_subdag_operator.section-1 to None, run_after=None
[2025-08-25T15:33:34.098+0300] {logging_mixin.py:190} INFO - [2025-08-25T15:33:34.097+0300] {dag.py:4180} INFO - Setting next_dagrun for example_subdag_operator.section-2 to None, run_after=None
[2025-08-25T15:33:34.111+0300] {logging_mixin.py:190} INFO - [2025-08-25T15:33:34.110+0300] {dag.py:3239} INFO - Sync 2 DAGs
[2025-08-25T15:33:34.114+0300] {logging_mixin.py:190} INFO - [2025-08-25T15:33:34.113+0300] {dag.py:4180} INFO - Setting next_dagrun for example_subdag_operator.section-1 to None, run_after=None
[2025-08-25T15:33:34.115+0300] {logging_mixin.py:190} INFO - [2025-08-25T15:33:34.114+0300] {dag.py:4180} INFO - Setting next_dagrun for example_subdag_operator.section-2 to None, run_after=None
[2025-08-25T15:33:34.137+0300] {processor.py:208} INFO - Processing /mnt/d/Образование/career_courses_postupashky_start/ML/ДЗ/Хард/small_mlflow_pipeline/.venv/lib/python3.12/site-packages/airflow/example_dags/example_subdag_operator.py took 0.151 seconds
[2025-08-25T15:34:42.822+0300] {processor.py:186} INFO - Started process (PID=2545) to work on /mnt/d/Образование/career_courses_postupashky_start/ML/ДЗ/Хард/small_mlflow_pipeline/.venv/lib/python3.12/site-packages/airflow/example_dags/example_subdag_operator.py
[2025-08-25T15:34:42.823+0300] {processor.py:914} INFO - Processing file /mnt/d/Образование/career_courses_postupashky_start/ML/ДЗ/Хард/small_mlflow_pipeline/.venv/lib/python3.12/site-packages/airflow/example_dags/example_subdag_operator.py for tasks to queue
[2025-08-25T15:34:42.825+0300] {logging_mixin.py:190} INFO - [2025-08-25T15:34:42.825+0300] {dagbag.py:588} INFO - Filling up the DagBag from /mnt/d/Образование/career_courses_postupashky_start/ML/ДЗ/Хард/small_mlflow_pipeline/.venv/lib/python3.12/site-packages/airflow/example_dags/example_subdag_operator.py
[2025-08-25T15:34:42.896+0300] {processor.py:925} INFO - DAG(s) 'example_subdag_operator.section-1', 'example_subdag_operator.section-2', 'example_subdag_operator' retrieved from /mnt/d/Образование/career_courses_postupashky_start/ML/ДЗ/Хард/small_mlflow_pipeline/.venv/lib/python3.12/site-packages/airflow/example_dags/example_subdag_operator.py
[2025-08-25T15:34:42.912+0300] {logging_mixin.py:190} INFO - [2025-08-25T15:34:42.912+0300] {dag.py:3239} INFO - Sync 3 DAGs
[2025-08-25T15:34:42.929+0300] {logging_mixin.py:190} INFO - [2025-08-25T15:34:42.928+0300] {dag.py:4180} INFO - Setting next_dagrun for example_subdag_operator to 2022-01-01 00:00:00+00:00, run_after=2022-01-01 00:00:00+00:00
[2025-08-25T15:34:42.933+0300] {logging_mixin.py:190} INFO - [2025-08-25T15:34:42.932+0300] {dag.py:4180} INFO - Setting next_dagrun for example_subdag_operator.section-1 to None, run_after=None
[2025-08-25T15:34:42.935+0300] {logging_mixin.py:190} INFO - [2025-08-25T15:34:42.934+0300] {dag.py:4180} INFO - Setting next_dagrun for example_subdag_operator.section-2 to None, run_after=None
[2025-08-25T15:34:42.948+0300] {logging_mixin.py:190} INFO - [2025-08-25T15:34:42.947+0300] {dag.py:3239} INFO - Sync 2 DAGs
[2025-08-25T15:34:42.951+0300] {logging_mixin.py:190} INFO - [2025-08-25T15:34:42.951+0300] {dag.py:4180} INFO - Setting next_dagrun for example_subdag_operator.section-1 to None, run_after=None
[2025-08-25T15:34:42.952+0300] {logging_mixin.py:190} INFO - [2025-08-25T15:34:42.952+0300] {dag.py:4180} INFO - Setting next_dagrun for example_subdag_operator.section-2 to None, run_after=None
[2025-08-25T15:34:42.974+0300] {processor.py:208} INFO - Processing /mnt/d/Образование/career_courses_postupashky_start/ML/ДЗ/Хард/small_mlflow_pipeline/.venv/lib/python3.12/site-packages/airflow/example_dags/example_subdag_operator.py took 0.157 seconds
[2025-08-25T15:35:51.825+0300] {processor.py:186} INFO - Started process (PID=2834) to work on /mnt/d/Образование/career_courses_postupashky_start/ML/ДЗ/Хард/small_mlflow_pipeline/.venv/lib/python3.12/site-packages/airflow/example_dags/example_subdag_operator.py
[2025-08-25T15:35:51.826+0300] {processor.py:914} INFO - Processing file /mnt/d/Образование/career_courses_postupashky_start/ML/ДЗ/Хард/small_mlflow_pipeline/.venv/lib/python3.12/site-packages/airflow/example_dags/example_subdag_operator.py for tasks to queue
[2025-08-25T15:35:51.828+0300] {logging_mixin.py:190} INFO - [2025-08-25T15:35:51.827+0300] {dagbag.py:588} INFO - Filling up the DagBag from /mnt/d/Образование/career_courses_postupashky_start/ML/ДЗ/Хард/small_mlflow_pipeline/.venv/lib/python3.12/site-packages/airflow/example_dags/example_subdag_operator.py
[2025-08-25T15:35:51.900+0300] {processor.py:925} INFO - DAG(s) 'example_subdag_operator.section-1', 'example_subdag_operator.section-2', 'example_subdag_operator' retrieved from /mnt/d/Образование/career_courses_postupashky_start/ML/ДЗ/Хард/small_mlflow_pipeline/.venv/lib/python3.12/site-packages/airflow/example_dags/example_subdag_operator.py
[2025-08-25T15:35:51.917+0300] {logging_mixin.py:190} INFO - [2025-08-25T15:35:51.917+0300] {dag.py:3239} INFO - Sync 3 DAGs
[2025-08-25T15:35:51.934+0300] {logging_mixin.py:190} INFO - [2025-08-25T15:35:51.934+0300] {dag.py:4180} INFO - Setting next_dagrun for example_subdag_operator to 2022-01-01 00:00:00+00:00, run_after=2022-01-01 00:00:00+00:00
[2025-08-25T15:35:51.938+0300] {logging_mixin.py:190} INFO - [2025-08-25T15:35:51.937+0300] {dag.py:4180} INFO - Setting next_dagrun for example_subdag_operator.section-1 to None, run_after=None
[2025-08-25T15:35:51.940+0300] {logging_mixin.py:190} INFO - [2025-08-25T15:35:51.939+0300] {dag.py:4180} INFO - Setting next_dagrun for example_subdag_operator.section-2 to None, run_after=None
[2025-08-25T15:35:51.954+0300] {logging_mixin.py:190} INFO - [2025-08-25T15:35:51.953+0300] {dag.py:3239} INFO - Sync 2 DAGs
[2025-08-25T15:35:51.958+0300] {logging_mixin.py:190} INFO - [2025-08-25T15:35:51.957+0300] {dag.py:4180} INFO - Setting next_dagrun for example_subdag_operator.section-1 to None, run_after=None
[2025-08-25T15:35:51.959+0300] {logging_mixin.py:190} INFO - [2025-08-25T15:35:51.958+0300] {dag.py:4180} INFO - Setting next_dagrun for example_subdag_operator.section-2 to None, run_after=None
[2025-08-25T15:35:51.982+0300] {processor.py:208} INFO - Processing /mnt/d/Образование/career_courses_postupashky_start/ML/ДЗ/Хард/small_mlflow_pipeline/.venv/lib/python3.12/site-packages/airflow/example_dags/example_subdag_operator.py took 0.164 seconds
[2025-08-25T15:37:01.960+0300] {processor.py:186} INFO - Started process (PID=3241) to work on /mnt/d/Образование/career_courses_postupashky_start/ML/ДЗ/Хард/small_mlflow_pipeline/.venv/lib/python3.12/site-packages/airflow/example_dags/example_subdag_operator.py
[2025-08-25T15:37:01.961+0300] {processor.py:914} INFO - Processing file /mnt/d/Образование/career_courses_postupashky_start/ML/ДЗ/Хард/small_mlflow_pipeline/.venv/lib/python3.12/site-packages/airflow/example_dags/example_subdag_operator.py for tasks to queue
[2025-08-25T15:37:01.963+0300] {logging_mixin.py:190} INFO - [2025-08-25T15:37:01.962+0300] {dagbag.py:588} INFO - Filling up the DagBag from /mnt/d/Образование/career_courses_postupashky_start/ML/ДЗ/Хард/small_mlflow_pipeline/.venv/lib/python3.12/site-packages/airflow/example_dags/example_subdag_operator.py
[2025-08-25T15:37:02.031+0300] {processor.py:925} INFO - DAG(s) 'example_subdag_operator.section-1', 'example_subdag_operator.section-2', 'example_subdag_operator' retrieved from /mnt/d/Образование/career_courses_postupashky_start/ML/ДЗ/Хард/small_mlflow_pipeline/.venv/lib/python3.12/site-packages/airflow/example_dags/example_subdag_operator.py
[2025-08-25T15:37:02.050+0300] {logging_mixin.py:190} INFO - [2025-08-25T15:37:02.049+0300] {dag.py:3239} INFO - Sync 3 DAGs
[2025-08-25T15:37:02.070+0300] {logging_mixin.py:190} INFO - [2025-08-25T15:37:02.070+0300] {dag.py:4180} INFO - Setting next_dagrun for example_subdag_operator to 2022-01-01 00:00:00+00:00, run_after=2022-01-01 00:00:00+00:00
[2025-08-25T15:37:02.074+0300] {logging_mixin.py:190} INFO - [2025-08-25T15:37:02.074+0300] {dag.py:4180} INFO - Setting next_dagrun for example_subdag_operator.section-1 to None, run_after=None
[2025-08-25T15:37:02.077+0300] {logging_mixin.py:190} INFO - [2025-08-25T15:37:02.076+0300] {dag.py:4180} INFO - Setting next_dagrun for example_subdag_operator.section-2 to None, run_after=None
[2025-08-25T15:37:02.090+0300] {logging_mixin.py:190} INFO - [2025-08-25T15:37:02.089+0300] {dag.py:3239} INFO - Sync 2 DAGs
[2025-08-25T15:37:02.094+0300] {logging_mixin.py:190} INFO - [2025-08-25T15:37:02.094+0300] {dag.py:4180} INFO - Setting next_dagrun for example_subdag_operator.section-1 to None, run_after=None
[2025-08-25T15:37:02.095+0300] {logging_mixin.py:190} INFO - [2025-08-25T15:37:02.095+0300] {dag.py:4180} INFO - Setting next_dagrun for example_subdag_operator.section-2 to None, run_after=None
[2025-08-25T15:37:02.118+0300] {processor.py:208} INFO - Processing /mnt/d/Образование/career_courses_postupashky_start/ML/ДЗ/Хард/small_mlflow_pipeline/.venv/lib/python3.12/site-packages/airflow/example_dags/example_subdag_operator.py took 0.164 seconds
