[2025-08-25T15:29:04.649+0300] {processor.py:186} INFO - Started process (PID=822) to work on /mnt/d/Образование/career_courses_postupashky_start/ML/ДЗ/Хард/small_mlflow_pipeline/.venv/lib/python3.12/site-packages/airflow/example_dags/example_setup_teardown_taskflow.py
[2025-08-25T15:29:04.650+0300] {processor.py:914} INFO - Processing file /mnt/d/Образование/career_courses_postupashky_start/ML/ДЗ/Хард/small_mlflow_pipeline/.venv/lib/python3.12/site-packages/airflow/example_dags/example_setup_teardown_taskflow.py for tasks to queue
[2025-08-25T15:29:04.652+0300] {logging_mixin.py:190} INFO - [2025-08-25T15:29:04.652+0300] {dagbag.py:588} INFO - Filling up the DagBag from /mnt/d/Образование/career_courses_postupashky_start/ML/ДЗ/Хард/small_mlflow_pipeline/.venv/lib/python3.12/site-packages/airflow/example_dags/example_setup_teardown_taskflow.py
[2025-08-25T15:29:04.689+0300] {processor.py:925} INFO - DAG(s) 'example_setup_teardown_taskflow' retrieved from /mnt/d/Образование/career_courses_postupashky_start/ML/ДЗ/Хард/small_mlflow_pipeline/.venv/lib/python3.12/site-packages/airflow/example_dags/example_setup_teardown_taskflow.py
[2025-08-25T15:29:05.310+0300] {logging_mixin.py:190} INFO - [2025-08-25T15:29:05.309+0300] {override.py:1930} INFO - Created Permission View: can delete on DAG:example_setup_teardown_taskflow
[2025-08-25T15:29:05.330+0300] {logging_mixin.py:190} INFO - [2025-08-25T15:29:05.329+0300] {override.py:1930} INFO - Created Permission View: can edit on DAG:example_setup_teardown_taskflow
[2025-08-25T15:29:05.347+0300] {logging_mixin.py:190} INFO - [2025-08-25T15:29:05.346+0300] {override.py:1930} INFO - Created Permission View: can read on DAG:example_setup_teardown_taskflow
[2025-08-25T15:29:05.376+0300] {logging_mixin.py:190} INFO - [2025-08-25T15:29:05.375+0300] {override.py:1930} INFO - Created Permission View: can delete on DAG Run:example_setup_teardown_taskflow
[2025-08-25T15:29:05.393+0300] {logging_mixin.py:190} INFO - [2025-08-25T15:29:05.393+0300] {override.py:1930} INFO - Created Permission View: can create on DAG Run:example_setup_teardown_taskflow
[2025-08-25T15:29:05.411+0300] {logging_mixin.py:190} INFO - [2025-08-25T15:29:05.410+0300] {override.py:1930} INFO - Created Permission View: can read on DAG Run:example_setup_teardown_taskflow
[2025-08-25T15:29:05.428+0300] {logging_mixin.py:190} INFO - [2025-08-25T15:29:05.428+0300] {override.py:1930} INFO - Created Permission View: menu access on DAG Run:example_setup_teardown_taskflow
[2025-08-25T15:29:05.430+0300] {logging_mixin.py:190} INFO - [2025-08-25T15:29:05.429+0300] {dag.py:3239} INFO - Sync 1 DAGs
[2025-08-25T15:29:05.442+0300] {logging_mixin.py:190} INFO - [2025-08-25T15:29:05.441+0300] {dag.py:3262} INFO - Creating ORM DAG for example_setup_teardown_taskflow
[2025-08-25T15:29:05.443+0300] {logging_mixin.py:190} INFO - [2025-08-25T15:29:05.442+0300] {dag.py:4180} INFO - Setting next_dagrun for example_setup_teardown_taskflow to None, run_after=None
[2025-08-25T15:29:05.475+0300] {processor.py:208} INFO - Processing /mnt/d/Образование/career_courses_postupashky_start/ML/ДЗ/Хард/small_mlflow_pipeline/.venv/lib/python3.12/site-packages/airflow/example_dags/example_setup_teardown_taskflow.py took 0.833 seconds
[2025-08-25T15:32:18.575+0300] {processor.py:186} INFO - Started process (PID=1909) to work on /mnt/d/Образование/career_courses_postupashky_start/ML/ДЗ/Хард/small_mlflow_pipeline/.venv/lib/python3.12/site-packages/airflow/example_dags/example_setup_teardown_taskflow.py
[2025-08-25T15:32:18.576+0300] {processor.py:914} INFO - Processing file /mnt/d/Образование/career_courses_postupashky_start/ML/ДЗ/Хард/small_mlflow_pipeline/.venv/lib/python3.12/site-packages/airflow/example_dags/example_setup_teardown_taskflow.py for tasks to queue
[2025-08-25T15:32:18.577+0300] {logging_mixin.py:190} INFO - [2025-08-25T15:32:18.577+0300] {dagbag.py:588} INFO - Filling up the DagBag from /mnt/d/Образование/career_courses_postupashky_start/ML/ДЗ/Хард/small_mlflow_pipeline/.venv/lib/python3.12/site-packages/airflow/example_dags/example_setup_teardown_taskflow.py
[2025-08-25T15:32:18.613+0300] {processor.py:925} INFO - DAG(s) 'example_setup_teardown_taskflow' retrieved from /mnt/d/Образование/career_courses_postupashky_start/ML/ДЗ/Хард/small_mlflow_pipeline/.venv/lib/python3.12/site-packages/airflow/example_dags/example_setup_teardown_taskflow.py
[2025-08-25T15:32:18.634+0300] {logging_mixin.py:190} INFO - [2025-08-25T15:32:18.634+0300] {dag.py:3239} INFO - Sync 1 DAGs
[2025-08-25T15:32:18.643+0300] {logging_mixin.py:190} INFO - [2025-08-25T15:32:18.642+0300] {dag.py:4180} INFO - Setting next_dagrun for example_setup_teardown_taskflow to None, run_after=None
[2025-08-25T15:32:18.677+0300] {processor.py:208} INFO - Processing /mnt/d/Образование/career_courses_postupashky_start/ML/ДЗ/Хард/small_mlflow_pipeline/.venv/lib/python3.12/site-packages/airflow/example_dags/example_setup_teardown_taskflow.py took 0.109 seconds
[2025-08-25T15:33:40.377+0300] {processor.py:186} INFO - Started process (PID=2336) to work on /mnt/d/Образование/career_courses_postupashky_start/ML/ДЗ/Хард/small_mlflow_pipeline/.venv/lib/python3.12/site-packages/airflow/example_dags/example_setup_teardown_taskflow.py
[2025-08-25T15:33:40.378+0300] {processor.py:914} INFO - Processing file /mnt/d/Образование/career_courses_postupashky_start/ML/ДЗ/Хард/small_mlflow_pipeline/.venv/lib/python3.12/site-packages/airflow/example_dags/example_setup_teardown_taskflow.py for tasks to queue
[2025-08-25T15:33:40.379+0300] {logging_mixin.py:190} INFO - [2025-08-25T15:33:40.379+0300] {dagbag.py:588} INFO - Filling up the DagBag from /mnt/d/Образование/career_courses_postupashky_start/ML/ДЗ/Хард/small_mlflow_pipeline/.venv/lib/python3.12/site-packages/airflow/example_dags/example_setup_teardown_taskflow.py
[2025-08-25T15:33:40.415+0300] {processor.py:925} INFO - DAG(s) 'example_setup_teardown_taskflow' retrieved from /mnt/d/Образование/career_courses_postupashky_start/ML/ДЗ/Хард/small_mlflow_pipeline/.venv/lib/python3.12/site-packages/airflow/example_dags/example_setup_teardown_taskflow.py
[2025-08-25T15:33:40.432+0300] {logging_mixin.py:190} INFO - [2025-08-25T15:33:40.431+0300] {dag.py:3239} INFO - Sync 1 DAGs
[2025-08-25T15:33:40.441+0300] {logging_mixin.py:190} INFO - [2025-08-25T15:33:40.440+0300] {dag.py:4180} INFO - Setting next_dagrun for example_setup_teardown_taskflow to None, run_after=None
[2025-08-25T15:33:40.470+0300] {processor.py:208} INFO - Processing /mnt/d/Образование/career_courses_postupashky_start/ML/ДЗ/Хард/small_mlflow_pipeline/.venv/lib/python3.12/site-packages/airflow/example_dags/example_setup_teardown_taskflow.py took 0.100 seconds
[2025-08-25T15:34:48.995+0300] {processor.py:186} INFO - Started process (PID=2561) to work on /mnt/d/Образование/career_courses_postupashky_start/ML/ДЗ/Хард/small_mlflow_pipeline/.venv/lib/python3.12/site-packages/airflow/example_dags/example_setup_teardown_taskflow.py
[2025-08-25T15:34:48.997+0300] {processor.py:914} INFO - Processing file /mnt/d/Образование/career_courses_postupashky_start/ML/ДЗ/Хард/small_mlflow_pipeline/.venv/lib/python3.12/site-packages/airflow/example_dags/example_setup_teardown_taskflow.py for tasks to queue
[2025-08-25T15:34:48.999+0300] {logging_mixin.py:190} INFO - [2025-08-25T15:34:48.998+0300] {dagbag.py:588} INFO - Filling up the DagBag from /mnt/d/Образование/career_courses_postupashky_start/ML/ДЗ/Хард/small_mlflow_pipeline/.venv/lib/python3.12/site-packages/airflow/example_dags/example_setup_teardown_taskflow.py
[2025-08-25T15:34:49.037+0300] {processor.py:925} INFO - DAG(s) 'example_setup_teardown_taskflow' retrieved from /mnt/d/Образование/career_courses_postupashky_start/ML/ДЗ/Хард/small_mlflow_pipeline/.venv/lib/python3.12/site-packages/airflow/example_dags/example_setup_teardown_taskflow.py
[2025-08-25T15:34:49.056+0300] {logging_mixin.py:190} INFO - [2025-08-25T15:34:49.056+0300] {dag.py:3239} INFO - Sync 1 DAGs
[2025-08-25T15:34:49.067+0300] {logging_mixin.py:190} INFO - [2025-08-25T15:34:49.067+0300] {dag.py:4180} INFO - Setting next_dagrun for example_setup_teardown_taskflow to None, run_after=None
[2025-08-25T15:34:49.103+0300] {processor.py:208} INFO - Processing /mnt/d/Образование/career_courses_postupashky_start/ML/ДЗ/Хард/small_mlflow_pipeline/.venv/lib/python3.12/site-packages/airflow/example_dags/example_setup_teardown_taskflow.py took 0.114 seconds
[2025-08-25T15:35:57.134+0300] {processor.py:186} INFO - Started process (PID=2845) to work on /mnt/d/Образование/career_courses_postupashky_start/ML/ДЗ/Хард/small_mlflow_pipeline/.venv/lib/python3.12/site-packages/airflow/example_dags/example_setup_teardown_taskflow.py
[2025-08-25T15:35:57.135+0300] {processor.py:914} INFO - Processing file /mnt/d/Образование/career_courses_postupashky_start/ML/ДЗ/Хард/small_mlflow_pipeline/.venv/lib/python3.12/site-packages/airflow/example_dags/example_setup_teardown_taskflow.py for tasks to queue
[2025-08-25T15:35:57.137+0300] {logging_mixin.py:190} INFO - [2025-08-25T15:35:57.136+0300] {dagbag.py:588} INFO - Filling up the DagBag from /mnt/d/Образование/career_courses_postupashky_start/ML/ДЗ/Хард/small_mlflow_pipeline/.venv/lib/python3.12/site-packages/airflow/example_dags/example_setup_teardown_taskflow.py
[2025-08-25T15:35:57.171+0300] {processor.py:925} INFO - DAG(s) 'example_setup_teardown_taskflow' retrieved from /mnt/d/Образование/career_courses_postupashky_start/ML/ДЗ/Хард/small_mlflow_pipeline/.venv/lib/python3.12/site-packages/airflow/example_dags/example_setup_teardown_taskflow.py
[2025-08-25T15:35:57.187+0300] {logging_mixin.py:190} INFO - [2025-08-25T15:35:57.186+0300] {dag.py:3239} INFO - Sync 1 DAGs
[2025-08-25T15:35:57.196+0300] {logging_mixin.py:190} INFO - [2025-08-25T15:35:57.195+0300] {dag.py:4180} INFO - Setting next_dagrun for example_setup_teardown_taskflow to None, run_after=None
[2025-08-25T15:35:57.230+0300] {processor.py:208} INFO - Processing /mnt/d/Образование/career_courses_postupashky_start/ML/ДЗ/Хард/small_mlflow_pipeline/.venv/lib/python3.12/site-packages/airflow/example_dags/example_setup_teardown_taskflow.py took 0.102 seconds
[2025-08-25T15:37:07.563+0300] {processor.py:186} INFO - Started process (PID=3255) to work on /mnt/d/Образование/career_courses_postupashky_start/ML/ДЗ/Хард/small_mlflow_pipeline/.venv/lib/python3.12/site-packages/airflow/example_dags/example_setup_teardown_taskflow.py
[2025-08-25T15:37:07.564+0300] {processor.py:914} INFO - Processing file /mnt/d/Образование/career_courses_postupashky_start/ML/ДЗ/Хард/small_mlflow_pipeline/.venv/lib/python3.12/site-packages/airflow/example_dags/example_setup_teardown_taskflow.py for tasks to queue
[2025-08-25T15:37:07.567+0300] {logging_mixin.py:190} INFO - [2025-08-25T15:37:07.566+0300] {dagbag.py:588} INFO - Filling up the DagBag from /mnt/d/Образование/career_courses_postupashky_start/ML/ДЗ/Хард/small_mlflow_pipeline/.venv/lib/python3.12/site-packages/airflow/example_dags/example_setup_teardown_taskflow.py
[2025-08-25T15:37:07.604+0300] {processor.py:925} INFO - DAG(s) 'example_setup_teardown_taskflow' retrieved from /mnt/d/Образование/career_courses_postupashky_start/ML/ДЗ/Хард/small_mlflow_pipeline/.venv/lib/python3.12/site-packages/airflow/example_dags/example_setup_teardown_taskflow.py
[2025-08-25T15:37:07.621+0300] {logging_mixin.py:190} INFO - [2025-08-25T15:37:07.621+0300] {dag.py:3239} INFO - Sync 1 DAGs
[2025-08-25T15:37:07.631+0300] {logging_mixin.py:190} INFO - [2025-08-25T15:37:07.630+0300] {dag.py:4180} INFO - Setting next_dagrun for example_setup_teardown_taskflow to None, run_after=None
[2025-08-25T15:37:07.662+0300] {processor.py:208} INFO - Processing /mnt/d/Образование/career_courses_postupashky_start/ML/ДЗ/Хард/small_mlflow_pipeline/.venv/lib/python3.12/site-packages/airflow/example_dags/example_setup_teardown_taskflow.py took 0.105 seconds
