[2025-08-25T15:32:42.372+0300] {processor.py:186} INFO - Started process (PID=2087) to work on /mnt/d/Образование/career_courses_postupashky_start/ML/ДЗ/Хард/small_mlflow_pipeline/.venv/lib/python3.12/site-packages/airflow/example_dags/example_dynamic_task_mapping.py
[2025-08-25T15:32:42.373+0300] {processor.py:914} INFO - Processing file /mnt/d/Образование/career_courses_postupashky_start/ML/ДЗ/Хард/small_mlflow_pipeline/.venv/lib/python3.12/site-packages/airflow/example_dags/example_dynamic_task_mapping.py for tasks to queue
[2025-08-25T15:32:42.375+0300] {logging_mixin.py:190} INFO - [2025-08-25T15:32:42.374+0300] {dagbag.py:588} INFO - Filling up the DagBag from /mnt/d/Образование/career_courses_postupashky_start/ML/ДЗ/Хард/small_mlflow_pipeline/.venv/lib/python3.12/site-packages/airflow/example_dags/example_dynamic_task_mapping.py
[2025-08-25T15:32:42.416+0300] {processor.py:925} INFO - DAG(s) 'example_dynamic_task_mapping' retrieved from /mnt/d/Образование/career_courses_postupashky_start/ML/ДЗ/Хард/small_mlflow_pipeline/.venv/lib/python3.12/site-packages/airflow/example_dags/example_dynamic_task_mapping.py
[2025-08-25T15:32:43.028+0300] {logging_mixin.py:190} INFO - [2025-08-25T15:32:43.027+0300] {override.py:1930} INFO - Created Permission View: can read on DAG:example_dynamic_task_mapping
[2025-08-25T15:32:43.049+0300] {logging_mixin.py:190} INFO - [2025-08-25T15:32:43.048+0300] {override.py:1930} INFO - Created Permission View: can delete on DAG:example_dynamic_task_mapping
[2025-08-25T15:32:43.070+0300] {logging_mixin.py:190} INFO - [2025-08-25T15:32:43.069+0300] {override.py:1930} INFO - Created Permission View: can edit on DAG:example_dynamic_task_mapping
[2025-08-25T15:32:43.106+0300] {logging_mixin.py:190} INFO - [2025-08-25T15:32:43.105+0300] {override.py:1930} INFO - Created Permission View: menu access on DAG Run:example_dynamic_task_mapping
[2025-08-25T15:32:43.125+0300] {logging_mixin.py:190} INFO - [2025-08-25T15:32:43.124+0300] {override.py:1930} INFO - Created Permission View: can create on DAG Run:example_dynamic_task_mapping
[2025-08-25T15:32:43.143+0300] {logging_mixin.py:190} INFO - [2025-08-25T15:32:43.142+0300] {override.py:1930} INFO - Created Permission View: can read on DAG Run:example_dynamic_task_mapping
[2025-08-25T15:32:43.161+0300] {logging_mixin.py:190} INFO - [2025-08-25T15:32:43.161+0300] {override.py:1930} INFO - Created Permission View: can delete on DAG Run:example_dynamic_task_mapping
[2025-08-25T15:32:43.163+0300] {logging_mixin.py:190} INFO - [2025-08-25T15:32:43.162+0300] {dag.py:3239} INFO - Sync 1 DAGs
[2025-08-25T15:32:43.176+0300] {logging_mixin.py:190} INFO - [2025-08-25T15:32:43.175+0300] {dag.py:3262} INFO - Creating ORM DAG for example_dynamic_task_mapping
[2025-08-25T15:32:43.177+0300] {logging_mixin.py:190} INFO - [2025-08-25T15:32:43.177+0300] {dag.py:4180} INFO - Setting next_dagrun for example_dynamic_task_mapping to None, run_after=None
[2025-08-25T15:32:43.208+0300] {processor.py:208} INFO - Processing /mnt/d/Образование/career_courses_postupashky_start/ML/ДЗ/Хард/small_mlflow_pipeline/.venv/lib/python3.12/site-packages/airflow/example_dags/example_dynamic_task_mapping.py took 0.842 seconds
[2025-08-25T15:34:16.592+0300] {processor.py:186} INFO - Started process (PID=2484) to work on /mnt/d/Образование/career_courses_postupashky_start/ML/ДЗ/Хард/small_mlflow_pipeline/.venv/lib/python3.12/site-packages/airflow/example_dags/example_dynamic_task_mapping.py
[2025-08-25T15:34:16.593+0300] {processor.py:914} INFO - Processing file /mnt/d/Образование/career_courses_postupashky_start/ML/ДЗ/Хард/small_mlflow_pipeline/.venv/lib/python3.12/site-packages/airflow/example_dags/example_dynamic_task_mapping.py for tasks to queue
[2025-08-25T15:34:16.595+0300] {logging_mixin.py:190} INFO - [2025-08-25T15:34:16.594+0300] {dagbag.py:588} INFO - Filling up the DagBag from /mnt/d/Образование/career_courses_postupashky_start/ML/ДЗ/Хард/small_mlflow_pipeline/.venv/lib/python3.12/site-packages/airflow/example_dags/example_dynamic_task_mapping.py
[2025-08-25T15:34:16.628+0300] {processor.py:925} INFO - DAG(s) 'example_dynamic_task_mapping' retrieved from /mnt/d/Образование/career_courses_postupashky_start/ML/ДЗ/Хард/small_mlflow_pipeline/.venv/lib/python3.12/site-packages/airflow/example_dags/example_dynamic_task_mapping.py
[2025-08-25T15:34:16.643+0300] {logging_mixin.py:190} INFO - [2025-08-25T15:34:16.642+0300] {dag.py:3239} INFO - Sync 1 DAGs
[2025-08-25T15:34:16.651+0300] {logging_mixin.py:190} INFO - [2025-08-25T15:34:16.650+0300] {dag.py:4180} INFO - Setting next_dagrun for example_dynamic_task_mapping to None, run_after=None
[2025-08-25T15:34:16.679+0300] {processor.py:208} INFO - Processing /mnt/d/Образование/career_courses_postupashky_start/ML/ДЗ/Хард/small_mlflow_pipeline/.venv/lib/python3.12/site-packages/airflow/example_dags/example_dynamic_task_mapping.py took 0.093 seconds
[2025-08-25T15:35:24.784+0300] {processor.py:186} INFO - Started process (PID=2705) to work on /mnt/d/Образование/career_courses_postupashky_start/ML/ДЗ/Хард/small_mlflow_pipeline/.venv/lib/python3.12/site-packages/airflow/example_dags/example_dynamic_task_mapping.py
[2025-08-25T15:35:24.785+0300] {processor.py:914} INFO - Processing file /mnt/d/Образование/career_courses_postupashky_start/ML/ДЗ/Хард/small_mlflow_pipeline/.venv/lib/python3.12/site-packages/airflow/example_dags/example_dynamic_task_mapping.py for tasks to queue
[2025-08-25T15:35:24.787+0300] {logging_mixin.py:190} INFO - [2025-08-25T15:35:24.786+0300] {dagbag.py:588} INFO - Filling up the DagBag from /mnt/d/Образование/career_courses_postupashky_start/ML/ДЗ/Хард/small_mlflow_pipeline/.venv/lib/python3.12/site-packages/airflow/example_dags/example_dynamic_task_mapping.py
[2025-08-25T15:35:24.821+0300] {processor.py:925} INFO - DAG(s) 'example_dynamic_task_mapping' retrieved from /mnt/d/Образование/career_courses_postupashky_start/ML/ДЗ/Хард/small_mlflow_pipeline/.venv/lib/python3.12/site-packages/airflow/example_dags/example_dynamic_task_mapping.py
[2025-08-25T15:35:24.837+0300] {logging_mixin.py:190} INFO - [2025-08-25T15:35:24.836+0300] {dag.py:3239} INFO - Sync 1 DAGs
[2025-08-25T15:35:24.846+0300] {logging_mixin.py:190} INFO - [2025-08-25T15:35:24.845+0300] {dag.py:4180} INFO - Setting next_dagrun for example_dynamic_task_mapping to None, run_after=None
[2025-08-25T15:35:24.876+0300] {processor.py:208} INFO - Processing /mnt/d/Образование/career_courses_postupashky_start/ML/ДЗ/Хард/small_mlflow_pipeline/.venv/lib/python3.12/site-packages/airflow/example_dags/example_dynamic_task_mapping.py took 0.099 seconds
[2025-08-25T15:36:31.616+0300] {processor.py:186} INFO - Started process (PID=2953) to work on /mnt/d/Образование/career_courses_postupashky_start/ML/ДЗ/Хард/small_mlflow_pipeline/.venv/lib/python3.12/site-packages/airflow/example_dags/example_dynamic_task_mapping.py
[2025-08-25T15:36:31.617+0300] {processor.py:914} INFO - Processing file /mnt/d/Образование/career_courses_postupashky_start/ML/ДЗ/Хард/small_mlflow_pipeline/.venv/lib/python3.12/site-packages/airflow/example_dags/example_dynamic_task_mapping.py for tasks to queue
[2025-08-25T15:36:31.620+0300] {logging_mixin.py:190} INFO - [2025-08-25T15:36:31.619+0300] {dagbag.py:588} INFO - Filling up the DagBag from /mnt/d/Образование/career_courses_postupashky_start/ML/ДЗ/Хард/small_mlflow_pipeline/.venv/lib/python3.12/site-packages/airflow/example_dags/example_dynamic_task_mapping.py
[2025-08-25T15:36:31.656+0300] {processor.py:925} INFO - DAG(s) 'example_dynamic_task_mapping' retrieved from /mnt/d/Образование/career_courses_postupashky_start/ML/ДЗ/Хард/small_mlflow_pipeline/.venv/lib/python3.12/site-packages/airflow/example_dags/example_dynamic_task_mapping.py
[2025-08-25T15:36:31.673+0300] {logging_mixin.py:190} INFO - [2025-08-25T15:36:31.673+0300] {dag.py:3239} INFO - Sync 1 DAGs
[2025-08-25T15:36:31.683+0300] {logging_mixin.py:190} INFO - [2025-08-25T15:36:31.682+0300] {dag.py:4180} INFO - Setting next_dagrun for example_dynamic_task_mapping to None, run_after=None
[2025-08-25T15:36:31.716+0300] {processor.py:208} INFO - Processing /mnt/d/Образование/career_courses_postupashky_start/ML/ДЗ/Хард/small_mlflow_pipeline/.venv/lib/python3.12/site-packages/airflow/example_dags/example_dynamic_task_mapping.py took 0.108 seconds
