[2025-08-25T15:27:46.509+0300] {processor.py:186} INFO - Started process (PID=540) to work on /mnt/d/Образование/career_courses_postupashky_start/ML/ДЗ/Хард/small_mlflow_pipeline/.venv/lib/python3.12/site-packages/airflow/example_dags/example_xcom.py
[2025-08-25T15:27:46.510+0300] {processor.py:914} INFO - Processing file /mnt/d/Образование/career_courses_postupashky_start/ML/ДЗ/Хард/small_mlflow_pipeline/.venv/lib/python3.12/site-packages/airflow/example_dags/example_xcom.py for tasks to queue
[2025-08-25T15:27:46.512+0300] {logging_mixin.py:190} INFO - [2025-08-25T15:27:46.511+0300] {dagbag.py:588} INFO - Filling up the DagBag from /mnt/d/Образование/career_courses_postupashky_start/ML/ДЗ/Хард/small_mlflow_pipeline/.venv/lib/python3.12/site-packages/airflow/example_dags/example_xcom.py
[2025-08-25T15:27:46.569+0300] {processor.py:925} INFO - DAG(s) 'example_xcom' retrieved from /mnt/d/Образование/career_courses_postupashky_start/ML/ДЗ/Хард/small_mlflow_pipeline/.venv/lib/python3.12/site-packages/airflow/example_dags/example_xcom.py
[2025-08-25T15:27:47.199+0300] {logging_mixin.py:190} INFO - [2025-08-25T15:27:47.198+0300] {override.py:1930} INFO - Created Permission View: can edit on DAG:example_xcom
[2025-08-25T15:27:47.218+0300] {logging_mixin.py:190} INFO - [2025-08-25T15:27:47.217+0300] {override.py:1930} INFO - Created Permission View: can read on DAG:example_xcom
[2025-08-25T15:27:47.235+0300] {logging_mixin.py:190} INFO - [2025-08-25T15:27:47.234+0300] {override.py:1930} INFO - Created Permission View: can delete on DAG:example_xcom
[2025-08-25T15:27:47.264+0300] {logging_mixin.py:190} INFO - [2025-08-25T15:27:47.263+0300] {override.py:1930} INFO - Created Permission View: menu access on DAG Run:example_xcom
[2025-08-25T15:27:47.282+0300] {logging_mixin.py:190} INFO - [2025-08-25T15:27:47.282+0300] {override.py:1930} INFO - Created Permission View: can delete on DAG Run:example_xcom
[2025-08-25T15:27:47.300+0300] {logging_mixin.py:190} INFO - [2025-08-25T15:27:47.299+0300] {override.py:1930} INFO - Created Permission View: can read on DAG Run:example_xcom
[2025-08-25T15:27:47.316+0300] {logging_mixin.py:190} INFO - [2025-08-25T15:27:47.316+0300] {override.py:1930} INFO - Created Permission View: can create on DAG Run:example_xcom
[2025-08-25T15:27:47.318+0300] {logging_mixin.py:190} INFO - [2025-08-25T15:27:47.317+0300] {dag.py:3239} INFO - Sync 1 DAGs
[2025-08-25T15:27:47.328+0300] {logging_mixin.py:190} INFO - [2025-08-25T15:27:47.328+0300] {dag.py:3262} INFO - Creating ORM DAG for example_xcom
[2025-08-25T15:27:47.335+0300] {logging_mixin.py:190} INFO - [2025-08-25T15:27:47.335+0300] {dag.py:4180} INFO - Setting next_dagrun for example_xcom to 2021-01-01 00:00:00+00:00, run_after=2021-01-01 00:00:00+00:00
[2025-08-25T15:27:47.369+0300] {processor.py:208} INFO - Processing /mnt/d/Образование/career_courses_postupashky_start/ML/ДЗ/Хард/small_mlflow_pipeline/.venv/lib/python3.12/site-packages/airflow/example_dags/example_xcom.py took 0.866 seconds
[2025-08-25T15:28:49.738+0300] {processor.py:186} INFO - Started process (PID=786) to work on /mnt/d/Образование/career_courses_postupashky_start/ML/ДЗ/Хард/small_mlflow_pipeline/.venv/lib/python3.12/site-packages/airflow/example_dags/example_xcom.py
[2025-08-25T15:28:49.739+0300] {processor.py:914} INFO - Processing file /mnt/d/Образование/career_courses_postupashky_start/ML/ДЗ/Хард/small_mlflow_pipeline/.venv/lib/python3.12/site-packages/airflow/example_dags/example_xcom.py for tasks to queue
[2025-08-25T15:28:49.741+0300] {logging_mixin.py:190} INFO - [2025-08-25T15:28:49.740+0300] {dagbag.py:588} INFO - Filling up the DagBag from /mnt/d/Образование/career_courses_postupashky_start/ML/ДЗ/Хард/small_mlflow_pipeline/.venv/lib/python3.12/site-packages/airflow/example_dags/example_xcom.py
[2025-08-25T15:28:49.795+0300] {processor.py:925} INFO - DAG(s) 'example_xcom' retrieved from /mnt/d/Образование/career_courses_postupashky_start/ML/ДЗ/Хард/small_mlflow_pipeline/.venv/lib/python3.12/site-packages/airflow/example_dags/example_xcom.py
[2025-08-25T15:28:49.849+0300] {logging_mixin.py:190} INFO - [2025-08-25T15:28:49.848+0300] {dag.py:3239} INFO - Sync 1 DAGs
[2025-08-25T15:28:49.863+0300] {logging_mixin.py:190} INFO - [2025-08-25T15:28:49.862+0300] {dag.py:4180} INFO - Setting next_dagrun for example_xcom to 2021-01-01 00:00:00+00:00, run_after=2021-01-01 00:00:00+00:00
[2025-08-25T15:28:49.913+0300] {processor.py:208} INFO - Processing /mnt/d/Образование/career_courses_postupashky_start/ML/ДЗ/Хард/small_mlflow_pipeline/.venv/lib/python3.12/site-packages/airflow/example_dags/example_xcom.py took 0.181 seconds
[2025-08-25T15:32:03.306+0300] {processor.py:186} INFO - Started process (PID=1715) to work on /mnt/d/Образование/career_courses_postupashky_start/ML/ДЗ/Хард/small_mlflow_pipeline/.venv/lib/python3.12/site-packages/airflow/example_dags/example_xcom.py
[2025-08-25T15:32:03.307+0300] {processor.py:914} INFO - Processing file /mnt/d/Образование/career_courses_postupashky_start/ML/ДЗ/Хард/small_mlflow_pipeline/.venv/lib/python3.12/site-packages/airflow/example_dags/example_xcom.py for tasks to queue
[2025-08-25T15:32:03.309+0300] {logging_mixin.py:190} INFO - [2025-08-25T15:32:03.308+0300] {dagbag.py:588} INFO - Filling up the DagBag from /mnt/d/Образование/career_courses_postupashky_start/ML/ДЗ/Хард/small_mlflow_pipeline/.venv/lib/python3.12/site-packages/airflow/example_dags/example_xcom.py
[2025-08-25T15:32:03.354+0300] {processor.py:925} INFO - DAG(s) 'example_xcom' retrieved from /mnt/d/Образование/career_courses_postupashky_start/ML/ДЗ/Хард/small_mlflow_pipeline/.venv/lib/python3.12/site-packages/airflow/example_dags/example_xcom.py
[2025-08-25T15:32:03.409+0300] {logging_mixin.py:190} INFO - [2025-08-25T15:32:03.408+0300] {dag.py:3239} INFO - Sync 1 DAGs
[2025-08-25T15:32:03.424+0300] {logging_mixin.py:190} INFO - [2025-08-25T15:32:03.423+0300] {dag.py:4180} INFO - Setting next_dagrun for example_xcom to 2021-01-01 00:00:00+00:00, run_after=2021-01-01 00:00:00+00:00
[2025-08-25T15:32:03.458+0300] {processor.py:208} INFO - Processing /mnt/d/Образование/career_courses_postupashky_start/ML/ДЗ/Хард/small_mlflow_pipeline/.venv/lib/python3.12/site-packages/airflow/example_dags/example_xcom.py took 0.158 seconds
[2025-08-25T15:33:25.069+0300] {processor.py:186} INFO - Started process (PID=2300) to work on /mnt/d/Образование/career_courses_postupashky_start/ML/ДЗ/Хард/small_mlflow_pipeline/.venv/lib/python3.12/site-packages/airflow/example_dags/example_xcom.py
[2025-08-25T15:33:25.070+0300] {processor.py:914} INFO - Processing file /mnt/d/Образование/career_courses_postupashky_start/ML/ДЗ/Хард/small_mlflow_pipeline/.venv/lib/python3.12/site-packages/airflow/example_dags/example_xcom.py for tasks to queue
[2025-08-25T15:33:25.073+0300] {logging_mixin.py:190} INFO - [2025-08-25T15:33:25.072+0300] {dagbag.py:588} INFO - Filling up the DagBag from /mnt/d/Образование/career_courses_postupashky_start/ML/ДЗ/Хард/small_mlflow_pipeline/.venv/lib/python3.12/site-packages/airflow/example_dags/example_xcom.py
[2025-08-25T15:33:25.109+0300] {processor.py:925} INFO - DAG(s) 'example_xcom' retrieved from /mnt/d/Образование/career_courses_postupashky_start/ML/ДЗ/Хард/small_mlflow_pipeline/.venv/lib/python3.12/site-packages/airflow/example_dags/example_xcom.py
[2025-08-25T15:33:25.126+0300] {logging_mixin.py:190} INFO - [2025-08-25T15:33:25.125+0300] {dag.py:3239} INFO - Sync 1 DAGs
[2025-08-25T15:33:25.141+0300] {logging_mixin.py:190} INFO - [2025-08-25T15:33:25.140+0300] {dag.py:4180} INFO - Setting next_dagrun for example_xcom to 2021-01-01 00:00:00+00:00, run_after=2021-01-01 00:00:00+00:00
[2025-08-25T15:33:25.172+0300] {processor.py:208} INFO - Processing /mnt/d/Образование/career_courses_postupashky_start/ML/ДЗ/Хард/small_mlflow_pipeline/.venv/lib/python3.12/site-packages/airflow/example_dags/example_xcom.py took 0.109 seconds
[2025-08-25T15:34:12.585+0300] {processor.py:186} INFO - Started process (PID=2474) to work on /mnt/d/Образование/career_courses_postupashky_start/ML/ДЗ/Хард/small_mlflow_pipeline/.venv/lib/python3.12/site-packages/airflow/example_dags/example_xcom.py
[2025-08-25T15:34:12.585+0300] {processor.py:914} INFO - Processing file /mnt/d/Образование/career_courses_postupashky_start/ML/ДЗ/Хард/small_mlflow_pipeline/.venv/lib/python3.12/site-packages/airflow/example_dags/example_xcom.py for tasks to queue
[2025-08-25T15:34:12.588+0300] {logging_mixin.py:190} INFO - [2025-08-25T15:34:12.587+0300] {dagbag.py:588} INFO - Filling up the DagBag from /mnt/d/Образование/career_courses_postupashky_start/ML/ДЗ/Хард/small_mlflow_pipeline/.venv/lib/python3.12/site-packages/airflow/example_dags/example_xcom.py
[2025-08-25T15:34:12.621+0300] {processor.py:925} INFO - DAG(s) 'example_xcom' retrieved from /mnt/d/Образование/career_courses_postupashky_start/ML/ДЗ/Хард/small_mlflow_pipeline/.venv/lib/python3.12/site-packages/airflow/example_dags/example_xcom.py
[2025-08-25T15:34:12.636+0300] {logging_mixin.py:190} INFO - [2025-08-25T15:34:12.636+0300] {dag.py:3239} INFO - Sync 1 DAGs
[2025-08-25T15:34:12.650+0300] {logging_mixin.py:190} INFO - [2025-08-25T15:34:12.650+0300] {dag.py:4180} INFO - Setting next_dagrun for example_xcom to 2021-01-01 00:00:00+00:00, run_after=2021-01-01 00:00:00+00:00
[2025-08-25T15:34:12.680+0300] {processor.py:208} INFO - Processing /mnt/d/Образование/career_courses_postupashky_start/ML/ДЗ/Хард/small_mlflow_pipeline/.venv/lib/python3.12/site-packages/airflow/example_dags/example_xcom.py took 0.102 seconds
[2025-08-25T15:35:19.674+0300] {processor.py:186} INFO - Started process (PID=2695) to work on /mnt/d/Образование/career_courses_postupashky_start/ML/ДЗ/Хард/small_mlflow_pipeline/.venv/lib/python3.12/site-packages/airflow/example_dags/example_xcom.py
[2025-08-25T15:35:19.675+0300] {processor.py:914} INFO - Processing file /mnt/d/Образование/career_courses_postupashky_start/ML/ДЗ/Хард/small_mlflow_pipeline/.venv/lib/python3.12/site-packages/airflow/example_dags/example_xcom.py for tasks to queue
[2025-08-25T15:35:19.677+0300] {logging_mixin.py:190} INFO - [2025-08-25T15:35:19.676+0300] {dagbag.py:588} INFO - Filling up the DagBag from /mnt/d/Образование/career_courses_postupashky_start/ML/ДЗ/Хард/small_mlflow_pipeline/.venv/lib/python3.12/site-packages/airflow/example_dags/example_xcom.py
[2025-08-25T15:35:19.713+0300] {processor.py:925} INFO - DAG(s) 'example_xcom' retrieved from /mnt/d/Образование/career_courses_postupashky_start/ML/ДЗ/Хард/small_mlflow_pipeline/.venv/lib/python3.12/site-packages/airflow/example_dags/example_xcom.py
[2025-08-25T15:35:19.729+0300] {logging_mixin.py:190} INFO - [2025-08-25T15:35:19.729+0300] {dag.py:3239} INFO - Sync 1 DAGs
[2025-08-25T15:35:19.743+0300] {logging_mixin.py:190} INFO - [2025-08-25T15:35:19.743+0300] {dag.py:4180} INFO - Setting next_dagrun for example_xcom to 2021-01-01 00:00:00+00:00, run_after=2021-01-01 00:00:00+00:00
[2025-08-25T15:35:19.779+0300] {processor.py:208} INFO - Processing /mnt/d/Образование/career_courses_postupashky_start/ML/ДЗ/Хард/small_mlflow_pipeline/.venv/lib/python3.12/site-packages/airflow/example_dags/example_xcom.py took 0.111 seconds
[2025-08-25T15:36:26.642+0300] {processor.py:186} INFO - Started process (PID=2918) to work on /mnt/d/Образование/career_courses_postupashky_start/ML/ДЗ/Хард/small_mlflow_pipeline/.venv/lib/python3.12/site-packages/airflow/example_dags/example_xcom.py
[2025-08-25T15:36:26.643+0300] {processor.py:914} INFO - Processing file /mnt/d/Образование/career_courses_postupashky_start/ML/ДЗ/Хард/small_mlflow_pipeline/.venv/lib/python3.12/site-packages/airflow/example_dags/example_xcom.py for tasks to queue
[2025-08-25T15:36:26.645+0300] {logging_mixin.py:190} INFO - [2025-08-25T15:36:26.644+0300] {dagbag.py:588} INFO - Filling up the DagBag from /mnt/d/Образование/career_courses_postupashky_start/ML/ДЗ/Хард/small_mlflow_pipeline/.venv/lib/python3.12/site-packages/airflow/example_dags/example_xcom.py
[2025-08-25T15:36:26.683+0300] {processor.py:925} INFO - DAG(s) 'example_xcom' retrieved from /mnt/d/Образование/career_courses_postupashky_start/ML/ДЗ/Хард/small_mlflow_pipeline/.venv/lib/python3.12/site-packages/airflow/example_dags/example_xcom.py
[2025-08-25T15:36:26.700+0300] {logging_mixin.py:190} INFO - [2025-08-25T15:36:26.700+0300] {dag.py:3239} INFO - Sync 1 DAGs
[2025-08-25T15:36:26.716+0300] {logging_mixin.py:190} INFO - [2025-08-25T15:36:26.715+0300] {dag.py:4180} INFO - Setting next_dagrun for example_xcom to 2021-01-01 00:00:00+00:00, run_after=2021-01-01 00:00:00+00:00
[2025-08-25T15:36:26.748+0300] {processor.py:208} INFO - Processing /mnt/d/Образование/career_courses_postupashky_start/ML/ДЗ/Хард/small_mlflow_pipeline/.venv/lib/python3.12/site-packages/airflow/example_dags/example_xcom.py took 0.113 seconds
