[2025-08-25T15:29:20.632+0300] {processor.py:186} INFO - Started process (PID=855) to work on /mnt/d/Образование/career_courses_postupashky_start/ML/ДЗ/Хард/small_mlflow_pipeline/.venv/lib/python3.12/site-packages/airflow/example_dags/example_outlet_event_extra.py
[2025-08-25T15:29:20.633+0300] {processor.py:914} INFO - Processing file /mnt/d/Образование/career_courses_postupashky_start/ML/ДЗ/Хард/small_mlflow_pipeline/.venv/lib/python3.12/site-packages/airflow/example_dags/example_outlet_event_extra.py for tasks to queue
[2025-08-25T15:29:20.635+0300] {logging_mixin.py:190} INFO - [2025-08-25T15:29:20.634+0300] {dagbag.py:588} INFO - Filling up the DagBag from /mnt/d/Образование/career_courses_postupashky_start/ML/ДЗ/Хард/small_mlflow_pipeline/.venv/lib/python3.12/site-packages/airflow/example_dags/example_outlet_event_extra.py
[2025-08-25T15:29:20.715+0300] {processor.py:925} INFO - DAG(s) 'dataset_with_extra_from_classic_operator', 'dataset_with_extra_by_context', 'dataset_with_extra_by_yield' retrieved from /mnt/d/Образование/career_courses_postupashky_start/ML/ДЗ/Хард/small_mlflow_pipeline/.venv/lib/python3.12/site-packages/airflow/example_dags/example_outlet_event_extra.py
[2025-08-25T15:29:21.379+0300] {logging_mixin.py:190} INFO - [2025-08-25T15:29:21.378+0300] {override.py:1930} INFO - Created Permission View: can delete on DAG:dataset_with_extra_from_classic_operator
[2025-08-25T15:29:21.399+0300] {logging_mixin.py:190} INFO - [2025-08-25T15:29:21.398+0300] {override.py:1930} INFO - Created Permission View: can edit on DAG:dataset_with_extra_from_classic_operator
[2025-08-25T15:29:21.416+0300] {logging_mixin.py:190} INFO - [2025-08-25T15:29:21.416+0300] {override.py:1930} INFO - Created Permission View: can read on DAG:dataset_with_extra_from_classic_operator
[2025-08-25T15:29:21.446+0300] {logging_mixin.py:190} INFO - [2025-08-25T15:29:21.445+0300] {override.py:1930} INFO - Created Permission View: can delete on DAG Run:dataset_with_extra_from_classic_operator
[2025-08-25T15:29:21.464+0300] {logging_mixin.py:190} INFO - [2025-08-25T15:29:21.463+0300] {override.py:1930} INFO - Created Permission View: can create on DAG Run:dataset_with_extra_from_classic_operator
[2025-08-25T15:29:21.482+0300] {logging_mixin.py:190} INFO - [2025-08-25T15:29:21.481+0300] {override.py:1930} INFO - Created Permission View: can read on DAG Run:dataset_with_extra_from_classic_operator
[2025-08-25T15:29:21.500+0300] {logging_mixin.py:190} INFO - [2025-08-25T15:29:21.499+0300] {override.py:1930} INFO - Created Permission View: menu access on DAG Run:dataset_with_extra_from_classic_operator
[2025-08-25T15:29:21.536+0300] {logging_mixin.py:190} INFO - [2025-08-25T15:29:21.535+0300] {override.py:1930} INFO - Created Permission View: can delete on DAG:dataset_with_extra_by_context
[2025-08-25T15:29:21.554+0300] {logging_mixin.py:190} INFO - [2025-08-25T15:29:21.553+0300] {override.py:1930} INFO - Created Permission View: can edit on DAG:dataset_with_extra_by_context
[2025-08-25T15:29:21.572+0300] {logging_mixin.py:190} INFO - [2025-08-25T15:29:21.571+0300] {override.py:1930} INFO - Created Permission View: can read on DAG:dataset_with_extra_by_context
[2025-08-25T15:29:21.602+0300] {logging_mixin.py:190} INFO - [2025-08-25T15:29:21.601+0300] {override.py:1930} INFO - Created Permission View: can delete on DAG Run:dataset_with_extra_by_context
[2025-08-25T15:29:21.621+0300] {logging_mixin.py:190} INFO - [2025-08-25T15:29:21.620+0300] {override.py:1930} INFO - Created Permission View: can create on DAG Run:dataset_with_extra_by_context
[2025-08-25T15:29:21.641+0300] {logging_mixin.py:190} INFO - [2025-08-25T15:29:21.640+0300] {override.py:1930} INFO - Created Permission View: can read on DAG Run:dataset_with_extra_by_context
[2025-08-25T15:29:21.661+0300] {logging_mixin.py:190} INFO - [2025-08-25T15:29:21.660+0300] {override.py:1930} INFO - Created Permission View: menu access on DAG Run:dataset_with_extra_by_context
[2025-08-25T15:29:21.700+0300] {logging_mixin.py:190} INFO - [2025-08-25T15:29:21.699+0300] {override.py:1930} INFO - Created Permission View: can delete on DAG:dataset_with_extra_by_yield
[2025-08-25T15:29:21.720+0300] {logging_mixin.py:190} INFO - [2025-08-25T15:29:21.719+0300] {override.py:1930} INFO - Created Permission View: can edit on DAG:dataset_with_extra_by_yield
[2025-08-25T15:29:21.740+0300] {logging_mixin.py:190} INFO - [2025-08-25T15:29:21.739+0300] {override.py:1930} INFO - Created Permission View: can read on DAG:dataset_with_extra_by_yield
[2025-08-25T15:29:21.770+0300] {logging_mixin.py:190} INFO - [2025-08-25T15:29:21.769+0300] {override.py:1930} INFO - Created Permission View: can delete on DAG Run:dataset_with_extra_by_yield
[2025-08-25T15:29:21.789+0300] {logging_mixin.py:190} INFO - [2025-08-25T15:29:21.788+0300] {override.py:1930} INFO - Created Permission View: can create on DAG Run:dataset_with_extra_by_yield
[2025-08-25T15:29:21.808+0300] {logging_mixin.py:190} INFO - [2025-08-25T15:29:21.807+0300] {override.py:1930} INFO - Created Permission View: can read on DAG Run:dataset_with_extra_by_yield
[2025-08-25T15:29:21.827+0300] {logging_mixin.py:190} INFO - [2025-08-25T15:29:21.827+0300] {override.py:1930} INFO - Created Permission View: menu access on DAG Run:dataset_with_extra_by_yield
[2025-08-25T15:29:21.829+0300] {logging_mixin.py:190} INFO - [2025-08-25T15:29:21.828+0300] {dag.py:3239} INFO - Sync 3 DAGs
[2025-08-25T15:29:21.842+0300] {logging_mixin.py:190} INFO - [2025-08-25T15:29:21.842+0300] {dag.py:3262} INFO - Creating ORM DAG for dataset_with_extra_from_classic_operator
[2025-08-25T15:29:21.844+0300] {logging_mixin.py:190} INFO - [2025-08-25T15:29:21.843+0300] {dag.py:3262} INFO - Creating ORM DAG for dataset_with_extra_by_yield
[2025-08-25T15:29:21.845+0300] {logging_mixin.py:190} INFO - [2025-08-25T15:29:21.845+0300] {dag.py:3262} INFO - Creating ORM DAG for dataset_with_extra_by_context
[2025-08-25T15:29:21.854+0300] {logging_mixin.py:190} INFO - [2025-08-25T15:29:21.853+0300] {dag.py:4180} INFO - Setting next_dagrun for dataset_with_extra_by_context to 2025-08-24 00:00:00+00:00, run_after=2025-08-25 00:00:00+00:00
[2025-08-25T15:29:21.856+0300] {logging_mixin.py:190} INFO - [2025-08-25T15:29:21.855+0300] {dag.py:4180} INFO - Setting next_dagrun for dataset_with_extra_by_yield to 2025-08-24 00:00:00+00:00, run_after=2025-08-25 00:00:00+00:00
[2025-08-25T15:29:21.857+0300] {logging_mixin.py:190} INFO - [2025-08-25T15:29:21.857+0300] {dag.py:4180} INFO - Setting next_dagrun for dataset_with_extra_from_classic_operator to 2025-08-24 00:00:00+00:00, run_after=2025-08-25 00:00:00+00:00
[2025-08-25T15:29:21.915+0300] {processor.py:208} INFO - Processing /mnt/d/Образование/career_courses_postupashky_start/ML/ДЗ/Хард/small_mlflow_pipeline/.venv/lib/python3.12/site-packages/airflow/example_dags/example_outlet_event_extra.py took 1.288 seconds
[2025-08-25T15:32:28.861+0300] {processor.py:186} INFO - Started process (PID=1933) to work on /mnt/d/Образование/career_courses_postupashky_start/ML/ДЗ/Хард/small_mlflow_pipeline/.venv/lib/python3.12/site-packages/airflow/example_dags/example_outlet_event_extra.py
[2025-08-25T15:32:28.862+0300] {processor.py:914} INFO - Processing file /mnt/d/Образование/career_courses_postupashky_start/ML/ДЗ/Хард/small_mlflow_pipeline/.venv/lib/python3.12/site-packages/airflow/example_dags/example_outlet_event_extra.py for tasks to queue
[2025-08-25T15:32:28.864+0300] {logging_mixin.py:190} INFO - [2025-08-25T15:32:28.863+0300] {dagbag.py:588} INFO - Filling up the DagBag from /mnt/d/Образование/career_courses_postupashky_start/ML/ДЗ/Хард/small_mlflow_pipeline/.venv/lib/python3.12/site-packages/airflow/example_dags/example_outlet_event_extra.py
[2025-08-25T15:32:28.940+0300] {processor.py:925} INFO - DAG(s) 'dataset_with_extra_from_classic_operator', 'dataset_with_extra_by_yield', 'dataset_with_extra_by_context' retrieved from /mnt/d/Образование/career_courses_postupashky_start/ML/ДЗ/Хард/small_mlflow_pipeline/.venv/lib/python3.12/site-packages/airflow/example_dags/example_outlet_event_extra.py
[2025-08-25T15:32:28.968+0300] {logging_mixin.py:190} INFO - [2025-08-25T15:32:28.967+0300] {dag.py:3239} INFO - Sync 3 DAGs
[2025-08-25T15:32:28.983+0300] {logging_mixin.py:190} INFO - [2025-08-25T15:32:28.982+0300] {dag.py:4180} INFO - Setting next_dagrun for dataset_with_extra_by_context to 2025-08-24 00:00:00+00:00, run_after=2025-08-25 00:00:00+00:00
[2025-08-25T15:32:28.987+0300] {logging_mixin.py:190} INFO - [2025-08-25T15:32:28.986+0300] {dag.py:4180} INFO - Setting next_dagrun for dataset_with_extra_by_yield to 2025-08-24 00:00:00+00:00, run_after=2025-08-25 00:00:00+00:00
[2025-08-25T15:32:28.989+0300] {logging_mixin.py:190} INFO - [2025-08-25T15:32:28.989+0300] {dag.py:4180} INFO - Setting next_dagrun for dataset_with_extra_from_classic_operator to 2025-08-24 00:00:00+00:00, run_after=2025-08-25 00:00:00+00:00
[2025-08-25T15:32:29.019+0300] {processor.py:208} INFO - Processing /mnt/d/Образование/career_courses_postupashky_start/ML/ДЗ/Хард/small_mlflow_pipeline/.venv/lib/python3.12/site-packages/airflow/example_dags/example_outlet_event_extra.py took 0.164 seconds
[2025-08-25T15:33:50.010+0300] {processor.py:186} INFO - Started process (PID=2382) to work on /mnt/d/Образование/career_courses_postupashky_start/ML/ДЗ/Хард/small_mlflow_pipeline/.venv/lib/python3.12/site-packages/airflow/example_dags/example_outlet_event_extra.py
[2025-08-25T15:33:50.011+0300] {processor.py:914} INFO - Processing file /mnt/d/Образование/career_courses_postupashky_start/ML/ДЗ/Хард/small_mlflow_pipeline/.venv/lib/python3.12/site-packages/airflow/example_dags/example_outlet_event_extra.py for tasks to queue
[2025-08-25T15:33:50.012+0300] {logging_mixin.py:190} INFO - [2025-08-25T15:33:50.012+0300] {dagbag.py:588} INFO - Filling up the DagBag from /mnt/d/Образование/career_courses_postupashky_start/ML/ДЗ/Хард/small_mlflow_pipeline/.venv/lib/python3.12/site-packages/airflow/example_dags/example_outlet_event_extra.py
[2025-08-25T15:33:50.090+0300] {processor.py:925} INFO - DAG(s) 'dataset_with_extra_by_yield', 'dataset_with_extra_by_context', 'dataset_with_extra_from_classic_operator' retrieved from /mnt/d/Образование/career_courses_postupashky_start/ML/ДЗ/Хард/small_mlflow_pipeline/.venv/lib/python3.12/site-packages/airflow/example_dags/example_outlet_event_extra.py
[2025-08-25T15:33:50.113+0300] {logging_mixin.py:190} INFO - [2025-08-25T15:33:50.113+0300] {dag.py:3239} INFO - Sync 3 DAGs
[2025-08-25T15:33:50.129+0300] {logging_mixin.py:190} INFO - [2025-08-25T15:33:50.128+0300] {dag.py:4180} INFO - Setting next_dagrun for dataset_with_extra_by_context to 2025-08-24 00:00:00+00:00, run_after=2025-08-25 00:00:00+00:00
[2025-08-25T15:33:50.133+0300] {logging_mixin.py:190} INFO - [2025-08-25T15:33:50.133+0300] {dag.py:4180} INFO - Setting next_dagrun for dataset_with_extra_by_yield to 2025-08-24 00:00:00+00:00, run_after=2025-08-25 00:00:00+00:00
[2025-08-25T15:33:50.136+0300] {logging_mixin.py:190} INFO - [2025-08-25T15:33:50.136+0300] {dag.py:4180} INFO - Setting next_dagrun for dataset_with_extra_from_classic_operator to 2025-08-24 00:00:00+00:00, run_after=2025-08-25 00:00:00+00:00
[2025-08-25T15:33:50.174+0300] {processor.py:208} INFO - Processing /mnt/d/Образование/career_courses_postupashky_start/ML/ДЗ/Хард/small_mlflow_pipeline/.venv/lib/python3.12/site-packages/airflow/example_dags/example_outlet_event_extra.py took 0.171 seconds
[2025-08-25T15:34:58.510+0300] {processor.py:186} INFO - Started process (PID=2642) to work on /mnt/d/Образование/career_courses_postupashky_start/ML/ДЗ/Хард/small_mlflow_pipeline/.venv/lib/python3.12/site-packages/airflow/example_dags/example_outlet_event_extra.py
[2025-08-25T15:34:58.511+0300] {processor.py:914} INFO - Processing file /mnt/d/Образование/career_courses_postupashky_start/ML/ДЗ/Хард/small_mlflow_pipeline/.venv/lib/python3.12/site-packages/airflow/example_dags/example_outlet_event_extra.py for tasks to queue
[2025-08-25T15:34:58.513+0300] {logging_mixin.py:190} INFO - [2025-08-25T15:34:58.512+0300] {dagbag.py:588} INFO - Filling up the DagBag from /mnt/d/Образование/career_courses_postupashky_start/ML/ДЗ/Хард/small_mlflow_pipeline/.venv/lib/python3.12/site-packages/airflow/example_dags/example_outlet_event_extra.py
[2025-08-25T15:34:58.587+0300] {processor.py:925} INFO - DAG(s) 'dataset_with_extra_by_yield', 'dataset_with_extra_by_context', 'dataset_with_extra_from_classic_operator' retrieved from /mnt/d/Образование/career_courses_postupashky_start/ML/ДЗ/Хард/small_mlflow_pipeline/.venv/lib/python3.12/site-packages/airflow/example_dags/example_outlet_event_extra.py
[2025-08-25T15:34:58.611+0300] {logging_mixin.py:190} INFO - [2025-08-25T15:34:58.610+0300] {dag.py:3239} INFO - Sync 3 DAGs
[2025-08-25T15:34:58.627+0300] {logging_mixin.py:190} INFO - [2025-08-25T15:34:58.627+0300] {dag.py:4180} INFO - Setting next_dagrun for dataset_with_extra_by_context to 2025-08-24 00:00:00+00:00, run_after=2025-08-25 00:00:00+00:00
[2025-08-25T15:34:58.631+0300] {logging_mixin.py:190} INFO - [2025-08-25T15:34:58.631+0300] {dag.py:4180} INFO - Setting next_dagrun for dataset_with_extra_by_yield to 2025-08-24 00:00:00+00:00, run_after=2025-08-25 00:00:00+00:00
[2025-08-25T15:34:58.634+0300] {logging_mixin.py:190} INFO - [2025-08-25T15:34:58.634+0300] {dag.py:4180} INFO - Setting next_dagrun for dataset_with_extra_from_classic_operator to 2025-08-24 00:00:00+00:00, run_after=2025-08-25 00:00:00+00:00
[2025-08-25T15:34:58.667+0300] {processor.py:208} INFO - Processing /mnt/d/Образование/career_courses_postupashky_start/ML/ДЗ/Хард/small_mlflow_pipeline/.venv/lib/python3.12/site-packages/airflow/example_dags/example_outlet_event_extra.py took 0.163 seconds
[2025-08-25T15:36:07.406+0300] {processor.py:186} INFO - Started process (PID=2869) to work on /mnt/d/Образование/career_courses_postupashky_start/ML/ДЗ/Хард/small_mlflow_pipeline/.venv/lib/python3.12/site-packages/airflow/example_dags/example_outlet_event_extra.py
[2025-08-25T15:36:07.407+0300] {processor.py:914} INFO - Processing file /mnt/d/Образование/career_courses_postupashky_start/ML/ДЗ/Хард/small_mlflow_pipeline/.venv/lib/python3.12/site-packages/airflow/example_dags/example_outlet_event_extra.py for tasks to queue
[2025-08-25T15:36:07.409+0300] {logging_mixin.py:190} INFO - [2025-08-25T15:36:07.408+0300] {dagbag.py:588} INFO - Filling up the DagBag from /mnt/d/Образование/career_courses_postupashky_start/ML/ДЗ/Хард/small_mlflow_pipeline/.venv/lib/python3.12/site-packages/airflow/example_dags/example_outlet_event_extra.py
[2025-08-25T15:36:07.489+0300] {processor.py:925} INFO - DAG(s) 'dataset_with_extra_by_yield', 'dataset_with_extra_by_context', 'dataset_with_extra_from_classic_operator' retrieved from /mnt/d/Образование/career_courses_postupashky_start/ML/ДЗ/Хард/small_mlflow_pipeline/.venv/lib/python3.12/site-packages/airflow/example_dags/example_outlet_event_extra.py
[2025-08-25T15:36:07.516+0300] {logging_mixin.py:190} INFO - [2025-08-25T15:36:07.515+0300] {dag.py:3239} INFO - Sync 3 DAGs
[2025-08-25T15:36:07.532+0300] {logging_mixin.py:190} INFO - [2025-08-25T15:36:07.532+0300] {dag.py:4180} INFO - Setting next_dagrun for dataset_with_extra_by_context to 2025-08-24 00:00:00+00:00, run_after=2025-08-25 00:00:00+00:00
[2025-08-25T15:36:07.537+0300] {logging_mixin.py:190} INFO - [2025-08-25T15:36:07.536+0300] {dag.py:4180} INFO - Setting next_dagrun for dataset_with_extra_by_yield to 2025-08-24 00:00:00+00:00, run_after=2025-08-25 00:00:00+00:00
[2025-08-25T15:36:07.540+0300] {logging_mixin.py:190} INFO - [2025-08-25T15:36:07.539+0300] {dag.py:4180} INFO - Setting next_dagrun for dataset_with_extra_from_classic_operator to 2025-08-24 00:00:00+00:00, run_after=2025-08-25 00:00:00+00:00
[2025-08-25T15:36:07.572+0300] {processor.py:208} INFO - Processing /mnt/d/Образование/career_courses_postupashky_start/ML/ДЗ/Хард/small_mlflow_pipeline/.venv/lib/python3.12/site-packages/airflow/example_dags/example_outlet_event_extra.py took 0.172 seconds
