[2025-08-25T15:27:55.733+0300] {processor.py:186} INFO - Started process (PID=560) to work on /mnt/d/Образование/career_courses_postupashky_start/ML/ДЗ/Хард/small_mlflow_pipeline/.venv/lib/python3.12/site-packages/airflow/example_dags/example_task_group_decorator.py
[2025-08-25T15:27:55.734+0300] {processor.py:914} INFO - Processing file /mnt/d/Образование/career_courses_postupashky_start/ML/ДЗ/Хард/small_mlflow_pipeline/.venv/lib/python3.12/site-packages/airflow/example_dags/example_task_group_decorator.py for tasks to queue
[2025-08-25T15:27:55.736+0300] {logging_mixin.py:190} INFO - [2025-08-25T15:27:55.735+0300] {dagbag.py:588} INFO - Filling up the DagBag from /mnt/d/Образование/career_courses_postupashky_start/ML/ДЗ/Хард/small_mlflow_pipeline/.venv/lib/python3.12/site-packages/airflow/example_dags/example_task_group_decorator.py
[2025-08-25T15:27:55.779+0300] {processor.py:925} INFO - DAG(s) 'example_task_group_decorator' retrieved from /mnt/d/Образование/career_courses_postupashky_start/ML/ДЗ/Хард/small_mlflow_pipeline/.venv/lib/python3.12/site-packages/airflow/example_dags/example_task_group_decorator.py
[2025-08-25T15:27:56.386+0300] {logging_mixin.py:190} INFO - [2025-08-25T15:27:56.384+0300] {override.py:1930} INFO - Created Permission View: can edit on DAG:example_task_group_decorator
[2025-08-25T15:27:56.406+0300] {logging_mixin.py:190} INFO - [2025-08-25T15:27:56.406+0300] {override.py:1930} INFO - Created Permission View: can read on DAG:example_task_group_decorator
[2025-08-25T15:27:56.423+0300] {logging_mixin.py:190} INFO - [2025-08-25T15:27:56.423+0300] {override.py:1930} INFO - Created Permission View: can delete on DAG:example_task_group_decorator
[2025-08-25T15:27:56.449+0300] {logging_mixin.py:190} INFO - [2025-08-25T15:27:56.449+0300] {override.py:1930} INFO - Created Permission View: menu access on DAG Run:example_task_group_decorator
[2025-08-25T15:27:56.466+0300] {logging_mixin.py:190} INFO - [2025-08-25T15:27:56.465+0300] {override.py:1930} INFO - Created Permission View: can delete on DAG Run:example_task_group_decorator
[2025-08-25T15:27:56.482+0300] {logging_mixin.py:190} INFO - [2025-08-25T15:27:56.481+0300] {override.py:1930} INFO - Created Permission View: can read on DAG Run:example_task_group_decorator
[2025-08-25T15:27:56.499+0300] {logging_mixin.py:190} INFO - [2025-08-25T15:27:56.498+0300] {override.py:1930} INFO - Created Permission View: can create on DAG Run:example_task_group_decorator
[2025-08-25T15:27:56.500+0300] {logging_mixin.py:190} INFO - [2025-08-25T15:27:56.499+0300] {dag.py:3239} INFO - Sync 1 DAGs
[2025-08-25T15:27:56.510+0300] {logging_mixin.py:190} INFO - [2025-08-25T15:27:56.510+0300] {dag.py:3262} INFO - Creating ORM DAG for example_task_group_decorator
[2025-08-25T15:27:56.511+0300] {logging_mixin.py:190} INFO - [2025-08-25T15:27:56.511+0300] {dag.py:4180} INFO - Setting next_dagrun for example_task_group_decorator to None, run_after=None
[2025-08-25T15:27:56.542+0300] {processor.py:208} INFO - Processing /mnt/d/Образование/career_courses_postupashky_start/ML/ДЗ/Хард/small_mlflow_pipeline/.venv/lib/python3.12/site-packages/airflow/example_dags/example_task_group_decorator.py took 0.815 seconds
[2025-08-25T15:28:55.017+0300] {processor.py:186} INFO - Started process (PID=800) to work on /mnt/d/Образование/career_courses_postupashky_start/ML/ДЗ/Хард/small_mlflow_pipeline/.venv/lib/python3.12/site-packages/airflow/example_dags/example_task_group_decorator.py
[2025-08-25T15:28:55.017+0300] {processor.py:914} INFO - Processing file /mnt/d/Образование/career_courses_postupashky_start/ML/ДЗ/Хард/small_mlflow_pipeline/.venv/lib/python3.12/site-packages/airflow/example_dags/example_task_group_decorator.py for tasks to queue
[2025-08-25T15:28:55.019+0300] {logging_mixin.py:190} INFO - [2025-08-25T15:28:55.019+0300] {dagbag.py:588} INFO - Filling up the DagBag from /mnt/d/Образование/career_courses_postupashky_start/ML/ДЗ/Хард/small_mlflow_pipeline/.venv/lib/python3.12/site-packages/airflow/example_dags/example_task_group_decorator.py
[2025-08-25T15:28:55.058+0300] {processor.py:925} INFO - DAG(s) 'example_task_group_decorator' retrieved from /mnt/d/Образование/career_courses_postupashky_start/ML/ДЗ/Хард/small_mlflow_pipeline/.venv/lib/python3.12/site-packages/airflow/example_dags/example_task_group_decorator.py
[2025-08-25T15:28:55.081+0300] {logging_mixin.py:190} INFO - [2025-08-25T15:28:55.080+0300] {dag.py:3239} INFO - Sync 1 DAGs
[2025-08-25T15:28:55.090+0300] {logging_mixin.py:190} INFO - [2025-08-25T15:28:55.089+0300] {dag.py:4180} INFO - Setting next_dagrun for example_task_group_decorator to None, run_after=None
[2025-08-25T15:28:55.124+0300] {processor.py:208} INFO - Processing /mnt/d/Образование/career_courses_postupashky_start/ML/ДЗ/Хард/small_mlflow_pipeline/.venv/lib/python3.12/site-packages/airflow/example_dags/example_task_group_decorator.py took 0.113 seconds
[2025-08-25T15:32:09.842+0300] {processor.py:186} INFO - Started process (PID=1823) to work on /mnt/d/Образование/career_courses_postupashky_start/ML/ДЗ/Хард/small_mlflow_pipeline/.venv/lib/python3.12/site-packages/airflow/example_dags/example_task_group_decorator.py
[2025-08-25T15:32:09.843+0300] {processor.py:914} INFO - Processing file /mnt/d/Образование/career_courses_postupashky_start/ML/ДЗ/Хард/small_mlflow_pipeline/.venv/lib/python3.12/site-packages/airflow/example_dags/example_task_group_decorator.py for tasks to queue
[2025-08-25T15:32:09.845+0300] {logging_mixin.py:190} INFO - [2025-08-25T15:32:09.845+0300] {dagbag.py:588} INFO - Filling up the DagBag from /mnt/d/Образование/career_courses_postupashky_start/ML/ДЗ/Хард/small_mlflow_pipeline/.venv/lib/python3.12/site-packages/airflow/example_dags/example_task_group_decorator.py
[2025-08-25T15:32:09.885+0300] {processor.py:925} INFO - DAG(s) 'example_task_group_decorator' retrieved from /mnt/d/Образование/career_courses_postupashky_start/ML/ДЗ/Хард/small_mlflow_pipeline/.venv/lib/python3.12/site-packages/airflow/example_dags/example_task_group_decorator.py
[2025-08-25T15:32:09.910+0300] {logging_mixin.py:190} INFO - [2025-08-25T15:32:09.909+0300] {dag.py:3239} INFO - Sync 1 DAGs
[2025-08-25T15:32:09.920+0300] {logging_mixin.py:190} INFO - [2025-08-25T15:32:09.919+0300] {dag.py:4180} INFO - Setting next_dagrun for example_task_group_decorator to None, run_after=None
[2025-08-25T15:32:09.953+0300] {processor.py:208} INFO - Processing /mnt/d/Образование/career_courses_postupashky_start/ML/ДЗ/Хард/small_mlflow_pipeline/.venv/lib/python3.12/site-packages/airflow/example_dags/example_task_group_decorator.py took 0.117 seconds
[2025-08-25T15:33:31.434+0300] {processor.py:186} INFO - Started process (PID=2314) to work on /mnt/d/Образование/career_courses_postupashky_start/ML/ДЗ/Хард/small_mlflow_pipeline/.venv/lib/python3.12/site-packages/airflow/example_dags/example_task_group_decorator.py
[2025-08-25T15:33:31.435+0300] {processor.py:914} INFO - Processing file /mnt/d/Образование/career_courses_postupashky_start/ML/ДЗ/Хард/small_mlflow_pipeline/.venv/lib/python3.12/site-packages/airflow/example_dags/example_task_group_decorator.py for tasks to queue
[2025-08-25T15:33:31.437+0300] {logging_mixin.py:190} INFO - [2025-08-25T15:33:31.437+0300] {dagbag.py:588} INFO - Filling up the DagBag from /mnt/d/Образование/career_courses_postupashky_start/ML/ДЗ/Хард/small_mlflow_pipeline/.venv/lib/python3.12/site-packages/airflow/example_dags/example_task_group_decorator.py
[2025-08-25T15:33:31.478+0300] {processor.py:925} INFO - DAG(s) 'example_task_group_decorator' retrieved from /mnt/d/Образование/career_courses_postupashky_start/ML/ДЗ/Хард/small_mlflow_pipeline/.venv/lib/python3.12/site-packages/airflow/example_dags/example_task_group_decorator.py
[2025-08-25T15:33:31.497+0300] {logging_mixin.py:190} INFO - [2025-08-25T15:33:31.496+0300] {dag.py:3239} INFO - Sync 1 DAGs
[2025-08-25T15:33:31.507+0300] {logging_mixin.py:190} INFO - [2025-08-25T15:33:31.506+0300] {dag.py:4180} INFO - Setting next_dagrun for example_task_group_decorator to None, run_after=None
[2025-08-25T15:33:31.541+0300] {processor.py:208} INFO - Processing /mnt/d/Образование/career_courses_postupashky_start/ML/ДЗ/Хард/small_mlflow_pipeline/.venv/lib/python3.12/site-packages/airflow/example_dags/example_task_group_decorator.py took 0.113 seconds
[2025-08-25T15:34:40.275+0300] {processor.py:186} INFO - Started process (PID=2539) to work on /mnt/d/Образование/career_courses_postupashky_start/ML/ДЗ/Хард/small_mlflow_pipeline/.venv/lib/python3.12/site-packages/airflow/example_dags/example_task_group_decorator.py
[2025-08-25T15:34:40.276+0300] {processor.py:914} INFO - Processing file /mnt/d/Образование/career_courses_postupashky_start/ML/ДЗ/Хард/small_mlflow_pipeline/.venv/lib/python3.12/site-packages/airflow/example_dags/example_task_group_decorator.py for tasks to queue
[2025-08-25T15:34:40.277+0300] {logging_mixin.py:190} INFO - [2025-08-25T15:34:40.277+0300] {dagbag.py:588} INFO - Filling up the DagBag from /mnt/d/Образование/career_courses_postupashky_start/ML/ДЗ/Хард/small_mlflow_pipeline/.venv/lib/python3.12/site-packages/airflow/example_dags/example_task_group_decorator.py
[2025-08-25T15:34:40.316+0300] {processor.py:925} INFO - DAG(s) 'example_task_group_decorator' retrieved from /mnt/d/Образование/career_courses_postupashky_start/ML/ДЗ/Хард/small_mlflow_pipeline/.venv/lib/python3.12/site-packages/airflow/example_dags/example_task_group_decorator.py
[2025-08-25T15:34:40.334+0300] {logging_mixin.py:190} INFO - [2025-08-25T15:34:40.334+0300] {dag.py:3239} INFO - Sync 1 DAGs
[2025-08-25T15:34:40.344+0300] {logging_mixin.py:190} INFO - [2025-08-25T15:34:40.344+0300] {dag.py:4180} INFO - Setting next_dagrun for example_task_group_decorator to None, run_after=None
[2025-08-25T15:34:40.378+0300] {processor.py:208} INFO - Processing /mnt/d/Образование/career_courses_postupashky_start/ML/ДЗ/Хард/small_mlflow_pipeline/.venv/lib/python3.12/site-packages/airflow/example_dags/example_task_group_decorator.py took 0.109 seconds
[2025-08-25T15:35:49.270+0300] {processor.py:186} INFO - Started process (PID=2764) to work on /mnt/d/Образование/career_courses_postupashky_start/ML/ДЗ/Хард/small_mlflow_pipeline/.venv/lib/python3.12/site-packages/airflow/example_dags/example_task_group_decorator.py
[2025-08-25T15:35:49.270+0300] {processor.py:914} INFO - Processing file /mnt/d/Образование/career_courses_postupashky_start/ML/ДЗ/Хард/small_mlflow_pipeline/.venv/lib/python3.12/site-packages/airflow/example_dags/example_task_group_decorator.py for tasks to queue
[2025-08-25T15:35:49.272+0300] {logging_mixin.py:190} INFO - [2025-08-25T15:35:49.272+0300] {dagbag.py:588} INFO - Filling up the DagBag from /mnt/d/Образование/career_courses_postupashky_start/ML/ДЗ/Хард/small_mlflow_pipeline/.venv/lib/python3.12/site-packages/airflow/example_dags/example_task_group_decorator.py
[2025-08-25T15:35:49.310+0300] {processor.py:925} INFO - DAG(s) 'example_task_group_decorator' retrieved from /mnt/d/Образование/career_courses_postupashky_start/ML/ДЗ/Хард/small_mlflow_pipeline/.venv/lib/python3.12/site-packages/airflow/example_dags/example_task_group_decorator.py
[2025-08-25T15:35:49.327+0300] {logging_mixin.py:190} INFO - [2025-08-25T15:35:49.326+0300] {dag.py:3239} INFO - Sync 1 DAGs
[2025-08-25T15:35:49.336+0300] {logging_mixin.py:190} INFO - [2025-08-25T15:35:49.335+0300] {dag.py:4180} INFO - Setting next_dagrun for example_task_group_decorator to None, run_after=None
[2025-08-25T15:35:49.365+0300] {processor.py:208} INFO - Processing /mnt/d/Образование/career_courses_postupashky_start/ML/ДЗ/Хард/small_mlflow_pipeline/.venv/lib/python3.12/site-packages/airflow/example_dags/example_task_group_decorator.py took 0.101 seconds
[2025-08-25T15:36:59.828+0300] {processor.py:186} INFO - Started process (PID=3236) to work on /mnt/d/Образование/career_courses_postupashky_start/ML/ДЗ/Хард/small_mlflow_pipeline/.venv/lib/python3.12/site-packages/airflow/example_dags/example_task_group_decorator.py
[2025-08-25T15:36:59.829+0300] {processor.py:914} INFO - Processing file /mnt/d/Образование/career_courses_postupashky_start/ML/ДЗ/Хард/small_mlflow_pipeline/.venv/lib/python3.12/site-packages/airflow/example_dags/example_task_group_decorator.py for tasks to queue
[2025-08-25T15:36:59.831+0300] {logging_mixin.py:190} INFO - [2025-08-25T15:36:59.831+0300] {dagbag.py:588} INFO - Filling up the DagBag from /mnt/d/Образование/career_courses_postupashky_start/ML/ДЗ/Хард/small_mlflow_pipeline/.venv/lib/python3.12/site-packages/airflow/example_dags/example_task_group_decorator.py
[2025-08-25T15:36:59.871+0300] {processor.py:925} INFO - DAG(s) 'example_task_group_decorator' retrieved from /mnt/d/Образование/career_courses_postupashky_start/ML/ДЗ/Хард/small_mlflow_pipeline/.venv/lib/python3.12/site-packages/airflow/example_dags/example_task_group_decorator.py
[2025-08-25T15:36:59.891+0300] {logging_mixin.py:190} INFO - [2025-08-25T15:36:59.891+0300] {dag.py:3239} INFO - Sync 1 DAGs
[2025-08-25T15:36:59.901+0300] {logging_mixin.py:190} INFO - [2025-08-25T15:36:59.901+0300] {dag.py:4180} INFO - Setting next_dagrun for example_task_group_decorator to None, run_after=None
[2025-08-25T15:36:59.938+0300] {processor.py:208} INFO - Processing /mnt/d/Образование/career_courses_postupashky_start/ML/ДЗ/Хард/small_mlflow_pipeline/.venv/lib/python3.12/site-packages/airflow/example_dags/example_task_group_decorator.py took 0.118 seconds
