[2025-08-25T15:33:03.251+0300] {processor.py:186} INFO - Started process (PID=2250) to work on /mnt/d/Образование/career_courses_postupashky_start/ML/ДЗ/Хард/small_mlflow_pipeline/.venv/lib/python3.12/site-packages/airflow/example_dags/example_branch_day_of_week_operator.py
[2025-08-25T15:33:03.252+0300] {processor.py:914} INFO - Processing file /mnt/d/Образование/career_courses_postupashky_start/ML/ДЗ/Хард/small_mlflow_pipeline/.venv/lib/python3.12/site-packages/airflow/example_dags/example_branch_day_of_week_operator.py for tasks to queue
[2025-08-25T15:33:03.254+0300] {logging_mixin.py:190} INFO - [2025-08-25T15:33:03.253+0300] {dagbag.py:588} INFO - Filling up the DagBag from /mnt/d/Образование/career_courses_postupashky_start/ML/ДЗ/Хард/small_mlflow_pipeline/.venv/lib/python3.12/site-packages/airflow/example_dags/example_branch_day_of_week_operator.py
[2025-08-25T15:33:03.299+0300] {processor.py:925} INFO - DAG(s) 'example_weekday_branch_operator' retrieved from /mnt/d/Образование/career_courses_postupashky_start/ML/ДЗ/Хард/small_mlflow_pipeline/.venv/lib/python3.12/site-packages/airflow/example_dags/example_branch_day_of_week_operator.py
[2025-08-25T15:33:03.893+0300] {logging_mixin.py:190} INFO - [2025-08-25T15:33:03.892+0300] {override.py:1930} INFO - Created Permission View: can read on DAG:example_weekday_branch_operator
[2025-08-25T15:33:03.912+0300] {logging_mixin.py:190} INFO - [2025-08-25T15:33:03.911+0300] {override.py:1930} INFO - Created Permission View: can delete on DAG:example_weekday_branch_operator
[2025-08-25T15:33:03.929+0300] {logging_mixin.py:190} INFO - [2025-08-25T15:33:03.928+0300] {override.py:1930} INFO - Created Permission View: can edit on DAG:example_weekday_branch_operator
[2025-08-25T15:33:03.957+0300] {logging_mixin.py:190} INFO - [2025-08-25T15:33:03.956+0300] {override.py:1930} INFO - Created Permission View: menu access on DAG Run:example_weekday_branch_operator
[2025-08-25T15:33:03.974+0300] {logging_mixin.py:190} INFO - [2025-08-25T15:33:03.973+0300] {override.py:1930} INFO - Created Permission View: can create on DAG Run:example_weekday_branch_operator
[2025-08-25T15:33:03.990+0300] {logging_mixin.py:190} INFO - [2025-08-25T15:33:03.990+0300] {override.py:1930} INFO - Created Permission View: can read on DAG Run:example_weekday_branch_operator
[2025-08-25T15:33:04.008+0300] {logging_mixin.py:190} INFO - [2025-08-25T15:33:04.007+0300] {override.py:1930} INFO - Created Permission View: can delete on DAG Run:example_weekday_branch_operator
[2025-08-25T15:33:04.009+0300] {logging_mixin.py:190} INFO - [2025-08-25T15:33:04.008+0300] {dag.py:3239} INFO - Sync 1 DAGs
[2025-08-25T15:33:04.020+0300] {logging_mixin.py:190} INFO - [2025-08-25T15:33:04.019+0300] {dag.py:3262} INFO - Creating ORM DAG for example_weekday_branch_operator
[2025-08-25T15:33:04.027+0300] {logging_mixin.py:190} INFO - [2025-08-25T15:33:04.027+0300] {dag.py:4180} INFO - Setting next_dagrun for example_weekday_branch_operator to 2025-08-24 00:00:00+00:00, run_after=2025-08-25 00:00:00+00:00
[2025-08-25T15:33:04.058+0300] {processor.py:208} INFO - Processing /mnt/d/Образование/career_courses_postupashky_start/ML/ДЗ/Хард/small_mlflow_pipeline/.venv/lib/python3.12/site-packages/airflow/example_dags/example_branch_day_of_week_operator.py took 0.814 seconds
[2025-08-25T15:34:29.438+0300] {processor.py:186} INFO - Started process (PID=2513) to work on /mnt/d/Образование/career_courses_postupashky_start/ML/ДЗ/Хард/small_mlflow_pipeline/.venv/lib/python3.12/site-packages/airflow/example_dags/example_branch_day_of_week_operator.py
[2025-08-25T15:34:29.438+0300] {processor.py:914} INFO - Processing file /mnt/d/Образование/career_courses_postupashky_start/ML/ДЗ/Хард/small_mlflow_pipeline/.venv/lib/python3.12/site-packages/airflow/example_dags/example_branch_day_of_week_operator.py for tasks to queue
[2025-08-25T15:34:29.440+0300] {logging_mixin.py:190} INFO - [2025-08-25T15:34:29.440+0300] {dagbag.py:588} INFO - Filling up the DagBag from /mnt/d/Образование/career_courses_postupashky_start/ML/ДЗ/Хард/small_mlflow_pipeline/.venv/lib/python3.12/site-packages/airflow/example_dags/example_branch_day_of_week_operator.py
[2025-08-25T15:34:29.479+0300] {processor.py:925} INFO - DAG(s) 'example_weekday_branch_operator' retrieved from /mnt/d/Образование/career_courses_postupashky_start/ML/ДЗ/Хард/small_mlflow_pipeline/.venv/lib/python3.12/site-packages/airflow/example_dags/example_branch_day_of_week_operator.py
[2025-08-25T15:34:29.494+0300] {logging_mixin.py:190} INFO - [2025-08-25T15:34:29.493+0300] {dag.py:3239} INFO - Sync 1 DAGs
[2025-08-25T15:34:29.510+0300] {logging_mixin.py:190} INFO - [2025-08-25T15:34:29.509+0300] {dag.py:4180} INFO - Setting next_dagrun for example_weekday_branch_operator to 2025-08-24 00:00:00+00:00, run_after=2025-08-25 00:00:00+00:00
[2025-08-25T15:34:29.544+0300] {processor.py:208} INFO - Processing /mnt/d/Образование/career_courses_postupashky_start/ML/ДЗ/Хард/small_mlflow_pipeline/.venv/lib/python3.12/site-packages/airflow/example_dags/example_branch_day_of_week_operator.py took 0.112 seconds
[2025-08-25T15:35:36.751+0300] {processor.py:186} INFO - Started process (PID=2734) to work on /mnt/d/Образование/career_courses_postupashky_start/ML/ДЗ/Хард/small_mlflow_pipeline/.venv/lib/python3.12/site-packages/airflow/example_dags/example_branch_day_of_week_operator.py
[2025-08-25T15:35:36.752+0300] {processor.py:914} INFO - Processing file /mnt/d/Образование/career_courses_postupashky_start/ML/ДЗ/Хард/small_mlflow_pipeline/.venv/lib/python3.12/site-packages/airflow/example_dags/example_branch_day_of_week_operator.py for tasks to queue
[2025-08-25T15:35:36.754+0300] {logging_mixin.py:190} INFO - [2025-08-25T15:35:36.753+0300] {dagbag.py:588} INFO - Filling up the DagBag from /mnt/d/Образование/career_courses_postupashky_start/ML/ДЗ/Хард/small_mlflow_pipeline/.venv/lib/python3.12/site-packages/airflow/example_dags/example_branch_day_of_week_operator.py
[2025-08-25T15:35:36.793+0300] {processor.py:925} INFO - DAG(s) 'example_weekday_branch_operator' retrieved from /mnt/d/Образование/career_courses_postupashky_start/ML/ДЗ/Хард/small_mlflow_pipeline/.venv/lib/python3.12/site-packages/airflow/example_dags/example_branch_day_of_week_operator.py
[2025-08-25T15:35:36.807+0300] {logging_mixin.py:190} INFO - [2025-08-25T15:35:36.807+0300] {dag.py:3239} INFO - Sync 1 DAGs
[2025-08-25T15:35:36.822+0300] {logging_mixin.py:190} INFO - [2025-08-25T15:35:36.821+0300] {dag.py:4180} INFO - Setting next_dagrun for example_weekday_branch_operator to 2025-08-24 00:00:00+00:00, run_after=2025-08-25 00:00:00+00:00
[2025-08-25T15:35:36.855+0300] {processor.py:208} INFO - Processing /mnt/d/Образование/career_courses_postupashky_start/ML/ДЗ/Хард/small_mlflow_pipeline/.venv/lib/python3.12/site-packages/airflow/example_dags/example_branch_day_of_week_operator.py took 0.111 seconds
[2025-08-25T15:36:45.743+0300] {processor.py:186} INFO - Started process (PID=3082) to work on /mnt/d/Образование/career_courses_postupashky_start/ML/ДЗ/Хард/small_mlflow_pipeline/.venv/lib/python3.12/site-packages/airflow/example_dags/example_branch_day_of_week_operator.py
[2025-08-25T15:36:45.744+0300] {processor.py:914} INFO - Processing file /mnt/d/Образование/career_courses_postupashky_start/ML/ДЗ/Хард/small_mlflow_pipeline/.venv/lib/python3.12/site-packages/airflow/example_dags/example_branch_day_of_week_operator.py for tasks to queue
[2025-08-25T15:36:45.746+0300] {logging_mixin.py:190} INFO - [2025-08-25T15:36:45.746+0300] {dagbag.py:588} INFO - Filling up the DagBag from /mnt/d/Образование/career_courses_postupashky_start/ML/ДЗ/Хард/small_mlflow_pipeline/.venv/lib/python3.12/site-packages/airflow/example_dags/example_branch_day_of_week_operator.py
[2025-08-25T15:36:45.786+0300] {processor.py:925} INFO - DAG(s) 'example_weekday_branch_operator' retrieved from /mnt/d/Образование/career_courses_postupashky_start/ML/ДЗ/Хард/small_mlflow_pipeline/.venv/lib/python3.12/site-packages/airflow/example_dags/example_branch_day_of_week_operator.py
[2025-08-25T15:36:45.801+0300] {logging_mixin.py:190} INFO - [2025-08-25T15:36:45.800+0300] {dag.py:3239} INFO - Sync 1 DAGs
[2025-08-25T15:36:45.815+0300] {logging_mixin.py:190} INFO - [2025-08-25T15:36:45.814+0300] {dag.py:4180} INFO - Setting next_dagrun for example_weekday_branch_operator to 2025-08-24 00:00:00+00:00, run_after=2025-08-25 00:00:00+00:00
[2025-08-25T15:36:45.852+0300] {processor.py:208} INFO - Processing /mnt/d/Образование/career_courses_postupashky_start/ML/ДЗ/Хард/small_mlflow_pipeline/.venv/lib/python3.12/site-packages/airflow/example_dags/example_branch_day_of_week_operator.py took 0.116 seconds
