[2025-08-25T15:27:40.908+0300] {processor.py:186} INFO - Started process (PID=516) to work on /mnt/d/Образование/career_courses_postupashky_start/ML/ДЗ/Хард/small_mlflow_pipeline/.venv/lib/python3.12/site-packages/airflow/example_dags/tutorial_dag.py
[2025-08-25T15:27:40.909+0300] {processor.py:914} INFO - Processing file /mnt/d/Образование/career_courses_postupashky_start/ML/ДЗ/Хард/small_mlflow_pipeline/.venv/lib/python3.12/site-packages/airflow/example_dags/tutorial_dag.py for tasks to queue
[2025-08-25T15:27:40.911+0300] {logging_mixin.py:190} INFO - [2025-08-25T15:27:40.910+0300] {dagbag.py:588} INFO - Filling up the DagBag from /mnt/d/Образование/career_courses_postupashky_start/ML/ДЗ/Хард/small_mlflow_pipeline/.venv/lib/python3.12/site-packages/airflow/example_dags/tutorial_dag.py
[2025-08-25T15:27:40.970+0300] {processor.py:925} INFO - DAG(s) 'tutorial_dag' retrieved from /mnt/d/Образование/career_courses_postupashky_start/ML/ДЗ/Хард/small_mlflow_pipeline/.venv/lib/python3.12/site-packages/airflow/example_dags/tutorial_dag.py
[2025-08-25T15:27:41.655+0300] {logging_mixin.py:190} INFO - [2025-08-25T15:27:41.654+0300] {override.py:1930} INFO - Created Permission View: can edit on DAG:tutorial_dag
[2025-08-25T15:27:41.676+0300] {logging_mixin.py:190} INFO - [2025-08-25T15:27:41.675+0300] {override.py:1930} INFO - Created Permission View: can read on DAG:tutorial_dag
[2025-08-25T15:27:41.694+0300] {logging_mixin.py:190} INFO - [2025-08-25T15:27:41.693+0300] {override.py:1930} INFO - Created Permission View: can delete on DAG:tutorial_dag
[2025-08-25T15:27:41.722+0300] {logging_mixin.py:190} INFO - [2025-08-25T15:27:41.721+0300] {override.py:1930} INFO - Created Permission View: menu access on DAG Run:tutorial_dag
[2025-08-25T15:27:41.740+0300] {logging_mixin.py:190} INFO - [2025-08-25T15:27:41.739+0300] {override.py:1930} INFO - Created Permission View: can delete on DAG Run:tutorial_dag
[2025-08-25T15:27:41.757+0300] {logging_mixin.py:190} INFO - [2025-08-25T15:27:41.757+0300] {override.py:1930} INFO - Created Permission View: can read on DAG Run:tutorial_dag
[2025-08-25T15:27:41.775+0300] {logging_mixin.py:190} INFO - [2025-08-25T15:27:41.775+0300] {override.py:1930} INFO - Created Permission View: can create on DAG Run:tutorial_dag
[2025-08-25T15:27:41.776+0300] {logging_mixin.py:190} INFO - [2025-08-25T15:27:41.776+0300] {dag.py:3239} INFO - Sync 1 DAGs
[2025-08-25T15:27:41.789+0300] {logging_mixin.py:190} INFO - [2025-08-25T15:27:41.788+0300] {dag.py:3262} INFO - Creating ORM DAG for tutorial_dag
[2025-08-25T15:27:41.790+0300] {logging_mixin.py:190} INFO - [2025-08-25T15:27:41.790+0300] {dag.py:4180} INFO - Setting next_dagrun for tutorial_dag to None, run_after=None
[2025-08-25T15:27:41.822+0300] {processor.py:208} INFO - Processing /mnt/d/Образование/career_courses_postupashky_start/ML/ДЗ/Хард/small_mlflow_pipeline/.venv/lib/python3.12/site-packages/airflow/example_dags/tutorial_dag.py took 0.920 seconds
[2025-08-25T15:28:46.024+0300] {processor.py:186} INFO - Started process (PID=777) to work on /mnt/d/Образование/career_courses_postupashky_start/ML/ДЗ/Хард/small_mlflow_pipeline/.venv/lib/python3.12/site-packages/airflow/example_dags/tutorial_dag.py
[2025-08-25T15:28:46.025+0300] {processor.py:914} INFO - Processing file /mnt/d/Образование/career_courses_postupashky_start/ML/ДЗ/Хард/small_mlflow_pipeline/.venv/lib/python3.12/site-packages/airflow/example_dags/tutorial_dag.py for tasks to queue
[2025-08-25T15:28:46.027+0300] {logging_mixin.py:190} INFO - [2025-08-25T15:28:46.026+0300] {dagbag.py:588} INFO - Filling up the DagBag from /mnt/d/Образование/career_courses_postupashky_start/ML/ДЗ/Хард/small_mlflow_pipeline/.venv/lib/python3.12/site-packages/airflow/example_dags/tutorial_dag.py
[2025-08-25T15:28:46.082+0300] {processor.py:925} INFO - DAG(s) 'tutorial_dag' retrieved from /mnt/d/Образование/career_courses_postupashky_start/ML/ДЗ/Хард/small_mlflow_pipeline/.venv/lib/python3.12/site-packages/airflow/example_dags/tutorial_dag.py
[2025-08-25T15:28:46.138+0300] {logging_mixin.py:190} INFO - [2025-08-25T15:28:46.137+0300] {dag.py:3239} INFO - Sync 1 DAGs
[2025-08-25T15:28:46.147+0300] {logging_mixin.py:190} INFO - [2025-08-25T15:28:46.147+0300] {dag.py:4180} INFO - Setting next_dagrun for tutorial_dag to None, run_after=None
[2025-08-25T15:28:46.186+0300] {processor.py:208} INFO - Processing /mnt/d/Образование/career_courses_postupashky_start/ML/ДЗ/Хард/small_mlflow_pipeline/.venv/lib/python3.12/site-packages/airflow/example_dags/tutorial_dag.py took 0.168 seconds
[2025-08-25T15:31:59.556+0300] {processor.py:186} INFO - Started process (PID=1671) to work on /mnt/d/Образование/career_courses_postupashky_start/ML/ДЗ/Хард/small_mlflow_pipeline/.venv/lib/python3.12/site-packages/airflow/example_dags/tutorial_dag.py
[2025-08-25T15:31:59.557+0300] {processor.py:914} INFO - Processing file /mnt/d/Образование/career_courses_postupashky_start/ML/ДЗ/Хард/small_mlflow_pipeline/.venv/lib/python3.12/site-packages/airflow/example_dags/tutorial_dag.py for tasks to queue
[2025-08-25T15:31:59.559+0300] {logging_mixin.py:190} INFO - [2025-08-25T15:31:59.558+0300] {dagbag.py:588} INFO - Filling up the DagBag from /mnt/d/Образование/career_courses_postupashky_start/ML/ДЗ/Хард/small_mlflow_pipeline/.venv/lib/python3.12/site-packages/airflow/example_dags/tutorial_dag.py
[2025-08-25T15:31:59.616+0300] {processor.py:925} INFO - DAG(s) 'tutorial_dag' retrieved from /mnt/d/Образование/career_courses_postupashky_start/ML/ДЗ/Хард/small_mlflow_pipeline/.venv/lib/python3.12/site-packages/airflow/example_dags/tutorial_dag.py
[2025-08-25T15:31:59.671+0300] {logging_mixin.py:190} INFO - [2025-08-25T15:31:59.670+0300] {dag.py:3239} INFO - Sync 1 DAGs
[2025-08-25T15:31:59.679+0300] {logging_mixin.py:190} INFO - [2025-08-25T15:31:59.679+0300] {dag.py:4180} INFO - Setting next_dagrun for tutorial_dag to None, run_after=None
[2025-08-25T15:31:59.715+0300] {processor.py:208} INFO - Processing /mnt/d/Образование/career_courses_postupashky_start/ML/ДЗ/Хард/small_mlflow_pipeline/.venv/lib/python3.12/site-packages/airflow/example_dags/tutorial_dag.py took 0.165 seconds
[2025-08-25T15:33:21.245+0300] {processor.py:186} INFO - Started process (PID=2291) to work on /mnt/d/Образование/career_courses_postupashky_start/ML/ДЗ/Хард/small_mlflow_pipeline/.venv/lib/python3.12/site-packages/airflow/example_dags/tutorial_dag.py
[2025-08-25T15:33:21.246+0300] {processor.py:914} INFO - Processing file /mnt/d/Образование/career_courses_postupashky_start/ML/ДЗ/Хард/small_mlflow_pipeline/.venv/lib/python3.12/site-packages/airflow/example_dags/tutorial_dag.py for tasks to queue
[2025-08-25T15:33:21.248+0300] {logging_mixin.py:190} INFO - [2025-08-25T15:33:21.248+0300] {dagbag.py:588} INFO - Filling up the DagBag from /mnt/d/Образование/career_courses_postupashky_start/ML/ДЗ/Хард/small_mlflow_pipeline/.venv/lib/python3.12/site-packages/airflow/example_dags/tutorial_dag.py
[2025-08-25T15:33:21.285+0300] {processor.py:925} INFO - DAG(s) 'tutorial_dag' retrieved from /mnt/d/Образование/career_courses_postupashky_start/ML/ДЗ/Хард/small_mlflow_pipeline/.venv/lib/python3.12/site-packages/airflow/example_dags/tutorial_dag.py
[2025-08-25T15:33:21.301+0300] {logging_mixin.py:190} INFO - [2025-08-25T15:33:21.300+0300] {dag.py:3239} INFO - Sync 1 DAGs
[2025-08-25T15:33:21.310+0300] {logging_mixin.py:190} INFO - [2025-08-25T15:33:21.309+0300] {dag.py:4180} INFO - Setting next_dagrun for tutorial_dag to None, run_after=None
[2025-08-25T15:33:21.345+0300] {processor.py:208} INFO - Processing /mnt/d/Образование/career_courses_postupashky_start/ML/ДЗ/Хард/small_mlflow_pipeline/.venv/lib/python3.12/site-packages/airflow/example_dags/tutorial_dag.py took 0.106 seconds
[2025-08-25T15:34:08.765+0300] {processor.py:186} INFO - Started process (PID=2465) to work on /mnt/d/Образование/career_courses_postupashky_start/ML/ДЗ/Хард/small_mlflow_pipeline/.venv/lib/python3.12/site-packages/airflow/example_dags/tutorial_dag.py
[2025-08-25T15:34:08.766+0300] {processor.py:914} INFO - Processing file /mnt/d/Образование/career_courses_postupashky_start/ML/ДЗ/Хард/small_mlflow_pipeline/.venv/lib/python3.12/site-packages/airflow/example_dags/tutorial_dag.py for tasks to queue
[2025-08-25T15:34:08.767+0300] {logging_mixin.py:190} INFO - [2025-08-25T15:34:08.767+0300] {dagbag.py:588} INFO - Filling up the DagBag from /mnt/d/Образование/career_courses_postupashky_start/ML/ДЗ/Хард/small_mlflow_pipeline/.venv/lib/python3.12/site-packages/airflow/example_dags/tutorial_dag.py
[2025-08-25T15:34:08.802+0300] {processor.py:925} INFO - DAG(s) 'tutorial_dag' retrieved from /mnt/d/Образование/career_courses_postupashky_start/ML/ДЗ/Хард/small_mlflow_pipeline/.venv/lib/python3.12/site-packages/airflow/example_dags/tutorial_dag.py
[2025-08-25T15:34:08.817+0300] {logging_mixin.py:190} INFO - [2025-08-25T15:34:08.817+0300] {dag.py:3239} INFO - Sync 1 DAGs
[2025-08-25T15:34:08.826+0300] {logging_mixin.py:190} INFO - [2025-08-25T15:34:08.826+0300] {dag.py:4180} INFO - Setting next_dagrun for tutorial_dag to None, run_after=None
[2025-08-25T15:34:08.862+0300] {processor.py:208} INFO - Processing /mnt/d/Образование/career_courses_postupashky_start/ML/ДЗ/Хард/small_mlflow_pipeline/.venv/lib/python3.12/site-packages/airflow/example_dags/tutorial_dag.py took 0.104 seconds
[2025-08-25T15:35:16.201+0300] {processor.py:186} INFO - Started process (PID=2686) to work on /mnt/d/Образование/career_courses_postupashky_start/ML/ДЗ/Хард/small_mlflow_pipeline/.venv/lib/python3.12/site-packages/airflow/example_dags/tutorial_dag.py
[2025-08-25T15:35:16.201+0300] {processor.py:914} INFO - Processing file /mnt/d/Образование/career_courses_postupashky_start/ML/ДЗ/Хард/small_mlflow_pipeline/.venv/lib/python3.12/site-packages/airflow/example_dags/tutorial_dag.py for tasks to queue
[2025-08-25T15:35:16.203+0300] {logging_mixin.py:190} INFO - [2025-08-25T15:35:16.203+0300] {dagbag.py:588} INFO - Filling up the DagBag from /mnt/d/Образование/career_courses_postupashky_start/ML/ДЗ/Хард/small_mlflow_pipeline/.venv/lib/python3.12/site-packages/airflow/example_dags/tutorial_dag.py
[2025-08-25T15:35:16.236+0300] {processor.py:925} INFO - DAG(s) 'tutorial_dag' retrieved from /mnt/d/Образование/career_courses_postupashky_start/ML/ДЗ/Хард/small_mlflow_pipeline/.venv/lib/python3.12/site-packages/airflow/example_dags/tutorial_dag.py
[2025-08-25T15:35:16.251+0300] {logging_mixin.py:190} INFO - [2025-08-25T15:35:16.251+0300] {dag.py:3239} INFO - Sync 1 DAGs
[2025-08-25T15:35:16.260+0300] {logging_mixin.py:190} INFO - [2025-08-25T15:35:16.259+0300] {dag.py:4180} INFO - Setting next_dagrun for tutorial_dag to None, run_after=None
[2025-08-25T15:35:16.293+0300] {processor.py:208} INFO - Processing /mnt/d/Образование/career_courses_postupashky_start/ML/ДЗ/Хард/small_mlflow_pipeline/.venv/lib/python3.12/site-packages/airflow/example_dags/tutorial_dag.py took 0.099 seconds
[2025-08-25T15:36:24.290+0300] {processor.py:186} INFO - Started process (PID=2912) to work on /mnt/d/Образование/career_courses_postupashky_start/ML/ДЗ/Хард/small_mlflow_pipeline/.venv/lib/python3.12/site-packages/airflow/example_dags/tutorial_dag.py
[2025-08-25T15:36:24.291+0300] {processor.py:914} INFO - Processing file /mnt/d/Образование/career_courses_postupashky_start/ML/ДЗ/Хард/small_mlflow_pipeline/.venv/lib/python3.12/site-packages/airflow/example_dags/tutorial_dag.py for tasks to queue
[2025-08-25T15:36:24.293+0300] {logging_mixin.py:190} INFO - [2025-08-25T15:36:24.292+0300] {dagbag.py:588} INFO - Filling up the DagBag from /mnt/d/Образование/career_courses_postupashky_start/ML/ДЗ/Хард/small_mlflow_pipeline/.venv/lib/python3.12/site-packages/airflow/example_dags/tutorial_dag.py
[2025-08-25T15:36:24.327+0300] {processor.py:925} INFO - DAG(s) 'tutorial_dag' retrieved from /mnt/d/Образование/career_courses_postupashky_start/ML/ДЗ/Хард/small_mlflow_pipeline/.venv/lib/python3.12/site-packages/airflow/example_dags/tutorial_dag.py
[2025-08-25T15:36:24.342+0300] {logging_mixin.py:190} INFO - [2025-08-25T15:36:24.341+0300] {dag.py:3239} INFO - Sync 1 DAGs
[2025-08-25T15:36:24.351+0300] {logging_mixin.py:190} INFO - [2025-08-25T15:36:24.350+0300] {dag.py:4180} INFO - Setting next_dagrun for tutorial_dag to None, run_after=None
[2025-08-25T15:36:24.385+0300] {processor.py:208} INFO - Processing /mnt/d/Образование/career_courses_postupashky_start/ML/ДЗ/Хард/small_mlflow_pipeline/.venv/lib/python3.12/site-packages/airflow/example_dags/tutorial_dag.py took 0.101 seconds
