[2025-08-25T15:27:38.767+0300] {processor.py:186} INFO - Started process (PID=512) to work on /mnt/d/Образование/career_courses_postupashky_start/ML/ДЗ/Хард/small_mlflow_pipeline/.venv/lib/python3.12/site-packages/airflow/example_dags/tutorial_objectstorage.py
[2025-08-25T15:27:38.767+0300] {processor.py:914} INFO - Processing file /mnt/d/Образование/career_courses_postupashky_start/ML/ДЗ/Хард/small_mlflow_pipeline/.venv/lib/python3.12/site-packages/airflow/example_dags/tutorial_objectstorage.py for tasks to queue
[2025-08-25T15:27:38.769+0300] {logging_mixin.py:190} INFO - [2025-08-25T15:27:38.769+0300] {dagbag.py:588} INFO - Filling up the DagBag from /mnt/d/Образование/career_courses_postupashky_start/ML/ДЗ/Хард/small_mlflow_pipeline/.venv/lib/python3.12/site-packages/airflow/example_dags/tutorial_objectstorage.py
[2025-08-25T15:27:38.823+0300] {processor.py:925} INFO - DAG(s) 'tutorial_objectstorage' retrieved from /mnt/d/Образование/career_courses_postupashky_start/ML/ДЗ/Хард/small_mlflow_pipeline/.venv/lib/python3.12/site-packages/airflow/example_dags/tutorial_objectstorage.py
[2025-08-25T15:27:39.486+0300] {logging_mixin.py:190} INFO - [2025-08-25T15:27:39.485+0300] {override.py:1930} INFO - Created Permission View: can edit on DAG:tutorial_objectstorage
[2025-08-25T15:27:39.506+0300] {logging_mixin.py:190} INFO - [2025-08-25T15:27:39.505+0300] {override.py:1930} INFO - Created Permission View: can read on DAG:tutorial_objectstorage
[2025-08-25T15:27:39.524+0300] {logging_mixin.py:190} INFO - [2025-08-25T15:27:39.524+0300] {override.py:1930} INFO - Created Permission View: can delete on DAG:tutorial_objectstorage
[2025-08-25T15:27:39.553+0300] {logging_mixin.py:190} INFO - [2025-08-25T15:27:39.552+0300] {override.py:1930} INFO - Created Permission View: menu access on DAG Run:tutorial_objectstorage
[2025-08-25T15:27:39.571+0300] {logging_mixin.py:190} INFO - [2025-08-25T15:27:39.570+0300] {override.py:1930} INFO - Created Permission View: can delete on DAG Run:tutorial_objectstorage
[2025-08-25T15:27:39.588+0300] {logging_mixin.py:190} INFO - [2025-08-25T15:27:39.588+0300] {override.py:1930} INFO - Created Permission View: can read on DAG Run:tutorial_objectstorage
[2025-08-25T15:27:39.606+0300] {logging_mixin.py:190} INFO - [2025-08-25T15:27:39.606+0300] {override.py:1930} INFO - Created Permission View: can create on DAG Run:tutorial_objectstorage
[2025-08-25T15:27:39.608+0300] {logging_mixin.py:190} INFO - [2025-08-25T15:27:39.607+0300] {dag.py:3239} INFO - Sync 1 DAGs
[2025-08-25T15:27:39.620+0300] {logging_mixin.py:190} INFO - [2025-08-25T15:27:39.620+0300] {dag.py:3262} INFO - Creating ORM DAG for tutorial_objectstorage
[2025-08-25T15:27:39.622+0300] {logging_mixin.py:190} INFO - [2025-08-25T15:27:39.621+0300] {dag.py:4180} INFO - Setting next_dagrun for tutorial_objectstorage to None, run_after=None
[2025-08-25T15:27:39.663+0300] {processor.py:208} INFO - Processing /mnt/d/Образование/career_courses_postupashky_start/ML/ДЗ/Хард/small_mlflow_pipeline/.venv/lib/python3.12/site-packages/airflow/example_dags/tutorial_objectstorage.py took 0.902 seconds
[2025-08-25T15:28:44.740+0300] {processor.py:186} INFO - Started process (PID=764) to work on /mnt/d/Образование/career_courses_postupashky_start/ML/ДЗ/Хард/small_mlflow_pipeline/.venv/lib/python3.12/site-packages/airflow/example_dags/tutorial_objectstorage.py
[2025-08-25T15:28:44.741+0300] {processor.py:914} INFO - Processing file /mnt/d/Образование/career_courses_postupashky_start/ML/ДЗ/Хард/small_mlflow_pipeline/.venv/lib/python3.12/site-packages/airflow/example_dags/tutorial_objectstorage.py for tasks to queue
[2025-08-25T15:28:44.743+0300] {logging_mixin.py:190} INFO - [2025-08-25T15:28:44.742+0300] {dagbag.py:588} INFO - Filling up the DagBag from /mnt/d/Образование/career_courses_postupashky_start/ML/ДЗ/Хард/small_mlflow_pipeline/.venv/lib/python3.12/site-packages/airflow/example_dags/tutorial_objectstorage.py
[2025-08-25T15:28:44.799+0300] {processor.py:925} INFO - DAG(s) 'tutorial_objectstorage' retrieved from /mnt/d/Образование/career_courses_postupashky_start/ML/ДЗ/Хард/small_mlflow_pipeline/.venv/lib/python3.12/site-packages/airflow/example_dags/tutorial_objectstorage.py
[2025-08-25T15:28:44.854+0300] {logging_mixin.py:190} INFO - [2025-08-25T15:28:44.854+0300] {dag.py:3239} INFO - Sync 1 DAGs
[2025-08-25T15:28:44.864+0300] {logging_mixin.py:190} INFO - [2025-08-25T15:28:44.863+0300] {dag.py:4180} INFO - Setting next_dagrun for tutorial_objectstorage to None, run_after=None
[2025-08-25T15:28:44.901+0300] {processor.py:208} INFO - Processing /mnt/d/Образование/career_courses_postupashky_start/ML/ДЗ/Хард/small_mlflow_pipeline/.venv/lib/python3.12/site-packages/airflow/example_dags/tutorial_objectstorage.py took 0.167 seconds
[2025-08-25T15:31:58.284+0300] {processor.py:186} INFO - Started process (PID=1640) to work on /mnt/d/Образование/career_courses_postupashky_start/ML/ДЗ/Хард/small_mlflow_pipeline/.venv/lib/python3.12/site-packages/airflow/example_dags/tutorial_objectstorage.py
[2025-08-25T15:31:58.285+0300] {processor.py:914} INFO - Processing file /mnt/d/Образование/career_courses_postupashky_start/ML/ДЗ/Хард/small_mlflow_pipeline/.venv/lib/python3.12/site-packages/airflow/example_dags/tutorial_objectstorage.py for tasks to queue
[2025-08-25T15:31:58.287+0300] {logging_mixin.py:190} INFO - [2025-08-25T15:31:58.286+0300] {dagbag.py:588} INFO - Filling up the DagBag from /mnt/d/Образование/career_courses_postupashky_start/ML/ДЗ/Хард/small_mlflow_pipeline/.venv/lib/python3.12/site-packages/airflow/example_dags/tutorial_objectstorage.py
[2025-08-25T15:31:58.334+0300] {processor.py:925} INFO - DAG(s) 'tutorial_objectstorage' retrieved from /mnt/d/Образование/career_courses_postupashky_start/ML/ДЗ/Хард/small_mlflow_pipeline/.venv/lib/python3.12/site-packages/airflow/example_dags/tutorial_objectstorage.py
[2025-08-25T15:31:58.389+0300] {logging_mixin.py:190} INFO - [2025-08-25T15:31:58.389+0300] {dag.py:3239} INFO - Sync 1 DAGs
[2025-08-25T15:31:58.399+0300] {logging_mixin.py:190} INFO - [2025-08-25T15:31:58.399+0300] {dag.py:4180} INFO - Setting next_dagrun for tutorial_objectstorage to None, run_after=None
[2025-08-25T15:31:58.432+0300] {processor.py:208} INFO - Processing /mnt/d/Образование/career_courses_postupashky_start/ML/ДЗ/Хард/small_mlflow_pipeline/.venv/lib/python3.12/site-packages/airflow/example_dags/tutorial_objectstorage.py took 0.154 seconds
[2025-08-25T15:33:20.946+0300] {processor.py:186} INFO - Started process (PID=2290) to work on /mnt/d/Образование/career_courses_postupashky_start/ML/ДЗ/Хард/small_mlflow_pipeline/.venv/lib/python3.12/site-packages/airflow/example_dags/tutorial_objectstorage.py
[2025-08-25T15:33:20.947+0300] {processor.py:914} INFO - Processing file /mnt/d/Образование/career_courses_postupashky_start/ML/ДЗ/Хард/small_mlflow_pipeline/.venv/lib/python3.12/site-packages/airflow/example_dags/tutorial_objectstorage.py for tasks to queue
[2025-08-25T15:33:20.949+0300] {logging_mixin.py:190} INFO - [2025-08-25T15:33:20.948+0300] {dagbag.py:588} INFO - Filling up the DagBag from /mnt/d/Образование/career_courses_postupashky_start/ML/ДЗ/Хард/small_mlflow_pipeline/.venv/lib/python3.12/site-packages/airflow/example_dags/tutorial_objectstorage.py
[2025-08-25T15:33:20.983+0300] {processor.py:925} INFO - DAG(s) 'tutorial_objectstorage' retrieved from /mnt/d/Образование/career_courses_postupashky_start/ML/ДЗ/Хард/small_mlflow_pipeline/.venv/lib/python3.12/site-packages/airflow/example_dags/tutorial_objectstorage.py
[2025-08-25T15:33:20.998+0300] {logging_mixin.py:190} INFO - [2025-08-25T15:33:20.997+0300] {dag.py:3239} INFO - Sync 1 DAGs
[2025-08-25T15:33:21.008+0300] {logging_mixin.py:190} INFO - [2025-08-25T15:33:21.007+0300] {dag.py:4180} INFO - Setting next_dagrun for tutorial_objectstorage to None, run_after=None
[2025-08-25T15:33:21.052+0300] {processor.py:208} INFO - Processing /mnt/d/Образование/career_courses_postupashky_start/ML/ДЗ/Хард/small_mlflow_pipeline/.venv/lib/python3.12/site-packages/airflow/example_dags/tutorial_objectstorage.py took 0.113 seconds
[2025-08-25T15:34:08.280+0300] {processor.py:186} INFO - Started process (PID=2461) to work on /mnt/d/Образование/career_courses_postupashky_start/ML/ДЗ/Хард/small_mlflow_pipeline/.venv/lib/python3.12/site-packages/airflow/example_dags/tutorial_objectstorage.py
[2025-08-25T15:34:08.281+0300] {processor.py:914} INFO - Processing file /mnt/d/Образование/career_courses_postupashky_start/ML/ДЗ/Хард/small_mlflow_pipeline/.venv/lib/python3.12/site-packages/airflow/example_dags/tutorial_objectstorage.py for tasks to queue
[2025-08-25T15:34:08.283+0300] {logging_mixin.py:190} INFO - [2025-08-25T15:34:08.282+0300] {dagbag.py:588} INFO - Filling up the DagBag from /mnt/d/Образование/career_courses_postupashky_start/ML/ДЗ/Хард/small_mlflow_pipeline/.venv/lib/python3.12/site-packages/airflow/example_dags/tutorial_objectstorage.py
[2025-08-25T15:34:08.317+0300] {processor.py:925} INFO - DAG(s) 'tutorial_objectstorage' retrieved from /mnt/d/Образование/career_courses_postupashky_start/ML/ДЗ/Хард/small_mlflow_pipeline/.venv/lib/python3.12/site-packages/airflow/example_dags/tutorial_objectstorage.py
[2025-08-25T15:34:08.332+0300] {logging_mixin.py:190} INFO - [2025-08-25T15:34:08.331+0300] {dag.py:3239} INFO - Sync 1 DAGs
[2025-08-25T15:34:08.340+0300] {logging_mixin.py:190} INFO - [2025-08-25T15:34:08.340+0300] {dag.py:4180} INFO - Setting next_dagrun for tutorial_objectstorage to None, run_after=None
[2025-08-25T15:34:08.374+0300] {processor.py:208} INFO - Processing /mnt/d/Образование/career_courses_postupashky_start/ML/ДЗ/Хард/small_mlflow_pipeline/.venv/lib/python3.12/site-packages/airflow/example_dags/tutorial_objectstorage.py took 0.101 seconds
[2025-08-25T15:35:14.927+0300] {processor.py:186} INFO - Started process (PID=2682) to work on /mnt/d/Образование/career_courses_postupashky_start/ML/ДЗ/Хард/small_mlflow_pipeline/.venv/lib/python3.12/site-packages/airflow/example_dags/tutorial_objectstorage.py
[2025-08-25T15:35:14.928+0300] {processor.py:914} INFO - Processing file /mnt/d/Образование/career_courses_postupashky_start/ML/ДЗ/Хард/small_mlflow_pipeline/.venv/lib/python3.12/site-packages/airflow/example_dags/tutorial_objectstorage.py for tasks to queue
[2025-08-25T15:35:14.930+0300] {logging_mixin.py:190} INFO - [2025-08-25T15:35:14.930+0300] {dagbag.py:588} INFO - Filling up the DagBag from /mnt/d/Образование/career_courses_postupashky_start/ML/ДЗ/Хард/small_mlflow_pipeline/.venv/lib/python3.12/site-packages/airflow/example_dags/tutorial_objectstorage.py
[2025-08-25T15:35:14.966+0300] {processor.py:925} INFO - DAG(s) 'tutorial_objectstorage' retrieved from /mnt/d/Образование/career_courses_postupashky_start/ML/ДЗ/Хард/small_mlflow_pipeline/.venv/lib/python3.12/site-packages/airflow/example_dags/tutorial_objectstorage.py
[2025-08-25T15:35:14.982+0300] {logging_mixin.py:190} INFO - [2025-08-25T15:35:14.981+0300] {dag.py:3239} INFO - Sync 1 DAGs
[2025-08-25T15:35:14.992+0300] {logging_mixin.py:190} INFO - [2025-08-25T15:35:14.991+0300] {dag.py:4180} INFO - Setting next_dagrun for tutorial_objectstorage to None, run_after=None
[2025-08-25T15:35:15.026+0300] {processor.py:208} INFO - Processing /mnt/d/Образование/career_courses_postupashky_start/ML/ДЗ/Хард/small_mlflow_pipeline/.venv/lib/python3.12/site-packages/airflow/example_dags/tutorial_objectstorage.py took 0.106 seconds
[2025-08-25T15:36:23.468+0300] {processor.py:186} INFO - Started process (PID=2908) to work on /mnt/d/Образование/career_courses_postupashky_start/ML/ДЗ/Хард/small_mlflow_pipeline/.venv/lib/python3.12/site-packages/airflow/example_dags/tutorial_objectstorage.py
[2025-08-25T15:36:23.469+0300] {processor.py:914} INFO - Processing file /mnt/d/Образование/career_courses_postupashky_start/ML/ДЗ/Хард/small_mlflow_pipeline/.venv/lib/python3.12/site-packages/airflow/example_dags/tutorial_objectstorage.py for tasks to queue
[2025-08-25T15:36:23.471+0300] {logging_mixin.py:190} INFO - [2025-08-25T15:36:23.471+0300] {dagbag.py:588} INFO - Filling up the DagBag from /mnt/d/Образование/career_courses_postupashky_start/ML/ДЗ/Хард/small_mlflow_pipeline/.venv/lib/python3.12/site-packages/airflow/example_dags/tutorial_objectstorage.py
[2025-08-25T15:36:23.506+0300] {processor.py:925} INFO - DAG(s) 'tutorial_objectstorage' retrieved from /mnt/d/Образование/career_courses_postupashky_start/ML/ДЗ/Хард/small_mlflow_pipeline/.venv/lib/python3.12/site-packages/airflow/example_dags/tutorial_objectstorage.py
[2025-08-25T15:36:23.520+0300] {logging_mixin.py:190} INFO - [2025-08-25T15:36:23.520+0300] {dag.py:3239} INFO - Sync 1 DAGs
[2025-08-25T15:36:23.528+0300] {logging_mixin.py:190} INFO - [2025-08-25T15:36:23.528+0300] {dag.py:4180} INFO - Setting next_dagrun for tutorial_objectstorage to None, run_after=None
[2025-08-25T15:36:23.564+0300] {processor.py:208} INFO - Processing /mnt/d/Образование/career_courses_postupashky_start/ML/ДЗ/Хард/small_mlflow_pipeline/.venv/lib/python3.12/site-packages/airflow/example_dags/tutorial_objectstorage.py took 0.102 seconds
