[2025-08-25T15:27:42.137+0300] {processor.py:186} INFO - Started process (PID=529) to work on /mnt/d/Образование/career_courses_postupashky_start/ML/ДЗ/Хард/small_mlflow_pipeline/.venv/lib/python3.12/site-packages/airflow/example_dags/tutorial.py
[2025-08-25T15:27:42.138+0300] {processor.py:914} INFO - Processing file /mnt/d/Образование/career_courses_postupashky_start/ML/ДЗ/Хард/small_mlflow_pipeline/.venv/lib/python3.12/site-packages/airflow/example_dags/tutorial.py for tasks to queue
[2025-08-25T15:27:42.140+0300] {logging_mixin.py:190} INFO - [2025-08-25T15:27:42.139+0300] {dagbag.py:588} INFO - Filling up the DagBag from /mnt/d/Образование/career_courses_postupashky_start/ML/ДЗ/Хард/small_mlflow_pipeline/.venv/lib/python3.12/site-packages/airflow/example_dags/tutorial.py
[2025-08-25T15:27:42.198+0300] {processor.py:925} INFO - DAG(s) 'tutorial' retrieved from /mnt/d/Образование/career_courses_postupashky_start/ML/ДЗ/Хард/small_mlflow_pipeline/.venv/lib/python3.12/site-packages/airflow/example_dags/tutorial.py
[2025-08-25T15:27:42.858+0300] {logging_mixin.py:190} INFO - [2025-08-25T15:27:42.857+0300] {override.py:1930} INFO - Created Permission View: can edit on DAG:tutorial
[2025-08-25T15:27:42.878+0300] {logging_mixin.py:190} INFO - [2025-08-25T15:27:42.877+0300] {override.py:1930} INFO - Created Permission View: can read on DAG:tutorial
[2025-08-25T15:27:42.899+0300] {logging_mixin.py:190} INFO - [2025-08-25T15:27:42.898+0300] {override.py:1930} INFO - Created Permission View: can delete on DAG:tutorial
[2025-08-25T15:27:42.935+0300] {logging_mixin.py:190} INFO - [2025-08-25T15:27:42.935+0300] {override.py:1930} INFO - Created Permission View: menu access on DAG Run:tutorial
[2025-08-25T15:27:42.957+0300] {logging_mixin.py:190} INFO - [2025-08-25T15:27:42.956+0300] {override.py:1930} INFO - Created Permission View: can delete on DAG Run:tutorial
[2025-08-25T15:27:42.978+0300] {logging_mixin.py:190} INFO - [2025-08-25T15:27:42.977+0300] {override.py:1930} INFO - Created Permission View: can read on DAG Run:tutorial
[2025-08-25T15:27:42.999+0300] {logging_mixin.py:190} INFO - [2025-08-25T15:27:42.999+0300] {override.py:1930} INFO - Created Permission View: can create on DAG Run:tutorial
[2025-08-25T15:27:43.001+0300] {logging_mixin.py:190} INFO - [2025-08-25T15:27:43.000+0300] {dag.py:3239} INFO - Sync 1 DAGs
[2025-08-25T15:27:43.014+0300] {logging_mixin.py:190} INFO - [2025-08-25T15:27:43.013+0300] {dag.py:3262} INFO - Creating ORM DAG for tutorial
[2025-08-25T15:27:43.026+0300] {logging_mixin.py:190} INFO - [2025-08-25T15:27:43.025+0300] {dag.py:4180} INFO - Setting next_dagrun for tutorial to 2025-08-24 00:00:00+00:00, run_after=2025-08-25 00:00:00+00:00
[2025-08-25T15:27:43.140+0300] {processor.py:208} INFO - Processing /mnt/d/Образование/career_courses_postupashky_start/ML/ДЗ/Хард/small_mlflow_pipeline/.venv/lib/python3.12/site-packages/airflow/example_dags/tutorial.py took 1.010 seconds
[2025-08-25T15:28:47.294+0300] {processor.py:186} INFO - Started process (PID=781) to work on /mnt/d/Образование/career_courses_postupashky_start/ML/ДЗ/Хард/small_mlflow_pipeline/.venv/lib/python3.12/site-packages/airflow/example_dags/tutorial.py
[2025-08-25T15:28:47.295+0300] {processor.py:914} INFO - Processing file /mnt/d/Образование/career_courses_postupashky_start/ML/ДЗ/Хард/small_mlflow_pipeline/.venv/lib/python3.12/site-packages/airflow/example_dags/tutorial.py for tasks to queue
[2025-08-25T15:28:47.297+0300] {logging_mixin.py:190} INFO - [2025-08-25T15:28:47.297+0300] {dagbag.py:588} INFO - Filling up the DagBag from /mnt/d/Образование/career_courses_postupashky_start/ML/ДЗ/Хард/small_mlflow_pipeline/.venv/lib/python3.12/site-packages/airflow/example_dags/tutorial.py
[2025-08-25T15:28:47.352+0300] {processor.py:925} INFO - DAG(s) 'tutorial' retrieved from /mnt/d/Образование/career_courses_postupashky_start/ML/ДЗ/Хард/small_mlflow_pipeline/.venv/lib/python3.12/site-packages/airflow/example_dags/tutorial.py
[2025-08-25T15:28:47.408+0300] {logging_mixin.py:190} INFO - [2025-08-25T15:28:47.407+0300] {dag.py:3239} INFO - Sync 1 DAGs
[2025-08-25T15:28:47.425+0300] {logging_mixin.py:190} INFO - [2025-08-25T15:28:47.425+0300] {dag.py:4180} INFO - Setting next_dagrun for tutorial to 2025-08-24 00:00:00+00:00, run_after=2025-08-25 00:00:00+00:00
[2025-08-25T15:28:47.462+0300] {processor.py:208} INFO - Processing /mnt/d/Образование/career_courses_postupashky_start/ML/ДЗ/Хард/small_mlflow_pipeline/.venv/lib/python3.12/site-packages/airflow/example_dags/tutorial.py took 0.174 seconds
[2025-08-25T15:32:00.819+0300] {processor.py:186} INFO - Started process (PID=1673) to work on /mnt/d/Образование/career_courses_postupashky_start/ML/ДЗ/Хард/small_mlflow_pipeline/.venv/lib/python3.12/site-packages/airflow/example_dags/tutorial.py
[2025-08-25T15:32:00.820+0300] {processor.py:914} INFO - Processing file /mnt/d/Образование/career_courses_postupashky_start/ML/ДЗ/Хард/small_mlflow_pipeline/.venv/lib/python3.12/site-packages/airflow/example_dags/tutorial.py for tasks to queue
[2025-08-25T15:32:00.822+0300] {logging_mixin.py:190} INFO - [2025-08-25T15:32:00.822+0300] {dagbag.py:588} INFO - Filling up the DagBag from /mnt/d/Образование/career_courses_postupashky_start/ML/ДЗ/Хард/small_mlflow_pipeline/.venv/lib/python3.12/site-packages/airflow/example_dags/tutorial.py
[2025-08-25T15:32:00.875+0300] {processor.py:925} INFO - DAG(s) 'tutorial' retrieved from /mnt/d/Образование/career_courses_postupashky_start/ML/ДЗ/Хард/small_mlflow_pipeline/.venv/lib/python3.12/site-packages/airflow/example_dags/tutorial.py
[2025-08-25T15:32:00.929+0300] {logging_mixin.py:190} INFO - [2025-08-25T15:32:00.929+0300] {dag.py:3239} INFO - Sync 1 DAGs
[2025-08-25T15:32:00.946+0300] {logging_mixin.py:190} INFO - [2025-08-25T15:32:00.946+0300] {dag.py:4180} INFO - Setting next_dagrun for tutorial to 2025-08-24 00:00:00+00:00, run_after=2025-08-25 00:00:00+00:00
[2025-08-25T15:32:00.982+0300] {processor.py:208} INFO - Processing /mnt/d/Образование/career_courses_postupashky_start/ML/ДЗ/Хард/small_mlflow_pipeline/.venv/lib/python3.12/site-packages/airflow/example_dags/tutorial.py took 0.168 seconds
[2025-08-25T15:33:22.466+0300] {processor.py:186} INFO - Started process (PID=2295) to work on /mnt/d/Образование/career_courses_postupashky_start/ML/ДЗ/Хард/small_mlflow_pipeline/.venv/lib/python3.12/site-packages/airflow/example_dags/tutorial.py
[2025-08-25T15:33:22.467+0300] {processor.py:914} INFO - Processing file /mnt/d/Образование/career_courses_postupashky_start/ML/ДЗ/Хард/small_mlflow_pipeline/.venv/lib/python3.12/site-packages/airflow/example_dags/tutorial.py for tasks to queue
[2025-08-25T15:33:22.470+0300] {logging_mixin.py:190} INFO - [2025-08-25T15:33:22.469+0300] {dagbag.py:588} INFO - Filling up the DagBag from /mnt/d/Образование/career_courses_postupashky_start/ML/ДЗ/Хард/small_mlflow_pipeline/.venv/lib/python3.12/site-packages/airflow/example_dags/tutorial.py
[2025-08-25T15:33:22.504+0300] {processor.py:925} INFO - DAG(s) 'tutorial' retrieved from /mnt/d/Образование/career_courses_postupashky_start/ML/ДЗ/Хард/small_mlflow_pipeline/.venv/lib/python3.12/site-packages/airflow/example_dags/tutorial.py
[2025-08-25T15:33:22.518+0300] {logging_mixin.py:190} INFO - [2025-08-25T15:33:22.518+0300] {dag.py:3239} INFO - Sync 1 DAGs
[2025-08-25T15:33:22.535+0300] {logging_mixin.py:190} INFO - [2025-08-25T15:33:22.535+0300] {dag.py:4180} INFO - Setting next_dagrun for tutorial to 2025-08-24 00:00:00+00:00, run_after=2025-08-25 00:00:00+00:00
[2025-08-25T15:33:22.570+0300] {processor.py:208} INFO - Processing /mnt/d/Образование/career_courses_postupashky_start/ML/ДЗ/Хард/small_mlflow_pipeline/.venv/lib/python3.12/site-packages/airflow/example_dags/tutorial.py took 0.110 seconds
[2025-08-25T15:34:10.039+0300] {processor.py:186} INFO - Started process (PID=2466) to work on /mnt/d/Образование/career_courses_postupashky_start/ML/ДЗ/Хард/small_mlflow_pipeline/.venv/lib/python3.12/site-packages/airflow/example_dags/tutorial.py
[2025-08-25T15:34:10.040+0300] {processor.py:914} INFO - Processing file /mnt/d/Образование/career_courses_postupashky_start/ML/ДЗ/Хард/small_mlflow_pipeline/.venv/lib/python3.12/site-packages/airflow/example_dags/tutorial.py for tasks to queue
[2025-08-25T15:34:10.042+0300] {logging_mixin.py:190} INFO - [2025-08-25T15:34:10.041+0300] {dagbag.py:588} INFO - Filling up the DagBag from /mnt/d/Образование/career_courses_postupashky_start/ML/ДЗ/Хард/small_mlflow_pipeline/.venv/lib/python3.12/site-packages/airflow/example_dags/tutorial.py
[2025-08-25T15:34:10.076+0300] {processor.py:925} INFO - DAG(s) 'tutorial' retrieved from /mnt/d/Образование/career_courses_postupashky_start/ML/ДЗ/Хард/small_mlflow_pipeline/.venv/lib/python3.12/site-packages/airflow/example_dags/tutorial.py
[2025-08-25T15:34:10.093+0300] {logging_mixin.py:190} INFO - [2025-08-25T15:34:10.093+0300] {dag.py:3239} INFO - Sync 1 DAGs
[2025-08-25T15:34:10.112+0300] {logging_mixin.py:190} INFO - [2025-08-25T15:34:10.111+0300] {dag.py:4180} INFO - Setting next_dagrun for tutorial to 2025-08-24 00:00:00+00:00, run_after=2025-08-25 00:00:00+00:00
[2025-08-25T15:34:10.151+0300] {processor.py:208} INFO - Processing /mnt/d/Образование/career_courses_postupashky_start/ML/ДЗ/Хард/small_mlflow_pipeline/.venv/lib/python3.12/site-packages/airflow/example_dags/tutorial.py took 0.117 seconds
[2025-08-25T15:35:17.118+0300] {processor.py:186} INFO - Started process (PID=2687) to work on /mnt/d/Образование/career_courses_postupashky_start/ML/ДЗ/Хард/small_mlflow_pipeline/.venv/lib/python3.12/site-packages/airflow/example_dags/tutorial.py
[2025-08-25T15:35:17.119+0300] {processor.py:914} INFO - Processing file /mnt/d/Образование/career_courses_postupashky_start/ML/ДЗ/Хард/small_mlflow_pipeline/.venv/lib/python3.12/site-packages/airflow/example_dags/tutorial.py for tasks to queue
[2025-08-25T15:35:17.121+0300] {logging_mixin.py:190} INFO - [2025-08-25T15:35:17.121+0300] {dagbag.py:588} INFO - Filling up the DagBag from /mnt/d/Образование/career_courses_postupashky_start/ML/ДЗ/Хард/small_mlflow_pipeline/.venv/lib/python3.12/site-packages/airflow/example_dags/tutorial.py
[2025-08-25T15:35:17.156+0300] {processor.py:925} INFO - DAG(s) 'tutorial' retrieved from /mnt/d/Образование/career_courses_postupashky_start/ML/ДЗ/Хард/small_mlflow_pipeline/.venv/lib/python3.12/site-packages/airflow/example_dags/tutorial.py
[2025-08-25T15:35:17.170+0300] {logging_mixin.py:190} INFO - [2025-08-25T15:35:17.170+0300] {dag.py:3239} INFO - Sync 1 DAGs
[2025-08-25T15:35:17.187+0300] {logging_mixin.py:190} INFO - [2025-08-25T15:35:17.187+0300] {dag.py:4180} INFO - Setting next_dagrun for tutorial to 2025-08-24 00:00:00+00:00, run_after=2025-08-25 00:00:00+00:00
[2025-08-25T15:35:17.219+0300] {processor.py:208} INFO - Processing /mnt/d/Образование/career_courses_postupashky_start/ML/ДЗ/Хард/small_mlflow_pipeline/.venv/lib/python3.12/site-packages/airflow/example_dags/tutorial.py took 0.106 seconds
[2025-08-25T15:36:25.024+0300] {processor.py:186} INFO - Started process (PID=2913) to work on /mnt/d/Образование/career_courses_postupashky_start/ML/ДЗ/Хард/small_mlflow_pipeline/.venv/lib/python3.12/site-packages/airflow/example_dags/tutorial.py
[2025-08-25T15:36:25.025+0300] {processor.py:914} INFO - Processing file /mnt/d/Образование/career_courses_postupashky_start/ML/ДЗ/Хард/small_mlflow_pipeline/.venv/lib/python3.12/site-packages/airflow/example_dags/tutorial.py for tasks to queue
[2025-08-25T15:36:25.027+0300] {logging_mixin.py:190} INFO - [2025-08-25T15:36:25.027+0300] {dagbag.py:588} INFO - Filling up the DagBag from /mnt/d/Образование/career_courses_postupashky_start/ML/ДЗ/Хард/small_mlflow_pipeline/.venv/lib/python3.12/site-packages/airflow/example_dags/tutorial.py
[2025-08-25T15:36:25.061+0300] {processor.py:925} INFO - DAG(s) 'tutorial' retrieved from /mnt/d/Образование/career_courses_postupashky_start/ML/ДЗ/Хард/small_mlflow_pipeline/.venv/lib/python3.12/site-packages/airflow/example_dags/tutorial.py
[2025-08-25T15:36:25.077+0300] {logging_mixin.py:190} INFO - [2025-08-25T15:36:25.077+0300] {dag.py:3239} INFO - Sync 1 DAGs
[2025-08-25T15:36:25.093+0300] {logging_mixin.py:190} INFO - [2025-08-25T15:36:25.092+0300] {dag.py:4180} INFO - Setting next_dagrun for tutorial to 2025-08-24 00:00:00+00:00, run_after=2025-08-25 00:00:00+00:00
[2025-08-25T15:36:25.127+0300] {processor.py:208} INFO - Processing /mnt/d/Образование/career_courses_postupashky_start/ML/ДЗ/Хард/small_mlflow_pipeline/.venv/lib/python3.12/site-packages/airflow/example_dags/tutorial.py took 0.108 seconds
