[2025-08-25T15:27:33.418+0300] {processor.py:186} INFO - Started process (PID=491) to work on /mnt/d/Образование/career_courses_postupashky_start/ML/ДЗ/Хард/small_mlflow_pipeline/.venv/lib/python3.12/site-packages/airflow/example_dags/tutorial_taskflow_templates.py
[2025-08-25T15:27:33.419+0300] {processor.py:914} INFO - Processing file /mnt/d/Образование/career_courses_postupashky_start/ML/ДЗ/Хард/small_mlflow_pipeline/.venv/lib/python3.12/site-packages/airflow/example_dags/tutorial_taskflow_templates.py for tasks to queue
[2025-08-25T15:27:33.423+0300] {logging_mixin.py:190} INFO - [2025-08-25T15:27:33.422+0300] {dagbag.py:588} INFO - Filling up the DagBag from /mnt/d/Образование/career_courses_postupashky_start/ML/ДЗ/Хард/small_mlflow_pipeline/.venv/lib/python3.12/site-packages/airflow/example_dags/tutorial_taskflow_templates.py
[2025-08-25T15:27:33.486+0300] {processor.py:925} INFO - DAG(s) 'tutorial_taskflow_templates' retrieved from /mnt/d/Образование/career_courses_postupashky_start/ML/ДЗ/Хард/small_mlflow_pipeline/.venv/lib/python3.12/site-packages/airflow/example_dags/tutorial_taskflow_templates.py
[2025-08-25T15:27:34.129+0300] {logging_mixin.py:190} INFO - [2025-08-25T15:27:34.128+0300] {override.py:1930} INFO - Created Permission View: can edit on DAG:tutorial_taskflow_templates
[2025-08-25T15:27:34.149+0300] {logging_mixin.py:190} INFO - [2025-08-25T15:27:34.149+0300] {override.py:1930} INFO - Created Permission View: can read on DAG:tutorial_taskflow_templates
[2025-08-25T15:27:34.168+0300] {logging_mixin.py:190} INFO - [2025-08-25T15:27:34.167+0300] {override.py:1930} INFO - Created Permission View: can delete on DAG:tutorial_taskflow_templates
[2025-08-25T15:27:34.196+0300] {logging_mixin.py:190} INFO - [2025-08-25T15:27:34.196+0300] {override.py:1930} INFO - Created Permission View: menu access on DAG Run:tutorial_taskflow_templates
[2025-08-25T15:27:34.214+0300] {logging_mixin.py:190} INFO - [2025-08-25T15:27:34.213+0300] {override.py:1930} INFO - Created Permission View: can delete on DAG Run:tutorial_taskflow_templates
[2025-08-25T15:27:34.232+0300] {logging_mixin.py:190} INFO - [2025-08-25T15:27:34.231+0300] {override.py:1930} INFO - Created Permission View: can read on DAG Run:tutorial_taskflow_templates
[2025-08-25T15:27:34.249+0300] {logging_mixin.py:190} INFO - [2025-08-25T15:27:34.248+0300] {override.py:1930} INFO - Created Permission View: can create on DAG Run:tutorial_taskflow_templates
[2025-08-25T15:27:34.250+0300] {logging_mixin.py:190} INFO - [2025-08-25T15:27:34.249+0300] {dag.py:3239} INFO - Sync 1 DAGs
[2025-08-25T15:27:34.262+0300] {logging_mixin.py:190} INFO - [2025-08-25T15:27:34.261+0300] {dag.py:3262} INFO - Creating ORM DAG for tutorial_taskflow_templates
[2025-08-25T15:27:34.270+0300] {logging_mixin.py:190} INFO - [2025-08-25T15:27:34.270+0300] {dag.py:4180} INFO - Setting next_dagrun for tutorial_taskflow_templates to 2025-08-24 00:00:00+00:00, run_after=2025-08-25 00:00:00+00:00
[2025-08-25T15:27:34.305+0300] {processor.py:208} INFO - Processing /mnt/d/Образование/career_courses_postupashky_start/ML/ДЗ/Хард/small_mlflow_pipeline/.venv/lib/python3.12/site-packages/airflow/example_dags/tutorial_taskflow_templates.py took 0.893 seconds
[2025-08-25T15:28:41.034+0300] {processor.py:186} INFO - Started process (PID=752) to work on /mnt/d/Образование/career_courses_postupashky_start/ML/ДЗ/Хард/small_mlflow_pipeline/.venv/lib/python3.12/site-packages/airflow/example_dags/tutorial_taskflow_templates.py
[2025-08-25T15:28:41.035+0300] {processor.py:914} INFO - Processing file /mnt/d/Образование/career_courses_postupashky_start/ML/ДЗ/Хард/small_mlflow_pipeline/.venv/lib/python3.12/site-packages/airflow/example_dags/tutorial_taskflow_templates.py for tasks to queue
[2025-08-25T15:28:41.040+0300] {logging_mixin.py:190} INFO - [2025-08-25T15:28:41.039+0300] {dagbag.py:588} INFO - Filling up the DagBag from /mnt/d/Образование/career_courses_postupashky_start/ML/ДЗ/Хард/small_mlflow_pipeline/.venv/lib/python3.12/site-packages/airflow/example_dags/tutorial_taskflow_templates.py
[2025-08-25T15:28:41.102+0300] {processor.py:925} INFO - DAG(s) 'tutorial_taskflow_templates' retrieved from /mnt/d/Образование/career_courses_postupashky_start/ML/ДЗ/Хард/small_mlflow_pipeline/.venv/lib/python3.12/site-packages/airflow/example_dags/tutorial_taskflow_templates.py
[2025-08-25T15:28:41.157+0300] {logging_mixin.py:190} INFO - [2025-08-25T15:28:41.157+0300] {dag.py:3239} INFO - Sync 1 DAGs
[2025-08-25T15:28:41.173+0300] {logging_mixin.py:190} INFO - [2025-08-25T15:28:41.172+0300] {dag.py:4180} INFO - Setting next_dagrun for tutorial_taskflow_templates to 2025-08-24 00:00:00+00:00, run_after=2025-08-25 00:00:00+00:00
[2025-08-25T15:28:41.204+0300] {processor.py:208} INFO - Processing /mnt/d/Образование/career_courses_postupashky_start/ML/ДЗ/Хард/small_mlflow_pipeline/.venv/lib/python3.12/site-packages/airflow/example_dags/tutorial_taskflow_templates.py took 0.177 seconds
[2025-08-25T15:31:54.594+0300] {processor.py:186} INFO - Started process (PID=1609) to work on /mnt/d/Образование/career_courses_postupashky_start/ML/ДЗ/Хард/small_mlflow_pipeline/.venv/lib/python3.12/site-packages/airflow/example_dags/tutorial_taskflow_templates.py
[2025-08-25T15:31:54.595+0300] {processor.py:914} INFO - Processing file /mnt/d/Образование/career_courses_postupashky_start/ML/ДЗ/Хард/small_mlflow_pipeline/.venv/lib/python3.12/site-packages/airflow/example_dags/tutorial_taskflow_templates.py for tasks to queue
[2025-08-25T15:31:54.599+0300] {logging_mixin.py:190} INFO - [2025-08-25T15:31:54.598+0300] {dagbag.py:588} INFO - Filling up the DagBag from /mnt/d/Образование/career_courses_postupashky_start/ML/ДЗ/Хард/small_mlflow_pipeline/.venv/lib/python3.12/site-packages/airflow/example_dags/tutorial_taskflow_templates.py
[2025-08-25T15:31:54.661+0300] {processor.py:925} INFO - DAG(s) 'tutorial_taskflow_templates' retrieved from /mnt/d/Образование/career_courses_postupashky_start/ML/ДЗ/Хард/small_mlflow_pipeline/.venv/lib/python3.12/site-packages/airflow/example_dags/tutorial_taskflow_templates.py
[2025-08-25T15:31:54.717+0300] {logging_mixin.py:190} INFO - [2025-08-25T15:31:54.717+0300] {dag.py:3239} INFO - Sync 1 DAGs
[2025-08-25T15:31:54.733+0300] {logging_mixin.py:190} INFO - [2025-08-25T15:31:54.732+0300] {dag.py:4180} INFO - Setting next_dagrun for tutorial_taskflow_templates to 2025-08-24 00:00:00+00:00, run_after=2025-08-25 00:00:00+00:00
[2025-08-25T15:31:54.761+0300] {processor.py:208} INFO - Processing /mnt/d/Образование/career_courses_postupashky_start/ML/ДЗ/Хард/small_mlflow_pipeline/.venv/lib/python3.12/site-packages/airflow/example_dags/tutorial_taskflow_templates.py took 0.174 seconds
[2025-08-25T15:33:17.201+0300] {processor.py:186} INFO - Started process (PID=2281) to work on /mnt/d/Образование/career_courses_postupashky_start/ML/ДЗ/Хард/small_mlflow_pipeline/.venv/lib/python3.12/site-packages/airflow/example_dags/tutorial_taskflow_templates.py
[2025-08-25T15:33:17.202+0300] {processor.py:914} INFO - Processing file /mnt/d/Образование/career_courses_postupashky_start/ML/ДЗ/Хард/small_mlflow_pipeline/.venv/lib/python3.12/site-packages/airflow/example_dags/tutorial_taskflow_templates.py for tasks to queue
[2025-08-25T15:33:17.203+0300] {logging_mixin.py:190} INFO - [2025-08-25T15:33:17.203+0300] {dagbag.py:588} INFO - Filling up the DagBag from /mnt/d/Образование/career_courses_postupashky_start/ML/ДЗ/Хард/small_mlflow_pipeline/.venv/lib/python3.12/site-packages/airflow/example_dags/tutorial_taskflow_templates.py
[2025-08-25T15:33:17.245+0300] {processor.py:925} INFO - DAG(s) 'tutorial_taskflow_templates' retrieved from /mnt/d/Образование/career_courses_postupashky_start/ML/ДЗ/Хард/small_mlflow_pipeline/.venv/lib/python3.12/site-packages/airflow/example_dags/tutorial_taskflow_templates.py
[2025-08-25T15:33:17.261+0300] {logging_mixin.py:190} INFO - [2025-08-25T15:33:17.260+0300] {dag.py:3239} INFO - Sync 1 DAGs
[2025-08-25T15:33:17.276+0300] {logging_mixin.py:190} INFO - [2025-08-25T15:33:17.276+0300] {dag.py:4180} INFO - Setting next_dagrun for tutorial_taskflow_templates to 2025-08-24 00:00:00+00:00, run_after=2025-08-25 00:00:00+00:00
[2025-08-25T15:33:17.311+0300] {processor.py:208} INFO - Processing /mnt/d/Образование/career_courses_postupashky_start/ML/ДЗ/Хард/small_mlflow_pipeline/.venv/lib/python3.12/site-packages/airflow/example_dags/tutorial_taskflow_templates.py took 0.117 seconds
[2025-08-25T15:34:04.761+0300] {processor.py:186} INFO - Started process (PID=2455) to work on /mnt/d/Образование/career_courses_postupashky_start/ML/ДЗ/Хард/small_mlflow_pipeline/.venv/lib/python3.12/site-packages/airflow/example_dags/tutorial_taskflow_templates.py
[2025-08-25T15:34:04.762+0300] {processor.py:914} INFO - Processing file /mnt/d/Образование/career_courses_postupashky_start/ML/ДЗ/Хард/small_mlflow_pipeline/.venv/lib/python3.12/site-packages/airflow/example_dags/tutorial_taskflow_templates.py for tasks to queue
[2025-08-25T15:34:04.764+0300] {logging_mixin.py:190} INFO - [2025-08-25T15:34:04.763+0300] {dagbag.py:588} INFO - Filling up the DagBag from /mnt/d/Образование/career_courses_postupashky_start/ML/ДЗ/Хард/small_mlflow_pipeline/.venv/lib/python3.12/site-packages/airflow/example_dags/tutorial_taskflow_templates.py
[2025-08-25T15:34:04.806+0300] {processor.py:925} INFO - DAG(s) 'tutorial_taskflow_templates' retrieved from /mnt/d/Образование/career_courses_postupashky_start/ML/ДЗ/Хард/small_mlflow_pipeline/.venv/lib/python3.12/site-packages/airflow/example_dags/tutorial_taskflow_templates.py
[2025-08-25T15:34:04.821+0300] {logging_mixin.py:190} INFO - [2025-08-25T15:34:04.820+0300] {dag.py:3239} INFO - Sync 1 DAGs
[2025-08-25T15:34:04.835+0300] {logging_mixin.py:190} INFO - [2025-08-25T15:34:04.834+0300] {dag.py:4180} INFO - Setting next_dagrun for tutorial_taskflow_templates to 2025-08-24 00:00:00+00:00, run_after=2025-08-25 00:00:00+00:00
[2025-08-25T15:34:04.869+0300] {processor.py:208} INFO - Processing /mnt/d/Образование/career_courses_postupashky_start/ML/ДЗ/Хард/small_mlflow_pipeline/.venv/lib/python3.12/site-packages/airflow/example_dags/tutorial_taskflow_templates.py took 0.114 seconds
[2025-08-25T15:35:11.830+0300] {processor.py:186} INFO - Started process (PID=2676) to work on /mnt/d/Образование/career_courses_postupashky_start/ML/ДЗ/Хард/small_mlflow_pipeline/.venv/lib/python3.12/site-packages/airflow/example_dags/tutorial_taskflow_templates.py
[2025-08-25T15:35:11.831+0300] {processor.py:914} INFO - Processing file /mnt/d/Образование/career_courses_postupashky_start/ML/ДЗ/Хард/small_mlflow_pipeline/.venv/lib/python3.12/site-packages/airflow/example_dags/tutorial_taskflow_templates.py for tasks to queue
[2025-08-25T15:35:11.833+0300] {logging_mixin.py:190} INFO - [2025-08-25T15:35:11.832+0300] {dagbag.py:588} INFO - Filling up the DagBag from /mnt/d/Образование/career_courses_postupashky_start/ML/ДЗ/Хард/small_mlflow_pipeline/.venv/lib/python3.12/site-packages/airflow/example_dags/tutorial_taskflow_templates.py
[2025-08-25T15:35:11.874+0300] {processor.py:925} INFO - DAG(s) 'tutorial_taskflow_templates' retrieved from /mnt/d/Образование/career_courses_postupashky_start/ML/ДЗ/Хард/small_mlflow_pipeline/.venv/lib/python3.12/site-packages/airflow/example_dags/tutorial_taskflow_templates.py
[2025-08-25T15:35:11.889+0300] {logging_mixin.py:190} INFO - [2025-08-25T15:35:11.889+0300] {dag.py:3239} INFO - Sync 1 DAGs
[2025-08-25T15:35:11.903+0300] {logging_mixin.py:190} INFO - [2025-08-25T15:35:11.903+0300] {dag.py:4180} INFO - Setting next_dagrun for tutorial_taskflow_templates to 2025-08-24 00:00:00+00:00, run_after=2025-08-25 00:00:00+00:00
[2025-08-25T15:35:11.936+0300] {processor.py:208} INFO - Processing /mnt/d/Образование/career_courses_postupashky_start/ML/ДЗ/Хард/small_mlflow_pipeline/.venv/lib/python3.12/site-packages/airflow/example_dags/tutorial_taskflow_templates.py took 0.112 seconds
[2025-08-25T15:35:48.024+0300] {processor.py:186} INFO - Started process (PID=2762) to work on /mnt/d/Образование/career_courses_postupashky_start/ML/ДЗ/Хард/small_mlflow_pipeline/.venv/lib/python3.12/site-packages/airflow/example_dags/tutorial_taskflow_templates.py
[2025-08-25T15:35:48.025+0300] {processor.py:914} INFO - Processing file /mnt/d/Образование/career_courses_postupashky_start/ML/ДЗ/Хард/small_mlflow_pipeline/.venv/lib/python3.12/site-packages/airflow/example_dags/tutorial_taskflow_templates.py for tasks to queue
[2025-08-25T15:35:48.027+0300] {logging_mixin.py:190} INFO - [2025-08-25T15:35:48.026+0300] {dagbag.py:588} INFO - Filling up the DagBag from /mnt/d/Образование/career_courses_postupashky_start/ML/ДЗ/Хард/small_mlflow_pipeline/.venv/lib/python3.12/site-packages/airflow/example_dags/tutorial_taskflow_templates.py
[2025-08-25T15:35:48.068+0300] {processor.py:925} INFO - DAG(s) 'tutorial_taskflow_templates' retrieved from /mnt/d/Образование/career_courses_postupashky_start/ML/ДЗ/Хард/small_mlflow_pipeline/.venv/lib/python3.12/site-packages/airflow/example_dags/tutorial_taskflow_templates.py
[2025-08-25T15:35:48.083+0300] {logging_mixin.py:190} INFO - [2025-08-25T15:35:48.083+0300] {dag.py:3239} INFO - Sync 1 DAGs
[2025-08-25T15:35:48.099+0300] {logging_mixin.py:190} INFO - [2025-08-25T15:35:48.098+0300] {dag.py:4180} INFO - Setting next_dagrun for tutorial_taskflow_templates to 2025-08-24 00:00:00+00:00, run_after=2025-08-25 00:00:00+00:00
[2025-08-25T15:35:48.129+0300] {processor.py:208} INFO - Processing /mnt/d/Образование/career_courses_postupashky_start/ML/ДЗ/Хард/small_mlflow_pipeline/.venv/lib/python3.12/site-packages/airflow/example_dags/tutorial_taskflow_templates.py took 0.111 seconds
[2025-08-25T15:36:56.660+0300] {processor.py:186} INFO - Started process (PID=3230) to work on /mnt/d/Образование/career_courses_postupashky_start/ML/ДЗ/Хард/small_mlflow_pipeline/.venv/lib/python3.12/site-packages/airflow/example_dags/tutorial_taskflow_templates.py
[2025-08-25T15:36:56.661+0300] {processor.py:914} INFO - Processing file /mnt/d/Образование/career_courses_postupashky_start/ML/ДЗ/Хард/small_mlflow_pipeline/.venv/lib/python3.12/site-packages/airflow/example_dags/tutorial_taskflow_templates.py for tasks to queue
[2025-08-25T15:36:56.663+0300] {logging_mixin.py:190} INFO - [2025-08-25T15:36:56.663+0300] {dagbag.py:588} INFO - Filling up the DagBag from /mnt/d/Образование/career_courses_postupashky_start/ML/ДЗ/Хард/small_mlflow_pipeline/.venv/lib/python3.12/site-packages/airflow/example_dags/tutorial_taskflow_templates.py
[2025-08-25T15:36:56.705+0300] {processor.py:925} INFO - DAG(s) 'tutorial_taskflow_templates' retrieved from /mnt/d/Образование/career_courses_postupashky_start/ML/ДЗ/Хард/small_mlflow_pipeline/.venv/lib/python3.12/site-packages/airflow/example_dags/tutorial_taskflow_templates.py
[2025-08-25T15:36:56.721+0300] {logging_mixin.py:190} INFO - [2025-08-25T15:36:56.720+0300] {dag.py:3239} INFO - Sync 1 DAGs
[2025-08-25T15:36:56.735+0300] {logging_mixin.py:190} INFO - [2025-08-25T15:36:56.734+0300] {dag.py:4180} INFO - Setting next_dagrun for tutorial_taskflow_templates to 2025-08-24 00:00:00+00:00, run_after=2025-08-25 00:00:00+00:00
[2025-08-25T15:36:56.765+0300] {processor.py:208} INFO - Processing /mnt/d/Образование/career_courses_postupashky_start/ML/ДЗ/Хард/small_mlflow_pipeline/.venv/lib/python3.12/site-packages/airflow/example_dags/tutorial_taskflow_templates.py took 0.111 seconds
