[2025-08-25T15:27:36.679+0300] {processor.py:186} INFO - Started process (PID=496) to work on /mnt/d/Образование/career_courses_postupashky_start/ML/ДЗ/Хард/small_mlflow_pipeline/.venv/lib/python3.12/site-packages/airflow/example_dags/tutorial_taskflow_api.py
[2025-08-25T15:27:36.680+0300] {processor.py:914} INFO - Processing file /mnt/d/Образование/career_courses_postupashky_start/ML/ДЗ/Хард/small_mlflow_pipeline/.venv/lib/python3.12/site-packages/airflow/example_dags/tutorial_taskflow_api.py for tasks to queue
[2025-08-25T15:27:36.684+0300] {logging_mixin.py:190} INFO - [2025-08-25T15:27:36.684+0300] {dagbag.py:588} INFO - Filling up the DagBag from /mnt/d/Образование/career_courses_postupashky_start/ML/ДЗ/Хард/small_mlflow_pipeline/.venv/lib/python3.12/site-packages/airflow/example_dags/tutorial_taskflow_api.py
[2025-08-25T15:27:36.744+0300] {processor.py:925} INFO - DAG(s) 'tutorial_taskflow_api' retrieved from /mnt/d/Образование/career_courses_postupashky_start/ML/ДЗ/Хард/small_mlflow_pipeline/.venv/lib/python3.12/site-packages/airflow/example_dags/tutorial_taskflow_api.py
[2025-08-25T15:27:37.433+0300] {logging_mixin.py:190} INFO - [2025-08-25T15:27:37.433+0300] {override.py:1930} INFO - Created Permission View: can edit on DAG:tutorial_taskflow_api
[2025-08-25T15:27:37.452+0300] {logging_mixin.py:190} INFO - [2025-08-25T15:27:37.451+0300] {override.py:1930} INFO - Created Permission View: can read on DAG:tutorial_taskflow_api
[2025-08-25T15:27:37.470+0300] {logging_mixin.py:190} INFO - [2025-08-25T15:27:37.469+0300] {override.py:1930} INFO - Created Permission View: can delete on DAG:tutorial_taskflow_api
[2025-08-25T15:27:37.497+0300] {logging_mixin.py:190} INFO - [2025-08-25T15:27:37.496+0300] {override.py:1930} INFO - Created Permission View: menu access on DAG Run:tutorial_taskflow_api
[2025-08-25T15:27:37.514+0300] {logging_mixin.py:190} INFO - [2025-08-25T15:27:37.513+0300] {override.py:1930} INFO - Created Permission View: can delete on DAG Run:tutorial_taskflow_api
[2025-08-25T15:27:37.530+0300] {logging_mixin.py:190} INFO - [2025-08-25T15:27:37.529+0300] {override.py:1930} INFO - Created Permission View: can read on DAG Run:tutorial_taskflow_api
[2025-08-25T15:27:37.546+0300] {logging_mixin.py:190} INFO - [2025-08-25T15:27:37.546+0300] {override.py:1930} INFO - Created Permission View: can create on DAG Run:tutorial_taskflow_api
[2025-08-25T15:27:37.548+0300] {logging_mixin.py:190} INFO - [2025-08-25T15:27:37.547+0300] {dag.py:3239} INFO - Sync 1 DAGs
[2025-08-25T15:27:37.559+0300] {logging_mixin.py:190} INFO - [2025-08-25T15:27:37.558+0300] {dag.py:3262} INFO - Creating ORM DAG for tutorial_taskflow_api
[2025-08-25T15:27:37.560+0300] {logging_mixin.py:190} INFO - [2025-08-25T15:27:37.559+0300] {dag.py:4180} INFO - Setting next_dagrun for tutorial_taskflow_api to None, run_after=None
[2025-08-25T15:27:37.603+0300] {processor.py:208} INFO - Processing /mnt/d/Образование/career_courses_postupashky_start/ML/ДЗ/Хард/small_mlflow_pipeline/.venv/lib/python3.12/site-packages/airflow/example_dags/tutorial_taskflow_api.py took 0.931 seconds
[2025-08-25T15:28:43.479+0300] {processor.py:186} INFO - Started process (PID=760) to work on /mnt/d/Образование/career_courses_postupashky_start/ML/ДЗ/Хард/small_mlflow_pipeline/.venv/lib/python3.12/site-packages/airflow/example_dags/tutorial_taskflow_api.py
[2025-08-25T15:28:43.480+0300] {processor.py:914} INFO - Processing file /mnt/d/Образование/career_courses_postupashky_start/ML/ДЗ/Хард/small_mlflow_pipeline/.venv/lib/python3.12/site-packages/airflow/example_dags/tutorial_taskflow_api.py for tasks to queue
[2025-08-25T15:28:43.484+0300] {logging_mixin.py:190} INFO - [2025-08-25T15:28:43.484+0300] {dagbag.py:588} INFO - Filling up the DagBag from /mnt/d/Образование/career_courses_postupashky_start/ML/ДЗ/Хард/small_mlflow_pipeline/.venv/lib/python3.12/site-packages/airflow/example_dags/tutorial_taskflow_api.py
[2025-08-25T15:28:43.539+0300] {processor.py:925} INFO - DAG(s) 'tutorial_taskflow_api' retrieved from /mnt/d/Образование/career_courses_postupashky_start/ML/ДЗ/Хард/small_mlflow_pipeline/.venv/lib/python3.12/site-packages/airflow/example_dags/tutorial_taskflow_api.py
[2025-08-25T15:28:43.605+0300] {logging_mixin.py:190} INFO - [2025-08-25T15:28:43.604+0300] {dag.py:3239} INFO - Sync 1 DAGs
[2025-08-25T15:28:43.620+0300] {logging_mixin.py:190} INFO - [2025-08-25T15:28:43.619+0300] {dag.py:4180} INFO - Setting next_dagrun for tutorial_taskflow_api to None, run_after=None
[2025-08-25T15:28:43.661+0300] {processor.py:208} INFO - Processing /mnt/d/Образование/career_courses_postupashky_start/ML/ДЗ/Хард/small_mlflow_pipeline/.venv/lib/python3.12/site-packages/airflow/example_dags/tutorial_taskflow_api.py took 0.189 seconds
[2025-08-25T15:31:57.011+0300] {processor.py:186} INFO - Started process (PID=1614) to work on /mnt/d/Образование/career_courses_postupashky_start/ML/ДЗ/Хард/small_mlflow_pipeline/.venv/lib/python3.12/site-packages/airflow/example_dags/tutorial_taskflow_api.py
[2025-08-25T15:31:57.011+0300] {processor.py:914} INFO - Processing file /mnt/d/Образование/career_courses_postupashky_start/ML/ДЗ/Хард/small_mlflow_pipeline/.venv/lib/python3.12/site-packages/airflow/example_dags/tutorial_taskflow_api.py for tasks to queue
[2025-08-25T15:31:57.015+0300] {logging_mixin.py:190} INFO - [2025-08-25T15:31:57.015+0300] {dagbag.py:588} INFO - Filling up the DagBag from /mnt/d/Образование/career_courses_postupashky_start/ML/ДЗ/Хард/small_mlflow_pipeline/.venv/lib/python3.12/site-packages/airflow/example_dags/tutorial_taskflow_api.py
[2025-08-25T15:31:57.069+0300] {processor.py:925} INFO - DAG(s) 'tutorial_taskflow_api' retrieved from /mnt/d/Образование/career_courses_postupashky_start/ML/ДЗ/Хард/small_mlflow_pipeline/.venv/lib/python3.12/site-packages/airflow/example_dags/tutorial_taskflow_api.py
[2025-08-25T15:31:57.125+0300] {logging_mixin.py:190} INFO - [2025-08-25T15:31:57.124+0300] {dag.py:3239} INFO - Sync 1 DAGs
[2025-08-25T15:31:57.137+0300] {logging_mixin.py:190} INFO - [2025-08-25T15:31:57.136+0300] {dag.py:4180} INFO - Setting next_dagrun for tutorial_taskflow_api to None, run_after=None
[2025-08-25T15:31:57.173+0300] {processor.py:208} INFO - Processing /mnt/d/Образование/career_courses_postupashky_start/ML/ДЗ/Хард/small_mlflow_pipeline/.venv/lib/python3.12/site-packages/airflow/example_dags/tutorial_taskflow_api.py took 0.168 seconds
[2025-08-25T15:33:19.676+0300] {processor.py:186} INFO - Started process (PID=2286) to work on /mnt/d/Образование/career_courses_postupashky_start/ML/ДЗ/Хард/small_mlflow_pipeline/.venv/lib/python3.12/site-packages/airflow/example_dags/tutorial_taskflow_api.py
[2025-08-25T15:33:19.677+0300] {processor.py:914} INFO - Processing file /mnt/d/Образование/career_courses_postupashky_start/ML/ДЗ/Хард/small_mlflow_pipeline/.venv/lib/python3.12/site-packages/airflow/example_dags/tutorial_taskflow_api.py for tasks to queue
[2025-08-25T15:33:19.680+0300] {logging_mixin.py:190} INFO - [2025-08-25T15:33:19.679+0300] {dagbag.py:588} INFO - Filling up the DagBag from /mnt/d/Образование/career_courses_postupashky_start/ML/ДЗ/Хард/small_mlflow_pipeline/.venv/lib/python3.12/site-packages/airflow/example_dags/tutorial_taskflow_api.py
[2025-08-25T15:33:19.719+0300] {processor.py:925} INFO - DAG(s) 'tutorial_taskflow_api' retrieved from /mnt/d/Образование/career_courses_postupashky_start/ML/ДЗ/Хард/small_mlflow_pipeline/.venv/lib/python3.12/site-packages/airflow/example_dags/tutorial_taskflow_api.py
[2025-08-25T15:33:19.738+0300] {logging_mixin.py:190} INFO - [2025-08-25T15:33:19.738+0300] {dag.py:3239} INFO - Sync 1 DAGs
[2025-08-25T15:33:19.749+0300] {logging_mixin.py:190} INFO - [2025-08-25T15:33:19.748+0300] {dag.py:4180} INFO - Setting next_dagrun for tutorial_taskflow_api to None, run_after=None
[2025-08-25T15:33:19.788+0300] {processor.py:208} INFO - Processing /mnt/d/Образование/career_courses_postupashky_start/ML/ДЗ/Хард/small_mlflow_pipeline/.venv/lib/python3.12/site-packages/airflow/example_dags/tutorial_taskflow_api.py took 0.119 seconds
[2025-08-25T15:34:06.976+0300] {processor.py:186} INFO - Started process (PID=2460) to work on /mnt/d/Образование/career_courses_postupashky_start/ML/ДЗ/Хард/small_mlflow_pipeline/.venv/lib/python3.12/site-packages/airflow/example_dags/tutorial_taskflow_api.py
[2025-08-25T15:34:06.976+0300] {processor.py:914} INFO - Processing file /mnt/d/Образование/career_courses_postupashky_start/ML/ДЗ/Хард/small_mlflow_pipeline/.venv/lib/python3.12/site-packages/airflow/example_dags/tutorial_taskflow_api.py for tasks to queue
[2025-08-25T15:34:06.978+0300] {logging_mixin.py:190} INFO - [2025-08-25T15:34:06.978+0300] {dagbag.py:588} INFO - Filling up the DagBag from /mnt/d/Образование/career_courses_postupashky_start/ML/ДЗ/Хард/small_mlflow_pipeline/.venv/lib/python3.12/site-packages/airflow/example_dags/tutorial_taskflow_api.py
[2025-08-25T15:34:07.013+0300] {processor.py:925} INFO - DAG(s) 'tutorial_taskflow_api' retrieved from /mnt/d/Образование/career_courses_postupashky_start/ML/ДЗ/Хард/small_mlflow_pipeline/.venv/lib/python3.12/site-packages/airflow/example_dags/tutorial_taskflow_api.py
[2025-08-25T15:34:07.027+0300] {logging_mixin.py:190} INFO - [2025-08-25T15:34:07.027+0300] {dag.py:3239} INFO - Sync 1 DAGs
[2025-08-25T15:34:07.036+0300] {logging_mixin.py:190} INFO - [2025-08-25T15:34:07.035+0300] {dag.py:4180} INFO - Setting next_dagrun for tutorial_taskflow_api to None, run_after=None
[2025-08-25T15:34:07.065+0300] {processor.py:208} INFO - Processing /mnt/d/Образование/career_courses_postupashky_start/ML/ДЗ/Хард/small_mlflow_pipeline/.venv/lib/python3.12/site-packages/airflow/example_dags/tutorial_taskflow_api.py took 0.096 seconds
[2025-08-25T15:35:14.287+0300] {processor.py:186} INFO - Started process (PID=2681) to work on /mnt/d/Образование/career_courses_postupashky_start/ML/ДЗ/Хард/small_mlflow_pipeline/.venv/lib/python3.12/site-packages/airflow/example_dags/tutorial_taskflow_api.py
[2025-08-25T15:35:14.288+0300] {processor.py:914} INFO - Processing file /mnt/d/Образование/career_courses_postupashky_start/ML/ДЗ/Хард/small_mlflow_pipeline/.venv/lib/python3.12/site-packages/airflow/example_dags/tutorial_taskflow_api.py for tasks to queue
[2025-08-25T15:35:14.290+0300] {logging_mixin.py:190} INFO - [2025-08-25T15:35:14.289+0300] {dagbag.py:588} INFO - Filling up the DagBag from /mnt/d/Образование/career_courses_postupashky_start/ML/ДЗ/Хард/small_mlflow_pipeline/.venv/lib/python3.12/site-packages/airflow/example_dags/tutorial_taskflow_api.py
[2025-08-25T15:35:14.325+0300] {processor.py:925} INFO - DAG(s) 'tutorial_taskflow_api' retrieved from /mnt/d/Образование/career_courses_postupashky_start/ML/ДЗ/Хард/small_mlflow_pipeline/.venv/lib/python3.12/site-packages/airflow/example_dags/tutorial_taskflow_api.py
[2025-08-25T15:35:14.340+0300] {logging_mixin.py:190} INFO - [2025-08-25T15:35:14.340+0300] {dag.py:3239} INFO - Sync 1 DAGs
[2025-08-25T15:35:14.349+0300] {logging_mixin.py:190} INFO - [2025-08-25T15:35:14.348+0300] {dag.py:4180} INFO - Setting next_dagrun for tutorial_taskflow_api to None, run_after=None
[2025-08-25T15:35:14.384+0300] {processor.py:208} INFO - Processing /mnt/d/Образование/career_courses_postupashky_start/ML/ДЗ/Хард/small_mlflow_pipeline/.venv/lib/python3.12/site-packages/airflow/example_dags/tutorial_taskflow_api.py took 0.103 seconds
[2025-08-25T15:36:22.197+0300] {processor.py:186} INFO - Started process (PID=2907) to work on /mnt/d/Образование/career_courses_postupashky_start/ML/ДЗ/Хард/small_mlflow_pipeline/.venv/lib/python3.12/site-packages/airflow/example_dags/tutorial_taskflow_api.py
[2025-08-25T15:36:22.198+0300] {processor.py:914} INFO - Processing file /mnt/d/Образование/career_courses_postupashky_start/ML/ДЗ/Хард/small_mlflow_pipeline/.venv/lib/python3.12/site-packages/airflow/example_dags/tutorial_taskflow_api.py for tasks to queue
[2025-08-25T15:36:22.200+0300] {logging_mixin.py:190} INFO - [2025-08-25T15:36:22.199+0300] {dagbag.py:588} INFO - Filling up the DagBag from /mnt/d/Образование/career_courses_postupashky_start/ML/ДЗ/Хард/small_mlflow_pipeline/.venv/lib/python3.12/site-packages/airflow/example_dags/tutorial_taskflow_api.py
[2025-08-25T15:36:22.235+0300] {processor.py:925} INFO - DAG(s) 'tutorial_taskflow_api' retrieved from /mnt/d/Образование/career_courses_postupashky_start/ML/ДЗ/Хард/small_mlflow_pipeline/.venv/lib/python3.12/site-packages/airflow/example_dags/tutorial_taskflow_api.py
[2025-08-25T15:36:22.251+0300] {logging_mixin.py:190} INFO - [2025-08-25T15:36:22.250+0300] {dag.py:3239} INFO - Sync 1 DAGs
[2025-08-25T15:36:22.260+0300] {logging_mixin.py:190} INFO - [2025-08-25T15:36:22.259+0300] {dag.py:4180} INFO - Setting next_dagrun for tutorial_taskflow_api to None, run_after=None
[2025-08-25T15:36:22.297+0300] {processor.py:208} INFO - Processing /mnt/d/Образование/career_courses_postupashky_start/ML/ДЗ/Хард/small_mlflow_pipeline/.venv/lib/python3.12/site-packages/airflow/example_dags/tutorial_taskflow_api.py took 0.107 seconds
