[2025-08-25T15:33:11.219+0300] {processor.py:186} INFO - Started process (PID=2266) to work on /mnt/d/Образование/career_courses_postupashky_start/ML/ДЗ/Хард/small_mlflow_pipeline/airflow/dags/airflow_pipeline_dag.py
[2025-08-25T15:33:11.220+0300] {processor.py:914} INFO - Processing file /mnt/d/Образование/career_courses_postupashky_start/ML/ДЗ/Хард/small_mlflow_pipeline/airflow/dags/airflow_pipeline_dag.py for tasks to queue
[2025-08-25T15:33:11.222+0300] {logging_mixin.py:190} INFO - [2025-08-25T15:33:11.221+0300] {dagbag.py:588} INFO - Filling up the DagBag from /mnt/d/Образование/career_courses_postupashky_start/ML/ДЗ/Хард/small_mlflow_pipeline/airflow/dags/airflow_pipeline_dag.py
[2025-08-25T15:33:11.268+0300] {processor.py:925} INFO - DAG(s) 'manual_testing_run' retrieved from /mnt/d/Образование/career_courses_postupashky_start/ML/ДЗ/Хард/small_mlflow_pipeline/airflow/dags/airflow_pipeline_dag.py
[2025-08-25T15:33:11.891+0300] {logging_mixin.py:190} INFO - [2025-08-25T15:33:11.890+0300] {override.py:1930} INFO - Created Permission View: can read on DAG:manual_testing_run
[2025-08-25T15:33:11.910+0300] {logging_mixin.py:190} INFO - [2025-08-25T15:33:11.909+0300] {override.py:1930} INFO - Created Permission View: can delete on DAG:manual_testing_run
[2025-08-25T15:33:11.928+0300] {logging_mixin.py:190} INFO - [2025-08-25T15:33:11.927+0300] {override.py:1930} INFO - Created Permission View: can edit on DAG:manual_testing_run
[2025-08-25T15:33:11.957+0300] {logging_mixin.py:190} INFO - [2025-08-25T15:33:11.956+0300] {override.py:1930} INFO - Created Permission View: menu access on DAG Run:manual_testing_run
[2025-08-25T15:33:11.974+0300] {logging_mixin.py:190} INFO - [2025-08-25T15:33:11.974+0300] {override.py:1930} INFO - Created Permission View: can create on DAG Run:manual_testing_run
[2025-08-25T15:33:11.992+0300] {logging_mixin.py:190} INFO - [2025-08-25T15:33:11.991+0300] {override.py:1930} INFO - Created Permission View: can read on DAG Run:manual_testing_run
[2025-08-25T15:33:12.009+0300] {logging_mixin.py:190} INFO - [2025-08-25T15:33:12.009+0300] {override.py:1930} INFO - Created Permission View: can delete on DAG Run:manual_testing_run
[2025-08-25T15:33:12.011+0300] {logging_mixin.py:190} INFO - [2025-08-25T15:33:12.010+0300] {dag.py:3239} INFO - Sync 1 DAGs
[2025-08-25T15:33:12.021+0300] {logging_mixin.py:190} INFO - [2025-08-25T15:33:12.021+0300] {dag.py:3262} INFO - Creating ORM DAG for manual_testing_run
[2025-08-25T15:33:12.023+0300] {logging_mixin.py:190} INFO - [2025-08-25T15:33:12.022+0300] {dag.py:4180} INFO - Setting next_dagrun for manual_testing_run to None, run_after=None
[2025-08-25T15:33:12.051+0300] {processor.py:208} INFO - Processing /mnt/d/Образование/career_courses_postupashky_start/ML/ДЗ/Хард/small_mlflow_pipeline/airflow/dags/airflow_pipeline_dag.py took 0.839 seconds
[2025-08-25T15:34:33.623+0300] {processor.py:186} INFO - Started process (PID=2523) to work on /mnt/d/Образование/career_courses_postupashky_start/ML/ДЗ/Хард/small_mlflow_pipeline/airflow/dags/airflow_pipeline_dag.py
[2025-08-25T15:34:33.624+0300] {processor.py:914} INFO - Processing file /mnt/d/Образование/career_courses_postupashky_start/ML/ДЗ/Хард/small_mlflow_pipeline/airflow/dags/airflow_pipeline_dag.py for tasks to queue
[2025-08-25T15:34:33.626+0300] {logging_mixin.py:190} INFO - [2025-08-25T15:34:33.625+0300] {dagbag.py:588} INFO - Filling up the DagBag from /mnt/d/Образование/career_courses_postupashky_start/ML/ДЗ/Хард/small_mlflow_pipeline/airflow/dags/airflow_pipeline_dag.py
[2025-08-25T15:34:33.663+0300] {processor.py:925} INFO - DAG(s) 'manual_testing_run' retrieved from /mnt/d/Образование/career_courses_postupashky_start/ML/ДЗ/Хард/small_mlflow_pipeline/airflow/dags/airflow_pipeline_dag.py
[2025-08-25T15:34:33.682+0300] {logging_mixin.py:190} INFO - [2025-08-25T15:34:33.681+0300] {dag.py:3239} INFO - Sync 1 DAGs
[2025-08-25T15:34:33.693+0300] {logging_mixin.py:190} INFO - [2025-08-25T15:34:33.692+0300] {dag.py:4180} INFO - Setting next_dagrun for manual_testing_run to None, run_after=None
[2025-08-25T15:34:33.724+0300] {processor.py:208} INFO - Processing /mnt/d/Образование/career_courses_postupashky_start/ML/ДЗ/Хард/small_mlflow_pipeline/airflow/dags/airflow_pipeline_dag.py took 0.107 seconds
[2025-08-25T15:35:41.324+0300] {processor.py:186} INFO - Started process (PID=2744) to work on /mnt/d/Образование/career_courses_postupashky_start/ML/ДЗ/Хард/small_mlflow_pipeline/airflow/dags/airflow_pipeline_dag.py
[2025-08-25T15:35:41.325+0300] {processor.py:914} INFO - Processing file /mnt/d/Образование/career_courses_postupashky_start/ML/ДЗ/Хард/small_mlflow_pipeline/airflow/dags/airflow_pipeline_dag.py for tasks to queue
[2025-08-25T15:35:41.327+0300] {logging_mixin.py:190} INFO - [2025-08-25T15:35:41.326+0300] {dagbag.py:588} INFO - Filling up the DagBag from /mnt/d/Образование/career_courses_postupashky_start/ML/ДЗ/Хард/small_mlflow_pipeline/airflow/dags/airflow_pipeline_dag.py
[2025-08-25T15:35:41.364+0300] {processor.py:925} INFO - DAG(s) 'manual_testing_run' retrieved from /mnt/d/Образование/career_courses_postupashky_start/ML/ДЗ/Хард/small_mlflow_pipeline/airflow/dags/airflow_pipeline_dag.py
[2025-08-25T15:35:41.382+0300] {logging_mixin.py:190} INFO - [2025-08-25T15:35:41.381+0300] {dag.py:3239} INFO - Sync 1 DAGs
[2025-08-25T15:35:41.392+0300] {logging_mixin.py:190} INFO - [2025-08-25T15:35:41.391+0300] {dag.py:4180} INFO - Setting next_dagrun for manual_testing_run to None, run_after=None
[2025-08-25T15:35:41.426+0300] {processor.py:208} INFO - Processing /mnt/d/Образование/career_courses_postupashky_start/ML/ДЗ/Хард/small_mlflow_pipeline/airflow/dags/airflow_pipeline_dag.py took 0.108 seconds
[2025-08-25T15:36:50.121+0300] {processor.py:186} INFO - Started process (PID=3120) to work on /mnt/d/Образование/career_courses_postupashky_start/ML/ДЗ/Хард/small_mlflow_pipeline/airflow/dags/airflow_pipeline_dag.py
[2025-08-25T15:36:50.121+0300] {processor.py:914} INFO - Processing file /mnt/d/Образование/career_courses_postupashky_start/ML/ДЗ/Хард/small_mlflow_pipeline/airflow/dags/airflow_pipeline_dag.py for tasks to queue
[2025-08-25T15:36:50.123+0300] {logging_mixin.py:190} INFO - [2025-08-25T15:36:50.123+0300] {dagbag.py:588} INFO - Filling up the DagBag from /mnt/d/Образование/career_courses_postupashky_start/ML/ДЗ/Хард/small_mlflow_pipeline/airflow/dags/airflow_pipeline_dag.py
[2025-08-25T15:36:50.161+0300] {processor.py:925} INFO - DAG(s) 'manual_testing_run' retrieved from /mnt/d/Образование/career_courses_postupashky_start/ML/ДЗ/Хард/small_mlflow_pipeline/airflow/dags/airflow_pipeline_dag.py
[2025-08-25T15:36:50.176+0300] {logging_mixin.py:190} INFO - [2025-08-25T15:36:50.175+0300] {dag.py:3239} INFO - Sync 1 DAGs
[2025-08-25T15:36:50.184+0300] {logging_mixin.py:190} INFO - [2025-08-25T15:36:50.184+0300] {dag.py:4180} INFO - Setting next_dagrun for manual_testing_run to None, run_after=None
[2025-08-25T15:36:50.213+0300] {processor.py:208} INFO - Processing /mnt/d/Образование/career_courses_postupashky_start/ML/ДЗ/Хард/small_mlflow_pipeline/airflow/dags/airflow_pipeline_dag.py took 0.098 seconds
