[2025-08-25T15:27:30.353+0300] {processor.py:186} INFO - Started process (PID=470) to work on /mnt/d/Образование/career_courses_postupashky_start/ML/ДЗ/Хард/small_mlflow_pipeline/.venv/lib/python3.12/site-packages/airflow/example_dags/plugins/listener_plugin.py
[2025-08-25T15:27:30.354+0300] {processor.py:914} INFO - Processing file /mnt/d/Образование/career_courses_postupashky_start/ML/ДЗ/Хард/small_mlflow_pipeline/.venv/lib/python3.12/site-packages/airflow/example_dags/plugins/listener_plugin.py for tasks to queue
[2025-08-25T15:27:30.356+0300] {logging_mixin.py:190} INFO - [2025-08-25T15:27:30.355+0300] {dagbag.py:588} INFO - Filling up the DagBag from /mnt/d/Образование/career_courses_postupashky_start/ML/ДЗ/Хард/small_mlflow_pipeline/.venv/lib/python3.12/site-packages/airflow/example_dags/plugins/listener_plugin.py
[2025-08-25T15:27:30.367+0300] {processor.py:927} WARNING - No viable dags retrieved from /mnt/d/Образование/career_courses_postupashky_start/ML/ДЗ/Хард/small_mlflow_pipeline/.venv/lib/python3.12/site-packages/airflow/example_dags/plugins/listener_plugin.py
[2025-08-25T15:27:30.377+0300] {processor.py:208} INFO - Processing /mnt/d/Образование/career_courses_postupashky_start/ML/ДЗ/Хард/small_mlflow_pipeline/.venv/lib/python3.12/site-packages/airflow/example_dags/plugins/listener_plugin.py took 0.031 seconds
[2025-08-25T15:28:37.948+0300] {processor.py:186} INFO - Started process (PID=737) to work on /mnt/d/Образование/career_courses_postupashky_start/ML/ДЗ/Хард/small_mlflow_pipeline/.venv/lib/python3.12/site-packages/airflow/example_dags/plugins/listener_plugin.py
[2025-08-25T15:28:37.949+0300] {processor.py:914} INFO - Processing file /mnt/d/Образование/career_courses_postupashky_start/ML/ДЗ/Хард/small_mlflow_pipeline/.venv/lib/python3.12/site-packages/airflow/example_dags/plugins/listener_plugin.py for tasks to queue
[2025-08-25T15:28:37.951+0300] {logging_mixin.py:190} INFO - [2025-08-25T15:28:37.950+0300] {dagbag.py:588} INFO - Filling up the DagBag from /mnt/d/Образование/career_courses_postupashky_start/ML/ДЗ/Хард/small_mlflow_pipeline/.venv/lib/python3.12/site-packages/airflow/example_dags/plugins/listener_plugin.py
[2025-08-25T15:28:37.963+0300] {processor.py:927} WARNING - No viable dags retrieved from /mnt/d/Образование/career_courses_postupashky_start/ML/ДЗ/Хард/small_mlflow_pipeline/.venv/lib/python3.12/site-packages/airflow/example_dags/plugins/listener_plugin.py
[2025-08-25T15:28:37.974+0300] {processor.py:208} INFO - Processing /mnt/d/Образование/career_courses_postupashky_start/ML/ДЗ/Хард/small_mlflow_pipeline/.venv/lib/python3.12/site-packages/airflow/example_dags/plugins/listener_plugin.py took 0.032 seconds
[2025-08-25T15:31:51.534+0300] {processor.py:186} INFO - Started process (PID=1555) to work on /mnt/d/Образование/career_courses_postupashky_start/ML/ДЗ/Хард/small_mlflow_pipeline/.venv/lib/python3.12/site-packages/airflow/example_dags/plugins/listener_plugin.py
[2025-08-25T15:31:51.535+0300] {processor.py:914} INFO - Processing file /mnt/d/Образование/career_courses_postupashky_start/ML/ДЗ/Хард/small_mlflow_pipeline/.venv/lib/python3.12/site-packages/airflow/example_dags/plugins/listener_plugin.py for tasks to queue
[2025-08-25T15:31:51.537+0300] {logging_mixin.py:190} INFO - [2025-08-25T15:31:51.536+0300] {dagbag.py:588} INFO - Filling up the DagBag from /mnt/d/Образование/career_courses_postupashky_start/ML/ДЗ/Хард/small_mlflow_pipeline/.venv/lib/python3.12/site-packages/airflow/example_dags/plugins/listener_plugin.py
[2025-08-25T15:31:51.550+0300] {processor.py:927} WARNING - No viable dags retrieved from /mnt/d/Образование/career_courses_postupashky_start/ML/ДЗ/Хард/small_mlflow_pipeline/.venv/lib/python3.12/site-packages/airflow/example_dags/plugins/listener_plugin.py
[2025-08-25T15:31:51.561+0300] {processor.py:208} INFO - Processing /mnt/d/Образование/career_courses_postupashky_start/ML/ДЗ/Хард/small_mlflow_pipeline/.venv/lib/python3.12/site-packages/airflow/example_dags/plugins/listener_plugin.py took 0.033 seconds
[2025-08-25T15:33:14.669+0300] {processor.py:186} INFO - Started process (PID=2275) to work on /mnt/d/Образование/career_courses_postupashky_start/ML/ДЗ/Хард/small_mlflow_pipeline/.venv/lib/python3.12/site-packages/airflow/example_dags/plugins/listener_plugin.py
[2025-08-25T15:33:14.670+0300] {processor.py:914} INFO - Processing file /mnt/d/Образование/career_courses_postupashky_start/ML/ДЗ/Хард/small_mlflow_pipeline/.venv/lib/python3.12/site-packages/airflow/example_dags/plugins/listener_plugin.py for tasks to queue
[2025-08-25T15:33:14.672+0300] {logging_mixin.py:190} INFO - [2025-08-25T15:33:14.671+0300] {dagbag.py:588} INFO - Filling up the DagBag from /mnt/d/Образование/career_courses_postupashky_start/ML/ДЗ/Хард/small_mlflow_pipeline/.venv/lib/python3.12/site-packages/airflow/example_dags/plugins/listener_plugin.py
[2025-08-25T15:33:14.683+0300] {processor.py:927} WARNING - No viable dags retrieved from /mnt/d/Образование/career_courses_postupashky_start/ML/ДЗ/Хард/small_mlflow_pipeline/.venv/lib/python3.12/site-packages/airflow/example_dags/plugins/listener_plugin.py
[2025-08-25T15:33:14.693+0300] {processor.py:208} INFO - Processing /mnt/d/Образование/career_courses_postupashky_start/ML/ДЗ/Хард/small_mlflow_pipeline/.venv/lib/python3.12/site-packages/airflow/example_dags/plugins/listener_plugin.py took 0.030 seconds
[2025-08-25T15:34:01.987+0300] {processor.py:186} INFO - Started process (PID=2446) to work on /mnt/d/Образование/career_courses_postupashky_start/ML/ДЗ/Хард/small_mlflow_pipeline/.venv/lib/python3.12/site-packages/airflow/example_dags/plugins/listener_plugin.py
[2025-08-25T15:34:01.987+0300] {processor.py:914} INFO - Processing file /mnt/d/Образование/career_courses_postupashky_start/ML/ДЗ/Хард/small_mlflow_pipeline/.venv/lib/python3.12/site-packages/airflow/example_dags/plugins/listener_plugin.py for tasks to queue
[2025-08-25T15:34:01.989+0300] {logging_mixin.py:190} INFO - [2025-08-25T15:34:01.989+0300] {dagbag.py:588} INFO - Filling up the DagBag from /mnt/d/Образование/career_courses_postupashky_start/ML/ДЗ/Хард/small_mlflow_pipeline/.venv/lib/python3.12/site-packages/airflow/example_dags/plugins/listener_plugin.py
[2025-08-25T15:34:02.000+0300] {processor.py:927} WARNING - No viable dags retrieved from /mnt/d/Образование/career_courses_postupashky_start/ML/ДЗ/Хард/small_mlflow_pipeline/.venv/lib/python3.12/site-packages/airflow/example_dags/plugins/listener_plugin.py
[2025-08-25T15:34:02.010+0300] {processor.py:208} INFO - Processing /mnt/d/Образование/career_courses_postupashky_start/ML/ДЗ/Хард/small_mlflow_pipeline/.venv/lib/python3.12/site-packages/airflow/example_dags/plugins/listener_plugin.py took 0.030 seconds
[2025-08-25T15:34:36.274+0300] {processor.py:186} INFO - Started process (PID=2529) to work on /mnt/d/Образование/career_courses_postupashky_start/ML/ДЗ/Хард/small_mlflow_pipeline/.venv/lib/python3.12/site-packages/airflow/example_dags/plugins/listener_plugin.py
[2025-08-25T15:34:36.275+0300] {processor.py:914} INFO - Processing file /mnt/d/Образование/career_courses_postupashky_start/ML/ДЗ/Хард/small_mlflow_pipeline/.venv/lib/python3.12/site-packages/airflow/example_dags/plugins/listener_plugin.py for tasks to queue
[2025-08-25T15:34:36.277+0300] {logging_mixin.py:190} INFO - [2025-08-25T15:34:36.276+0300] {dagbag.py:588} INFO - Filling up the DagBag from /mnt/d/Образование/career_courses_postupashky_start/ML/ДЗ/Хард/small_mlflow_pipeline/.venv/lib/python3.12/site-packages/airflow/example_dags/plugins/listener_plugin.py
[2025-08-25T15:34:36.288+0300] {processor.py:927} WARNING - No viable dags retrieved from /mnt/d/Образование/career_courses_postupashky_start/ML/ДЗ/Хард/small_mlflow_pipeline/.venv/lib/python3.12/site-packages/airflow/example_dags/plugins/listener_plugin.py
[2025-08-25T15:34:36.300+0300] {processor.py:208} INFO - Processing /mnt/d/Образование/career_courses_postupashky_start/ML/ДЗ/Хард/small_mlflow_pipeline/.venv/lib/python3.12/site-packages/airflow/example_dags/plugins/listener_plugin.py took 0.032 seconds
[2025-08-25T15:35:09.670+0300] {processor.py:186} INFO - Started process (PID=2671) to work on /mnt/d/Образование/career_courses_postupashky_start/ML/ДЗ/Хард/small_mlflow_pipeline/.venv/lib/python3.12/site-packages/airflow/example_dags/plugins/listener_plugin.py
[2025-08-25T15:35:09.671+0300] {processor.py:914} INFO - Processing file /mnt/d/Образование/career_courses_postupashky_start/ML/ДЗ/Хард/small_mlflow_pipeline/.venv/lib/python3.12/site-packages/airflow/example_dags/plugins/listener_plugin.py for tasks to queue
[2025-08-25T15:35:09.673+0300] {logging_mixin.py:190} INFO - [2025-08-25T15:35:09.672+0300] {dagbag.py:588} INFO - Filling up the DagBag from /mnt/d/Образование/career_courses_postupashky_start/ML/ДЗ/Хард/small_mlflow_pipeline/.venv/lib/python3.12/site-packages/airflow/example_dags/plugins/listener_plugin.py
[2025-08-25T15:35:09.684+0300] {processor.py:927} WARNING - No viable dags retrieved from /mnt/d/Образование/career_courses_postupashky_start/ML/ДЗ/Хард/small_mlflow_pipeline/.venv/lib/python3.12/site-packages/airflow/example_dags/plugins/listener_plugin.py
[2025-08-25T15:35:09.694+0300] {processor.py:208} INFO - Processing /mnt/d/Образование/career_courses_postupashky_start/ML/ДЗ/Хард/small_mlflow_pipeline/.venv/lib/python3.12/site-packages/airflow/example_dags/plugins/listener_plugin.py took 0.030 seconds
[2025-08-25T15:35:44.504+0300] {processor.py:186} INFO - Started process (PID=2753) to work on /mnt/d/Образование/career_courses_postupashky_start/ML/ДЗ/Хард/small_mlflow_pipeline/.venv/lib/python3.12/site-packages/airflow/example_dags/plugins/listener_plugin.py
[2025-08-25T15:35:44.505+0300] {processor.py:914} INFO - Processing file /mnt/d/Образование/career_courses_postupashky_start/ML/ДЗ/Хард/small_mlflow_pipeline/.venv/lib/python3.12/site-packages/airflow/example_dags/plugins/listener_plugin.py for tasks to queue
[2025-08-25T15:35:44.507+0300] {logging_mixin.py:190} INFO - [2025-08-25T15:35:44.506+0300] {dagbag.py:588} INFO - Filling up the DagBag from /mnt/d/Образование/career_courses_postupashky_start/ML/ДЗ/Хард/small_mlflow_pipeline/.venv/lib/python3.12/site-packages/airflow/example_dags/plugins/listener_plugin.py
[2025-08-25T15:35:44.518+0300] {processor.py:927} WARNING - No viable dags retrieved from /mnt/d/Образование/career_courses_postupashky_start/ML/ДЗ/Хард/small_mlflow_pipeline/.venv/lib/python3.12/site-packages/airflow/example_dags/plugins/listener_plugin.py
[2025-08-25T15:35:44.528+0300] {processor.py:208} INFO - Processing /mnt/d/Образование/career_courses_postupashky_start/ML/ДЗ/Хард/small_mlflow_pipeline/.venv/lib/python3.12/site-packages/airflow/example_dags/plugins/listener_plugin.py took 0.030 seconds
[2025-08-25T15:36:18.808+0300] {processor.py:186} INFO - Started process (PID=2898) to work on /mnt/d/Образование/career_courses_postupashky_start/ML/ДЗ/Хард/small_mlflow_pipeline/.venv/lib/python3.12/site-packages/airflow/example_dags/plugins/listener_plugin.py
[2025-08-25T15:36:18.809+0300] {processor.py:914} INFO - Processing file /mnt/d/Образование/career_courses_postupashky_start/ML/ДЗ/Хард/small_mlflow_pipeline/.venv/lib/python3.12/site-packages/airflow/example_dags/plugins/listener_plugin.py for tasks to queue
[2025-08-25T15:36:18.811+0300] {logging_mixin.py:190} INFO - [2025-08-25T15:36:18.811+0300] {dagbag.py:588} INFO - Filling up the DagBag from /mnt/d/Образование/career_courses_postupashky_start/ML/ДЗ/Хард/small_mlflow_pipeline/.venv/lib/python3.12/site-packages/airflow/example_dags/plugins/listener_plugin.py
[2025-08-25T15:36:18.822+0300] {processor.py:927} WARNING - No viable dags retrieved from /mnt/d/Образование/career_courses_postupashky_start/ML/ДЗ/Хард/small_mlflow_pipeline/.venv/lib/python3.12/site-packages/airflow/example_dags/plugins/listener_plugin.py
[2025-08-25T15:36:18.832+0300] {processor.py:208} INFO - Processing /mnt/d/Образование/career_courses_postupashky_start/ML/ДЗ/Хард/small_mlflow_pipeline/.venv/lib/python3.12/site-packages/airflow/example_dags/plugins/listener_plugin.py took 0.029 seconds
[2025-08-25T15:36:53.833+0300] {processor.py:186} INFO - Started process (PID=3161) to work on /mnt/d/Образование/career_courses_postupashky_start/ML/ДЗ/Хард/small_mlflow_pipeline/.venv/lib/python3.12/site-packages/airflow/example_dags/plugins/listener_plugin.py
[2025-08-25T15:36:53.834+0300] {processor.py:914} INFO - Processing file /mnt/d/Образование/career_courses_postupashky_start/ML/ДЗ/Хард/small_mlflow_pipeline/.venv/lib/python3.12/site-packages/airflow/example_dags/plugins/listener_plugin.py for tasks to queue
[2025-08-25T15:36:53.836+0300] {logging_mixin.py:190} INFO - [2025-08-25T15:36:53.835+0300] {dagbag.py:588} INFO - Filling up the DagBag from /mnt/d/Образование/career_courses_postupashky_start/ML/ДЗ/Хард/small_mlflow_pipeline/.venv/lib/python3.12/site-packages/airflow/example_dags/plugins/listener_plugin.py
[2025-08-25T15:36:53.847+0300] {processor.py:927} WARNING - No viable dags retrieved from /mnt/d/Образование/career_courses_postupashky_start/ML/ДЗ/Хард/small_mlflow_pipeline/.venv/lib/python3.12/site-packages/airflow/example_dags/plugins/listener_plugin.py
[2025-08-25T15:36:53.859+0300] {processor.py:208} INFO - Processing /mnt/d/Образование/career_courses_postupashky_start/ML/ДЗ/Хард/small_mlflow_pipeline/.venv/lib/python3.12/site-packages/airflow/example_dags/plugins/listener_plugin.py took 0.033 seconds
